
Errors and Warnings while Loading Component : C:\Program Files (x86)\MSE\Magic xpa 3.3\Add_On\UserFunctionality\UserFunctionality.eci (23/06/23 13:25:19)
=========================================================================================================================================================
-----------------------------------

Errors and Warnings while Loading Component : C:\CIGAM\CIGAMe11\CDK\ECIs\Geral\CGData.eci (23/06/23 13:25:46)
=============================================================================================================
-----------------------------------

Errors and Warnings while Loading Component : C:\CIGAM\CIGAMe11\CDK\ECIs\Geral\CGFunctions.eci (23/06/23 13:25:54)
==================================================================================================================
-----------------------------------

Errors and Warnings while Loading Component : C:\CIGAM\CIGAMe11\CDK\ECIs\Geral\CGKernel.eci (23/06/23 13:26:44)
===============================================================================================================
-----------------------------------

Errors and Warnings while Loading Component : C:\CIGAM\CIGAMe11\CDK\ECIs\Geral\CIGAMK.eci (23/06/23 13:38:49)
=============================================================================================================
-----------------------------------

Errors and Warnings while Loading Component : C:\CIGAM\CIGAMe11\CDK\ECIs\Geral\CIGAMK.eci (23/06/23 13:39:24)
=============================================================================================================
-----------------------------------

Errors and Warnings while Loading Component : C:\CIGAM\CIGAMe11\CDK\ECIs\Geral\CIGAMK.eci (23/06/23 13:40:27)
=============================================================================================================
-----------------------------------
