
Errors and Warnings while Loading Component : C:\Program Files (x86)\MSE\Magic xpa 3.3\Add_On\UserFunctionality\UserFunctionality.eci (13/04/21 09:52:05)
=========================================================================================================================================================
-----------------------------------

-----------------------------------

-----------------------------------

-----------------------------------

-----------------------------------

-----------------------------------

-----------------------------------

-----------------------------------

-----------------------------------

-----------------------------------

-----------------------------------

Errors and Warnings while Loading Component : W:\CIGAMe11\BouncyCastle.Crypto.dll (14/04/21 10:48:38)
=====================================================================================================
Cabinet File Name cannot be empty.
-----------------------------------

-----------------------------------

-----------------------------------

-----------------------------------

-----------------------------------

-----------------------------------

-----------------------------------

-----------------------------------

-----------------------------------

-----------------------------------

-----------------------------------

-----------------------------------

-----------------------------------

-----------------------------------
