 <-1> 14/04/2021 10:48:28.845     [Error  ] - Failed to Load Assembly : "W:\CIGAMe11\itextsharp.dll"
"Não foi possível carregar arquivo ou assembly 'BouncyCastle.Crypto, Version=1.8.6.0, Culture=neutral, PublicKeyToken=0e99375e54769942' ou uma de suas dependências. O sistema não pode encontrar o arquivo especificado."
 <-1> 14/04/2021 10:48:38.408     [Error  ] - Cabinet File Name cannot be empty.
 <-1> 14/04/2021 10:48:40.065     [Error  ] - Failed to Load Assembly : "W:\CIGAMe11\itextsharp.dll"
"Não foi possível carregar arquivo ou assembly 'BouncyCastle.Crypto, Version=1.8.6.0, Culture=neutral, PublicKeyToken=0e99375e54769942' ou uma de suas dependências. O sistema não pode encontrar o arquivo especificado."
 <-1> 14/04/2021 10:48:47.253     [Error  ] - Failed to Load Assembly : "W:\CIGAMe11\itextsharp.dll"
"Não foi possível carregar arquivo ou assembly 'BouncyCastle.Crypto, Version=1.8.6.0, Culture=neutral, PublicKeyToken=0e99375e54769942' ou uma de suas dependências. O sistema não pode encontrar o arquivo especificado."
 <-1> 14/04/2021 16:02:00.283     [Error  ] - Cabinet File Name cannot be empty.
 <-1> 14/04/2021 16:02:00.372     [Error  ] - Cabinet File Name cannot be empty.
 <-1> 15/04/2021 08:20:37.623     [Error  ] - Cabinet File Name cannot be empty.
 <-1> 15/04/2021 08:20:37.753     [Error  ] - Cabinet File Name cannot be empty.
 <294079078465829568> 15/04/2021 09:25:01.403     [Error  ] - File not found:: gswin32c.exe -sDEVICE=pdfwrite -dSAFER -dBATCH -dNOPAUSE -sOutputFile=c:\temp\juntar_tudo.pdf "C:\Users\jhon_\Downloads\4072055D7634B45D2A0E3BBBA35DD3DB_labels.pdf" "C:\Users\jhon_\Downloads\Farmatex 11.820.pdf" -c -q, Program: "Impressão OP.Loop OP".
 <430522656897761280> 15/04/2021 09:27:55.468     [Error  ] - File not found:: gswin32c.exe -sDEVICE=pdfwrite -dSAFER -dBATCH -dNOPAUSE -sOutputFile=c:\temp\juntar_tudo.pdf "C:\Users\jhon_\Downloads\4072055D7634B45D2A0E3BBBA35DD3DB_labels.pdf" "C:\Users\jhon_\Downloads\Farmatex 11.820.pdf" -c -q, Program: "Impressão OP.Loop OP".
 <341251247949295232> 15/04/2021 10:05:12.727     [Error  ] - File not found:: gswin32c.exe -sDEVICE=pdfwrite -dSAFER -dBATCH -dNOPAUSE -sOutputFile=C:\Users\jhon_\AppData\Local\Temp\220557"X:\Relatoriotemp\32205581.pdf""C:\Users\jhon_\AppData\Local\Temp\Gerado OP bulk SA0097.rtf""X:\Relatoriotemp\32205571.pdf""C:\Users\jhon_\AppData\Local\Temp\Gerado OP produto PA0185 envase.rtf""X:\Relatoriotemp\32205572.pdf""C:\Users\jhon_\AppData\Local\Temp\Gerado OP produto PA0185 embalagem.rtf" -c -q, Program: "Impressão OP.Loop OP".
 <-1> 15/04/2021 10:32:42.911     [Error  ] - Cabinet File Name cannot be empty.
 <-1> 15/04/2021 10:32:42.989     [Error  ] - Cabinet File Name cannot be empty.
 <161714258240243648> 15/04/2021 10:35:44.900     [Error  ] - File not found:: gswin32c.exe -sDEVICE=pdfwrite -dSAFER -dBATCH -dNOPAUSE -sOutputFile=C:\Users\jhon_\AppData\Local\Temp\220557"X:\Relatoriotemp\32205581.pdf""C:\Users\jhon_\AppData\Local\Temp\Gerado OP bulk SA0097.rtf""X:\Relatoriotemp\32205571.pdf""C:\Users\jhon_\AppData\Local\Temp\Gerado OP produto PA0185 envase.rtf""X:\Relatoriotemp\32205572.pdf""C:\Users\jhon_\AppData\Local\Temp\Gerado OP produto PA0185 embalagem.rtf" -c -q, Program: "Impressão OP.Loop OP".
 <481367596098744256> 15/04/2021 10:40:58.692     [Error  ] - File not found:: gswin32c.exe -sDEVICE=pdfwrite -dSAFER -dBATCH -dNOPAUSE -sOutputFile=C:\Users\jhon_\AppData\Local\Temp\220557"X:\Relatoriotemp\32205581.pdf""C:\Users\jhon_\AppData\Local\Temp\Gerado OP bulk SA0097.rtf""X:\Relatoriotemp\32205571.pdf""C:\Users\jhon_\AppData\Local\Temp\Gerado OP produto PA0185 envase.rtf""X:\Relatoriotemp\32205572.pdf""C:\Users\jhon_\AppData\Local\Temp\Gerado OP produto PA0185 embalagem.rtf" -c -q, Program: "Impressão OP.Loop OP".
 <16778412274798536> 15/04/2021 10:47:19.519     [Error  ] - File not found:: CGEditor.exe -A:"C:\Users\jhon_\AppData\Local\Temp\Gerado OP bulk SA0097.rtf" -FP:"C:\Users\jhon_\AppData\Local\Temp\Gerado OP bulk SA0097.pdf", Program: "Impressão OP.Loop OP.Ler modelo".
 <16778412274798536> 15/04/2021 10:47:21.658     [Error  ] - File not found:: CGEditor.exe -A:"C:\Users\jhon_\AppData\Local\Temp\Gerado OP produto PA0185 envase.rtf" -FP:"C:\Users\jhon_\AppData\Local\Temp\Gerado OP produto PA0185 envase.pdf", Program: "Impressão OP.Loop OP.Ler modelo".
 <16778412274798536> 15/04/2021 10:47:24.173     [Error  ] - File not found:: CGEditor.exe -A:"C:\Users\jhon_\AppData\Local\Temp\Gerado OP produto PA0185 embalagem.rtf" -FP:"C:\Users\jhon_\AppData\Local\Temp\Gerado OP produto PA0185 embalagem.pdf", Program: "Impressão OP.Loop OP.Ler modelo".
 <56433801729412928> 15/04/2021 10:50:17.573     [Error  ] - File not found:: CGEditor.exe -A:"C:\Users\jhon_\AppData\Local\Temp\Gerado OP bulk SA0097.rtf" -FP:"C:\Users\jhon_\AppData\Local\Temp\Gerado OP bulk SA0097.pdf", Program: "Impressão OP.Loop OP.Ler modelo".
 <56433801729412928> 15/04/2021 10:50:19.555     [Error  ] - File not found:: CGEditor.exe -A:"C:\Users\jhon_\AppData\Local\Temp\Gerado OP produto PA0185 envase.rtf" -FP:"C:\Users\jhon_\AppData\Local\Temp\Gerado OP produto PA0185 envase.pdf", Program: "Impressão OP.Loop OP.Ler modelo".
 <56433801729412928> 15/04/2021 10:50:21.904     [Error  ] - File not found:: CGEditor.exe -A:"C:\Users\jhon_\AppData\Local\Temp\Gerado OP produto PA0185 embalagem.rtf" -FP:"C:\Users\jhon_\AppData\Local\Temp\Gerado OP produto PA0185 embalagem.pdf", Program: "Impressão OP.Loop OP.Ler modelo".
 <85497209121988768> 15/04/2021 10:50:56.826     [Error  ] - File not found:: CGEditor.exe -A:"C:\Users\jhon_\AppData\Local\Temp\Gerado OP bulk SA0097.rtf" -FP:"C:\Users\jhon_\AppData\Local\Temp\Gerado OP bulk SA0097.pdf", Program: "Impressão OP.Loop OP.Ler modelo".
 <85497209121988768> 15/04/2021 10:50:58.929     [Error  ] - File not found:: CGEditor.exe -A:"C:\Users\jhon_\AppData\Local\Temp\Gerado OP produto PA0185 envase.rtf" -FP:"C:\Users\jhon_\AppData\Local\Temp\Gerado OP produto PA0185 envase.pdf", Program: "Impressão OP.Loop OP.Ler modelo".
 <85497209121988768> 15/04/2021 10:51:01.291     [Error  ] - File not found:: CGEditor.exe -A:"C:\Users\jhon_\AppData\Local\Temp\Gerado OP produto PA0185 embalagem.rtf" -FP:"C:\Users\jhon_\AppData\Local\Temp\Gerado OP produto PA0185 embalagem.pdf", Program: "Impressão OP.Loop OP.Ler modelo".
 <85497209121988768> 15/04/2021 10:51:01.558     [Error  ] - W:\CIGAMe11\Systempar\Bin\gswin32c.exe -sDEVICE=pdfwrite -dSAFER -dBATCH -dNOPAUSE -sOutputFile=C:\Users\jhon_\AppData\Local\Temp\220557"C:\Users\jhon_\AppData\Local\Temp\Gerado OP produto PA0185 embalagem.pdf" -c -q, Program: "Impressão OP.Loop OP".
 <345071112828729920> 15/04/2021 10:52:56.099     [Error  ] - File not found:: CGEditor.exe -A:"C:\Users\jhon_\AppData\Local\Temp\Gerado OP bulk SA0097.rtf" -FP:"C:\Users\jhon_\AppData\Local\Temp\Gerado OP bulk SA0097.pdf", Program: "Impressão OP.Loop OP.Ler modelo".
 <345071112828729920> 15/04/2021 10:52:58.189     [Error  ] - File not found:: CGEditor.exe -A:"C:\Users\jhon_\AppData\Local\Temp\Gerado OP produto PA0185 envase.rtf" -FP:"C:\Users\jhon_\AppData\Local\Temp\Gerado OP produto PA0185 envase.pdf", Program: "Impressão OP.Loop OP.Ler modelo".
 <345071112828729920> 15/04/2021 10:53:00.642     [Error  ] - File not found:: CGEditor.exe -A:"C:\Users\jhon_\AppData\Local\Temp\Gerado OP produto PA0185 embalagem.rtf" -FP:"C:\Users\jhon_\AppData\Local\Temp\Gerado OP produto PA0185 embalagem.pdf", Program: "Impressão OP.Loop OP.Ler modelo".
 <345071112828729920> 15/04/2021 10:53:00.888     [Error  ] - W:\CIGAMe11\Systempar\Bin\gswin32c.exe -sDEVICE=pdfwrite -dSAFER -dBATCH -dNOPAUSE -sOutputFile=C:\Users\jhon_\AppData\Local\Temp\220557"C:\Users\jhon_\AppData\Local\Temp\Gerado OP produto PA0185 embalagem.pdf" -c -q, Program: "Impressão OP.Loop OP".
 <222335399339147168> 15/04/2021 10:58:04.239     [Error  ] - W:\CIGAMe11\Systempar\Bin\gswin32c.exe -sDEVICE=pdfwrite -dSAFER -dBATCH -dNOPAUSE -sOutputFile=C:\Users\jhon_\AppData\Local\Temp\220557"C:\Users\jhon_\AppData\Local\Temp\Gerado OP produto PA0185 embalagem.pdf" -c -q, Program: "Impressão OP.Loop OP".
 <282102527226865760> 15/04/2021 11:00:26.658     [Error  ] - W:\CIGAMe11\Systempar\Bin\gswin32c.exe -sDEVICE=pdfwrite -dSAFER -dBATCH -dNOPAUSE -sOutputFile=C:\Users\jhon_\AppData\Local\Temp\220557"C:\Users\jhon_\AppData\Local\Temp\Gerado OP produto PA0185 embalagem.pdf" -c -q, Program: "Impressão OP.Loop OP".
 <222095153878042656> 15/04/2021 11:05:55.025     [Error  ] - W:\CIGAMe11\Systempar\Bin\gswin32c.exe -sDEVICE=pdfwrite -dSAFER -dBATCH -dNOPAUSE -sOutputFile=C:\Users\jhon_\AppData\Local\Temp\220557"X:\Relatoriotemp\32205581.pdf" "C:\Users\jhon_\AppData\Local\Temp\Gerado OP bulk SA0097.pdf" "X:\Relatoriotemp\32205571.pdf" "C:\Users\jhon_\AppData\Local\Temp\Gerado OP produto PA0185 envase.pdf" "X:\Relatoriotemp\32205572.pdf" "C:\Users\jhon_\AppData\Local\Temp\Gerado OP produto PA0185 embalagem.pdf" -c -q, Program: "Impressão OP.Loop OP".
 <463976177578542720> 15/04/2021 11:12:23.493     [Error  ] - W:\CIGAMe11\Systempar\Bin\gswin32c.exe -sDEVICE=pdfwrite -dSAFER -dBATCH -dNOPAUSE -sOutputFile=C:\Users\jhon_\AppData\Local\Temp\220557 "X:\Relatoriotemp\32205581.pdf" "C:\Users\jhon_\AppData\Local\Temp\Gerado OP bulk SA0097.pdf" "X:\Relatoriotemp\32205571.pdf" "C:\Users\jhon_\AppData\Local\Temp\Gerado OP produto PA0185 envase.pdf" "X:\Relatoriotemp\32205572.pdf" "C:\Users\jhon_\AppData\Local\Temp\Gerado OP produto PA0185 embalagem.pdf" -c -q, Program: "Impressão OP.Loop OP".
 <333902508468279936> 15/04/2021 11:15:44.150     [Error  ] - w:\CIGAMe11\Systempar\Bin\gswin32c.exe -sDEVICE=pdfwrite -dSAFER -dBATCH -dNOPAUSE -sOutputFile=C:\Users\jhon_\AppData\Local\Temp\220557.pdf "X:\Relatoriotemp\32205581.pdf" "C:\Users\jhon_\AppData\Local\Temp\Gerado OP bulk SA0097.pdf" "X:\Relatoriotemp\32205571.pdf" "C:\Users\jhon_\AppData\Local\Temp\Gerado OP produto PA0185 envase.pdf" "X:\Relatoriotemp\32205572.pdf" "C:\Users\jhon_\AppData\Local\Temp\Gerado OP produto PA0185 embalagem.pdf" -c -q, Program: "Impressão OP.Loop OP".
 <506823915342427904> 15/04/2021 14:20:12.925     [Warning] - w:\\CIGAMe11\\CGReport.exe -G: -M:"w:\\CIGAMe11\\Systempar\\OP_Calbos.frx" -A:"X:\\Relatoriotemp\\32205581.frx" -F:RTF="X:\\Relatoriotemp\\32205581.rtf" -P:@op_inicial="     220558"  -P:@talao_final="          1" -P:@talao_inicial="          1"  -P:@op_final="     220558" -P:@liberacao=""
 <506823915342427904> 15/04/2021 14:20:53.093     [Warning] - w:\\CIGAMe11\\CGReport.exe -G: -M:"w:\\CIGAMe11\\Systempar\\OP_Calbos.frx" -A:"X:\\Relatoriotemp\\32205571.frx" -F:RTF="X:\\Relatoriotemp\\32205571.rtf" -P:@op_inicial="     220557"  -P:@talao_final="          1" -P:@talao_inicial="          1"  -P:@op_final="     220557" -P:@liberacao=""
 <506823915342427904> 15/04/2021 14:23:47.019     [Warning] - w:\\CIGAMe11\\CGReport.exe -G: -M:"w:\\CIGAMe11\\Systempar\\OP_Calbos.frx" -A:"X:\\Relatoriotemp\\32205572.frx" -F:RTF="X:\\Relatoriotemp\\32205572.rtf" -P:@op_inicial="     220557"  -P:@talao_final="          2" -P:@talao_inicial="          2"  -P:@op_final="     220557" -P:@liberacao=""
 <228577575213731168> 15/04/2021 14:29:40.544     [Warning] - w:\\CIGAMe11\\CGReport.exe -G: -M:"w:\\CIGAMe11\\Systempar\\OP_Calbos.frx" -A:"X:\\Relatoriotemp\\32205581.frx" -F:RTF="X:\\Relatoriotemp\\32205581.rtf" -P:@op_inicial="     220558"  -P:@talao_final="          1" -P:@talao_inicial="          1"  -P:@op_final="     220558" -P:@liberacao=""
 <-1> 15/04/2021 14:35:54.388     [Error  ] - Cabinet File Name cannot be empty.
 <-1> 15/04/2021 14:35:54.474     [Error  ] - Cabinet File Name cannot be empty.
 <268198535810329120> 15/04/2021 14:44:33.172     [Warning] - w:\\CIGAMe11\\CGReport.exe -G: -M:"w:\\CIGAMe11\\Systempar\\OP_Calbos.frx" -A:"X:\\Relatoriotemp\\32205581.frx" -F:PDF="X:\\Relatoriotemp\\32205581.pdf" -P:@op_inicial="220558"  -P:@talao_final="1" -P:@talao_inicial="1"  -P:@op_final="220558" -P:@liberacao=""
 <268198535810329120> 15/04/2021 14:44:46.913     [Warning] - w:\\CIGAMe11\\CGReport.exe -G: -M:"w:\\CIGAMe11\\Systempar\\OP_Calbos.frx" -A:"X:\\Relatoriotemp\\32205571.frx" -F:PDF="X:\\Relatoriotemp\\32205571.pdf" -P:@op_inicial="220557"  -P:@talao_final="1" -P:@talao_inicial="1"  -P:@op_final="220557" -P:@liberacao=""
 <29056818180926920> 15/04/2021 14:55:06.950     [Warning] - w:\\CIGAMe11\\CGReport.exe -G: -M:"w:\\cigame11\\Systempar\\OP_Calbos.frx" -A:"X:\\Relatoriotemp\\32205581.frx" -F:PDF="X:\\Relatoriotemp\\32205581.pdf" -P:@op_inicial="220558"  -P:@talao_final="1" -P:@talao_inicial="1"  -P:@op_final="220558" -P:@liberacao=""
 <29056818180926920> 15/04/2021 14:55:20.026     [Warning] - w:\\CIGAMe11\\CGReport.exe -G: -M:"w:\\cigame11\\Systempar\\OP_Calbos.frx" -A:"X:\\Relatoriotemp\\32205571.frx" -F:PDF="X:\\Relatoriotemp\\32205571.pdf" -P:@op_inicial="220557"  -P:@talao_final="1" -P:@talao_inicial="1"  -P:@op_final="220557" -P:@liberacao=""
 <529782626122456000> 15/04/2021 14:56:02.811     [Error  ] - w:\CIGAMe11\CGReport.exe -G: -M:"w:\cigame10\Systempar\OP_Calbos.frx" -A:"X:\Relatoriotemp\32205581.frx" -F:PDF="X:\Relatoriotemp\32205581.pdf" -P:@op_inicial="220558"  -P:@talao_final="1" -P:@talao_inicial="1"  -P:@op_final="220558" -P:@liberacao="", Program: "Impressão OP.Loop OP.Ler modelo".
 <529782626122456000> 15/04/2021 14:56:06.934     [Error  ] - w:\CIGAMe11\CGReport.exe -G: -M:"w:\cigame10\Systempar\OP_Calbos.frx" -A:"X:\Relatoriotemp\32205571.frx" -F:PDF="X:\Relatoriotemp\32205571.pdf" -P:@op_inicial="220557"  -P:@talao_final="1" -P:@talao_inicial="1"  -P:@op_final="220557" -P:@liberacao="", Program: "Impressão OP.Loop OP.Ler modelo".
 <529782626122456000> 15/04/2021 14:56:11.304     [Error  ] - w:\CIGAMe11\CGReport.exe -G: -M:"w:\cigame10\Systempar\OP_Calbos.frx" -A:"X:\Relatoriotemp\32205572.frx" -F:PDF="X:\Relatoriotemp\32205572.pdf" -P:@op_inicial="220557"  -P:@talao_final="2" -P:@talao_inicial="2"  -P:@op_final="220557" -P:@liberacao="", Program: "Impressão OP.Loop OP.Ler modelo".
 <410841683843727232> 15/04/2021 14:56:51.246     [Error  ] - w:\CIGAMe11\CGReport.exe -G: -M:"w:\cigame10\Systempar\OP_Calbos.frx" -A:"X:\Relatoriotemp\32205581.frx" -F:PDF="X:\Relatoriotemp\32205581.pdf" -P:@op_inicial="220558"  -P:@talao_final="1" -P:@talao_inicial="1"  -P:@op_final="220558" -P:@liberacao="", Program: "Impressão OP.Loop OP.Ler modelo".
 <410841683843727232> 15/04/2021 14:57:02.364     [Error  ] - w:\CIGAMe11\CGReport.exe -G: -M:"w:\cigame10\Systempar\OP_Calbos.frx" -A:"X:\Relatoriotemp\32205571.frx" -F:PDF="X:\Relatoriotemp\32205571.pdf" -P:@op_inicial="220557"  -P:@talao_final="1" -P:@talao_inicial="1"  -P:@op_final="220557" -P:@liberacao="", Program: "Impressão OP.Loop OP.Ler modelo".
 <410841683843727232> 15/04/2021 14:57:17.229     [Error  ] - w:\CIGAMe11\CGReport.exe -G: -M:"w:\cigame10\Systempar\OP_Calbos.frx" -A:"X:\Relatoriotemp\32205572.frx" -F:PDF="X:\Relatoriotemp\32205572.pdf" -P:@op_inicial="220557"  -P:@talao_final="2" -P:@talao_inicial="2"  -P:@op_final="220557" -P:@liberacao="", Program: "Impressão OP.Loop OP.Ler modelo".
 <505402976796514688> 15/04/2021 15:00:17.638     [Error  ] - w:\CIGAMe11\CGReport.exe -G: -M:"w:\cigame10\Systempar\OP_Calbos.frx" -A:"X:\Relatoriotemp\32205581.frx" -F:PDF="X:\Relatoriotemp\32205581.pdf" -P:@op_inicial="220558"  -P:@talao_final="1" -P:@talao_inicial="1"  -P:@op_final="220558" -P:@liberacao="", Program: "Impressão OP.Loop OP.Ler modelo".
 <505402976796514688> 15/04/2021 15:00:26.792     [Error  ] - w:\CIGAMe11\CGReport.exe -G: -M:"w:\cigame10\Systempar\OP_Calbos.frx" -A:"X:\Relatoriotemp\32205571.frx" -F:PDF="X:\Relatoriotemp\32205571.pdf" -P:@op_inicial="220557"  -P:@talao_final="1" -P:@talao_inicial="1"  -P:@op_final="220557" -P:@liberacao="", Program: "Impressão OP.Loop OP.Ler modelo".
 <505402976796514688> 15/04/2021 15:00:39.776     [Error  ] - w:\CIGAMe11\CGReport.exe -G: -M:"w:\cigame10\Systempar\OP_Calbos.frx" -A:"X:\Relatoriotemp\32205572.frx" -F:PDF="X:\Relatoriotemp\32205572.pdf" -P:@op_inicial="220557"  -P:@talao_final="2" -P:@talao_inicial="2"  -P:@op_final="220557" -P:@liberacao="", Program: "Impressão OP.Loop OP.Ler modelo".
 <-1> 05/05/2021 15:32:03.395     [Error  ] - Cabinet File Name cannot be empty.
 <-1> 05/05/2021 15:32:03.491     [Error  ] - Cabinet File Name cannot be empty.
 <-1> 05/07/2021 11:39:24.220     [Error  ] - Cabinet File Name cannot be empty.
 <-1> 05/07/2021 11:39:24.317     [Error  ] - Cabinet File Name cannot be empty.
