
Errors and Warnings while Loading Component : C:\CIGAM\CIGAMe10\CDK\ECIs\Geral\CGData.eci (06/11/18 11:27:05)
=============================================================================================================
-----------------------------------

Errors and Warnings while Loading Component : C:\CIGAM\CIGAMe10\CDK\ECIs\Geral\CGFunctions.eci (06/11/18 11:27:08)
==================================================================================================================
-----------------------------------

Errors and Warnings while Loading Component : C:\CIGAM\CIGAMe10\CDK\ECIs\Geral\CIGAMK.eci (06/11/18 11:27:12)
=============================================================================================================
-----------------------------------

Errors and Warnings while Loading Component : C:\CIGAM\CIGAMe10\CDK\ECIs\Geral\CGKernel.eci (06/11/18 11:27:24)
===============================================================================================================
-----------------------------------

Errors and Warnings while Loading Component : W:\CIGAMe10\Systempar\Eci\custo.eci (08/05/20 16:39:55)
=====================================================================================================
Component Files not found : Custo.ecf
-----------------------------------

Errors and Warnings while Loading Component : W:\CIGAMe10\Systempar\Eci\custo.eci (08/05/20 16:45:51)
=====================================================================================================
Component Files not found : Custo.ecf
-----------------------------------

Errors and Warnings while Loading Component : W:\CIGAMe10\Systempar\Eci\custo.eci (08/05/20 16:54:02)
=====================================================================================================
-----------------------------------

Errors and Warnings while Loading Component : C:\CIGAM\CIGAMe10\CDK\ECIs\Fiscal\PreNota.eci (29/10/20 15:07:17)
===============================================================================================================
-----------------------------------

Errors and Warnings while Loading Component : C:\CIGAM\CIGAMe10\CDK\ECIs\Fiscal\PreNota.eci (29/10/20 15:30:34)
===============================================================================================================
-----------------------------------

Errors and Warnings while Loading Component : C:\Program Files (x86)\MSE\Magic xpa 3.3\Add_On\UserFunctionality\UserFunctionality.eci (05/11/20 13:54:49)
=========================================================================================================================================================
-----------------------------------

-----------------------------------

-----------------------------------

-----------------------------------

-----------------------------------

-----------------------------------

-----------------------------------

-----------------------------------

Errors and Warnings while Loading Component : W:\CIGAMe11\MessagingToolkit.QRCode.dll (09/06/21 10:57:01)
=========================================================================================================
Cabinet File Name cannot be empty.
-----------------------------------

Errors and Warnings while Loading Component : W:\CIGAMe11\MessagingToolkit.QRCode.dll (09/06/21 11:11:22)
=========================================================================================================
Cabinet File Name cannot be empty.
-----------------------------------

-----------------------------------

-----------------------------------

-----------------------------------

-----------------------------------

-----------------------------------

Errors and Warnings while Loading Component : W:\CIGAMe11\Systempar\Eci\Qualificacao_fornecedor.eci (05/02/24 17:31:11)
=======================================================================================================================
-----------------------------------
