 <22588465620469864> 09/06/2021 10:54:43.321     [Error  ] - [MgGui.dll] System.IndexOutOfRangeException : 
   em com.magicsoftware.unipaas.util.ReflectionServices.InvokeMethod(MethodBase methodInfo, Object obj, Object[] parameters, Boolean alwaysGuiThread)
   em com.magicsoftware.unipaas.gui.low.GuiInteractiveBase.onReflectionInvoke()
   em com.magicsoftware.unipaas.gui.low.GuiInteractiveBase.Run()
O índice estava fora dos limites da matriz., Program: "TESTE.Leitura EAN".
 <22588465620469864> 09/06/2021 10:54:43.338     [Error  ] - [MgGui.dll] 
   em System.Environment.GetStackTrace(Exception e, Boolean needFileInfo)
   em System.Environment.get_StackTrace()
   em com.magicsoftware.rte.CoreExecutor.WriteExceptionToLog(Int64 contextID, String msg)
   em com.magicsoftware.rte.GuiEventsProcessor.WriteExceptionToLog(String message)
   em com.magicsoftware.unipaas.Events.WriteExceptionToLog(String msg)
   em com.magicsoftware.unipaas.Events.WriteExceptionToLog(Exception ex)
   em com.magicsoftware.unipaas.gui.low.GuiInteractiveBase.Run()
   em System.RuntimeMethodHandle.InvokeMethod(Object target, Object[] arguments, Signature sig, Boolean constructor)
   em System.Reflection.RuntimeMethodInfo.UnsafeInvokeInternal(Object obj, Object[] parameters, Object[] arguments)
   em System.Delegate.DynamicInvokeImpl(Object[] args)
   em System.Windows.Forms.Control.InvokeMarshaledCallbackDo(ThreadMethodEntry tme)
   em System.Windows.Forms.Control.InvokeMarshaledCallbackHelper(Object obj)
   em System.Threading.ExecutionContext.RunInternal(ExecutionContext executionContext, ContextCallback callback, Object state, Boolean preserveSyncCtx)
   em System.Threading.ExecutionContext.Run(ExecutionContext executionContext, ContextCallback callback, Object state, Boolean preserveSyncCtx)
   em System.Threading.ExecutionContext.Run(ExecutionContext executionContext, ContextCallback callback, Object state)
   em System.Windows.Forms.Control.InvokeMarshaledCallback(ThreadMethodEntry tme)
   em System.Windows.Forms.Control.InvokeMarshaledCallbacks()
   em System.Windows.Forms.Control.WndProc(Message& m)
   em System.Windows.Forms.ScrollableControl.WndProc(Message& m)
   em System.Windows.Forms.Form.WndProc(Message& m)
   em System.Windows.Forms.Control.ControlNativeWindow.OnMessage(Message& m)
   em System.Windows.Forms.Control.ControlNativeWindow.WndProc(Message& m)
   em System.Windows.Forms.NativeWindow.Callback(IntPtr hWnd, Int32 msg, IntPtr wparam, IntPtr lparam)
   em System.Windows.Forms.UnsafeNativeMethods.DispatchMessageW(MSG& msg)
   em System.Windows.Forms.Application.ComponentManager.System.Windows.Forms.UnsafeNativeMethods.IMsoComponentManager.FPushMessageLoop(IntPtr dwComponentID, Int32 reason, Int32 pvLoopData)
   em System.Windows.Forms.Application.ThreadContext.RunMessageLoopInner(Int32 reason, ApplicationContext context)
   em System.Windows.Forms.Application.ThreadContext.RunMessageLoop(Int32 reason, ApplicationContext context)
   em com.magicsoftware.unipaas.gui.low.GUIMain.messageLoop()
   em com.magicsoftware.unipaas.Manager.MessageLoop()
   em com.magicsoftware.rte.RTEmanager.ExecuteMainThread(String args)
   em com.magicsoftware.rte.RTEmanager.Main(), Program: "TESTE.Leitura EAN".
 <22588465620469864> 09/06/2021 10:54:43.350     [Error  ] - [MgGui.dll] O índice estava fora dos limites da matriz., Program: "TESTE.Leitura EAN".
 <22588465620469864> 09/06/2021 10:54:43.360     [Error  ] - [MgGui.dll] 
   em System.Environment.GetStackTrace(Exception e, Boolean needFileInfo)
   em System.Environment.get_StackTrace()
   em com.magicsoftware.rte.CoreExecutor.WriteExceptionToLog(Int64 contextID, String msg)
   em com.magicsoftware.rte.com.magicsoftware.rte.dotnet.DNSnippetManager.ExecuteDotNetSnippet(String assemblyName, String methodName, IntPtr& expValsPtr, Int32 expValsCount)
   em com.magicsoftware.rte.RteExecutor.ExecuteDotNetSnippet(String assemblyName, String methodName, IntPtr& expValsPtr, Int32 expValsCount)
   em RteExecutorEndpoint.InvokeExecuteDotNetSnippet(String assemblyName, String methodName, IntPtr& expValsPtr, Int32 expValsCount)
   em RteExecutorBridge.ExecuteDotNetSnippet(RteExecutorBridge* , SByte* assemblyName, SByte* methodName, UnmanagedExpVal** expVals, Int32 expValsCount)
   em CoreExecutorEndpoint.EventsLoop()
   em CoreExecutorGateway.EventsLoop()
   em com.magicsoftware.rte.RTEmanager.ExecuteWorkThread()
   em System.Threading.ThreadHelper.ThreadStart_Context(Object state)
   em System.Threading.ExecutionContext.RunInternal(ExecutionContext executionContext, ContextCallback callback, Object state, Boolean preserveSyncCtx)
   em System.Threading.ExecutionContext.Run(ExecutionContext executionContext, ContextCallback callback, Object state, Boolean preserveSyncCtx)
   em System.Threading.ExecutionContext.Run(ExecutionContext executionContext, ContextCallback callback, Object state)
   em System.Threading.ThreadHelper.ThreadStart(), Program: "TESTE.Leitura EAN".
 <-1> 09/06/2021 10:57:01.681     [Error  ] - Cabinet File Name cannot be empty.
 <-1> 09/06/2021 11:11:23.311     [Error  ] - Cabinet File Name cannot be empty.
 <-1> 09/06/2021 13:11:20.004     [Error  ] - Component Files not found : CGESCore
 <-1> 09/06/2021 13:11:20.102     [Error  ] - Component Files not found : CGPCCore
 <-1> 09/06/2021 13:11:20.180     [Error  ] - Component Files not found : CGCOCore
 <-1> 09/06/2021 13:31:43.377     [Error  ] - Component Files not found : CGESCore
 <-1> 09/06/2021 13:31:43.466     [Error  ] - Component Files not found : CGPCCore
 <-1> 09/06/2021 13:31:43.542     [Error  ] - Component Files not found : CGCOCore
 <-1> 09/06/2021 13:59:26.359     [Error  ] - SERVER : Conversion failed when converting the varchar value ':' to data type int.
 <405045080862845376> 09/06/2021 15:34:43.934     [Error  ] - Component Files not found : CGESCore, Program: "VerificaLicenca_2212".
 <405045080862845376> 09/06/2021 15:34:43.959     [Error  ] - Component Files not found : CGESCore, Program: "".
 <405045080862845376> 09/06/2021 15:34:43.974     [Error  ] - Component Files not found : CGESCore, Program: "".
 <405045080862845376> 09/06/2021 15:34:43.991     [Error  ] - Component Files not found : CGESCore, Program: "VerificaLicenca_2212".
 <405045080862845376> 09/06/2021 15:34:44.005     [Error  ] - Component used by the task does not exist or could not be opened - Component CGESCore - Project CGGeral, Program: "".
 <405045080862845376> 09/06/2021 15:34:44.018     [Error  ] - Component used by the task does not exist or could not be opened - Component CGESCore - Project CGGeral, Program: "".
 <405045080862845376> 09/06/2021 15:38:21.301     [Error  ] - Record has been updated - restart, Program: "Arquivo".
 <-1> 09/06/2021 15:39:29.711     [Error  ] - Component Files not found : CGESCore
 <-1> 09/06/2021 15:39:29.804     [Error  ] - Component Files not found : CGPCCore
 <-1> 09/06/2021 15:39:29.882     [Error  ] - Component Files not found : CGCOCore
 <39184403381836592> 09/06/2021 15:40:01.400     [Error  ] - Component Files not found : CGESCore, Program: "VerificaLicenca_2212".
 <39184403381836592> 09/06/2021 15:40:01.418     [Error  ] - Component Files not found : CGESCore, Program: "".
 <39184403381836592> 09/06/2021 15:40:01.434     [Error  ] - Component Files not found : CGESCore, Program: "".
 <39184403381836592> 09/06/2021 15:40:01.449     [Error  ] - Component Files not found : CGESCore, Program: "VerificaLicenca_2212".
 <39184403381836592> 09/06/2021 15:40:01.462     [Error  ] - Component used by the task does not exist or could not be opened - Component CGESCore - Project CGGeral, Program: "".
 <39184403381836592> 09/06/2021 15:40:01.474     [Error  ] - Component used by the task does not exist or could not be opened - Component CGESCore - Project CGGeral, Program: "".
 <477693669373375872> 09/06/2021 15:40:52.331     [Error  ] - Component Files not found : CGESCore, Program: "VerificaLicenca_2212".
 <477693669373375872> 09/06/2021 15:40:52.352     [Error  ] - Component Files not found : CGESCore, Program: "".
 <477693669373375872> 09/06/2021 15:40:52.369     [Error  ] - Component Files not found : CGESCore, Program: "".
 <477693669373375872> 09/06/2021 15:40:52.428     [Error  ] - Component Files not found : CGESCore, Program: "VerificaLicenca_2212".
 <477693669373375872> 09/06/2021 15:40:52.444     [Error  ] - Component used by the task does not exist or could not be opened - Component CGESCore - Project CGGeral, Program: "".
 <477693669373375872> 09/06/2021 15:40:52.456     [Error  ] - Component used by the task does not exist or could not be opened - Component CGESCore - Project CGGeral, Program: "".
 <546914797361937472> 09/06/2021 15:42:12.733     [Error  ] - Component Files not found : CGESCore, Program: "VerificaLicenca_2212".
 <546914797361937472> 09/06/2021 15:42:12.754     [Error  ] - Component Files not found : CGESCore, Program: "".
 <546914797361937472> 09/06/2021 15:42:12.768     [Error  ] - Component Files not found : CGESCore, Program: "".
 <546914797361937472> 09/06/2021 15:42:12.784     [Error  ] - Component Files not found : CGESCore, Program: "VerificaLicenca_2212".
 <546914797361937472> 09/06/2021 15:42:12.797     [Error  ] - Component used by the task does not exist or could not be opened - Component CGESCore - Project CGGeral, Program: "".
 <546914797361937472> 09/06/2021 15:42:12.811     [Error  ] - Component used by the task does not exist or could not be opened - Component CGESCore - Project CGGeral, Program: "".
 <208518117580250944> 09/06/2021 15:43:45.154     [Error  ] - Component Files not found : CGESCore, Program: "VerificaLicenca_2212".
 <208518117580250944> 09/06/2021 15:43:45.173     [Error  ] - Component Files not found : CGESCore, Program: "".
 <208518117580250944> 09/06/2021 15:43:45.191     [Error  ] - Component Files not found : CGESCore, Program: "".
 <208518117580250944> 09/06/2021 15:43:45.221     [Error  ] - Component Files not found : CGESCore, Program: "VerificaLicenca_2212".
 <208518117580250944> 09/06/2021 15:43:45.237     [Error  ] - Component used by the task does not exist or could not be opened - Component CGESCore - Project CGGeral, Program: "".
 <208518117580250944> 09/06/2021 15:43:45.250     [Error  ] - Component used by the task does not exist or could not be opened - Component CGESCore - Project CGGeral, Program: "".
 <-1> 09/06/2021 15:44:30.550     [Error  ] - Error - run-time engine was not found. Please restart the studio in order to run the application
 <-1> 09/06/2021 15:44:45.524     [Error  ] - Error - run-time engine was not found. Please restart the studio in order to run the application
 <282481325555505472> 09/06/2021 15:45:47.777     [Error  ] - Component Files not found : CGESCore, Program: "VerificaLicenca_2212".
 <282481325555505472> 09/06/2021 15:45:47.800     [Error  ] - Component Files not found : CGESCore, Program: "".
 <282481325555505472> 09/06/2021 15:45:47.816     [Error  ] - Component Files not found : CGESCore, Program: "".
 <282481325555505472> 09/06/2021 15:45:47.832     [Error  ] - Component Files not found : CGESCore, Program: "VerificaLicenca_2212".
 <282481325555505472> 09/06/2021 15:45:47.843     [Error  ] - Component used by the task does not exist or could not be opened - Component CGESCore - Project CGGeral, Program: "".
 <282481325555505472> 09/06/2021 15:45:47.856     [Error  ] - Component used by the task does not exist or could not be opened - Component CGESCore - Project CGGeral, Program: "".
 <281929293378653472> 09/06/2021 15:48:39.467     [Error  ] - Component Files not found : CGESCore, Program: "VerificaLicenca_2212".
 <281929293378653472> 09/06/2021 15:48:39.505     [Error  ] - Component Files not found : CGESCore, Program: "".
 <281929293378653472> 09/06/2021 15:48:39.520     [Error  ] - Component Files not found : CGESCore, Program: "".
 <281929293378653472> 09/06/2021 15:48:39.536     [Error  ] - Component Files not found : CGESCore, Program: "VerificaLicenca_2212".
 <281929293378653472> 09/06/2021 15:48:39.557     [Error  ] - Component used by the task does not exist or could not be opened - Component CGESCore - Project CGGeral, Program: "".
 <281929293378653472> 09/06/2021 15:48:39.587     [Error  ] - Component used by the task does not exist or could not be opened - Component CGESCore - Project CGGeral, Program: "".
 <-1> 09/06/2021 15:49:55.125     [Error  ] - Component Files not found : CGESCore
 <-1> 09/06/2021 15:49:55.231     [Error  ] - Component Files not found : CGPCCore
 <-1> 09/06/2021 15:49:55.308     [Error  ] - Component Files not found : CGCOCore
 <157235757919359936> 09/06/2021 15:50:34.611     [Error  ] - Component Files not found : CGESCore, Program: "VerificaLicenca_2212".
 <157235757919359936> 09/06/2021 15:50:34.634     [Error  ] - Component Files not found : CGESCore, Program: "".
 <157235757919359936> 09/06/2021 15:50:34.649     [Error  ] - Component Files not found : CGESCore, Program: "".
 <157235757919359936> 09/06/2021 15:50:34.666     [Error  ] - Component Files not found : CGESCore, Program: "VerificaLicenca_2212".
 <157235757919359936> 09/06/2021 15:50:34.680     [Error  ] - Component used by the task does not exist or could not be opened - Component CGESCore - Project CGGeral, Program: "".
 <157235757919359936> 09/06/2021 15:50:34.692     [Error  ] - Component used by the task does not exist or could not be opened - Component CGESCore - Project CGGeral, Program: "".
 <-1> 09/06/2021 15:51:27.048     [Error  ] - Component Files not found : CGESCore
 <-1> 09/06/2021 15:51:27.153     [Error  ] - Component Files not found : CGPCCore
 <-1> 09/06/2021 15:51:27.229     [Error  ] - Component Files not found : CGCOCore
 <68422202033157328> 09/06/2021 15:52:09.375     [Error  ] - Component Files not found : CGESCore, Program: "VerificaLicenca_2212".
 <68422202033157328> 09/06/2021 15:52:09.418     [Error  ] - Component Files not found : CGESCore, Program: "".
 <68422202033157328> 09/06/2021 15:52:09.434     [Error  ] - Component Files not found : CGESCore, Program: "".
 <68422202033157328> 09/06/2021 15:52:09.452     [Error  ] - Component Files not found : CGESCore, Program: "VerificaLicenca_2212".
 <68422202033157328> 09/06/2021 15:52:09.465     [Error  ] - Component used by the task does not exist or could not be opened - Component CGESCore - Project CGGeral, Program: "".
 <68422202033157328> 09/06/2021 15:52:09.477     [Error  ] - Component used by the task does not exist or could not be opened - Component CGESCore - Project CGGeral, Program: "".
 <263719613368649792> 09/06/2021 15:53:30.408     [Error  ] - Component Files not found : CGESCore, Program: "VerificaLicenca_2212".
 <263719613368649792> 09/06/2021 15:53:30.427     [Error  ] - Component Files not found : CGESCore, Program: "".
 <263719613368649792> 09/06/2021 15:53:30.442     [Error  ] - Component Files not found : CGESCore, Program: "".
 <263719613368649792> 09/06/2021 15:53:30.458     [Error  ] - Component Files not found : CGESCore, Program: "VerificaLicenca_2212".
 <263719613368649792> 09/06/2021 15:53:30.470     [Error  ] - Component used by the task does not exist or could not be opened - Component CGESCore - Project CGGeral, Program: "".
 <263719613368649792> 09/06/2021 15:53:30.482     [Error  ] - Component used by the task does not exist or could not be opened - Component CGESCore - Project CGGeral, Program: "".
 <4024812710825881> 09/06/2021 15:55:03.467     [Error  ] - Component Files not found : CGESCore, Program: "VerificaLicenca_2212".
 <4024812710825881> 09/06/2021 15:55:03.494     [Error  ] - Component Files not found : CGESCore, Program: "".
 <4024812710825881> 09/06/2021 15:55:03.511     [Error  ] - Component Files not found : CGESCore, Program: "".
 <4024812710825881> 09/06/2021 15:55:03.527     [Error  ] - Component Files not found : CGESCore, Program: "VerificaLicenca_2212".
 <4024812710825881> 09/06/2021 15:55:03.541     [Error  ] - Component used by the task does not exist or could not be opened - Component CGESCore - Project CGGeral, Program: "".
 <4024812710825881> 09/06/2021 15:55:03.552     [Error  ] - Component used by the task does not exist or could not be opened - Component CGESCore - Project CGGeral, Program: "".
 <415387719631734720> 09/06/2021 15:55:37.582     [Error  ] - Component Files not found : CGESCore, Program: "VerificaLicenca_2212".
 <415387719631734720> 09/06/2021 15:55:37.601     [Error  ] - Component Files not found : CGESCore, Program: "".
 <415387719631734720> 09/06/2021 15:55:37.615     [Error  ] - Component Files not found : CGESCore, Program: "".
 <415387719631734720> 09/06/2021 15:55:37.630     [Error  ] - Component Files not found : CGESCore, Program: "VerificaLicenca_2212".
 <415387719631734720> 09/06/2021 15:55:37.644     [Error  ] - Component used by the task does not exist or could not be opened - Component CGESCore - Project CGGeral, Program: "".
 <415387719631734720> 09/06/2021 15:55:37.655     [Error  ] - Component used by the task does not exist or could not be opened - Component CGESCore - Project CGGeral, Program: "".
 <16955312717969966> 09/06/2021 15:56:39.470     [Error  ] - Component Files not found : CGESCore, Program: "VerificaLicenca_2212".
 <16955312717969966> 09/06/2021 15:56:39.488     [Error  ] - Component Files not found : CGESCore, Program: "".
 <16955312717969966> 09/06/2021 15:56:39.505     [Error  ] - Component Files not found : CGESCore, Program: "".
 <16955312717969966> 09/06/2021 15:56:39.522     [Error  ] - Component Files not found : CGESCore, Program: "VerificaLicenca_2212".
 <16955312717969966> 09/06/2021 15:56:39.535     [Error  ] - Component used by the task does not exist or could not be opened - Component CGESCore - Project CGGeral, Program: "".
 <16955312717969966> 09/06/2021 15:56:39.547     [Error  ] - Component used by the task does not exist or could not be opened - Component CGESCore - Project CGGeral, Program: "".
 <16955312717969966> 09/06/2021 15:57:06.057     [Error  ] - Record has been updated - restart, Program: "Arquivo".
 <-1> 10/06/2021 13:13:22.052     [Error  ] - Component Files not found : CGESCore
 <-1> 10/06/2021 13:13:22.161     [Error  ] - Component Files not found : CGPCCore
 <-1> 10/06/2021 13:13:22.240     [Error  ] - Component Files not found : CGCOCore
 <-1> 10/06/2021 14:04:01.745     [Error  ] - Component Files not found : CGESCore
 <-1> 10/06/2021 14:04:01.832     [Error  ] - Component Files not found : CGPCCore
 <-1> 10/06/2021 14:04:01.909     [Error  ] - Component Files not found : CGCOCore
 <-1> 16/06/2021 08:47:54.038     [Error  ] - Component Files not found : CGESCore
 <-1> 16/06/2021 08:47:54.175     [Error  ] - Component Files not found : CGPCCore
 <-1> 16/06/2021 08:47:54.270     [Error  ] - Component Files not found : CGCOCore
 <-1> 16/06/2021 11:11:10.217     [Error  ] - Component Files not found : CGESCore
 <-1> 16/06/2021 11:11:10.321     [Error  ] - Component Files not found : CGPCCore
 <-1> 16/06/2021 11:11:10.398     [Error  ] - Component Files not found : CGCOCore
 <-1> 22/06/2021 09:52:07.406     [Error  ] - Component Files not found : CGESCore
 <-1> 22/06/2021 09:52:07.479     [Error  ] - Component Files not found : CGPCCore
 <-1> 22/06/2021 09:52:07.558     [Error  ] - Component Files not found : CGCOCore
 <-1> 24/06/2021 09:52:24.040     [Error  ] - Component Files not found : CGESCore
 <-1> 24/06/2021 09:52:24.115     [Error  ] - Component Files not found : CGPCCore
 <-1> 24/06/2021 09:52:24.193     [Error  ] - Component Files not found : CGCOCore
 <128056532866233280> 24/06/2021 10:08:15.048     [Error  ] - Component Files not found : CGESCore, Program: "VerificaLicenca_2212".
 <128056532866233280> 24/06/2021 10:08:15.064     [Error  ] - Component Files not found : CGESCore, Program: "".
 <128056532866233280> 24/06/2021 10:08:15.078     [Error  ] - Component Files not found : CGESCore, Program: "".
 <128056532866233280> 24/06/2021 10:08:15.094     [Error  ] - Component Files not found : CGESCore, Program: "VerificaLicenca_2212".
 <128056532866233280> 24/06/2021 10:08:15.106     [Error  ] - Component used by the task does not exist or could not be opened - Component CGESCore - Project CGGeral, Program: "".
 <128056532866233280> 24/06/2021 10:08:15.117     [Error  ] - Component used by the task does not exist or could not be opened - Component CGESCore - Project CGGeral, Program: "".
 <288206551846385536> 24/06/2021 10:10:04.406     [Error  ] - Component Files not found : CGESCore, Program: "VerificaLicenca_2212".
 <288206551846385536> 24/06/2021 10:10:04.423     [Error  ] - Component Files not found : CGESCore, Program: "".
 <288206551846385536> 24/06/2021 10:10:04.437     [Error  ] - Component Files not found : CGESCore, Program: "".
 <288206551846385536> 24/06/2021 10:10:04.453     [Error  ] - Component Files not found : CGESCore, Program: "VerificaLicenca_2212".
 <288206551846385536> 24/06/2021 10:10:04.466     [Error  ] - Component used by the task does not exist or could not be opened - Component CGESCore - Project CGGeral, Program: "".
 <288206551846385536> 24/06/2021 10:10:04.478     [Error  ] - Component used by the task does not exist or could not be opened - Component CGESCore - Project CGGeral, Program: "".
 <-1> 24/06/2021 14:38:06.749     [Error  ] - Component Files not found : CGESCore
 <-1> 24/06/2021 14:38:06.850     [Error  ] - Component Files not found : CGPCCore
 <-1> 24/06/2021 14:38:06.927     [Error  ] - Component Files not found : CGCOCore
 <391874757121993472> 30/06/2021 10:33:24.059     [Error  ] - Registro encontra-se alocado: LC_ENG_EXPLODIDO_TMP_, Program: "Arquivo.Busca se existe na engenharia".
 <391874757121993472> 30/06/2021 10:33:25.451     [Error  ] - Registro encontra-se alocado: LC_ENG_EXPLODIDO_TMP_, Program: "Arquivo.Busca se existe na engenharia".
 <391874757121993472> 30/06/2021 10:33:26.858     [Error  ] - Registro encontra-se alocado: LC_ENG_EXPLODIDO_TMP_, Program: "Arquivo.Busca se existe na engenharia".
 <391874757121993472> 30/06/2021 10:33:28.193     [Error  ] - Registro encontra-se alocado: LC_ENG_EXPLODIDO_TMP_, Program: "Arquivo.Busca se existe na engenharia".
 <391874757121993472> 30/06/2021 10:33:29.533     [Error  ] - Registro encontra-se alocado: LC_ENG_EXPLODIDO_TMP_, Program: "Arquivo.Busca se existe na engenharia".
 <391874757121993472> 30/06/2021 10:33:30.878     [Error  ] - Registro encontra-se alocado: LC_ENG_EXPLODIDO_TMP_, Program: "Arquivo.Busca se existe na engenharia".
 <391874757121993472> 30/06/2021 10:33:31.612     [Error  ] - Registro encontra-se alocado: LC_ENG_EXPLODIDO_TMP_, Program: "Arquivo.Busca se existe na engenharia".
 <391874757121993472> 30/06/2021 10:33:32.959     [Error  ] - Registro encontra-se alocado: LC_ENG_EXPLODIDO_TMP_, Program: "Arquivo.Busca se existe na engenharia".
 <391874757121993472> 30/06/2021 10:33:33.367     [Error  ] - Registro encontra-se alocado: LC_ENG_EXPLODIDO_TMP_, Program: "Arquivo.Busca se existe na engenharia".
 <391874757121993472> 30/06/2021 10:33:33.743     [Error  ] - Registro encontra-se alocado: LC_ENG_EXPLODIDO_TMP_, Program: "Arquivo.Busca se existe na engenharia".
 <391874757121993472> 30/06/2021 10:33:34.455     [Error  ] - Registro encontra-se alocado: LC_ENG_EXPLODIDO_TMP_, Program: "Arquivo.Busca se existe na engenharia".
 <391874757121993472> 30/06/2021 10:33:35.789     [Error  ] - Registro encontra-se alocado: LC_ENG_EXPLODIDO_TMP_, Program: "Arquivo.Busca se existe na engenharia".
 <391874757121993472> 30/06/2021 10:33:37.131     [Error  ] - Registro encontra-se alocado: LC_ENG_EXPLODIDO_TMP_, Program: "Arquivo.Busca se existe na engenharia".
 <391874757121993472> 30/06/2021 10:33:37.872     [Error  ] - Registro encontra-se alocado: LC_ENG_EXPLODIDO_TMP_, Program: "Arquivo.Busca se existe na engenharia".
 <391874757121993472> 30/06/2021 10:33:38.520     [Error  ] - Registro encontra-se alocado: LC_ENG_EXPLODIDO_TMP_, Program: "Arquivo.Busca se existe na engenharia".
 <391874757121993472> 30/06/2021 10:33:39.304     [Error  ] - Registro encontra-se alocado: LC_ENG_EXPLODIDO_TMP_, Program: "Arquivo.Busca se existe na engenharia".
 <391874757121993472> 30/06/2021 10:33:40.045     [Error  ] - Registro encontra-se alocado: LC_ENG_EXPLODIDO_TMP_, Program: "Arquivo.Busca se existe na engenharia".
 <391874757121993472> 30/06/2021 10:33:41.387     [Error  ] - Registro encontra-se alocado: LC_ENG_EXPLODIDO_TMP_, Program: "Arquivo.Busca se existe na engenharia".
 <391874757121993472> 30/06/2021 10:33:42.110     [Error  ] - Registro encontra-se alocado: LC_ENG_EXPLODIDO_TMP_, Program: "Arquivo.Busca se existe na engenharia".
 <391874757121993472> 30/06/2021 10:33:43.445     [Error  ] - Registro encontra-se alocado: LC_ENG_EXPLODIDO_TMP_, Program: "Arquivo.Busca se existe na engenharia".
 <391874757121993472> 30/06/2021 10:33:44.841     [Error  ] - Registro encontra-se alocado: LC_ENG_EXPLODIDO_TMP_, Program: "Arquivo.Busca se existe na engenharia".
 <391874757121993472> 30/06/2021 10:33:46.187     [Error  ] - Registro encontra-se alocado: LC_ENG_EXPLODIDO_TMP_, Program: "Arquivo.Busca se existe na engenharia".
 <391874757121993472> 30/06/2021 10:33:47.525     [Error  ] - Registro encontra-se alocado: LC_ENG_EXPLODIDO_TMP_, Program: "Arquivo.Busca se existe na engenharia".
 <391874757121993472> 30/06/2021 10:33:48.866     [Error  ] - Registro encontra-se alocado: LC_ENG_EXPLODIDO_TMP_, Program: "Arquivo.Busca se existe na engenharia".
 <391874757121993472> 30/06/2021 10:33:50.207     [Error  ] - Registro encontra-se alocado: LC_ENG_EXPLODIDO_TMP_, Program: "Arquivo.Busca se existe na engenharia".
 <391874757121993472> 30/06/2021 10:33:51.537     [Error  ] - Registro encontra-se alocado: LC_ENG_EXPLODIDO_TMP_, Program: "Arquivo.Busca se existe na engenharia".
 <391874757121993472> 30/06/2021 10:33:52.937     [Error  ] - Registro encontra-se alocado: LC_ENG_EXPLODIDO_TMP_, Program: "Arquivo.Busca se existe na engenharia".
 <391874757121993472> 30/06/2021 10:33:54.339     [Error  ] - Registro encontra-se alocado: LC_ENG_EXPLODIDO_TMP_, Program: "Arquivo.Busca se existe na engenharia".
 <391874757121993472> 30/06/2021 10:33:55.078     [Error  ] - Registro encontra-se alocado: LC_ENG_EXPLODIDO_TMP_, Program: "Arquivo.Busca se existe na engenharia".
 <391874757121993472> 30/06/2021 10:33:55.808     [Error  ] - Registro encontra-se alocado: LC_ENG_EXPLODIDO_TMP_, Program: "Arquivo.Busca se existe na engenharia".
 <391874757121993472> 30/06/2021 10:33:56.532     [Error  ] - Registro encontra-se alocado: LC_ENG_EXPLODIDO_TMP_, Program: "Arquivo.Busca se existe na engenharia".
 <391874757121993472> 30/06/2021 10:33:57.884     [Error  ] - Registro encontra-se alocado: LC_ENG_EXPLODIDO_TMP_, Program: "Arquivo.Busca se existe na engenharia".
 <391874757121993472> 30/06/2021 10:33:58.641     [Error  ] - Registro encontra-se alocado: LC_ENG_EXPLODIDO_TMP_, Program: "Arquivo.Busca se existe na engenharia".
 <391874757121993472> 30/06/2021 10:33:59.366     [Error  ] - Registro encontra-se alocado: LC_ENG_EXPLODIDO_TMP_, Program: "Arquivo.Busca se existe na engenharia".
 <391874757121993472> 30/06/2021 10:33:59.397     [Error  ] - Registro encontra-se alocado: LC_ENG_EXPLODIDO_TMP_, Program: "Arquivo.Busca se existe na engenharia".
 <391874757121993472> 30/06/2021 10:34:00.139     [Error  ] - Registro encontra-se alocado: LC_ENG_EXPLODIDO_TMP_, Program: "Arquivo.Busca se existe na engenharia".
 <496950464607755840> 25/08/2021 17:04:17.971     [Error  ] - Initial Task mode not allowed, Program: "Arquivo.Loop Replica Bula".
 <20931659248309240> 11/08/2022 10:05:11.051     [Error  ] - File not found:: C:\Program Files (x86)\MSE\Magic xpa 3.3\MgxpaRuntime.exe -ver /LogoFile=none.jpg /ini=, Program: "Cadastro C.A Lista.VerificaLicenca_2212..InicializaCIGAM_2215.VerificaFlags_AmbienteMagic..BuscaVersaoMagic".
 <39212943319615000> 12/09/2022 09:49:30.268     [Error  ] - File not found:: C:\Program Files (x86)\MSE\Magic xpa 3.3\MgxpaRuntime.exe -ver /LogoFile=none.jpg /ini=, Program: "VerificaLicenca_2212..InicializaCIGAM_2215.VerificaFlags_AmbienteMagic..BuscaVersaoMagic".
 <552795678029790080> 12/09/2022 10:57:50.858     [Error  ] - Índice Duplicado, fonte de dados: LC_TEMP_AUX_ARTE, Program: "Teste Jhon.insert".
 <552795678029790080> 12/09/2022 10:57:50.884     [Error  ] - Índice Duplicado, fonte de dados: LC_TEMP_AUX_ARTE, Program: "Teste Jhon.insert".
 <552795678029790080> 12/09/2022 10:57:50.908     [Error  ] - Índice Duplicado, fonte de dados: LC_TEMP_AUX_ARTE, Program: "Teste Jhon.insert".
 <552795678029790080> 12/09/2022 10:57:50.938     [Error  ] - Índice Duplicado, fonte de dados: LC_TEMP_AUX_ARTE, Program: "Teste Jhon.insert".
 <552795678029790080> 12/09/2022 10:57:50.962     [Error  ] - Índice Duplicado, fonte de dados: LC_TEMP_AUX_ARTE, Program: "Teste Jhon.insert".
 <552795678029790080> 12/09/2022 10:57:50.983     [Error  ] - Índice Duplicado, fonte de dados: LC_TEMP_AUX_ARTE, Program: "Teste Jhon.insert".
 <552795678029790080> 12/09/2022 10:57:51.004     [Error  ] - Índice Duplicado, fonte de dados: LC_TEMP_AUX_ARTE, Program: "Teste Jhon.insert".
 <552795678029790080> 12/09/2022 10:57:51.024     [Error  ] - Índice Duplicado, fonte de dados: LC_TEMP_AUX_ARTE, Program: "Teste Jhon.insert".
 <552795678029790080> 12/09/2022 10:57:51.046     [Error  ] - Índice Duplicado, fonte de dados: LC_TEMP_AUX_ARTE, Program: "Teste Jhon.insert".
 <552795678029790080> 12/09/2022 10:57:51.068     [Error  ] - Índice Duplicado, fonte de dados: LC_TEMP_AUX_ARTE, Program: "Teste Jhon.insert".
 <552795678029790080> 12/09/2022 10:57:51.092     [Error  ] - Índice Duplicado, fonte de dados: LC_TEMP_AUX_ARTE, Program: "Teste Jhon.insert".
 <552795678029790080> 12/09/2022 10:57:51.119     [Error  ] - Índice Duplicado, fonte de dados: LC_TEMP_AUX_ARTE, Program: "Teste Jhon.insert".
 <552795678029790080> 12/09/2022 10:57:51.141     [Error  ] - Índice Duplicado, fonte de dados: LC_TEMP_AUX_ARTE, Program: "Teste Jhon.insert".
 <552795678029790080> 12/09/2022 10:57:51.165     [Error  ] - Índice Duplicado, fonte de dados: LC_TEMP_AUX_ARTE, Program: "Teste Jhon.insert".
 <552795678029790080> 12/09/2022 10:57:51.187     [Error  ] - Índice Duplicado, fonte de dados: LC_TEMP_AUX_ARTE, Program: "Teste Jhon.insert".
 <552795678029790080> 12/09/2022 10:57:51.209     [Error  ] - Índice Duplicado, fonte de dados: LC_TEMP_AUX_ARTE, Program: "Teste Jhon.insert".
 <552795678029790080> 12/09/2022 10:57:51.234     [Error  ] - Índice Duplicado, fonte de dados: LC_TEMP_AUX_ARTE, Program: "Teste Jhon.insert".
 <552795678029790080> 12/09/2022 10:57:51.256     [Error  ] - Índice Duplicado, fonte de dados: LC_TEMP_AUX_ARTE, Program: "Teste Jhon.insert".
 <552795678029790080> 12/09/2022 10:57:51.283     [Error  ] - Índice Duplicado, fonte de dados: LC_TEMP_AUX_ARTE, Program: "Teste Jhon.insert".
 <552795678029790080> 12/09/2022 10:57:51.308     [Error  ] - Índice Duplicado, fonte de dados: LC_TEMP_AUX_ARTE, Program: "Teste Jhon.insert".
 <552795678029790080> 12/09/2022 10:57:51.334     [Error  ] - Índice Duplicado, fonte de dados: LC_TEMP_AUX_ARTE, Program: "Teste Jhon.insert".
 <552795678029790080> 12/09/2022 10:57:51.369     [Error  ] - Índice Duplicado, fonte de dados: LC_TEMP_AUX_ARTE, Program: "Teste Jhon.insert".
 <552795678029790080> 12/09/2022 10:57:51.393     [Error  ] - Índice Duplicado, fonte de dados: LC_TEMP_AUX_ARTE, Program: "Teste Jhon.insert".
 <552795678029790080> 12/09/2022 10:57:51.413     [Error  ] - Índice Duplicado, fonte de dados: LC_TEMP_AUX_ARTE, Program: "Teste Jhon.insert".
 <552795678029790080> 12/09/2022 10:57:51.437     [Error  ] - Índice Duplicado, fonte de dados: LC_TEMP_AUX_ARTE, Program: "Teste Jhon.insert".
 <552795678029790080> 12/09/2022 10:57:51.461     [Error  ] - Índice Duplicado, fonte de dados: LC_TEMP_AUX_ARTE, Program: "Teste Jhon.insert".
 <552795678029790080> 12/09/2022 10:57:51.489     [Error  ] - Índice Duplicado, fonte de dados: LC_TEMP_AUX_ARTE, Program: "Teste Jhon.insert".
 <552795678029790080> 12/09/2022 10:57:51.517     [Error  ] - Índice Duplicado, fonte de dados: LC_TEMP_AUX_ARTE, Program: "Teste Jhon.insert".
 <552795678029790080> 12/09/2022 10:57:51.542     [Error  ] - Índice Duplicado, fonte de dados: LC_TEMP_AUX_ARTE, Program: "Teste Jhon.insert".
 <552795678029790080> 12/09/2022 10:57:51.566     [Error  ] - Índice Duplicado, fonte de dados: LC_TEMP_AUX_ARTE, Program: "Teste Jhon.insert".
 <552795678029790080> 12/09/2022 10:57:51.597     [Error  ] - Índice Duplicado, fonte de dados: LC_TEMP_AUX_ARTE, Program: "Teste Jhon.insert".
 <552795678029790080> 12/09/2022 10:57:51.620     [Error  ] - Índice Duplicado, fonte de dados: LC_TEMP_AUX_ARTE, Program: "Teste Jhon.insert".
 <552795678029790080> 12/09/2022 10:57:51.643     [Error  ] - Índice Duplicado, fonte de dados: LC_TEMP_AUX_ARTE, Program: "Teste Jhon.insert".
 <552795678029790080> 12/09/2022 10:57:51.668     [Error  ] - Índice Duplicado, fonte de dados: LC_TEMP_AUX_ARTE, Program: "Teste Jhon.insert".
 <552795678029790080> 12/09/2022 10:57:51.690     [Error  ] - Índice Duplicado, fonte de dados: LC_TEMP_AUX_ARTE, Program: "Teste Jhon.insert".
 <552795678029790080> 12/09/2022 10:57:51.712     [Error  ] - Índice Duplicado, fonte de dados: LC_TEMP_AUX_ARTE, Program: "Teste Jhon.insert".
 <552795678029790080> 12/09/2022 10:57:51.736     [Error  ] - Índice Duplicado, fonte de dados: LC_TEMP_AUX_ARTE, Program: "Teste Jhon.insert".
 <552795678029790080> 12/09/2022 10:57:51.764     [Error  ] - Índice Duplicado, fonte de dados: LC_TEMP_AUX_ARTE, Program: "Teste Jhon.insert".
 <552795678029790080> 12/09/2022 10:57:51.788     [Error  ] - Índice Duplicado, fonte de dados: LC_TEMP_AUX_ARTE, Program: "Teste Jhon.insert".
 <552795678029790080> 12/09/2022 10:57:51.812     [Error  ] - Índice Duplicado, fonte de dados: LC_TEMP_AUX_ARTE, Program: "Teste Jhon.insert".
 <552795678029790080> 12/09/2022 10:57:51.845     [Error  ] - Índice Duplicado, fonte de dados: LC_TEMP_AUX_ARTE, Program: "Teste Jhon.insert".
 <552795678029790080> 12/09/2022 10:57:51.871     [Error  ] - Índice Duplicado, fonte de dados: LC_TEMP_AUX_ARTE, Program: "Teste Jhon.insert".
 <552795678029790080> 12/09/2022 10:57:51.910     [Error  ] - Índice Duplicado, fonte de dados: LC_TEMP_AUX_ARTE, Program: "Teste Jhon.insert".
 <552795678029790080> 12/09/2022 10:57:51.934     [Error  ] - Índice Duplicado, fonte de dados: LC_TEMP_AUX_ARTE, Program: "Teste Jhon.insert".
 <552795678029790080> 12/09/2022 10:57:51.964     [Error  ] - Índice Duplicado, fonte de dados: LC_TEMP_AUX_ARTE, Program: "Teste Jhon.insert".
 <552795678029790080> 12/09/2022 10:57:51.992     [Error  ] - Índice Duplicado, fonte de dados: LC_TEMP_AUX_ARTE, Program: "Teste Jhon.insert".
 <552795678029790080> 12/09/2022 10:57:52.020     [Error  ] - Índice Duplicado, fonte de dados: LC_TEMP_AUX_ARTE, Program: "Teste Jhon.insert".
 <552795678029790080> 12/09/2022 10:57:52.054     [Error  ] - Índice Duplicado, fonte de dados: LC_TEMP_AUX_ARTE, Program: "Teste Jhon.insert".
 <552795678029790080> 12/09/2022 10:57:52.080     [Error  ] - Índice Duplicado, fonte de dados: LC_TEMP_AUX_ARTE, Program: "Teste Jhon.insert".
 <552795678029790080> 12/09/2022 10:57:52.104     [Error  ] - Índice Duplicado, fonte de dados: LC_TEMP_AUX_ARTE, Program: "Teste Jhon.insert".
 <552795678029790080> 12/09/2022 10:57:52.128     [Error  ] - Índice Duplicado, fonte de dados: LC_TEMP_AUX_ARTE, Program: "Teste Jhon.insert".
 <552795678029790080> 12/09/2022 10:57:52.156     [Error  ] - Índice Duplicado, fonte de dados: LC_TEMP_AUX_ARTE, Program: "Teste Jhon.insert".
 <552795678029790080> 12/09/2022 10:57:52.179     [Error  ] - Índice Duplicado, fonte de dados: LC_TEMP_AUX_ARTE, Program: "Teste Jhon.insert".
 <552795678029790080> 12/09/2022 10:57:52.201     [Error  ] - Índice Duplicado, fonte de dados: LC_TEMP_AUX_ARTE, Program: "Teste Jhon.insert".
 <552795678029790080> 12/09/2022 10:57:52.224     [Error  ] - Índice Duplicado, fonte de dados: LC_TEMP_AUX_ARTE, Program: "Teste Jhon.insert".
 <552795678029790080> 12/09/2022 10:57:52.246     [Error  ] - Índice Duplicado, fonte de dados: LC_TEMP_AUX_ARTE, Program: "Teste Jhon.insert".
 <552795678029790080> 12/09/2022 10:57:52.269     [Error  ] - Índice Duplicado, fonte de dados: LC_TEMP_AUX_ARTE, Program: "Teste Jhon.insert".
 <552795678029790080> 12/09/2022 10:57:52.303     [Error  ] - Índice Duplicado, fonte de dados: LC_TEMP_AUX_ARTE, Program: "Teste Jhon.insert".
 <552795678029790080> 12/09/2022 10:57:52.325     [Error  ] - Índice Duplicado, fonte de dados: LC_TEMP_AUX_ARTE, Program: "Teste Jhon.insert".
 <552795678029790080> 12/09/2022 10:57:52.349     [Error  ] - Índice Duplicado, fonte de dados: LC_TEMP_AUX_ARTE, Program: "Teste Jhon.insert".
 <552795678029790080> 12/09/2022 10:57:52.373     [Error  ] - Índice Duplicado, fonte de dados: LC_TEMP_AUX_ARTE, Program: "Teste Jhon.insert".
 <552795678029790080> 12/09/2022 10:57:52.396     [Error  ] - Índice Duplicado, fonte de dados: LC_TEMP_AUX_ARTE, Program: "Teste Jhon.insert".
 <552795678029790080> 12/09/2022 10:57:52.421     [Error  ] - Índice Duplicado, fonte de dados: LC_TEMP_AUX_ARTE, Program: "Teste Jhon.insert".
 <552795678029790080> 12/09/2022 10:57:52.445     [Error  ] - Índice Duplicado, fonte de dados: LC_TEMP_AUX_ARTE, Program: "Teste Jhon.insert".
 <552795678029790080> 12/09/2022 10:57:52.470     [Error  ] - Índice Duplicado, fonte de dados: LC_TEMP_AUX_ARTE, Program: "Teste Jhon.insert".
 <552795678029790080> 12/09/2022 10:57:52.498     [Error  ] - Índice Duplicado, fonte de dados: LC_TEMP_AUX_ARTE, Program: "Teste Jhon.insert".
 <552795678029790080> 12/09/2022 10:57:52.522     [Error  ] - Índice Duplicado, fonte de dados: LC_TEMP_AUX_ARTE, Program: "Teste Jhon.insert".
 <552795678029790080> 12/09/2022 10:57:52.546     [Error  ] - Índice Duplicado, fonte de dados: LC_TEMP_AUX_ARTE, Program: "Teste Jhon.insert".
 <552795678029790080> 12/09/2022 10:57:52.569     [Error  ] - Índice Duplicado, fonte de dados: LC_TEMP_AUX_ARTE, Program: "Teste Jhon.insert".
 <552795678029790080> 12/09/2022 10:57:52.608     [Error  ] - Índice Duplicado, fonte de dados: LC_TEMP_AUX_ARTE, Program: "Teste Jhon.insert".
 <552795678029790080> 12/09/2022 10:57:52.631     [Error  ] - Índice Duplicado, fonte de dados: LC_TEMP_AUX_ARTE, Program: "Teste Jhon.insert".
 <552795678029790080> 12/09/2022 10:57:52.653     [Error  ] - Índice Duplicado, fonte de dados: LC_TEMP_AUX_ARTE, Program: "Teste Jhon.insert".
 <552795678029790080> 12/09/2022 10:57:52.686     [Error  ] - Índice Duplicado, fonte de dados: LC_TEMP_AUX_ARTE, Program: "Teste Jhon.insert".
 <235364904364515264> 12/09/2022 10:59:08.608     [Error  ] - Índice Duplicado, fonte de dados: LC_TEMP_AUX_ARTE, Program: "Teste Jhon.insert".
 <235364904364515264> 12/09/2022 10:59:08.638     [Error  ] - Índice Duplicado, fonte de dados: LC_TEMP_AUX_ARTE, Program: "Teste Jhon.insert".
 <235364904364515264> 12/09/2022 10:59:08.664     [Error  ] - Índice Duplicado, fonte de dados: LC_TEMP_AUX_ARTE, Program: "Teste Jhon.insert".
 <235364904364515264> 12/09/2022 10:59:08.723     [Error  ] - Índice Duplicado, fonte de dados: LC_TEMP_AUX_ARTE, Program: "Teste Jhon.insert".
 <235364904364515264> 12/09/2022 10:59:08.752     [Error  ] - Índice Duplicado, fonte de dados: LC_TEMP_AUX_ARTE, Program: "Teste Jhon.insert".
 <235364904364515264> 12/09/2022 10:59:08.795     [Error  ] - Índice Duplicado, fonte de dados: LC_TEMP_AUX_ARTE, Program: "Teste Jhon.insert".
 <235364904364515264> 12/09/2022 10:59:08.819     [Error  ] - Índice Duplicado, fonte de dados: LC_TEMP_AUX_ARTE, Program: "Teste Jhon.insert".
 <235364904364515264> 12/09/2022 10:59:08.842     [Error  ] - Índice Duplicado, fonte de dados: LC_TEMP_AUX_ARTE, Program: "Teste Jhon.insert".
 <235364904364515264> 12/09/2022 10:59:08.865     [Error  ] - Índice Duplicado, fonte de dados: LC_TEMP_AUX_ARTE, Program: "Teste Jhon.insert".
 <235364904364515264> 12/09/2022 10:59:08.891     [Error  ] - Índice Duplicado, fonte de dados: LC_TEMP_AUX_ARTE, Program: "Teste Jhon.insert".
 <235364904364515264> 12/09/2022 10:59:08.915     [Error  ] - Índice Duplicado, fonte de dados: LC_TEMP_AUX_ARTE, Program: "Teste Jhon.insert".
 <235364904364515264> 12/09/2022 10:59:08.941     [Error  ] - Índice Duplicado, fonte de dados: LC_TEMP_AUX_ARTE, Program: "Teste Jhon.insert".
 <235364904364515264> 12/09/2022 10:59:08.971     [Error  ] - Índice Duplicado, fonte de dados: LC_TEMP_AUX_ARTE, Program: "Teste Jhon.insert".
 <235364904364515264> 12/09/2022 10:59:08.994     [Error  ] - Índice Duplicado, fonte de dados: LC_TEMP_AUX_ARTE, Program: "Teste Jhon.insert".
 <235364904364515264> 12/09/2022 10:59:09.037     [Error  ] - Índice Duplicado, fonte de dados: LC_TEMP_AUX_ARTE, Program: "Teste Jhon.insert".
 <235364904364515264> 12/09/2022 10:59:09.060     [Error  ] - Índice Duplicado, fonte de dados: LC_TEMP_AUX_ARTE, Program: "Teste Jhon.insert".
 <235364904364515264> 12/09/2022 10:59:09.090     [Error  ] - Índice Duplicado, fonte de dados: LC_TEMP_AUX_ARTE, Program: "Teste Jhon.insert".
 <235364904364515264> 12/09/2022 10:59:09.114     [Error  ] - Índice Duplicado, fonte de dados: LC_TEMP_AUX_ARTE, Program: "Teste Jhon.insert".
 <235364904364515264> 12/09/2022 10:59:09.139     [Error  ] - Índice Duplicado, fonte de dados: LC_TEMP_AUX_ARTE, Program: "Teste Jhon.insert".
 <235364904364515264> 12/09/2022 10:59:09.188     [Error  ] - Índice Duplicado, fonte de dados: LC_TEMP_AUX_ARTE, Program: "Teste Jhon.insert".
 <235364904364515264> 12/09/2022 10:59:09.213     [Error  ] - Índice Duplicado, fonte de dados: LC_TEMP_AUX_ARTE, Program: "Teste Jhon.insert".
 <235364904364515264> 12/09/2022 10:59:09.235     [Error  ] - Índice Duplicado, fonte de dados: LC_TEMP_AUX_ARTE, Program: "Teste Jhon.insert".
 <235364904364515264> 12/09/2022 10:59:09.272     [Error  ] - Índice Duplicado, fonte de dados: LC_TEMP_AUX_ARTE, Program: "Teste Jhon.insert".
 <235364904364515264> 12/09/2022 10:59:09.303     [Error  ] - Índice Duplicado, fonte de dados: LC_TEMP_AUX_ARTE, Program: "Teste Jhon.insert".
 <235364904364515264> 12/09/2022 10:59:09.326     [Error  ] - Índice Duplicado, fonte de dados: LC_TEMP_AUX_ARTE, Program: "Teste Jhon.insert".
 <235364904364515264> 12/09/2022 10:59:09.349     [Error  ] - Índice Duplicado, fonte de dados: LC_TEMP_AUX_ARTE, Program: "Teste Jhon.insert".
 <235364904364515264> 12/09/2022 10:59:09.372     [Error  ] - Índice Duplicado, fonte de dados: LC_TEMP_AUX_ARTE, Program: "Teste Jhon.insert".
 <235364904364515264> 12/09/2022 10:59:09.405     [Error  ] - Índice Duplicado, fonte de dados: LC_TEMP_AUX_ARTE, Program: "Teste Jhon.insert".
 <235364904364515264> 12/09/2022 10:59:09.432     [Error  ] - Índice Duplicado, fonte de dados: LC_TEMP_AUX_ARTE, Program: "Teste Jhon.insert".
 <235364904364515264> 12/09/2022 10:59:09.456     [Error  ] - Índice Duplicado, fonte de dados: LC_TEMP_AUX_ARTE, Program: "Teste Jhon.insert".
 <235364904364515264> 12/09/2022 10:59:09.518     [Error  ] - Índice Duplicado, fonte de dados: LC_TEMP_AUX_ARTE, Program: "Teste Jhon.insert".
 <235364904364515264> 12/09/2022 10:59:09.543     [Error  ] - Índice Duplicado, fonte de dados: LC_TEMP_AUX_ARTE, Program: "Teste Jhon.insert".
 <235364904364515264> 12/09/2022 10:59:09.569     [Error  ] - Índice Duplicado, fonte de dados: LC_TEMP_AUX_ARTE, Program: "Teste Jhon.insert".
 <235364904364515264> 12/09/2022 10:59:09.593     [Error  ] - Índice Duplicado, fonte de dados: LC_TEMP_AUX_ARTE, Program: "Teste Jhon.insert".
 <235364904364515264> 12/09/2022 10:59:09.616     [Error  ] - Índice Duplicado, fonte de dados: LC_TEMP_AUX_ARTE, Program: "Teste Jhon.insert".
 <235364904364515264> 12/09/2022 10:59:09.652     [Error  ] - Índice Duplicado, fonte de dados: LC_TEMP_AUX_ARTE, Program: "Teste Jhon.insert".
 <235364904364515264> 12/09/2022 10:59:09.678     [Error  ] - Índice Duplicado, fonte de dados: LC_TEMP_AUX_ARTE, Program: "Teste Jhon.insert".
 <235364904364515264> 12/09/2022 10:59:09.701     [Error  ] - Índice Duplicado, fonte de dados: LC_TEMP_AUX_ARTE, Program: "Teste Jhon.insert".
 <235364904364515264> 12/09/2022 10:59:09.733     [Error  ] - Índice Duplicado, fonte de dados: LC_TEMP_AUX_ARTE, Program: "Teste Jhon.insert".
 <235364904364515264> 12/09/2022 10:59:09.756     [Error  ] - Índice Duplicado, fonte de dados: LC_TEMP_AUX_ARTE, Program: "Teste Jhon.insert".
 <235364904364515264> 12/09/2022 10:59:09.786     [Error  ] - Índice Duplicado, fonte de dados: LC_TEMP_AUX_ARTE, Program: "Teste Jhon.insert".
 <235364904364515264> 12/09/2022 10:59:09.809     [Error  ] - Índice Duplicado, fonte de dados: LC_TEMP_AUX_ARTE, Program: "Teste Jhon.insert".
 <235364904364515264> 12/09/2022 10:59:09.835     [Error  ] - Índice Duplicado, fonte de dados: LC_TEMP_AUX_ARTE, Program: "Teste Jhon.insert".
 <235364904364515264> 12/09/2022 10:59:09.867     [Error  ] - Índice Duplicado, fonte de dados: LC_TEMP_AUX_ARTE, Program: "Teste Jhon.insert".
 <235364904364515264> 12/09/2022 10:59:09.890     [Error  ] - Índice Duplicado, fonte de dados: LC_TEMP_AUX_ARTE, Program: "Teste Jhon.insert".
 <235364904364515264> 12/09/2022 10:59:09.915     [Error  ] - Índice Duplicado, fonte de dados: LC_TEMP_AUX_ARTE, Program: "Teste Jhon.insert".
 <235364904364515264> 12/09/2022 10:59:09.954     [Error  ] - Índice Duplicado, fonte de dados: LC_TEMP_AUX_ARTE, Program: "Teste Jhon.insert".
 <235364904364515264> 12/09/2022 10:59:09.977     [Error  ] - Índice Duplicado, fonte de dados: LC_TEMP_AUX_ARTE, Program: "Teste Jhon.insert".
 <235364904364515264> 12/09/2022 10:59:10.001     [Error  ] - Índice Duplicado, fonte de dados: LC_TEMP_AUX_ARTE, Program: "Teste Jhon.insert".
 <235364904364515264> 12/09/2022 10:59:10.028     [Error  ] - Índice Duplicado, fonte de dados: LC_TEMP_AUX_ARTE, Program: "Teste Jhon.insert".
 <235364904364515264> 12/09/2022 10:59:10.057     [Error  ] - Índice Duplicado, fonte de dados: LC_TEMP_AUX_ARTE, Program: "Teste Jhon.insert".
 <235364904364515264> 12/09/2022 10:59:10.082     [Error  ] - Índice Duplicado, fonte de dados: LC_TEMP_AUX_ARTE, Program: "Teste Jhon.insert".
 <235364904364515264> 12/09/2022 10:59:10.105     [Error  ] - Índice Duplicado, fonte de dados: LC_TEMP_AUX_ARTE, Program: "Teste Jhon.insert".
 <235364904364515264> 12/09/2022 10:59:10.128     [Error  ] - Índice Duplicado, fonte de dados: LC_TEMP_AUX_ARTE, Program: "Teste Jhon.insert".
 <235364904364515264> 12/09/2022 10:59:10.167     [Error  ] - Índice Duplicado, fonte de dados: LC_TEMP_AUX_ARTE, Program: "Teste Jhon.insert".
 <235364904364515264> 12/09/2022 10:59:10.199     [Error  ] - Índice Duplicado, fonte de dados: LC_TEMP_AUX_ARTE, Program: "Teste Jhon.insert".
 <235364904364515264> 12/09/2022 10:59:10.225     [Error  ] - Índice Duplicado, fonte de dados: LC_TEMP_AUX_ARTE, Program: "Teste Jhon.insert".
 <235364904364515264> 12/09/2022 10:59:10.262     [Error  ] - Índice Duplicado, fonte de dados: LC_TEMP_AUX_ARTE, Program: "Teste Jhon.insert".
 <235364904364515264> 12/09/2022 10:59:10.313     [Error  ] - Índice Duplicado, fonte de dados: LC_TEMP_AUX_ARTE, Program: "Teste Jhon.insert".
 <235364904364515264> 12/09/2022 10:59:10.337     [Error  ] - Índice Duplicado, fonte de dados: LC_TEMP_AUX_ARTE, Program: "Teste Jhon.insert".
 <235364904364515264> 12/09/2022 10:59:10.361     [Error  ] - Índice Duplicado, fonte de dados: LC_TEMP_AUX_ARTE, Program: "Teste Jhon.insert".
 <235364904364515264> 12/09/2022 10:59:10.387     [Error  ] - Índice Duplicado, fonte de dados: LC_TEMP_AUX_ARTE, Program: "Teste Jhon.insert".
 <235364904364515264> 12/09/2022 10:59:10.411     [Error  ] - Índice Duplicado, fonte de dados: LC_TEMP_AUX_ARTE, Program: "Teste Jhon.insert".
 <235364904364515264> 12/09/2022 10:59:10.434     [Error  ] - Índice Duplicado, fonte de dados: LC_TEMP_AUX_ARTE, Program: "Teste Jhon.insert".
 <235364904364515264> 12/09/2022 10:59:10.459     [Error  ] - Índice Duplicado, fonte de dados: LC_TEMP_AUX_ARTE, Program: "Teste Jhon.insert".
 <235364904364515264> 12/09/2022 10:59:10.485     [Error  ] - Índice Duplicado, fonte de dados: LC_TEMP_AUX_ARTE, Program: "Teste Jhon.insert".
 <235364904364515264> 12/09/2022 10:59:10.512     [Error  ] - Índice Duplicado, fonte de dados: LC_TEMP_AUX_ARTE, Program: "Teste Jhon.insert".
 <235364904364515264> 12/09/2022 10:59:10.537     [Error  ] - Índice Duplicado, fonte de dados: LC_TEMP_AUX_ARTE, Program: "Teste Jhon.insert".
 <235364904364515264> 12/09/2022 10:59:10.579     [Error  ] - Índice Duplicado, fonte de dados: LC_TEMP_AUX_ARTE, Program: "Teste Jhon.insert".
 <235364904364515264> 12/09/2022 10:59:10.613     [Error  ] - Índice Duplicado, fonte de dados: LC_TEMP_AUX_ARTE, Program: "Teste Jhon.insert".
 <235364904364515264> 12/09/2022 10:59:10.675     [Error  ] - Índice Duplicado, fonte de dados: LC_TEMP_AUX_ARTE, Program: "Teste Jhon.insert".
 <235364904364515264> 12/09/2022 10:59:10.707     [Error  ] - Índice Duplicado, fonte de dados: LC_TEMP_AUX_ARTE, Program: "Teste Jhon.insert".
 <235364904364515264> 12/09/2022 10:59:10.736     [Error  ] - Índice Duplicado, fonte de dados: LC_TEMP_AUX_ARTE, Program: "Teste Jhon.insert".
 <235364904364515264> 12/09/2022 10:59:10.761     [Error  ] - Índice Duplicado, fonte de dados: LC_TEMP_AUX_ARTE, Program: "Teste Jhon.insert".
 <235364904364515264> 12/09/2022 10:59:10.785     [Error  ] - Índice Duplicado, fonte de dados: LC_TEMP_AUX_ARTE, Program: "Teste Jhon.insert".
 <235364904364515264> 12/09/2022 10:59:10.810     [Error  ] - Índice Duplicado, fonte de dados: LC_TEMP_AUX_ARTE, Program: "Teste Jhon.insert".
 <235364904364515264> 12/09/2022 10:59:10.836     [Error  ] - Índice Duplicado, fonte de dados: LC_TEMP_AUX_ARTE, Program: "Teste Jhon.insert".
 <235364904364515264> 12/09/2022 10:59:10.864     [Error  ] - Índice Duplicado, fonte de dados: LC_TEMP_AUX_ARTE, Program: "Teste Jhon.insert".
 <235364904364515264> 12/09/2022 10:59:10.905     [Error  ] - Índice Duplicado, fonte de dados: LC_TEMP_AUX_ARTE, Program: "Teste Jhon.insert".
 <235364904364515264> 12/09/2022 10:59:10.942     [Error  ] - Índice Duplicado, fonte de dados: LC_TEMP_AUX_ARTE, Program: "Teste Jhon.insert".
 <235364904364515264> 12/09/2022 10:59:10.969     [Error  ] - Índice Duplicado, fonte de dados: LC_TEMP_AUX_ARTE, Program: "Teste Jhon.insert".
 <235364904364515264> 12/09/2022 10:59:10.996     [Error  ] - Índice Duplicado, fonte de dados: LC_TEMP_AUX_ARTE, Program: "Teste Jhon.insert".
 <235364904364515264> 12/09/2022 10:59:11.022     [Error  ] - Índice Duplicado, fonte de dados: LC_TEMP_AUX_ARTE, Program: "Teste Jhon.insert".
 <235364904364515264> 12/09/2022 10:59:11.058     [Error  ] - Índice Duplicado, fonte de dados: LC_TEMP_AUX_ARTE, Program: "Teste Jhon.insert".
 <235364904364515264> 12/09/2022 10:59:11.097     [Error  ] - Índice Duplicado, fonte de dados: LC_TEMP_AUX_ARTE, Program: "Teste Jhon.insert".
 <235364904364515264> 12/09/2022 10:59:11.121     [Error  ] - Índice Duplicado, fonte de dados: LC_TEMP_AUX_ARTE, Program: "Teste Jhon.insert".
 <235364904364515264> 12/09/2022 10:59:11.149     [Error  ] - Índice Duplicado, fonte de dados: LC_TEMP_AUX_ARTE, Program: "Teste Jhon.insert".
 <235364904364515264> 12/09/2022 10:59:11.174     [Error  ] - Índice Duplicado, fonte de dados: LC_TEMP_AUX_ARTE, Program: "Teste Jhon.insert".
 <235364904364515264> 12/09/2022 10:59:11.200     [Error  ] - Índice Duplicado, fonte de dados: LC_TEMP_AUX_ARTE, Program: "Teste Jhon.insert".
 <235364904364515264> 12/09/2022 10:59:11.254     [Error  ] - Índice Duplicado, fonte de dados: LC_TEMP_AUX_ARTE, Program: "Teste Jhon.insert".
 <235364904364515264> 12/09/2022 10:59:11.293     [Error  ] - Índice Duplicado, fonte de dados: LC_TEMP_AUX_ARTE, Program: "Teste Jhon.insert".
 <235364904364515264> 12/09/2022 10:59:11.349     [Error  ] - Índice Duplicado, fonte de dados: LC_TEMP_AUX_ARTE, Program: "Teste Jhon.insert".
 <235364904364515264> 12/09/2022 10:59:11.391     [Error  ] - Índice Duplicado, fonte de dados: LC_TEMP_AUX_ARTE, Program: "Teste Jhon.insert".
 <235364904364515264> 12/09/2022 10:59:11.432     [Error  ] - Índice Duplicado, fonte de dados: LC_TEMP_AUX_ARTE, Program: "Teste Jhon.insert".
 <235364904364515264> 12/09/2022 10:59:11.457     [Error  ] - Índice Duplicado, fonte de dados: LC_TEMP_AUX_ARTE, Program: "Teste Jhon.insert".
 <235364904364515264> 12/09/2022 10:59:11.481     [Error  ] - Índice Duplicado, fonte de dados: LC_TEMP_AUX_ARTE, Program: "Teste Jhon.insert".
 <235364904364515264> 12/09/2022 10:59:11.510     [Error  ] - Índice Duplicado, fonte de dados: LC_TEMP_AUX_ARTE, Program: "Teste Jhon.insert".
 <235364904364515264> 12/09/2022 10:59:11.541     [Error  ] - Índice Duplicado, fonte de dados: LC_TEMP_AUX_ARTE, Program: "Teste Jhon.insert".
 <235364904364515264> 12/09/2022 10:59:11.575     [Error  ] - Índice Duplicado, fonte de dados: LC_TEMP_AUX_ARTE, Program: "Teste Jhon.insert".
 <235364904364515264> 12/09/2022 10:59:11.601     [Error  ] - Índice Duplicado, fonte de dados: LC_TEMP_AUX_ARTE, Program: "Teste Jhon.insert".
 <235364904364515264> 12/09/2022 10:59:11.634     [Error  ] - Índice Duplicado, fonte de dados: LC_TEMP_AUX_ARTE, Program: "Teste Jhon.insert".
 <235364904364515264> 12/09/2022 10:59:11.671     [Error  ] - Índice Duplicado, fonte de dados: LC_TEMP_AUX_ARTE, Program: "Teste Jhon.insert".
 <235364904364515264> 12/09/2022 10:59:11.704     [Error  ] - Índice Duplicado, fonte de dados: LC_TEMP_AUX_ARTE, Program: "Teste Jhon.insert".
 <235364904364515264> 12/09/2022 10:59:11.728     [Error  ] - Índice Duplicado, fonte de dados: LC_TEMP_AUX_ARTE, Program: "Teste Jhon.insert".
 <235364904364515264> 12/09/2022 10:59:11.807     [Error  ] - Índice Duplicado, fonte de dados: LC_TEMP_AUX_ARTE, Program: "Teste Jhon.insert".
 <235364904364515264> 12/09/2022 10:59:11.835     [Error  ] - Índice Duplicado, fonte de dados: LC_TEMP_AUX_ARTE, Program: "Teste Jhon.insert".
 <235364904364515264> 12/09/2022 10:59:11.861     [Error  ] - Índice Duplicado, fonte de dados: LC_TEMP_AUX_ARTE, Program: "Teste Jhon.insert".
 <235364904364515264> 12/09/2022 10:59:11.887     [Error  ] - Índice Duplicado, fonte de dados: LC_TEMP_AUX_ARTE, Program: "Teste Jhon.insert".
 <235364904364515264> 12/09/2022 10:59:11.913     [Error  ] - Índice Duplicado, fonte de dados: LC_TEMP_AUX_ARTE, Program: "Teste Jhon.insert".
 <235364904364515264> 12/09/2022 10:59:11.937     [Error  ] - Índice Duplicado, fonte de dados: LC_TEMP_AUX_ARTE, Program: "Teste Jhon.insert".
 <235364904364515264> 12/09/2022 10:59:11.962     [Error  ] - Índice Duplicado, fonte de dados: LC_TEMP_AUX_ARTE, Program: "Teste Jhon.insert".
 <235364904364515264> 12/09/2022 10:59:11.992     [Error  ] - Índice Duplicado, fonte de dados: LC_TEMP_AUX_ARTE, Program: "Teste Jhon.insert".
 <235364904364515264> 12/09/2022 10:59:12.062     [Error  ] - Índice Duplicado, fonte de dados: LC_TEMP_AUX_ARTE, Program: "Teste Jhon.insert".
 <235364904364515264> 12/09/2022 10:59:12.087     [Error  ] - Índice Duplicado, fonte de dados: LC_TEMP_AUX_ARTE, Program: "Teste Jhon.insert".
 <235364904364515264> 12/09/2022 10:59:12.112     [Error  ] - Índice Duplicado, fonte de dados: LC_TEMP_AUX_ARTE, Program: "Teste Jhon.insert".
 <235364904364515264> 12/09/2022 10:59:12.135     [Error  ] - Índice Duplicado, fonte de dados: LC_TEMP_AUX_ARTE, Program: "Teste Jhon.insert".
 <235364904364515264> 12/09/2022 10:59:12.161     [Error  ] - Índice Duplicado, fonte de dados: LC_TEMP_AUX_ARTE, Program: "Teste Jhon.insert".
 <235364904364515264> 12/09/2022 10:59:12.193     [Error  ] - Índice Duplicado, fonte de dados: LC_TEMP_AUX_ARTE, Program: "Teste Jhon.insert".
 <235364904364515264> 12/09/2022 10:59:12.218     [Error  ] - Índice Duplicado, fonte de dados: LC_TEMP_AUX_ARTE, Program: "Teste Jhon.insert".
 <235364904364515264> 12/09/2022 10:59:12.243     [Error  ] - Índice Duplicado, fonte de dados: LC_TEMP_AUX_ARTE, Program: "Teste Jhon.insert".
 <235364904364515264> 12/09/2022 10:59:12.266     [Error  ] - Índice Duplicado, fonte de dados: LC_TEMP_AUX_ARTE, Program: "Teste Jhon.insert".
 <235364904364515264> 12/09/2022 10:59:12.292     [Error  ] - Índice Duplicado, fonte de dados: LC_TEMP_AUX_ARTE, Program: "Teste Jhon.insert".
 <235364904364515264> 12/09/2022 10:59:12.320     [Error  ] - Índice Duplicado, fonte de dados: LC_TEMP_AUX_ARTE, Program: "Teste Jhon.insert".
 <235364904364515264> 12/09/2022 10:59:12.346     [Error  ] - Índice Duplicado, fonte de dados: LC_TEMP_AUX_ARTE, Program: "Teste Jhon.insert".
 <235364904364515264> 12/09/2022 10:59:12.370     [Error  ] - Índice Duplicado, fonte de dados: LC_TEMP_AUX_ARTE, Program: "Teste Jhon.insert".
 <235364904364515264> 12/09/2022 10:59:12.394     [Error  ] - Índice Duplicado, fonte de dados: LC_TEMP_AUX_ARTE, Program: "Teste Jhon.insert".
 <235364904364515264> 12/09/2022 10:59:12.419     [Error  ] - Índice Duplicado, fonte de dados: LC_TEMP_AUX_ARTE, Program: "Teste Jhon.insert".
 <235364904364515264> 12/09/2022 10:59:12.443     [Error  ] - Índice Duplicado, fonte de dados: LC_TEMP_AUX_ARTE, Program: "Teste Jhon.insert".
 <235364904364515264> 12/09/2022 10:59:12.469     [Error  ] - Índice Duplicado, fonte de dados: LC_TEMP_AUX_ARTE, Program: "Teste Jhon.insert".
 <235364904364515264> 12/09/2022 10:59:12.494     [Error  ] - Índice Duplicado, fonte de dados: LC_TEMP_AUX_ARTE, Program: "Teste Jhon.insert".
 <235364904364515264> 12/09/2022 10:59:12.518     [Error  ] - Índice Duplicado, fonte de dados: LC_TEMP_AUX_ARTE, Program: "Teste Jhon.insert".
 <235364904364515264> 12/09/2022 10:59:12.544     [Error  ] - Índice Duplicado, fonte de dados: LC_TEMP_AUX_ARTE, Program: "Teste Jhon.insert".
 <235364904364515264> 12/09/2022 10:59:12.569     [Error  ] - Índice Duplicado, fonte de dados: LC_TEMP_AUX_ARTE, Program: "Teste Jhon.insert".
 <235364904364515264> 12/09/2022 10:59:12.594     [Error  ] - Índice Duplicado, fonte de dados: LC_TEMP_AUX_ARTE, Program: "Teste Jhon.insert".
 <235364904364515264> 12/09/2022 10:59:12.617     [Error  ] - Índice Duplicado, fonte de dados: LC_TEMP_AUX_ARTE, Program: "Teste Jhon.insert".
 <235364904364515264> 12/09/2022 10:59:12.643     [Error  ] - Índice Duplicado, fonte de dados: LC_TEMP_AUX_ARTE, Program: "Teste Jhon.insert".
 <235364904364515264> 12/09/2022 10:59:12.714     [Error  ] - Índice Duplicado, fonte de dados: LC_TEMP_AUX_ARTE, Program: "Teste Jhon.insert".
 <235364904364515264> 12/09/2022 10:59:12.738     [Error  ] - Índice Duplicado, fonte de dados: LC_TEMP_AUX_ARTE, Program: "Teste Jhon.insert".
 <235364904364515264> 12/09/2022 10:59:12.768     [Error  ] - Índice Duplicado, fonte de dados: LC_TEMP_AUX_ARTE, Program: "Teste Jhon.insert".
 <235364904364515264> 12/09/2022 10:59:12.803     [Error  ] - Índice Duplicado, fonte de dados: LC_TEMP_AUX_ARTE, Program: "Teste Jhon.insert".
 <235364904364515264> 12/09/2022 10:59:12.884     [Error  ] - Índice Duplicado, fonte de dados: LC_TEMP_AUX_ARTE, Program: "Teste Jhon.insert".
 <235364904364515264> 12/09/2022 10:59:12.915     [Error  ] - Índice Duplicado, fonte de dados: LC_TEMP_AUX_ARTE, Program: "Teste Jhon.insert".
 <235364904364515264> 12/09/2022 10:59:12.943     [Error  ] - Índice Duplicado, fonte de dados: LC_TEMP_AUX_ARTE, Program: "Teste Jhon.insert".
 <235364904364515264> 12/09/2022 10:59:12.974     [Error  ] - Índice Duplicado, fonte de dados: LC_TEMP_AUX_ARTE, Program: "Teste Jhon.insert".
 <235364904364515264> 12/09/2022 10:59:13.002     [Error  ] - Índice Duplicado, fonte de dados: LC_TEMP_AUX_ARTE, Program: "Teste Jhon.insert".
 <235364904364515264> 12/09/2022 10:59:13.035     [Error  ] - Índice Duplicado, fonte de dados: LC_TEMP_AUX_ARTE, Program: "Teste Jhon.insert".
 <235364904364515264> 12/09/2022 10:59:13.077     [Error  ] - Índice Duplicado, fonte de dados: LC_TEMP_AUX_ARTE, Program: "Teste Jhon.insert".
 <235364904364515264> 12/09/2022 10:59:13.130     [Error  ] - Índice Duplicado, fonte de dados: LC_TEMP_AUX_ARTE, Program: "Teste Jhon.insert".
 <235364904364515264> 12/09/2022 10:59:13.161     [Error  ] - Índice Duplicado, fonte de dados: LC_TEMP_AUX_ARTE, Program: "Teste Jhon.insert".
 <235364904364515264> 12/09/2022 10:59:13.189     [Error  ] - Índice Duplicado, fonte de dados: LC_TEMP_AUX_ARTE, Program: "Teste Jhon.insert".
 <235364904364515264> 12/09/2022 10:59:13.235     [Error  ] - Índice Duplicado, fonte de dados: LC_TEMP_AUX_ARTE, Program: "Teste Jhon.insert".
 <235364904364515264> 12/09/2022 10:59:13.260     [Error  ] - Índice Duplicado, fonte de dados: LC_TEMP_AUX_ARTE, Program: "Teste Jhon.insert".
 <235364904364515264> 12/09/2022 10:59:13.328     [Error  ] - Índice Duplicado, fonte de dados: LC_TEMP_AUX_ARTE, Program: "Teste Jhon.insert".
 <235364904364515264> 12/09/2022 10:59:13.354     [Error  ] - Índice Duplicado, fonte de dados: LC_TEMP_AUX_ARTE, Program: "Teste Jhon.insert".
 <235364904364515264> 12/09/2022 10:59:13.384     [Error  ] - Índice Duplicado, fonte de dados: LC_TEMP_AUX_ARTE, Program: "Teste Jhon.insert".
 <235364904364515264> 12/09/2022 10:59:13.409     [Error  ] - Índice Duplicado, fonte de dados: LC_TEMP_AUX_ARTE, Program: "Teste Jhon.insert".
 <235364904364515264> 12/09/2022 10:59:13.441     [Error  ] - Índice Duplicado, fonte de dados: LC_TEMP_AUX_ARTE, Program: "Teste Jhon.insert".
 <235364904364515264> 12/09/2022 10:59:13.467     [Error  ] - Índice Duplicado, fonte de dados: LC_TEMP_AUX_ARTE, Program: "Teste Jhon.insert".
 <235364904364515264> 12/09/2022 10:59:13.546     [Error  ] - Índice Duplicado, fonte de dados: LC_TEMP_AUX_ARTE, Program: "Teste Jhon.insert".
 <235364904364515264> 12/09/2022 10:59:13.582     [Error  ] - Índice Duplicado, fonte de dados: LC_TEMP_AUX_ARTE, Program: "Teste Jhon.insert".
 <235364904364515264> 12/09/2022 10:59:13.613     [Error  ] - Índice Duplicado, fonte de dados: LC_TEMP_AUX_ARTE, Program: "Teste Jhon.insert".
 <235364904364515264> 12/09/2022 10:59:13.698     [Error  ] - Índice Duplicado, fonte de dados: LC_TEMP_AUX_ARTE, Program: "Teste Jhon.insert".
 <235364904364515264> 12/09/2022 10:59:13.725     [Error  ] - Índice Duplicado, fonte de dados: LC_TEMP_AUX_ARTE, Program: "Teste Jhon.insert".
 <235364904364515264> 12/09/2022 10:59:13.752     [Error  ] - Índice Duplicado, fonte de dados: LC_TEMP_AUX_ARTE, Program: "Teste Jhon.insert".
 <235364904364515264> 12/09/2022 10:59:13.801     [Error  ] - Índice Duplicado, fonte de dados: LC_TEMP_AUX_ARTE, Program: "Teste Jhon.insert".
 <235364904364515264> 12/09/2022 10:59:13.831     [Error  ] - Índice Duplicado, fonte de dados: LC_TEMP_AUX_ARTE, Program: "Teste Jhon.insert".
 <235364904364515264> 12/09/2022 10:59:13.879     [Error  ] - Índice Duplicado, fonte de dados: LC_TEMP_AUX_ARTE, Program: "Teste Jhon.insert".
 <235364904364515264> 12/09/2022 10:59:13.945     [Error  ] - Índice Duplicado, fonte de dados: LC_TEMP_AUX_ARTE, Program: "Teste Jhon.insert".
 <235364904364515264> 12/09/2022 10:59:13.999     [Error  ] - Índice Duplicado, fonte de dados: LC_TEMP_AUX_ARTE, Program: "Teste Jhon.insert".
 <235364904364515264> 12/09/2022 10:59:14.035     [Error  ] - Índice Duplicado, fonte de dados: LC_TEMP_AUX_ARTE, Program: "Teste Jhon.insert".
 <235364904364515264> 12/09/2022 10:59:14.088     [Error  ] - Índice Duplicado, fonte de dados: LC_TEMP_AUX_ARTE, Program: "Teste Jhon.insert".
 <161768085798734368> 12/09/2022 11:01:46.494     [Error  ] - Índice Duplicado, fonte de dados: LC_TEMP_AUX_ARTE, Program: "Teste Jhon.insert".
 <161768085798734368> 12/09/2022 11:01:46.523     [Error  ] - Índice Duplicado, fonte de dados: LC_TEMP_AUX_ARTE, Program: "Teste Jhon.insert".
 <161768085798734368> 12/09/2022 11:01:46.549     [Error  ] - Índice Duplicado, fonte de dados: LC_TEMP_AUX_ARTE, Program: "Teste Jhon.insert".
 <161768085798734368> 12/09/2022 11:01:46.574     [Error  ] - Índice Duplicado, fonte de dados: LC_TEMP_AUX_ARTE, Program: "Teste Jhon.insert".
 <161768085798734368> 12/09/2022 11:01:46.598     [Error  ] - Índice Duplicado, fonte de dados: LC_TEMP_AUX_ARTE, Program: "Teste Jhon.insert".
 <161768085798734368> 12/09/2022 11:01:46.627     [Error  ] - Índice Duplicado, fonte de dados: LC_TEMP_AUX_ARTE, Program: "Teste Jhon.insert".
 <161768085798734368> 12/09/2022 11:01:46.651     [Error  ] - Índice Duplicado, fonte de dados: LC_TEMP_AUX_ARTE, Program: "Teste Jhon.insert".
 <161768085798734368> 12/09/2022 11:01:46.673     [Error  ] - Índice Duplicado, fonte de dados: LC_TEMP_AUX_ARTE, Program: "Teste Jhon.insert".
 <161768085798734368> 12/09/2022 11:01:46.696     [Error  ] - Índice Duplicado, fonte de dados: LC_TEMP_AUX_ARTE, Program: "Teste Jhon.insert".
 <161768085798734368> 12/09/2022 11:01:46.719     [Error  ] - Índice Duplicado, fonte de dados: LC_TEMP_AUX_ARTE, Program: "Teste Jhon.insert".
 <161768085798734368> 12/09/2022 11:01:46.750     [Error  ] - Índice Duplicado, fonte de dados: LC_TEMP_AUX_ARTE, Program: "Teste Jhon.insert".
 <161768085798734368> 12/09/2022 11:01:46.786     [Error  ] - Índice Duplicado, fonte de dados: LC_TEMP_AUX_ARTE, Program: "Teste Jhon.insert".
 <161768085798734368> 12/09/2022 11:01:46.813     [Error  ] - Índice Duplicado, fonte de dados: LC_TEMP_AUX_ARTE, Program: "Teste Jhon.insert".
 <161768085798734368> 12/09/2022 11:01:46.841     [Error  ] - Índice Duplicado, fonte de dados: LC_TEMP_AUX_ARTE, Program: "Teste Jhon.insert".
 <161768085798734368> 12/09/2022 11:01:46.869     [Error  ] - Índice Duplicado, fonte de dados: LC_TEMP_AUX_ARTE, Program: "Teste Jhon.insert".
 <161768085798734368> 12/09/2022 11:01:46.895     [Error  ] - Índice Duplicado, fonte de dados: LC_TEMP_AUX_ARTE, Program: "Teste Jhon.insert".
 <161768085798734368> 12/09/2022 11:01:46.922     [Error  ] - Índice Duplicado, fonte de dados: LC_TEMP_AUX_ARTE, Program: "Teste Jhon.insert".
 <161768085798734368> 12/09/2022 11:01:46.949     [Error  ] - Índice Duplicado, fonte de dados: LC_TEMP_AUX_ARTE, Program: "Teste Jhon.insert".
 <161768085798734368> 12/09/2022 11:01:46.980     [Error  ] - Índice Duplicado, fonte de dados: LC_TEMP_AUX_ARTE, Program: "Teste Jhon.insert".
 <161768085798734368> 12/09/2022 11:01:47.011     [Error  ] - Índice Duplicado, fonte de dados: LC_TEMP_AUX_ARTE, Program: "Teste Jhon.insert".
 <161768085798734368> 12/09/2022 11:01:47.038     [Error  ] - Índice Duplicado, fonte de dados: LC_TEMP_AUX_ARTE, Program: "Teste Jhon.insert".
 <161768085798734368> 12/09/2022 11:01:47.073     [Error  ] - Índice Duplicado, fonte de dados: LC_TEMP_AUX_ARTE, Program: "Teste Jhon.insert".
 <161768085798734368> 12/09/2022 11:01:47.104     [Error  ] - Índice Duplicado, fonte de dados: LC_TEMP_AUX_ARTE, Program: "Teste Jhon.insert".
 <161768085798734368> 12/09/2022 11:01:47.133     [Error  ] - Índice Duplicado, fonte de dados: LC_TEMP_AUX_ARTE, Program: "Teste Jhon.insert".
 <161768085798734368> 12/09/2022 11:01:47.177     [Error  ] - Índice Duplicado, fonte de dados: LC_TEMP_AUX_ARTE, Program: "Teste Jhon.insert".
 <161768085798734368> 12/09/2022 11:01:47.208     [Error  ] - Índice Duplicado, fonte de dados: LC_TEMP_AUX_ARTE, Program: "Teste Jhon.insert".
 <161768085798734368> 12/09/2022 11:01:47.236     [Error  ] - Índice Duplicado, fonte de dados: LC_TEMP_AUX_ARTE, Program: "Teste Jhon.insert".
 <161768085798734368> 12/09/2022 11:01:47.266     [Error  ] - Índice Duplicado, fonte de dados: LC_TEMP_AUX_ARTE, Program: "Teste Jhon.insert".
 <161768085798734368> 12/09/2022 11:01:47.298     [Error  ] - Índice Duplicado, fonte de dados: LC_TEMP_AUX_ARTE, Program: "Teste Jhon.insert".
 <161768085798734368> 12/09/2022 11:01:47.325     [Error  ] - Índice Duplicado, fonte de dados: LC_TEMP_AUX_ARTE, Program: "Teste Jhon.insert".
 <161768085798734368> 12/09/2022 11:01:47.358     [Error  ] - Índice Duplicado, fonte de dados: LC_TEMP_AUX_ARTE, Program: "Teste Jhon.insert".
 <161768085798734368> 12/09/2022 11:01:47.385     [Error  ] - Índice Duplicado, fonte de dados: LC_TEMP_AUX_ARTE, Program: "Teste Jhon.insert".
 <161768085798734368> 12/09/2022 11:01:47.411     [Error  ] - Índice Duplicado, fonte de dados: LC_TEMP_AUX_ARTE, Program: "Teste Jhon.insert".
 <161768085798734368> 12/09/2022 11:01:47.439     [Error  ] - Índice Duplicado, fonte de dados: LC_TEMP_AUX_ARTE, Program: "Teste Jhon.insert".
 <161768085798734368> 12/09/2022 11:01:47.464     [Error  ] - Índice Duplicado, fonte de dados: LC_TEMP_AUX_ARTE, Program: "Teste Jhon.insert".
 <161768085798734368> 12/09/2022 11:01:47.492     [Error  ] - Índice Duplicado, fonte de dados: LC_TEMP_AUX_ARTE, Program: "Teste Jhon.insert".
 <161768085798734368> 12/09/2022 11:01:47.522     [Error  ] - Índice Duplicado, fonte de dados: LC_TEMP_AUX_ARTE, Program: "Teste Jhon.insert".
 <161768085798734368> 12/09/2022 11:01:47.552     [Error  ] - Índice Duplicado, fonte de dados: LC_TEMP_AUX_ARTE, Program: "Teste Jhon.insert".
 <161768085798734368> 12/09/2022 11:01:47.577     [Error  ] - Índice Duplicado, fonte de dados: LC_TEMP_AUX_ARTE, Program: "Teste Jhon.insert".
 <161768085798734368> 12/09/2022 11:01:47.611     [Error  ] - Índice Duplicado, fonte de dados: LC_TEMP_AUX_ARTE, Program: "Teste Jhon.insert".
 <161768085798734368> 12/09/2022 11:01:47.668     [Error  ] - Índice Duplicado, fonte de dados: LC_TEMP_AUX_ARTE, Program: "Teste Jhon.insert".
 <161768085798734368> 12/09/2022 11:01:47.709     [Error  ] - Índice Duplicado, fonte de dados: LC_TEMP_AUX_ARTE, Program: "Teste Jhon.insert".
 <161768085798734368> 12/09/2022 11:01:47.744     [Error  ] - Índice Duplicado, fonte de dados: LC_TEMP_AUX_ARTE, Program: "Teste Jhon.insert".
 <161768085798734368> 12/09/2022 11:01:47.773     [Error  ] - Índice Duplicado, fonte de dados: LC_TEMP_AUX_ARTE, Program: "Teste Jhon.insert".
 <161768085798734368> 12/09/2022 11:01:47.808     [Error  ] - Índice Duplicado, fonte de dados: LC_TEMP_AUX_ARTE, Program: "Teste Jhon.insert".
 <161768085798734368> 12/09/2022 11:01:47.835     [Error  ] - Índice Duplicado, fonte de dados: LC_TEMP_AUX_ARTE, Program: "Teste Jhon.insert".
 <161768085798734368> 12/09/2022 11:01:47.861     [Error  ] - Índice Duplicado, fonte de dados: LC_TEMP_AUX_ARTE, Program: "Teste Jhon.insert".
 <161768085798734368> 12/09/2022 11:01:47.895     [Error  ] - Índice Duplicado, fonte de dados: LC_TEMP_AUX_ARTE, Program: "Teste Jhon.insert".
 <161768085798734368> 12/09/2022 11:01:47.926     [Error  ] - Índice Duplicado, fonte de dados: LC_TEMP_AUX_ARTE, Program: "Teste Jhon.insert".
 <161768085798734368> 12/09/2022 11:01:47.951     [Error  ] - Índice Duplicado, fonte de dados: LC_TEMP_AUX_ARTE, Program: "Teste Jhon.insert".
 <161768085798734368> 12/09/2022 11:01:47.982     [Error  ] - Índice Duplicado, fonte de dados: LC_TEMP_AUX_ARTE, Program: "Teste Jhon.insert".
 <161768085798734368> 12/09/2022 11:01:48.022     [Error  ] - Índice Duplicado, fonte de dados: LC_TEMP_AUX_ARTE, Program: "Teste Jhon.insert".
 <161768085798734368> 12/09/2022 11:01:48.049     [Error  ] - Índice Duplicado, fonte de dados: LC_TEMP_AUX_ARTE, Program: "Teste Jhon.insert".
 <161768085798734368> 12/09/2022 11:01:48.074     [Error  ] - Índice Duplicado, fonte de dados: LC_TEMP_AUX_ARTE, Program: "Teste Jhon.insert".
 <161768085798734368> 12/09/2022 11:01:48.110     [Error  ] - Índice Duplicado, fonte de dados: LC_TEMP_AUX_ARTE, Program: "Teste Jhon.insert".
 <161768085798734368> 12/09/2022 11:01:48.138     [Error  ] - Índice Duplicado, fonte de dados: LC_TEMP_AUX_ARTE, Program: "Teste Jhon.insert".
 <161768085798734368> 12/09/2022 11:01:48.166     [Error  ] - Índice Duplicado, fonte de dados: LC_TEMP_AUX_ARTE, Program: "Teste Jhon.insert".
 <161768085798734368> 12/09/2022 11:01:48.194     [Error  ] - Índice Duplicado, fonte de dados: LC_TEMP_AUX_ARTE, Program: "Teste Jhon.insert".
 <161768085798734368> 12/09/2022 11:01:48.221     [Error  ] - Índice Duplicado, fonte de dados: LC_TEMP_AUX_ARTE, Program: "Teste Jhon.insert".
 <161768085798734368> 12/09/2022 11:01:48.249     [Error  ] - Índice Duplicado, fonte de dados: LC_TEMP_AUX_ARTE, Program: "Teste Jhon.insert".
 <161768085798734368> 12/09/2022 11:01:48.277     [Error  ] - Índice Duplicado, fonte de dados: LC_TEMP_AUX_ARTE, Program: "Teste Jhon.insert".
 <161768085798734368> 12/09/2022 11:01:48.308     [Error  ] - Índice Duplicado, fonte de dados: LC_TEMP_AUX_ARTE, Program: "Teste Jhon.insert".
 <161768085798734368> 12/09/2022 11:01:48.342     [Error  ] - Índice Duplicado, fonte de dados: LC_TEMP_AUX_ARTE, Program: "Teste Jhon.insert".
 <161768085798734368> 12/09/2022 11:01:48.369     [Error  ] - Índice Duplicado, fonte de dados: LC_TEMP_AUX_ARTE, Program: "Teste Jhon.insert".
 <161768085798734368> 12/09/2022 11:01:48.394     [Error  ] - Índice Duplicado, fonte de dados: LC_TEMP_AUX_ARTE, Program: "Teste Jhon.insert".
 <161768085798734368> 12/09/2022 11:01:48.425     [Error  ] - Índice Duplicado, fonte de dados: LC_TEMP_AUX_ARTE, Program: "Teste Jhon.insert".
 <161768085798734368> 12/09/2022 11:01:48.451     [Error  ] - Índice Duplicado, fonte de dados: LC_TEMP_AUX_ARTE, Program: "Teste Jhon.insert".
 <161768085798734368> 12/09/2022 11:01:48.478     [Error  ] - Índice Duplicado, fonte de dados: LC_TEMP_AUX_ARTE, Program: "Teste Jhon.insert".
 <161768085798734368> 12/09/2022 11:01:48.505     [Error  ] - Índice Duplicado, fonte de dados: LC_TEMP_AUX_ARTE, Program: "Teste Jhon.insert".
 <161768085798734368> 12/09/2022 11:01:48.545     [Error  ] - Índice Duplicado, fonte de dados: LC_TEMP_AUX_ARTE, Program: "Teste Jhon.insert".
 <161768085798734368> 12/09/2022 11:01:48.573     [Error  ] - Índice Duplicado, fonte de dados: LC_TEMP_AUX_ARTE, Program: "Teste Jhon.insert".
 <161768085798734368> 12/09/2022 11:01:48.602     [Error  ] - Índice Duplicado, fonte de dados: LC_TEMP_AUX_ARTE, Program: "Teste Jhon.insert".
 <161768085798734368> 12/09/2022 11:01:48.637     [Error  ] - Índice Duplicado, fonte de dados: LC_TEMP_AUX_ARTE, Program: "Teste Jhon.insert".
 <224414246020210784> 12/09/2022 15:37:03.871     [Error  ] - File not found:: C:\Program Files (x86)\MSE\Magic xpa 3.3\MgxpaRuntime.exe -ver /LogoFile=none.jpg /ini=, Program: "VerificaLicenca_2212..InicializaCIGAM_2215.VerificaFlags_AmbienteMagic..BuscaVersaoMagic".
 <469865281516307584> 12/09/2022 15:39:15.800     [Error  ] - Registro foi atualizado - reiniciar, Program: "Arquivo".
 <469865281516307584> 12/09/2022 15:42:29.439     [Error  ] - Registro foi atualizado - reiniciar, Program: "Arquivo".
 <119008578426819040> 15/09/2022 10:34:13.517     [Error  ] - File not found:: C:\Program Files (x86)\MSE\Magic xpa 3.3\MgxpaRuntime.exe -ver /LogoFile=none.jpg /ini=, Program: "VerificaLicenca_2212..InicializaCIGAM_2215.VerificaFlags_AmbienteMagic..BuscaVersaoMagic".
 <32933919327975440> 12/01/2023 16:40:26.651     [Error  ] - File not found:: C:\Program Files (x86)\MSE\Magic xpa 3.3\MgxpaRuntime.exe -ver /LogoFile=none.jpg /ini=, Program: "VerificaLicenca_2212..InicializaCIGAM_2215.VerificaFlags_AmbienteMagic..BuscaVersaoMagic".
 <-1> 12/01/2023 16:47:18.791     [Error  ] - Error - run-time engine was not found. Please restart the studio in order to run the application
 <258177778420451840> 12/01/2023 16:49:46.499     [Error  ] - File not found:: C:\Program Files (x86)\MSE\Magic xpa 3.3\MgxpaRuntime.exe -ver /LogoFile=none.jpg /ini=, Program: "VerificaLicenca_2212..InicializaCIGAM_2215.VerificaFlags_AmbienteMagic..BuscaVersaoMagic".
 <318239282104234432> 02/02/2023 10:46:49.574     [Error  ] - File not found:: C:\Program Files (x86)\MSE\Magic xpa 3.3\MgxpaRuntime.exe -ver /LogoFile=none.jpg /ini=, Program: "VerificaLicenca_2212..InicializaCIGAM_2215.VerificaFlags_AmbienteMagic..BuscaVersaoMagic".
 <97320780803363024> 17/02/2023 09:21:29.181     [Error  ] - File not found:: C:\Program Files (x86)\MSE\Magic xpa 3.3\MgxpaRuntime.exe -ver /LogoFile=none.jpg /ini=, Program: "VerificaLicenca_2212..InicializaCIGAM_2215.VerificaFlags_AmbienteMagic..BuscaVersaoMagic".
 <515353163026311808> 17/10/2023 08:35:04.366     [Error  ] - MDI frame is not opened  >> Application: "C:\Users\jhon_\Meu Drive\Projetos\Desenvolvimento\Calbos\XPA\ComplementoMaterial\", Program: "Main Program".
 <256496964063258848> 17/10/2023 08:35:13.844     [Error  ] - MDI frame is not opened  >> Application: "C:\Users\jhon_\Meu Drive\Projetos\Desenvolvimento\Calbos\XPA\ComplementoMaterial\", Program: "Main Program".
 <207789615589995584> 08/05/2024 13:35:46.485     [Error  ] - Failed to open, data source: MODULOS CIGAM, Program: "VerificaLicenca_2212.ModulosLiberados".
 <207789615589995584> 08/05/2024 13:37:10.829     [Error  ] - File not found:: C:\MSE\Magic xpa 3.3\MgxpaRuntime.exe -ver /LogoFile=none.jpg /LicenseFile=744@nb-jhon /ini=, Program: "VerificaLicenca_2212..InicializaCIGAM_2215..BuscaVersaoMagic".
 <207789615589995584> 08/05/2024 13:37:10.868     [Error  ] - [MgGui.dll] Method: "ToString" Exception: "System.Reflection.TargetException: Método não-estático requer um destino.
   em com.magicsoftware.unipaas.util.ReflectionServices.InvokeMethod(MethodBase methodInfo, Object obj, Object[] parameters, Boolean alwaysGuiThread)
   em com.magicsoftware.unipaas.management.exp.GuiExpressionEvaluator.eval_op_dn_method(ExpVal resVal, ExpVal[] expParams)", Program: "VerificaLicenca_2212..InicializaCIGAM_2215.VerificaFlags_AmbienteMagic..VerificaTLS1.2".
 <207789615589995584> 08/05/2024 13:37:10.873     [Error  ] - [MgGui.dll] 
   em System.Environment.GetStackTrace(Exception e, Boolean needFileInfo)
   em System.Environment.get_StackTrace()
   em com.magicsoftware.rte.CoreExecutor.WriteExceptionToLog(Int64 contextID, String msg)
   em com.magicsoftware.rte.GuiEventsProcessor.WriteExceptionToLog(String message)
   em com.magicsoftware.unipaas.Events.WriteExceptionToLog(String msg)
   em com.magicsoftware.unipaas.management.exp.GuiExpressionEvaluator.WriteDotnetExceptionToLog(Exception exception, Object obj, String opcode, String memberName)
   em com.magicsoftware.unipaas.management.exp.GuiExpressionEvaluator.eval_op_dn_method(ExpVal resVal, ExpVal[] expParams)
   em com.magicsoftware.rte.exp.RteExpressionEvaluator.EvaluateDotNetOperation(Int32 opcode, ManagedExpVal[] managedExpVals, ManagedExpVal& resManagedVal)
   em com.magicsoftware.rte.exp.RteExpressionEvaluator.EvaluateOpcode(TaskBase currTask, Int32 opcode, ManagedExpVal[] managedExpVals, ManagedExpVal& resultVal)
   em com.magicsoftware.rte.RteExecutor.EvaluateOpcode(Int32 taskID, Int32 opCode, IntPtr expVals, Int32 size, IntPtr& resVal)
   em RteExecutorEndpoint.InvokeEvaluateOpcode(Int32 taskID, Int32 opCode, IntPtr expVals, Int32 size, IntPtr& resVal)
   em RteExecutorBridge.EvaluateOpcode(RteExecutorBridge* , Int32 taskID, Int32 opCode, UnmanagedExpVal* expVals, Int32 size, UnmanagedExpVal* resVal)
   em CoreExecutorEndpoint.EventsLoop()
   em CoreExecutorGateway.EventsLoop()
   em com.magicsoftware.rte.RTEmanager.ExecuteWorkThread()
   em System.Threading.ThreadHelper.ThreadStart_Context(Object state)
   em System.Threading.ExecutionContext.RunInternal(ExecutionContext executionContext, ContextCallback callback, Object state, Boolean preserveSyncCtx)
   em System.Threading.ExecutionContext.Run(ExecutionContext executionContext, ContextCallback callback, Object state, Boolean preserveSyncCtx)
   em System.Threading.ExecutionContext.Run(ExecutionContext executionContext, ContextCallback callback, Object state)
   em System.Threading.ThreadHelper.ThreadStart(), Program: "VerificaLicenca_2212..InicializaCIGAM_2215.VerificaFlags_AmbienteMagic..VerificaTLS1.2".
 <207789615589995584> 08/05/2024 13:37:10.882     [Error  ] - [MgGui.dll] Method: "ToString" Exception: "System.Reflection.TargetException: Método não-estático requer um destino.
   em com.magicsoftware.unipaas.util.ReflectionServices.InvokeMethod(MethodBase methodInfo, Object obj, Object[] parameters, Boolean alwaysGuiThread)
   em com.magicsoftware.unipaas.management.exp.GuiExpressionEvaluator.eval_op_dn_method(ExpVal resVal, ExpVal[] expParams)", Program: "VerificaLicenca_2212..InicializaCIGAM_2215.VerificaFlags_AmbienteMagic..VerificaTLS1.2".
 <207789615589995584> 08/05/2024 13:37:10.883     [Error  ] - [MgGui.dll] 
   em System.Environment.GetStackTrace(Exception e, Boolean needFileInfo)
   em System.Environment.get_StackTrace()
   em com.magicsoftware.rte.CoreExecutor.WriteExceptionToLog(Int64 contextID, String msg)
   em com.magicsoftware.rte.GuiEventsProcessor.WriteExceptionToLog(String message)
   em com.magicsoftware.unipaas.Events.WriteExceptionToLog(String msg)
   em com.magicsoftware.unipaas.management.exp.GuiExpressionEvaluator.WriteDotnetExceptionToLog(Exception exception, Object obj, String opcode, String memberName)
   em com.magicsoftware.unipaas.management.exp.GuiExpressionEvaluator.eval_op_dn_method(ExpVal resVal, ExpVal[] expParams)
   em com.magicsoftware.rte.exp.RteExpressionEvaluator.EvaluateDotNetOperation(Int32 opcode, ManagedExpVal[] managedExpVals, ManagedExpVal& resManagedVal)
   em com.magicsoftware.rte.exp.RteExpressionEvaluator.EvaluateOpcode(TaskBase currTask, Int32 opcode, ManagedExpVal[] managedExpVals, ManagedExpVal& resultVal)
   em com.magicsoftware.rte.RteExecutor.EvaluateOpcode(Int32 taskID, Int32 opCode, IntPtr expVals, Int32 size, IntPtr& resVal)
   em RteExecutorEndpoint.InvokeEvaluateOpcode(Int32 taskID, Int32 opCode, IntPtr expVals, Int32 size, IntPtr& resVal)
   em RteExecutorBridge.EvaluateOpcode(RteExecutorBridge* , Int32 taskID, Int32 opCode, UnmanagedExpVal* expVals, Int32 size, UnmanagedExpVal* resVal)
   em CoreExecutorEndpoint.EventsLoop()
   em CoreExecutorGateway.EventsLoop()
   em com.magicsoftware.rte.RTEmanager.ExecuteWorkThread()
   em System.Threading.ThreadHelper.ThreadStart_Context(Object state)
   em System.Threading.ExecutionContext.RunInternal(ExecutionContext executionContext, ContextCallback callback, Object state, Boolean preserveSyncCtx)
   em System.Threading.ExecutionContext.Run(ExecutionContext executionContext, ContextCallback callback, Object state, Boolean preserveSyncCtx)
   em System.Threading.ExecutionContext.Run(ExecutionContext executionContext, ContextCallback callback, Object state)
   em System.Threading.ThreadHelper.ThreadStart(), Program: "VerificaLicenca_2212..InicializaCIGAM_2215.VerificaFlags_AmbienteMagic..VerificaTLS1.2".
 <207789615589995584> 08/05/2024 13:37:10.891     [Error  ] - [MgGui.dll] Method: "ToString" Exception: "System.Reflection.TargetException: Método não-estático requer um destino.
   em com.magicsoftware.unipaas.util.ReflectionServices.InvokeMethod(MethodBase methodInfo, Object obj, Object[] parameters, Boolean alwaysGuiThread)
   em com.magicsoftware.unipaas.management.exp.GuiExpressionEvaluator.eval_op_dn_method(ExpVal resVal, ExpVal[] expParams)", Program: "VerificaLicenca_2212..InicializaCIGAM_2215.VerificaFlags_AmbienteMagic..VerificaTLS1.2".
 <207789615589995584> 08/05/2024 13:37:10.892     [Error  ] - [MgGui.dll] 
   em System.Environment.GetStackTrace(Exception e, Boolean needFileInfo)
   em System.Environment.get_StackTrace()
   em com.magicsoftware.rte.CoreExecutor.WriteExceptionToLog(Int64 contextID, String msg)
   em com.magicsoftware.rte.GuiEventsProcessor.WriteExceptionToLog(String message)
   em com.magicsoftware.unipaas.Events.WriteExceptionToLog(String msg)
   em com.magicsoftware.unipaas.management.exp.GuiExpressionEvaluator.WriteDotnetExceptionToLog(Exception exception, Object obj, String opcode, String memberName)
   em com.magicsoftware.unipaas.management.exp.GuiExpressionEvaluator.eval_op_dn_method(ExpVal resVal, ExpVal[] expParams)
   em com.magicsoftware.rte.exp.RteExpressionEvaluator.EvaluateDotNetOperation(Int32 opcode, ManagedExpVal[] managedExpVals, ManagedExpVal& resManagedVal)
   em com.magicsoftware.rte.exp.RteExpressionEvaluator.EvaluateOpcode(TaskBase currTask, Int32 opcode, ManagedExpVal[] managedExpVals, ManagedExpVal& resultVal)
   em com.magicsoftware.rte.RteExecutor.EvaluateOpcode(Int32 taskID, Int32 opCode, IntPtr expVals, Int32 size, IntPtr& resVal)
   em RteExecutorEndpoint.InvokeEvaluateOpcode(Int32 taskID, Int32 opCode, IntPtr expVals, Int32 size, IntPtr& resVal)
   em RteExecutorBridge.EvaluateOpcode(RteExecutorBridge* , Int32 taskID, Int32 opCode, UnmanagedExpVal* expVals, Int32 size, UnmanagedExpVal* resVal)
   em CoreExecutorEndpoint.EventsLoop()
   em CoreExecutorGateway.EventsLoop()
   em com.magicsoftware.rte.RTEmanager.ExecuteWorkThread()
   em System.Threading.ThreadHelper.ThreadStart_Context(Object state)
   em System.Threading.ExecutionContext.RunInternal(ExecutionContext executionContext, ContextCallback callback, Object state, Boolean preserveSyncCtx)
   em System.Threading.ExecutionContext.Run(ExecutionContext executionContext, ContextCallback callback, Object state, Boolean preserveSyncCtx)
   em System.Threading.ExecutionContext.Run(ExecutionContext executionContext, ContextCallback callback, Object state)
   em System.Threading.ThreadHelper.ThreadStart(), Program: "VerificaLicenca_2212..InicializaCIGAM_2215.VerificaFlags_AmbienteMagic..VerificaTLS1.2".
 <5226245091516751> 08/05/2024 13:49:09.948     [Error  ] - [MgGui.dll] System.OverflowException : 
   em System.Drawing.Graphics.CheckErrorStatus(Int32 status)
   em System.Drawing.Graphics.DrawImage(Image image, Rectangle destRect, Int32 srcX, Int32 srcY, Int32 srcWidth, Int32 srcHeight, GraphicsUnit srcUnit, ImageAttributes imageAttrs, DrawImageAbort callback, IntPtr callbackData)
   em System.Drawing.Graphics.DrawImage(Image image, Rectangle destRect, Int32 srcX, Int32 srcY, Int32 srcWidth, Int32 srcHeight, GraphicsUnit srcUnit, ImageAttributes imageAttr)
   em com.magicsoftware.support.ImageUtils.GetScaledImage(Image image, Int32 width, Int32 height, Rectangle srcRect)
   em com.magicsoftware.support.ImageUtils.GetScaledImage(Image image, Int32 width, Int32 height)
   em com.magicsoftware.support.ImageUtils.GetImageByStyle(Image srcImage, CtrlImageStyle imageStyle, Size size, Boolean getBottomUpImage)
   em com.magicsoftware.unipaas.gui.low.LgImage.SetBackgroundImage()
   em com.magicsoftware.unipaas.gui.low.LgImage.SetImage(Image image, CtrlImageStyle imageStyle)
   em com.magicsoftware.unipaas.gui.low.GuiCommandQueueBase.setImageInfo(GuiCommand guiCommand, Image image)
   em com.magicsoftware.unipaas.gui.low.GuiCommandQueueBase.Run()
Erro de estouro., Program: "Arquivo".
 <5226245091516751> 08/05/2024 13:49:09.951     [Error  ] - [MgGui.dll] 
   em System.Environment.GetStackTrace(Exception e, Boolean needFileInfo)
   em System.Environment.get_StackTrace()
   em com.magicsoftware.rte.CoreExecutor.WriteExceptionToLog(Int64 contextID, String msg)
   em com.magicsoftware.rte.GuiEventsProcessor.WriteExceptionToLog(String message)
   em com.magicsoftware.unipaas.Events.WriteExceptionToLog(String msg)
   em com.magicsoftware.unipaas.Events.WriteExceptionToLog(Exception ex)
   em com.magicsoftware.unipaas.gui.low.GuiCommandQueueBase.Run()
   em System.RuntimeMethodHandle.InvokeMethod(Object target, Object[] arguments, Signature sig, Boolean constructor)
   em System.Reflection.RuntimeMethodInfo.UnsafeInvokeInternal(Object obj, Object[] parameters, Object[] arguments)
   em System.Delegate.DynamicInvokeImpl(Object[] args)
   em System.Windows.Forms.Control.InvokeMarshaledCallbackDo(ThreadMethodEntry tme)
   em System.Windows.Forms.Control.InvokeMarshaledCallbackHelper(Object obj)
   em System.Threading.ExecutionContext.RunInternal(ExecutionContext executionContext, ContextCallback callback, Object state, Boolean preserveSyncCtx)
   em System.Threading.ExecutionContext.Run(ExecutionContext executionContext, ContextCallback callback, Object state, Boolean preserveSyncCtx)
   em System.Threading.ExecutionContext.Run(ExecutionContext executionContext, ContextCallback callback, Object state)
   em System.Windows.Forms.Control.InvokeMarshaledCallback(ThreadMethodEntry tme)
   em System.Windows.Forms.Control.InvokeMarshaledCallbacks()
   em System.Windows.Forms.Control.WndProc(Message& m)
   em System.Windows.Forms.ScrollableControl.WndProc(Message& m)
   em System.Windows.Forms.Form.WndProc(Message& m)
   em System.Windows.Forms.Control.ControlNativeWindow.OnMessage(Message& m)
   em System.Windows.Forms.Control.ControlNativeWindow.WndProc(Message& m)
   em System.Windows.Forms.NativeWindow.Callback(IntPtr hWnd, Int32 msg, IntPtr wparam, IntPtr lparam)
   em System.Windows.Forms.UnsafeNativeMethods.DispatchMessageW(MSG& msg)
   em System.Windows.Forms.Application.ComponentManager.System.Windows.Forms.UnsafeNativeMethods.IMsoComponentManager.FPushMessageLoop(IntPtr dwComponentID, Int32 reason, Int32 pvLoopData)
   em System.Windows.Forms.Application.ThreadContext.RunMessageLoopInner(Int32 reason, ApplicationContext context)
   em System.Windows.Forms.Application.ThreadContext.RunMessageLoop(Int32 reason, ApplicationContext context)
   em com.magicsoftware.unipaas.gui.low.GUIMain.messageLoop()
   em com.magicsoftware.unipaas.Manager.MessageLoop()
   em com.magicsoftware.rte.RTEmanager.ExecuteMainThread(String args)
   em com.magicsoftware.rte.RTEmanager.Main(), Program: "Arquivo".
 <401053328212482368> 08/05/2024 13:51:34.274     [Error  ] - [MgGui.dll] System.OverflowException : 
   em System.Drawing.Graphics.CheckErrorStatus(Int32 status)
   em System.Drawing.Graphics.DrawImage(Image image, Rectangle destRect, Int32 srcX, Int32 srcY, Int32 srcWidth, Int32 srcHeight, GraphicsUnit srcUnit, ImageAttributes imageAttrs, DrawImageAbort callback, IntPtr callbackData)
   em System.Drawing.Graphics.DrawImage(Image image, Rectangle destRect, Int32 srcX, Int32 srcY, Int32 srcWidth, Int32 srcHeight, GraphicsUnit srcUnit, ImageAttributes imageAttr)
   em com.magicsoftware.support.ImageUtils.GetScaledImage(Image image, Int32 width, Int32 height, Rectangle srcRect)
   em com.magicsoftware.support.ImageUtils.GetScaledImage(Image image, Int32 width, Int32 height)
   em com.magicsoftware.support.ImageUtils.GetImageByStyle(Image srcImage, CtrlImageStyle imageStyle, Size size, Boolean getBottomUpImage)
   em com.magicsoftware.unipaas.gui.low.LgImage.SetBackgroundImage()
   em com.magicsoftware.unipaas.gui.low.LgImage.SetImage(Image image, CtrlImageStyle imageStyle)
   em com.magicsoftware.unipaas.gui.low.GuiCommandQueueBase.setImageInfo(GuiCommand guiCommand, Image image)
   em com.magicsoftware.unipaas.gui.low.GuiCommandQueueBase.Run()
Erro de estouro., Program: "Arquivo".
 <401053328212482368> 08/05/2024 13:51:34.284     [Error  ] - [MgGui.dll] 
   em System.Environment.GetStackTrace(Exception e, Boolean needFileInfo)
   em System.Environment.get_StackTrace()
   em com.magicsoftware.rte.CoreExecutor.WriteExceptionToLog(Int64 contextID, String msg)
   em com.magicsoftware.rte.GuiEventsProcessor.WriteExceptionToLog(String message)
   em com.magicsoftware.unipaas.Events.WriteExceptionToLog(String msg)
   em com.magicsoftware.unipaas.Events.WriteExceptionToLog(Exception ex)
   em com.magicsoftware.unipaas.gui.low.GuiCommandQueueBase.Run()
   em System.RuntimeMethodHandle.InvokeMethod(Object target, Object[] arguments, Signature sig, Boolean constructor)
   em System.Reflection.RuntimeMethodInfo.UnsafeInvokeInternal(Object obj, Object[] parameters, Object[] arguments)
   em System.Delegate.DynamicInvokeImpl(Object[] args)
   em System.Windows.Forms.Control.InvokeMarshaledCallbackDo(ThreadMethodEntry tme)
   em System.Windows.Forms.Control.InvokeMarshaledCallbackHelper(Object obj)
   em System.Threading.ExecutionContext.RunInternal(ExecutionContext executionContext, ContextCallback callback, Object state, Boolean preserveSyncCtx)
   em System.Threading.ExecutionContext.Run(ExecutionContext executionContext, ContextCallback callback, Object state, Boolean preserveSyncCtx)
   em System.Threading.ExecutionContext.Run(ExecutionContext executionContext, ContextCallback callback, Object state)
   em System.Windows.Forms.Control.InvokeMarshaledCallback(ThreadMethodEntry tme)
   em System.Windows.Forms.Control.InvokeMarshaledCallbacks()
   em System.Windows.Forms.Control.WndProc(Message& m)
   em System.Windows.Forms.ScrollableControl.WndProc(Message& m)
   em System.Windows.Forms.Form.WndProc(Message& m)
   em System.Windows.Forms.Control.ControlNativeWindow.OnMessage(Message& m)
   em System.Windows.Forms.Control.ControlNativeWindow.WndProc(Message& m)
   em System.Windows.Forms.NativeWindow.Callback(IntPtr hWnd, Int32 msg, IntPtr wparam, IntPtr lparam)
   em System.Windows.Forms.UnsafeNativeMethods.DispatchMessageW(MSG& msg)
   em System.Windows.Forms.Application.ComponentManager.System.Windows.Forms.UnsafeNativeMethods.IMsoComponentManager.FPushMessageLoop(IntPtr dwComponentID, Int32 reason, Int32 pvLoopData)
   em System.Windows.Forms.Application.ThreadContext.RunMessageLoopInner(Int32 reason, ApplicationContext context)
   em System.Windows.Forms.Application.ThreadContext.RunMessageLoop(Int32 reason, ApplicationContext context)
   em com.magicsoftware.unipaas.gui.low.GUIMain.messageLoop()
   em com.magicsoftware.unipaas.Manager.MessageLoop()
   em com.magicsoftware.rte.RTEmanager.ExecuteMainThread(String args)
   em com.magicsoftware.rte.RTEmanager.Main(), Program: "Arquivo".
