
Errors and Warnings while Loading Component : C:\Program Files (x86)\MSE\Magic xpa 3.3\Add_On\UserFunctionality\UserFunctionality.eci (19/04/21 11:33:32)
=========================================================================================================================================================
-----------------------------------

Errors and Warnings while Loading Component : W:\CIGAMe11\CDK\ECIs\Geral\CGData.eci (19/04/21 11:36:24)
=======================================================================================================
-----------------------------------

Errors and Warnings while Loading Component : W:\CIGAMe11\CDK\ECIs\Geral\CGFunctions.eci (19/04/21 11:36:31)
============================================================================================================
-----------------------------------

Errors and Warnings while Loading Component : W:\CIGAMe11\CDK\ECIs\Geral\CIGAMK.eci (19/04/21 11:36:41)
=======================================================================================================
-----------------------------------

Errors and Warnings while Loading Component : W:\CIGAMe11\CDK\ECIs\Geral\CGKernel.eci (19/04/21 11:37:15)
=========================================================================================================
-----------------------------------

Errors and Warnings while Loading Component : C:\CIGAM\CIGAMe11\CDK\ECIs\Fiscal\PreNota.eci (12/03/24 15:52:26)
===============================================================================================================
-----------------------------------

Errors and Warnings while Loading Component : C:\CIGAM\CIGAMe11\CDK\ECIs\Geral\CGKernel.eci (28/03/24 15:36:19)
===============================================================================================================
-----------------------------------

Errors and Warnings while Loading Component : C:\CIGAM\CIGAMe11\CDK\ECIs\Financeiro\CGGFCore.eci (28/03/24 08:41:20)
====================================================================================================================
-----------------------------------

Errors and Warnings while Loading Component : C:\CIGAM\CIGAMe11\CDK\ECIs\Fiscal\CGCalculoImposto.eci (28/03/24 08:45:14)
========================================================================================================================
-----------------------------------

-----------------------------------

-----------------------------------
