Import warnings from file: W:\CIGAMe11\xpa\Projects\Comissões\Exports\Programs_13 (19/04/21 11:47:03)
=====================================================================================================


Import warnings from file: C:\Users\jhon_\Meu Drive\Temp\Programs_13 (12/03/24 15:50:34)
========================================================================================

In Program/Task 3.2.1.2.1.1 - Expression parse error (4798)
In Program/Task 3.2.1.2.1.1 - Expression parse error (4798)
In Program/Task 3.2.1.2.1.1 - Expression parse error (4798)
In Program/Task 3.2.1.2.1.1 - Expression parse error (4798)
In Program/Task 3.2.1.2.1.1 - Expression parse error (4798)
In Program/Task 3.2.1.2.1.1 - Expression parse error (4798)
In Program/Task 3.2.1.4 - Expression parse error (4798)
In Program/Task 3.2.1.4 - Expression parse error (4798)
In Program/Task 3.2.1 - Expression parse error (4798)
In Program/Task 3.2.1 - Expression parse error (4798)
In Program/Task 3.2.1 - Expression parse error (4798)
In Program/Task 3.2.1 - Expression parse error (4798)
In Program/Task 3.2 - Expression parse error (4798)
In Program/Task 3.2 - Expression parse error (4798)
In Program/Task 3.2 - Expression parse error (4798)
In Program/Task 3.2 - Expression parse error (4798)

Converting project  (12/03/24 15:51:05)
======================================================================
General - General (10) - Info - 1 - User State Persistency changed from Name to Yes/No.
General - General (3) - Info - 2 - Style and Border of the controls were changed.
General - Syntax checker - Info - 74 - New transaction message was added.
General - color 352 instead of 2- Info - 54 - New color was assigned to the control.
General - color 353 instead of 2 (10) - Info - 54 - New color was assigned to the control.
General - color 345 instead of 5- Info - 54 - New color was assigned to the control.
General - color 341 instead of 101- Info - 54 - New color was assigned to the control.
General - color 342 instead of 101- Info - 54 - New color was assigned to the control.
General - color 355 instead of 101- Info - 54 - New color was assigned to the control.
General - color 354 instead of 102- Info - 54 - New color was assigned to the control.
General - color 343 instead of 105- Info - 54 - New color was assigned to the control.
General - color 344 instead of 105- Info - 54 - New color was assigned to the control.
General - color 358 instead of 114- Info - 54 - New color was assigned to the control.
General - color 359 instead of 114- Info - 54 - New color was assigned to the control.
General - color 357 instead of 263- Info - 54 - New color was assigned to the control.
General - color 356 instead of 273- Info - 54 - New color was assigned to the control.
General - color 360 instead of 274- Info - 54 - New color was assigned to the control.
General - color 361 instead of 276- Info - 54 - New color was assigned to the control.
General - color 340 instead of 10000 (5) - Info - 54 - New color was assigned to the control.
Import warnings from file: C:\Users\jhon_\Meu Drive\Temp\Programs_52 (12/03/24 17:35:38)
========================================================================================


Converting project  (12/03/24 17:36:05)
======================================================================
General - General - Info - 1 - User State Persistency changed from Name to Yes/No.
General - Syntax checker - Info - 74 - New transaction message was added.
General - color 352 instead of 2- Info - 54 - New color was assigned to the control.
General - color 353 instead of 2- Info - 54 - New color was assigned to the control.
General - color 345 instead of 5- Info - 54 - New color was assigned to the control.
General - color 341 instead of 101- Info - 54 - New color was assigned to the control.
General - color 342 instead of 101- Info - 54 - New color was assigned to the control.
General - color 355 instead of 101- Info - 54 - New color was assigned to the control.
General - color 354 instead of 102- Info - 54 - New color was assigned to the control.
General - color 343 instead of 105- Info - 54 - New color was assigned to the control.
General - color 344 instead of 105- Info - 54 - New color was assigned to the control.
General - color 358 instead of 114- Info - 54 - New color was assigned to the control.
General - color 359 instead of 114- Info - 54 - New color was assigned to the control.
General - color 357 instead of 263- Info - 54 - New color was assigned to the control.
General - color 356 instead of 273- Info - 54 - New color was assigned to the control.
General - color 360 instead of 274- Info - 54 - New color was assigned to the control.
General - color 361 instead of 276- Info - 54 - New color was assigned to the control.
General - color 340 instead of 10000- Info - 54 - New color was assigned to the control.
Import warnings from file: C:\Users\jhon_\Meu Drive\Temp\Programs_14 (13/03/24 08:57:05)
========================================================================================


Converting project  (13/03/24 08:57:42)
======================================================================
General - General (4) - Info - 1 - User State Persistency changed from Name to Yes/No.
General - Syntax checker - Info - 74 - New transaction message was added.
General - color 352 instead of 2- Info - 54 - New color was assigned to the control.
General - color 353 instead of 2 (8) - Info - 54 - New color was assigned to the control.
General - color 345 instead of 5- Info - 54 - New color was assigned to the control.
General - color 341 instead of 101- Info - 54 - New color was assigned to the control.
General - color 342 instead of 101- Info - 54 - New color was assigned to the control.
General - color 355 instead of 101- Info - 54 - New color was assigned to the control.
General - color 354 instead of 102- Info - 54 - New color was assigned to the control.
General - color 343 instead of 105- Info - 54 - New color was assigned to the control.
General - color 344 instead of 105- Info - 54 - New color was assigned to the control.
General - color 358 instead of 114- Info - 54 - New color was assigned to the control.
General - color 359 instead of 114- Info - 54 - New color was assigned to the control.
General - color 357 instead of 263- Info - 54 - New color was assigned to the control.
General - color 356 instead of 273- Info - 54 - New color was assigned to the control.
General - color 360 instead of 274- Info - 54 - New color was assigned to the control.
General - color 361 instead of 276- Info - 54 - New color was assigned to the control.
General - color 340 instead of 10000- Info - 54 - New color was assigned to the control.
Import warnings from file: C:\Users\jhon_\Meu Drive\Temp\Programs_42 (13/03/24 09:07:05)
========================================================================================


Converting project  (13/03/24 09:07:29)
======================================================================
General - General (6) - Info - 1 - User State Persistency changed from Name to Yes/No.
General - Syntax checker (2) - Info - 74 - New transaction message was added.
General - color 352 instead of 2- Info - 54 - New color was assigned to the control.
General - color 353 instead of 2- Info - 54 - New color was assigned to the control.
General - color 345 instead of 5- Info - 54 - New color was assigned to the control.
General - color 341 instead of 101- Info - 54 - New color was assigned to the control.
General - color 342 instead of 101- Info - 54 - New color was assigned to the control.
General - color 355 instead of 101- Info - 54 - New color was assigned to the control.
General - color 354 instead of 102- Info - 54 - New color was assigned to the control.
General - color 343 instead of 105- Info - 54 - New color was assigned to the control.
General - color 344 instead of 105- Info - 54 - New color was assigned to the control.
General - color 358 instead of 114- Info - 54 - New color was assigned to the control.
General - color 359 instead of 114- Info - 54 - New color was assigned to the control.
General - color 357 instead of 263- Info - 54 - New color was assigned to the control.
General - color 356 instead of 273- Info - 54 - New color was assigned to the control.
General - color 360 instead of 274- Info - 54 - New color was assigned to the control.
General - color 361 instead of 276- Info - 54 - New color was assigned to the control.
General - color 340 instead of 10000- Info - 54 - New color was assigned to the control.
Import warnings from file: C:\Users\jhon_\Meu Drive\Temp\Programs_15 (13/03/24 09:13:37)
========================================================================================


Converting project  (13/03/24 09:14:01)
======================================================================
General - General (8) - Info - 1 - User State Persistency changed from Name to Yes/No.
General - Syntax checker (3) - Info - 74 - New transaction message was added.
General - color 352 instead of 2- Info - 54 - New color was assigned to the control.
General - color 353 instead of 2- Info - 54 - New color was assigned to the control.
General - color 345 instead of 5- Info - 54 - New color was assigned to the control.
General - color 341 instead of 101- Info - 54 - New color was assigned to the control.
General - color 342 instead of 101- Info - 54 - New color was assigned to the control.
General - color 355 instead of 101- Info - 54 - New color was assigned to the control.
General - color 354 instead of 102- Info - 54 - New color was assigned to the control.
General - color 343 instead of 105- Info - 54 - New color was assigned to the control.
General - color 344 instead of 105- Info - 54 - New color was assigned to the control.
General - color 358 instead of 114- Info - 54 - New color was assigned to the control.
General - color 359 instead of 114- Info - 54 - New color was assigned to the control.
General - color 357 instead of 263- Info - 54 - New color was assigned to the control.
General - color 356 instead of 273- Info - 54 - New color was assigned to the control.
General - color 360 instead of 274- Info - 54 - New color was assigned to the control.
General - color 361 instead of 276- Info - 54 - New color was assigned to the control.
General - color 340 instead of 10000- Info - 54 - New color was assigned to the control.
Import warnings from file: C:\Users\jhon_\Meu Drive\Temp\Programs_17 (13/03/24 09:58:36)
========================================================================================


Converting project  (13/03/24 09:59:02)
======================================================================
General - General (12) - Info - 1 - User State Persistency changed from Name to Yes/No.
General - Syntax checker (4) - Info - 74 - New transaction message was added.
General - color 352 instead of 2- Info - 54 - New color was assigned to the control.
General - color 353 instead of 2- Info - 54 - New color was assigned to the control.
General - color 345 instead of 5- Info - 54 - New color was assigned to the control.
General - color 341 instead of 101- Info - 54 - New color was assigned to the control.
General - color 342 instead of 101- Info - 54 - New color was assigned to the control.
General - color 355 instead of 101- Info - 54 - New color was assigned to the control.
General - color 354 instead of 102- Info - 54 - New color was assigned to the control.
General - color 343 instead of 105- Info - 54 - New color was assigned to the control.
General - color 344 instead of 105- Info - 54 - New color was assigned to the control.
General - color 358 instead of 114- Info - 54 - New color was assigned to the control.
General - color 359 instead of 114- Info - 54 - New color was assigned to the control.
General - color 357 instead of 263- Info - 54 - New color was assigned to the control.
General - color 356 instead of 273- Info - 54 - New color was assigned to the control.
General - color 360 instead of 274- Info - 54 - New color was assigned to the control.
General - color 361 instead of 276- Info - 54 - New color was assigned to the control.
General - color 340 instead of 10000- Info - 54 - New color was assigned to the control.
Import warnings from file: C:\Users\jhon_\Meu Drive\Temp\Programs_29 (28/03/24 15:34:44)
========================================================================================


Converting project  (28/03/24 15:35:07)
======================================================================
General - General (4) - Info - 1 - User State Persistency changed from Name to Yes/No.
General - Syntax checker - Info - 74 - New transaction message was added.
General - color 352 instead of 2- Info - 54 - New color was assigned to the control.
General - color 353 instead of 2 (4) - Info - 54 - New color was assigned to the control.
General - color 345 instead of 5- Info - 54 - New color was assigned to the control.
General - color 341 instead of 101- Info - 54 - New color was assigned to the control.
General - color 342 instead of 101- Info - 54 - New color was assigned to the control.
General - color 355 instead of 101- Info - 54 - New color was assigned to the control.
General - color 354 instead of 102- Info - 54 - New color was assigned to the control.
General - color 343 instead of 105- Info - 54 - New color was assigned to the control.
General - color 344 instead of 105- Info - 54 - New color was assigned to the control.
General - color 358 instead of 114- Info - 54 - New color was assigned to the control.
General - color 359 instead of 114- Info - 54 - New color was assigned to the control.
General - color 357 instead of 263- Info - 54 - New color was assigned to the control.
General - color 356 instead of 273- Info - 54 - New color was assigned to the control.
General - color 360 instead of 274- Info - 54 - New color was assigned to the control.
General - color 361 instead of 276- Info - 54 - New color was assigned to the control.
General - color 340 instead of 10000- Info - 54 - New color was assigned to the control.
Import warnings from file: C:\Users\jhon_\Meu Drive\Temp\Programs_29.xml (28/03/24 15:37:05)
============================================================================================


Converting project  (28/03/24 15:37:29)
======================================================================
General - General (8) - Info - 1 - User State Persistency changed from Name to Yes/No.
General - Syntax checker (2) - Info - 74 - New transaction message was added.
General - color 352 instead of 2- Info - 54 - New color was assigned to the control.
General - color 353 instead of 2 (4) - Info - 54 - New color was assigned to the control.
General - color 345 instead of 5- Info - 54 - New color was assigned to the control.
General - color 341 instead of 101- Info - 54 - New color was assigned to the control.
General - color 342 instead of 101- Info - 54 - New color was assigned to the control.
General - color 355 instead of 101- Info - 54 - New color was assigned to the control.
General - color 354 instead of 102- Info - 54 - New color was assigned to the control.
General - color 343 instead of 105- Info - 54 - New color was assigned to the control.
General - color 344 instead of 105- Info - 54 - New color was assigned to the control.
General - color 358 instead of 114- Info - 54 - New color was assigned to the control.
General - color 359 instead of 114- Info - 54 - New color was assigned to the control.
General - color 357 instead of 263- Info - 54 - New color was assigned to the control.
General - color 356 instead of 273- Info - 54 - New color was assigned to the control.
General - color 360 instead of 274- Info - 54 - New color was assigned to the control.
General - color 361 instead of 276- Info - 54 - New color was assigned to the control.
General - color 340 instead of 10000- Info - 54 - New color was assigned to the control.
Import warnings from file: C:\Users\jhon_\Meu Drive\Temp\Programs_31 (28/03/24 15:44:22)
========================================================================================


Converting project  (28/03/24 15:44:47)
======================================================================
General - General (10) - Info - 1 - User State Persistency changed from Name to Yes/No.
General - Syntax checker (3) - Info - 74 - New transaction message was added.
General - color 352 instead of 2- Info - 54 - New color was assigned to the control.
General - color 353 instead of 2- Info - 54 - New color was assigned to the control.
General - color 345 instead of 5- Info - 54 - New color was assigned to the control.
General - color 341 instead of 101- Info - 54 - New color was assigned to the control.
General - color 342 instead of 101- Info - 54 - New color was assigned to the control.
General - color 355 instead of 101- Info - 54 - New color was assigned to the control.
General - color 354 instead of 102- Info - 54 - New color was assigned to the control.
General - color 343 instead of 105- Info - 54 - New color was assigned to the control.
General - color 344 instead of 105- Info - 54 - New color was assigned to the control.
General - color 358 instead of 114- Info - 54 - New color was assigned to the control.
General - color 359 instead of 114- Info - 54 - New color was assigned to the control.
General - color 357 instead of 263- Info - 54 - New color was assigned to the control.
General - color 356 instead of 273- Info - 54 - New color was assigned to the control.
General - color 360 instead of 274- Info - 54 - New color was assigned to the control.
General - color 361 instead of 276- Info - 54 - New color was assigned to the control.
General - color 340 instead of 10000- Info - 54 - New color was assigned to the control.
Import warnings from file: C:\Users\jhon_\Meu Drive\Temp\Programs_32 (28/03/24 15:51:08)
========================================================================================


Converting project  (28/03/24 15:51:39)
======================================================================
General - General (11) - Info - 1 - User State Persistency changed from Name to Yes/No.
General - General (29) - Info - 2 - Style and Border of the controls were changed.
General - Syntax checker (4) - Info - 74 - New transaction message was added.
General - color 352 instead of 2- Info - 54 - New color was assigned to the control.
General - color 353 instead of 2- Info - 54 - New color was assigned to the control.
General - color 345 instead of 5- Info - 54 - New color was assigned to the control.
General - color 341 instead of 101- Info - 54 - New color was assigned to the control.
General - color 342 instead of 101- Info - 54 - New color was assigned to the control.
General - color 355 instead of 101- Info - 54 - New color was assigned to the control.
General - color 354 instead of 102- Info - 54 - New color was assigned to the control.
General - color 343 instead of 105- Info - 54 - New color was assigned to the control.
General - color 344 instead of 105- Info - 54 - New color was assigned to the control.
General - color 358 instead of 114- Info - 54 - New color was assigned to the control.
General - color 359 instead of 114- Info - 54 - New color was assigned to the control.
General - color 357 instead of 263- Info - 54 - New color was assigned to the control.
General - color 356 instead of 273- Info - 54 - New color was assigned to the control.
General - color 360 instead of 274- Info - 54 - New color was assigned to the control.
General - color 361 instead of 276- Info - 54 - New color was assigned to the control.
General - color 340 instead of 10000 (2) - Info - 54 - New color was assigned to the control.
Import warnings from file: C:\Users\jhon_\Meu Drive\Temp\Programs_30 (28/03/24 16:57:29)
========================================================================================


Converting project  (28/03/24 16:57:53)
======================================================================
General - General (28) - Info - 1 - User State Persistency changed from Name to Yes/No.
General - General (29) - Info - 2 - Style and Border of the controls were changed.
General - Syntax checker (5) - Info - 74 - New transaction message was added.
General - color 352 instead of 2- Info - 54 - New color was assigned to the control.
General - color 353 instead of 2- Info - 54 - New color was assigned to the control.
General - color 345 instead of 5- Info - 54 - New color was assigned to the control.
General - color 341 instead of 101- Info - 54 - New color was assigned to the control.
General - color 342 instead of 101- Info - 54 - New color was assigned to the control.
General - color 355 instead of 101- Info - 54 - New color was assigned to the control.
General - color 354 instead of 102- Info - 54 - New color was assigned to the control.
General - color 343 instead of 105- Info - 54 - New color was assigned to the control.
General - color 344 instead of 105- Info - 54 - New color was assigned to the control.
General - color 358 instead of 114- Info - 54 - New color was assigned to the control.
General - color 359 instead of 114- Info - 54 - New color was assigned to the control.
General - color 357 instead of 263- Info - 54 - New color was assigned to the control.
General - color 356 instead of 273- Info - 54 - New color was assigned to the control.
General - color 360 instead of 274- Info - 54 - New color was assigned to the control.
General - color 361 instead of 276- Info - 54 - New color was assigned to the control.
General - color 340 instead of 10000- Info - 54 - New color was assigned to the control.
Import warnings from file: C:\Users\jhon_\Meu Drive\Temp\Programs_30 (28/03/24 16:58:19)
========================================================================================


Converting project  (28/03/24 16:58:43)
======================================================================
General - General (45) - Info - 1 - User State Persistency changed from Name to Yes/No.
General - General (29) - Info - 2 - Style and Border of the controls were changed.
General - Syntax checker (6) - Info - 74 - New transaction message was added.
General - color 352 instead of 2- Info - 54 - New color was assigned to the control.
General - color 353 instead of 2- Info - 54 - New color was assigned to the control.
General - color 345 instead of 5- Info - 54 - New color was assigned to the control.
General - color 341 instead of 101- Info - 54 - New color was assigned to the control.
General - color 342 instead of 101- Info - 54 - New color was assigned to the control.
General - color 355 instead of 101- Info - 54 - New color was assigned to the control.
General - color 354 instead of 102- Info - 54 - New color was assigned to the control.
General - color 343 instead of 105- Info - 54 - New color was assigned to the control.
General - color 344 instead of 105- Info - 54 - New color was assigned to the control.
General - color 358 instead of 114- Info - 54 - New color was assigned to the control.
General - color 359 instead of 114- Info - 54 - New color was assigned to the control.
General - color 357 instead of 263- Info - 54 - New color was assigned to the control.
General - color 356 instead of 273- Info - 54 - New color was assigned to the control.
General - color 360 instead of 274- Info - 54 - New color was assigned to the control.
General - color 361 instead of 276- Info - 54 - New color was assigned to the control.
General - color 340 instead of 10000- Info - 54 - New color was assigned to the control.
Import warnings from file: C:\Users\jhon_\Meu Drive\Temp\Prg_2.xml (04/04/24 15:15:19)
======================================================================================


