 <-1> 10/01/2019 15:58:29.665     [Error  ] - Cabinet File Name cannot be empty.
 <-1> 10/01/2019 15:58:29.717     [Error  ] - Cabinet File Name cannot be empty.
 <-1> 10/01/2019 15:58:30.713     [Error  ] - Cabinet File Name cannot be empty.
 <-1> 10/01/2019 15:58:32.405     [Error  ] - Cabinet File Name cannot be empty.
 <-1> 10/01/2019 15:58:32.456     [Error  ] - Cabinet File Name cannot be empty.
 <-1> 10/01/2019 15:58:32.509     [Error  ] - Cabinet File Name cannot be empty.
 <-1> 06/05/2020 08:12:17.011     [Error  ] - Cabinet File Name cannot be empty.
 <-1> 06/05/2020 08:12:17.080     [Error  ] - Cabinet File Name cannot be empty.
 <-1> 06/05/2020 08:12:18.132     [Error  ] - Cabinet File Name cannot be empty.
 <-1> 06/05/2020 08:12:19.879     [Error  ] - Cabinet File Name cannot be empty.
 <-1> 06/05/2020 08:12:19.943     [Error  ] - Cabinet File Name cannot be empty.
 <-1> 06/05/2020 08:12:20.008     [Error  ] - Cabinet File Name cannot be empty.
 <-1> 06/05/2020 08:12:27.781     [Error  ] - Cabinet File Name cannot be empty.
 <-1> 06/05/2020 08:12:27.844     [Error  ] - Cabinet File Name cannot be empty.
 <-1> 06/05/2020 08:12:27.905     [Error  ] - Cabinet File Name cannot be empty.
 <-1> 06/05/2020 08:12:27.969     [Error  ] - Cabinet File Name cannot be empty.
 <-1> 06/05/2020 08:12:28.031     [Error  ] - Cabinet File Name cannot be empty.
 <-1> 06/05/2020 08:12:28.094     [Error  ] - Cabinet File Name cannot be empty.
 <-1> 06/05/2020 08:13:59.910     [Error  ] - Cabinet File Name cannot be empty.
 <-1> 06/05/2020 08:13:59.973     [Error  ] - Cabinet File Name cannot be empty.
 <-1> 06/05/2020 08:14:01.015     [Error  ] - Cabinet File Name cannot be empty.
 <-1> 06/05/2020 08:14:02.755     [Error  ] - Cabinet File Name cannot be empty.
 <-1> 06/05/2020 08:14:02.819     [Error  ] - Cabinet File Name cannot be empty.
 <-1> 06/05/2020 08:14:02.884     [Error  ] - Cabinet File Name cannot be empty.
 <-1> 06/05/2020 08:14:10.821     [Error  ] - Cabinet File Name cannot be empty.
 <-1> 06/05/2020 08:14:10.884     [Error  ] - Cabinet File Name cannot be empty.
 <-1> 06/05/2020 08:14:10.947     [Error  ] - Cabinet File Name cannot be empty.
 <-1> 06/05/2020 08:14:11.010     [Error  ] - Cabinet File Name cannot be empty.
 <-1> 06/05/2020 08:14:11.073     [Error  ] - Cabinet File Name cannot be empty.
 <-1> 06/05/2020 08:14:11.136     [Error  ] - Cabinet File Name cannot be empty.
 <-1> 16/10/2020 15:58:50.414     [Error  ] - Cabinet File Name cannot be empty.
 <-1> 16/10/2020 15:58:50.496     [Error  ] - Cabinet File Name cannot be empty.
 <-1> 16/10/2020 15:58:51.572     [Error  ] - Cabinet File Name cannot be empty.
 <-1> 16/10/2020 15:58:53.290     [Error  ] - Cabinet File Name cannot be empty.
 <-1> 16/10/2020 15:58:53.359     [Error  ] - Cabinet File Name cannot be empty.
 <-1> 16/10/2020 15:58:53.434     [Error  ] - Cabinet File Name cannot be empty.
 <-1> 16/10/2020 15:59:01.132     [Error  ] - Cabinet File Name cannot be empty.
 <-1> 16/10/2020 15:59:01.204     [Error  ] - Cabinet File Name cannot be empty.
 <-1> 16/10/2020 15:59:01.280     [Error  ] - Cabinet File Name cannot be empty.
 <-1> 16/10/2020 15:59:01.356     [Error  ] - Cabinet File Name cannot be empty.
 <-1> 16/10/2020 15:59:01.434     [Error  ] - Cabinet File Name cannot be empty.
 <-1> 16/10/2020 15:59:01.511     [Error  ] - Cabinet File Name cannot be empty.
 <-1> 16/10/2020 16:00:08.815     [Error  ] - Cabinet File Name cannot be empty.
 <-1> 16/10/2020 16:00:08.891     [Error  ] - Cabinet File Name cannot be empty.
 <-1> 16/10/2020 16:00:09.901     [Error  ] - Cabinet File Name cannot be empty.
 <-1> 16/10/2020 16:00:11.577     [Error  ] - Cabinet File Name cannot be empty.
 <-1> 16/10/2020 16:00:11.645     [Error  ] - Cabinet File Name cannot be empty.
 <-1> 16/10/2020 16:00:11.723     [Error  ] - Cabinet File Name cannot be empty.
 <-1> 16/10/2020 16:00:19.160     [Error  ] - Cabinet File Name cannot be empty.
 <-1> 16/10/2020 16:00:19.239     [Error  ] - Cabinet File Name cannot be empty.
 <-1> 16/10/2020 16:00:19.315     [Error  ] - Cabinet File Name cannot be empty.
 <-1> 16/10/2020 16:00:19.392     [Error  ] - Cabinet File Name cannot be empty.
 <-1> 16/10/2020 16:00:19.470     [Error  ] - Cabinet File Name cannot be empty.
 <-1> 16/10/2020 16:00:19.545     [Error  ] - Cabinet File Name cannot be empty.
 <-1> 16/10/2020 16:01:14.504     [Error  ] - Cabinet File Name cannot be empty.
 <-1> 16/10/2020 16:01:14.576     [Error  ] - Cabinet File Name cannot be empty.
 <-1> 16/10/2020 16:01:15.549     [Error  ] - Cabinet File Name cannot be empty.
 <-1> 16/10/2020 16:01:17.178     [Error  ] - Cabinet File Name cannot be empty.
 <-1> 16/10/2020 16:01:17.245     [Error  ] - Cabinet File Name cannot be empty.
 <-1> 16/10/2020 16:01:17.322     [Error  ] - Cabinet File Name cannot be empty.
 <-1> 16/10/2020 16:01:24.711     [Error  ] - Cabinet File Name cannot be empty.
 <-1> 16/10/2020 16:01:24.791     [Error  ] - Cabinet File Name cannot be empty.
 <-1> 16/10/2020 16:01:24.867     [Error  ] - Cabinet File Name cannot be empty.
 <-1> 16/10/2020 16:01:24.945     [Error  ] - Cabinet File Name cannot be empty.
 <-1> 16/10/2020 16:01:25.021     [Error  ] - Cabinet File Name cannot be empty.
 <-1> 16/10/2020 16:01:25.098     [Error  ] - Cabinet File Name cannot be empty.
 <-1> 05/11/2020 12:40:18.395     [Error  ] - Cabinet File Name cannot be empty.
 <-1> 05/11/2020 12:40:18.458     [Error  ] - Cabinet File Name cannot be empty.
 <-1> 05/11/2020 12:40:19.386     [Error  ] - Cabinet File Name cannot be empty.
 <-1> 05/11/2020 12:40:20.782     [Error  ] - Cabinet File Name cannot be empty.
 <-1> 05/11/2020 12:40:20.849     [Error  ] - Cabinet File Name cannot be empty.
 <-1> 05/11/2020 12:40:20.912     [Error  ] - Cabinet File Name cannot be empty.
 <-1> 05/11/2020 12:40:29.262     [Error  ] - Cabinet File Name cannot be empty.
 <-1> 05/11/2020 12:40:29.321     [Error  ] - Cabinet File Name cannot be empty.
 <-1> 05/11/2020 12:40:29.384     [Error  ] - Cabinet File Name cannot be empty.
 <-1> 05/11/2020 12:40:29.446     [Error  ] - Cabinet File Name cannot be empty.
 <-1> 05/11/2020 12:40:29.508     [Error  ] - Cabinet File Name cannot be empty.
 <-1> 05/11/2020 12:40:29.571     [Error  ] - Cabinet File Name cannot be empty.
 <-1> 13/04/2023 11:28:58.873     [Error  ] - Cabinet File Name cannot be empty.
 <-1> 13/04/2023 11:28:58.941     [Error  ] - Cabinet File Name cannot be empty.
 <-1> 13/04/2023 11:28:59.878     [Error  ] - Cabinet File Name cannot be empty.
 <-1> 13/04/2023 11:29:01.112     [Error  ] - Cabinet File Name cannot be empty.
 <-1> 13/04/2023 11:29:01.170     [Error  ] - Cabinet File Name cannot be empty.
 <-1> 13/04/2023 11:29:01.232     [Error  ] - Cabinet File Name cannot be empty.
 <-1> 13/04/2023 11:29:09.846     [Error  ] - Cabinet File Name cannot be empty.
 <-1> 13/04/2023 11:29:09.908     [Error  ] - Cabinet File Name cannot be empty.
 <-1> 13/04/2023 11:29:09.969     [Error  ] - Cabinet File Name cannot be empty.
 <-1> 13/04/2023 11:29:10.032     [Error  ] - Cabinet File Name cannot be empty.
 <-1> 13/04/2023 11:29:10.094     [Error  ] - Cabinet File Name cannot be empty.
 <-1> 13/04/2023 11:29:10.156     [Error  ] - Cabinet File Name cannot be empty.
 <-1> 13/07/2023 15:55:06.231     [Error  ] - Cabinet File Name cannot be empty.
 <-1> 13/07/2023 15:55:06.299     [Error  ] - Cabinet File Name cannot be empty.
 <-1> 13/07/2023 15:55:07.149     [Error  ] - Cabinet File Name cannot be empty.
 <-1> 13/07/2023 15:55:08.285     [Error  ] - Cabinet File Name cannot be empty.
 <-1> 13/07/2023 15:55:08.343     [Error  ] - Cabinet File Name cannot be empty.
 <-1> 13/07/2023 15:55:08.405     [Error  ] - Cabinet File Name cannot be empty.
 <-1> 13/07/2023 15:55:17.242     [Error  ] - Cabinet File Name cannot be empty.
 <-1> 13/07/2023 15:55:17.297     [Error  ] - Cabinet File Name cannot be empty.
 <-1> 13/07/2023 15:55:17.359     [Error  ] - Cabinet File Name cannot be empty.
 <-1> 13/07/2023 15:55:17.422     [Error  ] - Cabinet File Name cannot be empty.
 <-1> 13/07/2023 15:55:17.484     [Error  ] - Cabinet File Name cannot be empty.
 <-1> 13/07/2023 15:55:17.546     [Error  ] - Cabinet File Name cannot be empty.
 <-1> 13/07/2023 17:17:21.614     [Error  ] - Cabinet File Name cannot be empty.
 <-1> 13/07/2023 17:17:21.691     [Error  ] - Cabinet File Name cannot be empty.
 <-1> 13/07/2023 17:17:23.268     [Error  ] - Cabinet File Name cannot be empty.
 <-1> 13/07/2023 17:17:25.401     [Error  ] - Cabinet File Name cannot be empty.
 <-1> 13/07/2023 17:17:25.456     [Error  ] - Cabinet File Name cannot be empty.
 <-1> 13/07/2023 17:17:25.519     [Error  ] - Cabinet File Name cannot be empty.
 <-1> 13/07/2023 17:17:38.772     [Error  ] - Cabinet File Name cannot be empty.
 <-1> 13/07/2023 17:17:38.827     [Error  ] - Cabinet File Name cannot be empty.
 <-1> 13/07/2023 17:17:38.890     [Error  ] - Cabinet File Name cannot be empty.
 <-1> 13/07/2023 17:17:38.966     [Error  ] - Cabinet File Name cannot be empty.
 <-1> 13/07/2023 17:17:39.029     [Error  ] - Cabinet File Name cannot be empty.
 <-1> 13/07/2023 17:17:39.092     [Error  ] - Cabinet File Name cannot be empty.
 <434914097529393728> 13/07/2023 17:18:21.396     [Error  ] - File not found:: CGReport.exe -G: -M:"W:\CIGAMe11\Systempar\ANDRE\impressaoordemdecompra.frx" -A:"X:\Relatoriotemp\379%USUARIO%.frx" -P:@ordem="" -F:PDF="X:\Relatoriotemp\379%USUARIO%.pdf", Program: "Imprimir OC".
 <501381629842922240> 13/07/2023 17:29:39.529     [Error  ] - File not found:: CGReport.exe -G: -M:"W:\CIGAMe11\Systempar\ANDRE\impressaoordemdecompra.frx" -A:"X:\Relatoriotemp\.frx" -P:@ordem="" -F:PDF="X:\Relatoriotemp\.pdf", Program: "Imprimir OC".
 <501381629842922240> 13/07/2023 17:29:39.689     [Error  ] - File not found:: X:\Relatoriotemp\.pdf, Program: "Imprimir OC".
 <-1> 13/07/2023 17:30:14.268     [Error  ] - Cabinet File Name cannot be empty.
 <-1> 13/07/2023 17:30:14.338     [Error  ] - Cabinet File Name cannot be empty.
 <-1> 13/07/2023 17:30:15.581     [Error  ] - Cabinet File Name cannot be empty.
 <-1> 13/07/2023 17:30:17.266     [Error  ] - Cabinet File Name cannot be empty.
 <-1> 13/07/2023 17:30:17.323     [Error  ] - Cabinet File Name cannot be empty.
 <-1> 13/07/2023 17:30:17.386     [Error  ] - Cabinet File Name cannot be empty.
 <-1> 13/07/2023 17:30:30.833     [Error  ] - Cabinet File Name cannot be empty.
 <-1> 13/07/2023 17:30:30.885     [Error  ] - Cabinet File Name cannot be empty.
 <-1> 13/07/2023 17:30:30.948     [Error  ] - Cabinet File Name cannot be empty.
 <-1> 13/07/2023 17:30:31.011     [Error  ] - Cabinet File Name cannot be empty.
 <-1> 13/07/2023 17:30:31.074     [Error  ] - Cabinet File Name cannot be empty.
 <-1> 13/07/2023 17:30:31.137     [Error  ] - Cabinet File Name cannot be empty.
 <317400231668881152> 13/07/2023 17:34:26.211     [Error  ] - File not found:: CGReport.exe -G: -M:"W:\CIGAMe11\Systempar\ANDRE\impressaoordemdecompra.frx" -A:"X:\Relatoriotemp\049653.frx" -P:@ordem="049653" -F:PDF="X:\Relatoriotemp\049653.pdf", Program: "Imprimir OC".
 <317400231668881152> 13/07/2023 17:34:26.354     [Error  ] - File not found:: X:\Relatoriotemp\049653.pdf, Program: "Imprimir OC".
 <236793125377336896> 13/07/2023 17:35:30.713     [Error  ] - File not found:: CGReport.exe -G: -M:"W:\CIGAMe11\Systempar\ANDRE\impressaoordemdecompra.frx" -A:"X:\Relatoriotemp\048706.frx" -P:@ordem="048706" -F:PDF="X:\Relatoriotemp\048706.pdf", Program: "Imprimir OC".
 <236793125377336896> 13/07/2023 17:35:30.852     [Error  ] - File not found:: X:\Relatoriotemp\048706.pdf, Program: "Imprimir OC".
 <523904745374371072> 13/07/2023 17:35:56.644     [Error  ] - File not found:: CGReport.exe -G: -M:"W:\CIGAMe11\Systempar\ANDRE\impressaoordemdecompra.frx" -A:"X:\Relatoriotemp\048706.frx" -P:@ordem="048706" -F:PDF="X:\Relatoriotemp\048706.pdf", Program: "Imprimir OC".
 <523904745374371072> 13/07/2023 17:35:56.653     [Error  ] - File not found:: X:\Relatoriotemp\048706.pdf, Program: "Imprimir OC".
 <545746120740385152> 13/07/2023 17:36:34.939     [Error  ] - File not found:: CGReport.exe -G: -M:"W:\CIGAMe11\Systempar\ANDRE\impressaoordemdecompra.frx" -A:"X:\Relatoriotemp\048706.frx" -P:@ordem="048706" -F:PDF="X:\Relatoriotemp\048706.pdf", Program: "Imprimir OC".
 <545746120740385152> 13/07/2023 17:36:34.950     [Error  ] - File not found:: X:\Relatoriotemp\048706.pdf, Program: "Imprimir OC".
 <-1> 14/07/2023 10:35:51.743     [Error  ] - SERVER : Invalid object name 'LC_VW_TEXTO_EMAIL_OC'.
 <-1> 14/07/2023 11:11:02.760     [Error  ] - SERVER : Invalid object name 'LC_VW_EMAIL_OC'.
 <562731330637066368> 08/11/2023 17:02:37.466     [Error  ] - File not found:: CGReport.exe -G: -M:"W:\CIGAMe11\Systempar\ANDRE\impressaoordemdecompra.frx" -A:"W:\CIGAMe11\Temp\048706.frx" -P:@ordem="048706" -F:PDF="W:\CIGAMe11\Temp\048706.pdf", Program: "Imprimir OC".
 <274485598619746272> 08/11/2023 17:03:36.894     [Error  ] - File not found:: CGReport.exe -G: -M:"W:\CIGAMe11\Systempar\ANDRE\impressaoordemdecompra.frx" -A:"W:\CIGAMe11\Temp\048706.frx" -P:@ordem="048706" -F:PDF="W:\CIGAMe11\Temp\048706.pdf", Program: "Imprimir OC".
 <178989497697143040> 08/11/2023 17:05:12.927     [Error  ] - File not found:: CGReport.exe -G: -M:"W:\CIGAMe11\Systempar\ANDRE\impressaoordemdecompra.frx" -A:"W:\CIGAMe11\Temp\048706.frx" -P:@ordem="048706" -F:PDF="W:\CIGAMe11\Temp\048706.pdf", Program: "Imprimir OC".
 <178989497697143040> 08/11/2023 17:05:12.928     [Error  ] - File not found:: CGReport.exe -G: -M:"W:\CIGAMe11\Systempar\ANDRE\impressaoordemdecompra.frx" -A:"W:\CIGAMe11\Temp\048706.frx" -P:@ordem="048706" -F:PDF="W:\CIGAMe11\Temp\048706.pdf", Program: "Imprimir OC".
 <63866181432373976> 08/11/2023 17:05:25.919     [Error  ] - File not found:: CGReport.exe -G: -M:"W:\CIGAMe11\Systempar\ANDRE\impressaoordemdecompra.frx" -A:"W:\CIGAMe11\Temp\048706.frx" -P:@ordem="048706" -F:PDF="W:\CIGAMe11\Temp\048706.pdf", Program: "Imprimir OC".
 <63866181432373976> 08/11/2023 17:05:25.921     [Error  ] - File not found:: CGReport.exe -G: -M:"W:\CIGAMe11\Systempar\ANDRE\impressaoordemdecompra.frx" -A:"W:\CIGAMe11\Temp\048706.frx" -P:@ordem="048706" -F:PDF="W:\CIGAMe11\Temp\048706.pdf", Program: "Imprimir OC".
 <445679138998676352> 08/11/2023 17:05:41.315     [Error  ] - File not found:: CGReport.exe -G: -M:"W:\CIGAMe11\Systempar\ANDRE\impressaoordemdecompra.frx" -A:"W:\CIGAMe11\Temp\048706.frx" -P:@ordem="048706" -F:PDF="W:\CIGAMe11\Temp\048706.pdf", Program: "Imprimir OC".
 <60921280703680056> 08/11/2023 17:07:09.458     [Error  ] - File not found:: CGReport.exe -G: -M:"W:\CIGAMe11\Systempar\ANDRE\impressaoordemdecompra.frx" -A:"W:\CIGAMe11\Temp\048706.frx" -P:@ordem="048706" -F:PDF="W:\CIGAMe11\Temp\048706.pdf", Program: "Imprimir OC".
 <60921280703680056> 08/11/2023 17:07:09.459     [Warning] - CGReport.exe -G: -M:"W:\\CIGAMe11\\Systempar\\ANDRE\\impressaoordemdecompra.frx" -A:"W:\\CIGAMe11\\Temp\\048706.frx" -P:@ordem="048706" -F:PDF="W:\\CIGAMe11\\Temp\\048706.pdf"
 <520759431853563008> 08/11/2023 17:09:14.172     [Warning] - C:\\CIGAM\\CIGAMe11\\CGReport.exe -G: -M:"W:\\CIGAMe11\\Systempar\\ANDRE\\impressaoordemdecompra.frx" -A:"W:\\CIGAMe11\\Temp\\048706.frx" -P:@ordem="048706" -F:PDF="W:\\CIGAMe11\\Temp\\048706.pdf"
