 <-1            >  190     - >> ERRO >> Nome de Arquivo Cabinet não pode estar vazio.
 <-1            >  196     - >> ERRO >> Nome de Arquivo Cabinet não pode estar vazio.
 <-1            >  196     - >> ERRO >> Nome de Arquivo Cabinet não pode estar vazio.
 <-1            >  195     - >> ERRO >> Nome de Arquivo Cabinet não pode estar vazio.
 <-1            >  198     - >> ERRO >> Nome de Arquivo Cabinet não pode estar vazio.
 <-1            >  191     - >> ERRO >> Nome de Arquivo Cabinet não pode estar vazio.
 <-1            >  197     - >> ERRO >> Component Files not found : 
 <-1            >  190     - >> ERRO >> Nome de Arquivo Cabinet não pode estar vazio.
 <-1            >  190     - >> ERRO >> Nome de Arquivo Cabinet não pode estar vazio.
 <-1            >  190     - >> ERRO >> Nome de Arquivo Cabinet não pode estar vazio.
 <-1            >  190     - >> ERRO >> Nome de Arquivo Cabinet não pode estar vazio.
 <-1            >  190     - >> ERRO >> Nome de Arquivo Cabinet não pode estar vazio.
 <-1            >  190     - >> ERRO >> Nome de Arquivo Cabinet não pode estar vazio.
 <-1            >  198     - >> ERRO >> Nome de Arquivo Cabinet não pode estar vazio.
 <-1            >  198     - >> ERRO >> Nome de Arquivo Cabinet não pode estar vazio.
 <-1            >  192     - >> ERRO >> Nome de Arquivo Cabinet não pode estar vazio.
 <-1            >  193     - >> ERRO >> Nome de Arquivo Cabinet não pode estar vazio.
 <-1            >  193     - >> ERRO >> Nome de Arquivo Cabinet não pode estar vazio.
 <-1            >  193     - >> ERRO >> Nome de Arquivo Cabinet não pode estar vazio.
 <-1            >  199     - >> ERRO >> Component Files not found : 
 <-1            >  191     - >> ERRO >> Nome de Arquivo Cabinet não pode estar vazio.
 <-1            >  191     - >> ERRO >> Nome de Arquivo Cabinet não pode estar vazio.
 <-1            >  191     - >> ERRO >> Nome de Arquivo Cabinet não pode estar vazio.
 <-1            >  191     - >> ERRO >> Nome de Arquivo Cabinet não pode estar vazio.
 <-1            >  191     - >> ERRO >> Nome de Arquivo Cabinet não pode estar vazio.
 <-1            >  191     - >> ERRO >> Nome de Arquivo Cabinet não pode estar vazio.
 <204434776064  >  192     -   >> ERRO >> Falha ao abrir, fonte de dados: GECPTE, program : .VerificaTabelaComponentes
 <204434776064  >  199     -       >> ERRO >> Falha ao abrir, fonte de dados: CTCONTRA, program : Contrato
 <-1            >  203     - >> ERRO >> Nome de Arquivo Cabinet não pode estar vazio.
 <-1            >  203     - >> ERRO >> Nome de Arquivo Cabinet não pode estar vazio.
 <-1            >  207     - >> ERRO >> Nome de Arquivo Cabinet não pode estar vazio.
 <-1            >  209     - >> ERRO >> Nome de Arquivo Cabinet não pode estar vazio.
 <-1            >  209     - >> ERRO >> Nome de Arquivo Cabinet não pode estar vazio.
 <-1            >  209     - >> ERRO >> Nome de Arquivo Cabinet não pode estar vazio.
 <-1            >  203     - >> ERRO >> Component Files not found : 
 <-1            >  202     - >> ERRO >> Nome de Arquivo Cabinet não pode estar vazio.
 <-1            >  202     - >> ERRO >> Nome de Arquivo Cabinet não pode estar vazio.
 <-1            >  202     - >> ERRO >> Nome de Arquivo Cabinet não pode estar vazio.
 <-1            >  202     - >> ERRO >> Nome de Arquivo Cabinet não pode estar vazio.
 <-1            >  202     - >> ERRO >> Nome de Arquivo Cabinet não pode estar vazio.
 <-1            >  202     - >> ERRO >> Nome de Arquivo Cabinet não pode estar vazio.
 <-1            >  259     - >> ERRO >> Nome de Arquivo Cabinet não pode estar vazio.
 <-1            >  259     - >> ERRO >> Nome de Arquivo Cabinet não pode estar vazio.
 <-1            >  258     - >> ERRO >> Nome de Arquivo Cabinet não pode estar vazio.
 <-1            >  257     - >> ERRO >> Nome de Arquivo Cabinet não pode estar vazio.
 <-1            >  252     - >> ERRO >> Nome de Arquivo Cabinet não pode estar vazio.
 <-1            >  252     - >> ERRO >> Nome de Arquivo Cabinet não pode estar vazio.
 <-1            >  256     - >> ERRO >> Nome de Arquivo Cabinet não pode estar vazio.
 <-1            >  250     - >> ERRO >> Nome de Arquivo Cabinet não pode estar vazio.
 <-1            >  253     - >> ERRO >> Nome de Arquivo Cabinet não pode estar vazio.
 <-1            >  256     - >> ERRO >> Nome de Arquivo Cabinet não pode estar vazio.
 <-1            >  259     - >> ERRO >> Nome de Arquivo Cabinet não pode estar vazio.
 <-1            >  252     - >> ERRO >> Nome de Arquivo Cabinet não pode estar vazio.
 <-1            >  263     - >> ERRO >> Nome de Arquivo Cabinet não pode estar vazio.
 <-1            >  268     - >> ERRO >> Nome de Arquivo Cabinet não pode estar vazio.
 <-1            >  267     - >> ERRO >> Nome de Arquivo Cabinet não pode estar vazio.
 <-1            >  269     - >> ERRO >> Nome de Arquivo Cabinet não pode estar vazio.
 <-1            >  263     - >> ERRO >> Nome de Arquivo Cabinet não pode estar vazio.
 <-1            >  266     - >> ERRO >> Nome de Arquivo Cabinet não pode estar vazio.
 <-1            >  265     - >> ERRO >> Nome de Arquivo Cabinet não pode estar vazio.
 <-1            >  268     - >> ERRO >> Nome de Arquivo Cabinet não pode estar vazio.
 <-1            >  261     - >> ERRO >> Nome de Arquivo Cabinet não pode estar vazio.
 <-1            >  264     - >> ERRO >> Nome de Arquivo Cabinet não pode estar vazio.
 <-1            >  268     - >> ERRO >> Nome de Arquivo Cabinet não pode estar vazio.
 <-1            >  264     - >> ERRO >> Nome de Arquivo Cabinet não pode estar vazio.
 <-1            >  307     - >> ERRO >> Nome de Arquivo Cabinet não pode estar vazio.
 <-1            >  307     - >> ERRO >> Nome de Arquivo Cabinet não pode estar vazio.
 <-1            >  303     - >> ERRO >> Nome de Arquivo Cabinet não pode estar vazio.
 <-1            >  306     - >> ERRO >> Nome de Arquivo Cabinet não pode estar vazio.
 <-1            >  306     - >> ERRO >> Nome de Arquivo Cabinet não pode estar vazio.
 <-1            >  306     - >> ERRO >> Nome de Arquivo Cabinet não pode estar vazio.
 <-1            >  308     - >> ERRO >> Nome de Arquivo Cabinet não pode estar vazio.
 <-1            >  308     - >> ERRO >> Nome de Arquivo Cabinet não pode estar vazio.
 <-1            >  308     - >> ERRO >> Nome de Arquivo Cabinet não pode estar vazio.
 <-1            >  308     - >> ERRO >> Nome de Arquivo Cabinet não pode estar vazio.
 <-1            >  308     - >> ERRO >> Nome de Arquivo Cabinet não pode estar vazio.
 <-1            >  308     - >> ERRO >> Nome de Arquivo Cabinet não pode estar vazio.
 <-1            >  305     - >> ERRO >> Nome de Arquivo Cabinet não pode estar vazio.
 <-1            >  305     - >> ERRO >> Nome de Arquivo Cabinet não pode estar vazio.
 <-1            >  306     - >> ERRO >> Nome de Arquivo Cabinet não pode estar vazio.
 <-1            >  305     - >> ERRO >> Nome de Arquivo Cabinet não pode estar vazio.
 <-1            >  305     - >> ERRO >> Nome de Arquivo Cabinet não pode estar vazio.
 <-1            >  305     - >> ERRO >> Nome de Arquivo Cabinet não pode estar vazio.
 <-1            >  301     - >> ERRO >> Nome de Arquivo Cabinet não pode estar vazio.
 <-1            >  307     - >> ERRO >> Nome de Arquivo Cabinet não pode estar vazio.
 <-1            >  307     - >> ERRO >> Nome de Arquivo Cabinet não pode estar vazio.
 <-1            >  307     - >> ERRO >> Nome de Arquivo Cabinet não pode estar vazio.
 <-1            >  302     - >> ERRO >> Nome de Arquivo Cabinet não pode estar vazio.
 <-1            >  302     - >> ERRO >> Nome de Arquivo Cabinet não pode estar vazio.
 <-1            >  306     - >> ERRO >> Nome de Arquivo Cabinet não pode estar vazio.
 <-1            >  301     - >> ERRO >> Nome de Arquivo Cabinet não pode estar vazio.
 <-1            >  306     - >> ERRO >> Nome de Arquivo Cabinet não pode estar vazio.
 <-1            >  302     - >> ERRO >> Nome de Arquivo Cabinet não pode estar vazio.
 <-1            >  302     - >> ERRO >> Nome de Arquivo Cabinet não pode estar vazio.
 <-1            >  307     - >> ERRO >> Nome de Arquivo Cabinet não pode estar vazio.
 <-1            >  307     - >> ERRO >> Nome de Arquivo Cabinet não pode estar vazio.
 <-1            >  302     - >> ERRO >> Nome de Arquivo Cabinet não pode estar vazio.
 <-1            >  302     - >> ERRO >> Nome de Arquivo Cabinet não pode estar vazio.
 <-1            >  302     - >> ERRO >> Nome de Arquivo Cabinet não pode estar vazio.
 <-1            >  308     - >> ERRO >> Nome de Arquivo Cabinet não pode estar vazio.
 <-1            >  308     - >> ERRO >> Nome de Arquivo Cabinet não pode estar vazio.
 <-1            >  300     - >> ERRO >> Nome de Arquivo Cabinet não pode estar vazio.
 <-1            >  304     - >> ERRO >> Nome de Arquivo Cabinet não pode estar vazio.
 <-1            >  302     - >> ERRO >> Nome de Arquivo Cabinet não pode estar vazio.
 <-1            >  305     - >> ERRO >> Nome de Arquivo Cabinet não pode estar vazio.
 <-1            >  302     - >> ERRO >> Nome de Arquivo Cabinet não pode estar vazio.
 <-1            >  302     - >> ERRO >> Nome de Arquivo Cabinet não pode estar vazio.
 <-1            >  303     - >> ERRO >> Component Files not found : 
 <-1            >  302     - >> ERRO >> Nome de Arquivo Cabinet não pode estar vazio.
 <-1            >  307     - >> ERRO >> Nome de Arquivo Cabinet não pode estar vazio.
 <-1            >  303     - >> ERRO >> Nome de Arquivo Cabinet não pode estar vazio.
 <-1            >  306     - >> ERRO >> Nome de Arquivo Cabinet não pode estar vazio.
 <-1            >  309     - >> ERRO >> Nome de Arquivo Cabinet não pode estar vazio.
 <-1            >  303     - >> ERRO >> Nome de Arquivo Cabinet não pode estar vazio.
 <-1            >  302     - >> ERRO >> Nome de Arquivo Cabinet não pode estar vazio.
 <-1            >  306     - >> ERRO >> Nome de Arquivo Cabinet não pode estar vazio.
 <-1            >  302     - >> ERRO >> Nome de Arquivo Cabinet não pode estar vazio.
 <-1            >  303     - >> ERRO >> Nome de Arquivo Cabinet não pode estar vazio.
 <-1            >  306     - >> ERRO >> Nome de Arquivo Cabinet não pode estar vazio.
 <-1            >  300     - >> ERRO >> Nome de Arquivo Cabinet não pode estar vazio.
 <-1            >  307     - >> ERRO >> Component Files not found : 
 <-1            >  308     - >> ERRO >> Nome de Arquivo Cabinet não pode estar vazio.
 <-1            >  300     - >> ERRO >> Nome de Arquivo Cabinet não pode estar vazio.
 <-1            >  307     - >> ERRO >> Nome de Arquivo Cabinet não pode estar vazio.
 <-1            >  301     - >> ERRO >> Nome de Arquivo Cabinet não pode estar vazio.
 <-1            >  305     - >> ERRO >> Nome de Arquivo Cabinet não pode estar vazio.
 <-1            >  303     - >> ERRO >> Nome de Arquivo Cabinet não pode estar vazio.
 <-1            >  303     - >> ERRO >> Nome de Arquivo Cabinet não pode estar vazio.
 <-1            >  307     - >> ERRO >> Nome de Arquivo Cabinet não pode estar vazio.
 <-1            >  308     - >> ERRO >> Nome de Arquivo Cabinet não pode estar vazio.
 <-1            >  303     - >> ERRO >> Nome de Arquivo Cabinet não pode estar vazio.
 <-1            >  301     - >> ERRO >> Nome de Arquivo Cabinet não pode estar vazio.
 <-1            >  300     - >> ERRO >> Nome de Arquivo Cabinet não pode estar vazio.
 <-1            >  301     - >> ERRO >> Component Files not found : 
 <-1            >  302     - >> ERRO >> Nome de Arquivo Cabinet não pode estar vazio.
 <-1            >  300     - >> ERRO >> Nome de Arquivo Cabinet não pode estar vazio.
 <-1            >  308     - >> ERRO >> Nome de Arquivo Cabinet não pode estar vazio.
 <-1            >  306     - >> ERRO >> Nome de Arquivo Cabinet não pode estar vazio.
 <-1            >  303     - >> ERRO >> Nome de Arquivo Cabinet não pode estar vazio.
 <-1            >  302     - >> ERRO >> Nome de Arquivo Cabinet não pode estar vazio.
 <-1            >  277     - >> ERRO >> Nome de Arquivo Cabinet não pode estar vazio.
 <-1            >  272     - >> ERRO >> Nome de Arquivo Cabinet não pode estar vazio.
 <-1            >  278     - >> ERRO >> Nome de Arquivo Cabinet não pode estar vazio.
 <-1            >  270     - >> ERRO >> Nome de Arquivo Cabinet não pode estar vazio.
 <-1            >  270     - >> ERRO >> Nome de Arquivo Cabinet não pode estar vazio.
 <-1            >  270     - >> ERRO >> Nome de Arquivo Cabinet não pode estar vazio.
 <-1            >  273     - >> ERRO >> Component Files not found : 
 <-1            >  272     - >> ERRO >> Nome de Arquivo Cabinet não pode estar vazio.
 <-1            >  272     - >> ERRO >> Nome de Arquivo Cabinet não pode estar vazio.
 <-1            >  278     - >> ERRO >> Nome de Arquivo Cabinet não pode estar vazio.
 <-1            >  278     - >> ERRO >> Nome de Arquivo Cabinet não pode estar vazio.
 <-1            >  274     - >> ERRO >> Nome de Arquivo Cabinet não pode estar vazio.
 <-1            >  274     - >> ERRO >> Nome de Arquivo Cabinet não pode estar vazio.
 <-1            >  029     - >> ERRO >> Nome de Arquivo Cabinet não pode estar vazio.
 <-1            >  021     - >> ERRO >> Nome de Arquivo Cabinet não pode estar vazio.
 <-1            >  024     - >> ERRO >> Nome de Arquivo Cabinet não pode estar vazio.
 <-1            >  026     - >> ERRO >> Nome de Arquivo Cabinet não pode estar vazio.
 <-1            >  024     - >> ERRO >> Nome de Arquivo Cabinet não pode estar vazio.
 <-1            >  021     - >> ERRO >> Nome de Arquivo Cabinet não pode estar vazio.
 <-1            >  025     - >> ERRO >> Component Files not found : 
 <-1            >  022     - >> ERRO >> Nome de Arquivo Cabinet não pode estar vazio.
 <-1            >  026     - >> ERRO >> Nome de Arquivo Cabinet não pode estar vazio.
 <-1            >  029     - >> ERRO >> Nome de Arquivo Cabinet não pode estar vazio.
 <-1            >  023     - >> ERRO >> Nome de Arquivo Cabinet não pode estar vazio.
 <-1            >  027     - >> ERRO >> Nome de Arquivo Cabinet não pode estar vazio.
 <-1            >  022     - >> ERRO >> Nome de Arquivo Cabinet não pode estar vazio.
 <-1            >  206     - >> ERRO >> Nome de Arquivo Cabinet não pode estar vazio.
 <-1            >  202     - >> ERRO >> Nome de Arquivo Cabinet não pode estar vazio.
 <-1            >  204     - >> ERRO >> Nome de Arquivo Cabinet não pode estar vazio.
 <-1            >  205     - >> ERRO >> Nome de Arquivo Cabinet não pode estar vazio.
 <-1            >  200     - >> ERRO >> Nome de Arquivo Cabinet não pode estar vazio.
 <-1            >  200     - >> ERRO >> Nome de Arquivo Cabinet não pode estar vazio.
 <-1            >  203     - >> ERRO >> Component Files not found : 
 <-1            >  202     - >> ERRO >> Nome de Arquivo Cabinet não pode estar vazio.
 <-1            >  202     - >> ERRO >> Nome de Arquivo Cabinet não pode estar vazio.
 <-1            >  208     - >> ERRO >> Nome de Arquivo Cabinet não pode estar vazio.
 <-1            >  208     - >> ERRO >> Nome de Arquivo Cabinet não pode estar vazio.
 <-1            >  203     - >> ERRO >> Nome de Arquivo Cabinet não pode estar vazio.
 <-1            >  203     - >> ERRO >> Nome de Arquivo Cabinet não pode estar vazio.
 <-1            >  203     - >> ERRO >> Nome de Arquivo Cabinet não pode estar vazio.
 <-1            >  203     - >> ERRO >> Nome de Arquivo Cabinet não pode estar vazio.
 <-1            >  209     - >> ERRO >> Nome de Arquivo Cabinet não pode estar vazio.
 <-1            >  204     - >> ERRO >> Nome de Arquivo Cabinet não pode estar vazio.
 <-1            >  204     - >> ERRO >> Nome de Arquivo Cabinet não pode estar vazio.
 <-1            >  200     - >> ERRO >> Nome de Arquivo Cabinet não pode estar vazio.
 <-1            >  206     - >> ERRO >> Component Files not found : 
 <-1            >  202     - >> ERRO >> Nome de Arquivo Cabinet não pode estar vazio.
 <-1            >  206     - >> ERRO >> Nome de Arquivo Cabinet não pode estar vazio.
 <-1            >  200     - >> ERRO >> Nome de Arquivo Cabinet não pode estar vazio.
 <-1            >  203     - >> ERRO >> Nome de Arquivo Cabinet não pode estar vazio.
 <-1            >  207     - >> ERRO >> Nome de Arquivo Cabinet não pode estar vazio.
 <-1            >  201     - >> ERRO >> Nome de Arquivo Cabinet não pode estar vazio.
 <-1            >  239     - >> ERRO >> Nome de Arquivo Cabinet não pode estar vazio.
 <-1            >  235     - >> ERRO >> Nome de Arquivo Cabinet não pode estar vazio.
 <-1            >  232     - >> ERRO >> Nome de Arquivo Cabinet não pode estar vazio.
 <-1            >  230     - >> ERRO >> Nome de Arquivo Cabinet não pode estar vazio.
 <-1            >  236     - >> ERRO >> Nome de Arquivo Cabinet não pode estar vazio.
 <-1            >  236     - >> ERRO >> Nome de Arquivo Cabinet não pode estar vazio.
 <-1            >  235     - >> ERRO >> Component Files not found : 
 <-1            >  230     - >> ERRO >> Nome de Arquivo Cabinet não pode estar vazio.
 <-1            >  230     - >> ERRO >> Nome de Arquivo Cabinet não pode estar vazio.
 <-1            >  230     - >> ERRO >> Nome de Arquivo Cabinet não pode estar vazio.
 <-1            >  235     - >> ERRO >> Nome de Arquivo Cabinet não pode estar vazio.
 <-1            >  235     - >> ERRO >> Nome de Arquivo Cabinet não pode estar vazio.
 <-1            >  231     - >> ERRO >> Nome de Arquivo Cabinet não pode estar vazio.
 <-1            >  071     - >> ERRO >> Nome de Arquivo Cabinet não pode estar vazio.
 <-1            >  074     - >> ERRO >> Nome de Arquivo Cabinet não pode estar vazio.
 <-1            >  070     - >> ERRO >> Nome de Arquivo Cabinet não pode estar vazio.
 <-1            >  072     - >> ERRO >> Nome de Arquivo Cabinet não pode estar vazio.
 <-1            >  079     - >> ERRO >> Nome de Arquivo Cabinet não pode estar vazio.
 <-1            >  076     - >> ERRO >> Nome de Arquivo Cabinet não pode estar vazio.
 <-1            >  077     - >> ERRO >> Component Files not found : 
 <-1            >  073     - >> ERRO >> Nome de Arquivo Cabinet não pode estar vazio.
 <-1            >  070     - >> ERRO >> Nome de Arquivo Cabinet não pode estar vazio.
 <-1            >  077     - >> ERRO >> Nome de Arquivo Cabinet não pode estar vazio.
 <-1            >  074     - >> ERRO >> Nome de Arquivo Cabinet não pode estar vazio.
 <-1            >  071     - >> ERRO >> Nome de Arquivo Cabinet não pode estar vazio.
 <-1            >  078     - >> ERRO >> Nome de Arquivo Cabinet não pode estar vazio.
 <-1            >  083     - >> ERRO >> Nome de Arquivo Cabinet não pode estar vazio.
 <-1            >  087     - >> ERRO >> Nome de Arquivo Cabinet não pode estar vazio.
 <-1            >  084     - >> ERRO >> Nome de Arquivo Cabinet não pode estar vazio.
 <-1            >  081     - >> ERRO >> Nome de Arquivo Cabinet não pode estar vazio.
 <-1            >  087     - >> ERRO >> Nome de Arquivo Cabinet não pode estar vazio.
 <-1            >  083     - >> ERRO >> Nome de Arquivo Cabinet não pode estar vazio.
 <-1            >  086     - >> ERRO >> Component Files not found : 
 <-1            >  088     - >> ERRO >> Nome de Arquivo Cabinet não pode estar vazio.
 <-1            >  084     - >> ERRO >> Nome de Arquivo Cabinet não pode estar vazio.
 <-1            >  080     - >> ERRO >> Nome de Arquivo Cabinet não pode estar vazio.
 <-1            >  086     - >> ERRO >> Nome de Arquivo Cabinet não pode estar vazio.
 <-1            >  082     - >> ERRO >> Nome de Arquivo Cabinet não pode estar vazio.
 <-1            >  087     - >> ERRO >> Nome de Arquivo Cabinet não pode estar vazio.
 <-1            >  095     - >> ERRO >> Nome de Arquivo Cabinet não pode estar vazio.
 <-1            >  099     - >> ERRO >> Nome de Arquivo Cabinet não pode estar vazio.
 <-1            >  094     - >> ERRO >> Nome de Arquivo Cabinet não pode estar vazio.
 <-1            >  090     - >> ERRO >> Nome de Arquivo Cabinet não pode estar vazio.
 <-1            >  096     - >> ERRO >> Nome de Arquivo Cabinet não pode estar vazio.
 <-1            >  091     - >> ERRO >> Nome de Arquivo Cabinet não pode estar vazio.
 <-1            >  099     - >> ERRO >> Component Files not found : 
 <-1            >  093     - >> ERRO >> Nome de Arquivo Cabinet não pode estar vazio.
 <-1            >  098     - >> ERRO >> Nome de Arquivo Cabinet não pode estar vazio.
 <-1            >  094     - >> ERRO >> Nome de Arquivo Cabinet não pode estar vazio.
 <-1            >  091     - >> ERRO >> Nome de Arquivo Cabinet não pode estar vazio.
 <-1            >  097     - >> ERRO >> Nome de Arquivo Cabinet não pode estar vazio.
 <-1            >  096     - >> ERRO >> Nome de Arquivo Cabinet não pode estar vazio.
 <-1            >  097     - >> ERRO >> Nome de Arquivo Cabinet não pode estar vazio.
 <-1            >  093     - >> ERRO >> Nome de Arquivo Cabinet não pode estar vazio.
 <-1            >  094     - >> ERRO >> Nome de Arquivo Cabinet não pode estar vazio.
 <-1            >  093     - >> ERRO >> Nome de Arquivo Cabinet não pode estar vazio.
 <-1            >  098     - >> ERRO >> Nome de Arquivo Cabinet não pode estar vazio.
 <-1            >  094     - >> ERRO >> Nome de Arquivo Cabinet não pode estar vazio.
 <-1            >  096     - >> ERRO >> Component Files not found : 
 <-1            >  095     - >> ERRO >> Nome de Arquivo Cabinet não pode estar vazio.
 <-1            >  091     - >> ERRO >> Nome de Arquivo Cabinet não pode estar vazio.
 <-1            >  097     - >> ERRO >> Nome de Arquivo Cabinet não pode estar vazio.
 <-1            >  094     - >> ERRO >> Nome de Arquivo Cabinet não pode estar vazio.
 <-1            >  091     - >> ERRO >> Nome de Arquivo Cabinet não pode estar vazio.
 <-1            >  098     - >> ERRO >> Nome de Arquivo Cabinet não pode estar vazio.
 <-1            >  108     - >> ERRO >> Nome de Arquivo Cabinet não pode estar vazio.
 <-1            >  104     - >> ERRO >> Nome de Arquivo Cabinet não pode estar vazio.
 <-1            >  100     - >> ERRO >> Nome de Arquivo Cabinet não pode estar vazio.
 <-1            >  101     - >> ERRO >> Nome de Arquivo Cabinet não pode estar vazio.
 <-1            >  101     - >> ERRO >> Nome de Arquivo Cabinet não pode estar vazio.
 <-1            >  106     - >> ERRO >> Nome de Arquivo Cabinet não pode estar vazio.
 <-1            >  105     - >> ERRO >> Component Files not found : 
 <-1            >  104     - >> ERRO >> Nome de Arquivo Cabinet não pode estar vazio.
 <-1            >  104     - >> ERRO >> Nome de Arquivo Cabinet não pode estar vazio.
 <-1            >  104     - >> ERRO >> Nome de Arquivo Cabinet não pode estar vazio.
 <-1            >  104     - >> ERRO >> Nome de Arquivo Cabinet não pode estar vazio.
 <-1            >  104     - >> ERRO >> Nome de Arquivo Cabinet não pode estar vazio.
 <-1            >  104     - >> ERRO >> Nome de Arquivo Cabinet não pode estar vazio.
 <-1            >  112     - >> ERRO >> Nome de Arquivo Cabinet não pode estar vazio.
 <-1            >  119     - >> ERRO >> Nome de Arquivo Cabinet não pode estar vazio.
 <-1            >  118     - >> ERRO >> Nome de Arquivo Cabinet não pode estar vazio.
 <-1            >  114     - >> ERRO >> Nome de Arquivo Cabinet não pode estar vazio.
 <-1            >  111     - >> ERRO >> Nome de Arquivo Cabinet não pode estar vazio.
 <-1            >  116     - >> ERRO >> Nome de Arquivo Cabinet não pode estar vazio.
 <-1            >  114     - >> ERRO >> Component Files not found : 
 <-1            >  113     - >> ERRO >> Nome de Arquivo Cabinet não pode estar vazio.
 <-1            >  118     - >> ERRO >> Nome de Arquivo Cabinet não pode estar vazio.
 <-1            >  113     - >> ERRO >> Nome de Arquivo Cabinet não pode estar vazio.
 <-1            >  119     - >> ERRO >> Nome de Arquivo Cabinet não pode estar vazio.
 <-1            >  114     - >> ERRO >> Nome de Arquivo Cabinet não pode estar vazio.
 <-1            >  110     - >> ERRO >> Nome de Arquivo Cabinet não pode estar vazio.
 <-1            >  119     - >> ERRO >> Nome de Arquivo Cabinet não pode estar vazio.
 <-1            >  111     - >> ERRO >> Nome de Arquivo Cabinet não pode estar vazio.
 <-1            >  110     - >> ERRO >> Nome de Arquivo Cabinet não pode estar vazio.
 <-1            >  113     - >> ERRO >> Nome de Arquivo Cabinet não pode estar vazio.
 <-1            >  119     - >> ERRO >> Nome de Arquivo Cabinet não pode estar vazio.
 <-1            >  115     - >> ERRO >> Nome de Arquivo Cabinet não pode estar vazio.
 <-1            >  112     - >> ERRO >> Component Files not found : 
 <-1            >  116     - >> ERRO >> Nome de Arquivo Cabinet não pode estar vazio.
 <-1            >  111     - >> ERRO >> Nome de Arquivo Cabinet não pode estar vazio.
 <-1            >  117     - >> ERRO >> Nome de Arquivo Cabinet não pode estar vazio.
 <-1            >  113     - >> ERRO >> Nome de Arquivo Cabinet não pode estar vazio.
 <-1            >  119     - >> ERRO >> Nome de Arquivo Cabinet não pode estar vazio.
 <-1            >  115     - >> ERRO >> Nome de Arquivo Cabinet não pode estar vazio.
 <-1            >  147     - >> ERRO >> Nome de Arquivo Cabinet não pode estar vazio.
 <-1            >  143     - >> ERRO >> Nome de Arquivo Cabinet não pode estar vazio.
 <-1            >  141     - >> ERRO >> Nome de Arquivo Cabinet não pode estar vazio.
 <-1            >  142     - >> ERRO >> Nome de Arquivo Cabinet não pode estar vazio.
 <-1            >  149     - >> ERRO >> Nome de Arquivo Cabinet não pode estar vazio.
 <-1            >  144     - >> ERRO >> Nome de Arquivo Cabinet não pode estar vazio.
 <-1            >  146     - >> ERRO >> Component Files not found : 
 <-1            >  144     - >> ERRO >> Nome de Arquivo Cabinet não pode estar vazio.
 <-1            >  140     - >> ERRO >> Nome de Arquivo Cabinet não pode estar vazio.
 <-1            >  147     - >> ERRO >> Nome de Arquivo Cabinet não pode estar vazio.
 <-1            >  143     - >> ERRO >> Nome de Arquivo Cabinet não pode estar vazio.
 <-1            >  149     - >> ERRO >> Nome de Arquivo Cabinet não pode estar vazio.
 <-1            >  145     - >> ERRO >> Nome de Arquivo Cabinet não pode estar vazio.
 <-1            >  062     - >> ERRO >> Nome de Arquivo Cabinet não pode estar vazio.
 <-1            >  067     - >> ERRO >> Nome de Arquivo Cabinet não pode estar vazio.
 <-1            >  068     - >> ERRO >> Nome de Arquivo Cabinet não pode estar vazio.
 <-1            >  069     - >> ERRO >> Nome de Arquivo Cabinet não pode estar vazio.
 <-1            >  064     - >> ERRO >> Nome de Arquivo Cabinet não pode estar vazio.
 <-1            >  064     - >> ERRO >> Nome de Arquivo Cabinet não pode estar vazio.
 <-1            >  060     - >> ERRO >> Component Files not found : 
 <-1            >  063     - >> ERRO >> Nome de Arquivo Cabinet não pode estar vazio.
 <-1            >  063     - >> ERRO >> Nome de Arquivo Cabinet não pode estar vazio.
 <-1            >  063     - >> ERRO >> Nome de Arquivo Cabinet não pode estar vazio.
 <-1            >  063     - >> ERRO >> Nome de Arquivo Cabinet não pode estar vazio.
 <-1            >  063     - >> ERRO >> Nome de Arquivo Cabinet não pode estar vazio.
 <-1            >  063     - >> ERRO >> Nome de Arquivo Cabinet não pode estar vazio.
 <-1            >  121     - >> ERRO >> Nome de Arquivo Cabinet não pode estar vazio.
 <-1            >  125     - >> ERRO >> Nome de Arquivo Cabinet não pode estar vazio.
 <-1            >  129     - >> ERRO >> Nome de Arquivo Cabinet não pode estar vazio.
 <-1            >  128     - >> ERRO >> Nome de Arquivo Cabinet não pode estar vazio.
 <-1            >  126     - >> ERRO >> Nome de Arquivo Cabinet não pode estar vazio.
 <-1            >  122     - >> ERRO >> Nome de Arquivo Cabinet não pode estar vazio.
 <-1            >  122     - >> ERRO >> Component Files not found : 
 <-1            >  129     - >> ERRO >> Nome de Arquivo Cabinet não pode estar vazio.
 <-1            >  125     - >> ERRO >> Nome de Arquivo Cabinet não pode estar vazio.
 <-1            >  121     - >> ERRO >> Nome de Arquivo Cabinet não pode estar vazio.
 <-1            >  128     - >> ERRO >> Nome de Arquivo Cabinet não pode estar vazio.
 <-1            >  124     - >> ERRO >> Nome de Arquivo Cabinet não pode estar vazio.
 <-1            >  121     - >> ERRO >> Nome de Arquivo Cabinet não pode estar vazio.
 <-1            >  129     - >> ERRO >> Nome de Arquivo Cabinet não pode estar vazio.
 <-1            >  125     - >> ERRO >> Nome de Arquivo Cabinet não pode estar vazio.
 <-1            >  128     - >> ERRO >> Nome de Arquivo Cabinet não pode estar vazio.
 <-1            >  129     - >> ERRO >> Nome de Arquivo Cabinet não pode estar vazio.
 <-1            >  126     - >> ERRO >> Nome de Arquivo Cabinet não pode estar vazio.
 <-1            >  122     - >> ERRO >> Nome de Arquivo Cabinet não pode estar vazio.
 <-1            >  128     - >> ERRO >> Component Files not found : 
 <-1            >  129     - >> ERRO >> Nome de Arquivo Cabinet não pode estar vazio.
 <-1            >  120     - >> ERRO >> Nome de Arquivo Cabinet não pode estar vazio.
 <-1            >  122     - >> ERRO >> Nome de Arquivo Cabinet não pode estar vazio.
 <-1            >  123     - >> ERRO >> Nome de Arquivo Cabinet não pode estar vazio.
 <-1            >  121     - >> ERRO >> Nome de Arquivo Cabinet não pode estar vazio.
 <-1            >  128     - >> ERRO >> Nome de Arquivo Cabinet não pode estar vazio.
 <1> 25/11/2014 09:48:42.788     [Error  ] - Cabinet File Name cannot be empty.
 <1> 25/11/2014 09:48:42.851     [Error  ] - Cabinet File Name cannot be empty.
 <1> 25/11/2014 09:48:44.809     [Error  ] - Cabinet File Name cannot be empty.
 <1> 25/11/2014 09:48:45.771     [Error  ] - Cabinet File Name cannot be empty.
 <1> 25/11/2014 09:48:45.828     [Error  ] - Cabinet File Name cannot be empty.
 <1> 25/11/2014 09:48:45.885     [Error  ] - Cabinet File Name cannot be empty.
 <1> 25/11/2014 09:48:48.790     [Error  ] - Component Files not found : TabSignes.ecf
 <1> 25/11/2014 09:48:48.847     [Error  ] - Component Files not found : 
 <1> 25/11/2014 09:48:50.667     [Error  ] - Cabinet File Name cannot be empty.
 <1> 25/11/2014 09:48:50.724     [Error  ] - Cabinet File Name cannot be empty.
 <1> 25/11/2014 09:48:50.781     [Error  ] - Cabinet File Name cannot be empty.
 <1> 25/11/2014 09:48:50.838     [Error  ] - Cabinet File Name cannot be empty.
 <1> 25/11/2014 09:48:50.894     [Error  ] - Cabinet File Name cannot be empty.
 <1> 25/11/2014 09:48:50.951     [Error  ] - Cabinet File Name cannot be empty.
 <1> 27/03/2015 10:35:30.557     [Error  ] - Cabinet File Name cannot be empty.
 <1> 27/03/2015 10:35:30.619     [Error  ] - Cabinet File Name cannot be empty.
 <1> 27/03/2015 10:35:32.152     [Error  ] - Cabinet File Name cannot be empty.
 <1> 27/03/2015 10:35:32.873     [Error  ] - Cabinet File Name cannot be empty.
 <1> 27/03/2015 10:35:32.929     [Error  ] - Cabinet File Name cannot be empty.
 <1> 27/03/2015 10:35:32.984     [Error  ] - Cabinet File Name cannot be empty.
 <1> 27/03/2015 10:35:35.851     [Error  ] - Component Files not found : 
 <1> 27/03/2015 10:35:36.463     [Error  ] - Cabinet File Name cannot be empty.
 <1> 27/03/2015 10:35:36.519     [Error  ] - Cabinet File Name cannot be empty.
 <1> 27/03/2015 10:35:36.574     [Error  ] - Cabinet File Name cannot be empty.
 <1> 27/03/2015 10:35:36.629     [Error  ] - Cabinet File Name cannot be empty.
 <1> 27/03/2015 10:35:36.684     [Error  ] - Cabinet File Name cannot be empty.
 <1> 27/03/2015 10:35:36.740     [Error  ] - Cabinet File Name cannot be empty.
 <1> 10/07/2015 16:03:28.318     [Error  ] - Cabinet File Name cannot be empty.
 <1> 10/07/2015 16:03:28.394     [Error  ] - Cabinet File Name cannot be empty.
 <1> 10/07/2015 16:03:29.862     [Error  ] - Cabinet File Name cannot be empty.
 <1> 10/07/2015 16:03:30.591     [Error  ] - Cabinet File Name cannot be empty.
 <1> 10/07/2015 16:03:30.647     [Error  ] - Cabinet File Name cannot be empty.
 <1> 10/07/2015 16:03:30.704     [Error  ] - Cabinet File Name cannot be empty.
 <1> 10/07/2015 16:03:34.302     [Error  ] - Component Files not found : CGLFCore.ecf
 <1> 10/07/2015 16:03:34.907     [Error  ] - Cabinet File Name cannot be empty.
 <1> 10/07/2015 16:03:34.962     [Error  ] - Cabinet File Name cannot be empty.
 <1> 10/07/2015 16:03:35.017     [Error  ] - Cabinet File Name cannot be empty.
 <1> 10/07/2015 16:03:35.071     [Error  ] - Cabinet File Name cannot be empty.
 <1> 10/07/2015 16:03:35.125     [Error  ] - Cabinet File Name cannot be empty.
 <1> 10/07/2015 16:03:35.179     [Error  ] - Cabinet File Name cannot be empty.
 <1> 13/07/2015 09:09:40.626     [Error  ] - Cabinet File Name cannot be empty.
 <1> 13/07/2015 09:09:40.689     [Error  ] - Cabinet File Name cannot be empty.
 <1> 13/07/2015 09:09:42.185     [Error  ] - Cabinet File Name cannot be empty.
 <1> 13/07/2015 09:09:42.919     [Error  ] - Cabinet File Name cannot be empty.
 <1> 13/07/2015 09:09:42.997     [Error  ] - Cabinet File Name cannot be empty.
 <1> 13/07/2015 09:09:43.060     [Error  ] - Cabinet File Name cannot be empty.
 <1> 13/07/2015 09:09:46.596     [Error  ] - Component Files not found : CGLFCore.ecf
 <1> 13/07/2015 09:09:47.205     [Error  ] - Cabinet File Name cannot be empty.
 <1> 13/07/2015 09:09:47.268     [Error  ] - Cabinet File Name cannot be empty.
 <1> 13/07/2015 09:09:47.330     [Error  ] - Cabinet File Name cannot be empty.
 <1> 13/07/2015 09:09:47.393     [Error  ] - Cabinet File Name cannot be empty.
 <1> 13/07/2015 09:09:47.455     [Error  ] - Cabinet File Name cannot be empty.
 <1> 13/07/2015 09:09:47.518     [Error  ] - Cabinet File Name cannot be empty.
 <1> 13/07/2015 09:48:24.841     [Error  ] - Cabinet File Name cannot be empty.
 <1> 13/07/2015 09:48:24.919     [Error  ] - Cabinet File Name cannot be empty.
 <1> 13/07/2015 09:48:26.458     [Error  ] - Cabinet File Name cannot be empty.
 <1> 13/07/2015 09:48:27.161     [Error  ] - Cabinet File Name cannot be empty.
 <1> 13/07/2015 09:48:27.239     [Error  ] - Cabinet File Name cannot be empty.
 <1> 13/07/2015 09:48:27.301     [Error  ] - Cabinet File Name cannot be empty.
 <1> 13/07/2015 09:48:30.903     [Error  ] - Component Files not found : CGLFCore.ecf
 <1> 13/07/2015 09:48:31.481     [Error  ] - Cabinet File Name cannot be empty.
 <1> 13/07/2015 09:48:31.559     [Error  ] - Cabinet File Name cannot be empty.
 <1> 13/07/2015 09:48:31.622     [Error  ] - Cabinet File Name cannot be empty.
 <1> 13/07/2015 09:48:31.684     [Error  ] - Cabinet File Name cannot be empty.
 <1> 13/07/2015 09:48:31.747     [Error  ] - Cabinet File Name cannot be empty.
 <1> 13/07/2015 09:48:31.809     [Error  ] - Cabinet File Name cannot be empty.
 <1> 28/09/2015 10:04:25.698     [Error  ] - Cabinet File Name cannot be empty.
 <1> 28/09/2015 10:04:25.759     [Error  ] - Cabinet File Name cannot be empty.
 <1> 28/09/2015 10:04:27.247     [Error  ] - Cabinet File Name cannot be empty.
 <1> 28/09/2015 10:04:27.961     [Error  ] - Cabinet File Name cannot be empty.
 <1> 28/09/2015 10:04:28.016     [Error  ] - Cabinet File Name cannot be empty.
 <1> 28/09/2015 10:04:28.072     [Error  ] - Cabinet File Name cannot be empty.
 <1> 28/09/2015 10:04:31.678     [Error  ] - Component Files not found : CGLFCore.ecf
 <1> 28/09/2015 10:04:32.281     [Error  ] - Cabinet File Name cannot be empty.
 <1> 28/09/2015 10:04:32.338     [Error  ] - Cabinet File Name cannot be empty.
 <1> 28/09/2015 10:04:32.393     [Error  ] - Cabinet File Name cannot be empty.
 <1> 28/09/2015 10:04:32.447     [Error  ] - Cabinet File Name cannot be empty.
 <1> 28/09/2015 10:04:32.503     [Error  ] - Cabinet File Name cannot be empty.
 <1> 28/09/2015 10:04:32.557     [Error  ] - Cabinet File Name cannot be empty.
 <460236947594916860> 28/09/2015 10:42:54.700     [Error  ] - Create error: GEGERREL, program: Imprimir Pedido
 <209563383789214690> 28/09/2015 10:55:12.307     [Error  ] - Create error: GEGERREL, program: Imprimir Pedido
 <555554010252312260> 28/09/2015 10:55:16.374     [Error  ] - Create error: GEGERREL, program: Imprimir Pedido
 <1> 30/11/2015 15:53:48.714     [Error  ] - Cabinet File Name cannot be empty.
 <1> 30/11/2015 15:53:48.770     [Error  ] - Cabinet File Name cannot be empty.
 <1> 30/11/2015 15:53:50.022     [Error  ] - Cabinet File Name cannot be empty.
 <1> 30/11/2015 15:53:50.742     [Error  ] - Cabinet File Name cannot be empty.
 <1> 30/11/2015 15:53:50.797     [Error  ] - Cabinet File Name cannot be empty.
 <1> 30/11/2015 15:53:50.852     [Error  ] - Cabinet File Name cannot be empty.
 <1> 30/11/2015 15:53:54.447     [Error  ] - Component Files not found : CGLFCore.ecf
 <1> 30/11/2015 15:53:55.044     [Error  ] - Cabinet File Name cannot be empty.
 <1> 30/11/2015 15:53:55.099     [Error  ] - Cabinet File Name cannot be empty.
 <1> 30/11/2015 15:53:55.158     [Error  ] - Cabinet File Name cannot be empty.
 <1> 30/11/2015 15:53:55.217     [Error  ] - Cabinet File Name cannot be empty.
 <1> 30/11/2015 15:53:55.276     [Error  ] - Cabinet File Name cannot be empty.
 <1> 30/11/2015 15:53:55.335     [Error  ] - Cabinet File Name cannot be empty.
 <1> 25/01/2016 09:46:49.441     [Error  ] - Cabinet File Name cannot be empty.
 <1> 25/01/2016 09:46:49.507     [Error  ] - Cabinet File Name cannot be empty.
 <1> 25/01/2016 09:46:50.862     [Error  ] - Cabinet File Name cannot be empty.
 <1> 25/01/2016 09:46:51.615     [Error  ] - Cabinet File Name cannot be empty.
 <1> 25/01/2016 09:46:51.672     [Error  ] - Cabinet File Name cannot be empty.
 <1> 25/01/2016 09:46:51.728     [Error  ] - Cabinet File Name cannot be empty.
 <1> 25/01/2016 09:46:56.542     [Error  ] - Cabinet File Name cannot be empty.
 <1> 25/01/2016 09:46:56.598     [Error  ] - Cabinet File Name cannot be empty.
 <1> 25/01/2016 09:46:56.654     [Error  ] - Cabinet File Name cannot be empty.
 <1> 25/01/2016 09:46:56.709     [Error  ] - Cabinet File Name cannot be empty.
 <1> 25/01/2016 09:46:56.765     [Error  ] - Cabinet File Name cannot be empty.
 <1> 25/01/2016 09:46:56.821     [Error  ] - Cabinet File Name cannot be empty.
 <-1> 27/11/2017 14:06:44.619     [Error  ] - Cabinet File Name cannot be empty.
 <-1> 27/11/2017 14:06:44.712     [Error  ] - Cabinet File Name cannot be empty.
 <-1> 27/11/2017 14:06:46.057     [Error  ] - Cabinet File Name cannot be empty.
 <-1> 27/11/2017 14:06:48.537     [Error  ] - Cabinet File Name cannot be empty.
 <-1> 27/11/2017 14:06:48.614     [Error  ] - Cabinet File Name cannot be empty.
 <-1> 27/11/2017 14:06:48.685     [Error  ] - Cabinet File Name cannot be empty.
 <-1> 27/11/2017 14:06:56.458     [Error  ] - Cabinet File Name cannot be empty.
 <-1> 27/11/2017 14:06:56.536     [Error  ] - Cabinet File Name cannot be empty.
 <-1> 27/11/2017 14:06:56.622     [Error  ] - Cabinet File Name cannot be empty.
 <-1> 27/11/2017 14:06:56.697     [Error  ] - Cabinet File Name cannot be empty.
 <-1> 27/11/2017 14:06:56.774     [Error  ] - Cabinet File Name cannot be empty.
 <-1> 27/11/2017 14:06:56.863     [Error  ] - Cabinet File Name cannot be empty.
 <-1> 13/11/2018 16:42:57.551     [Error  ] - Cabinet File Name cannot be empty.
 <-1> 13/11/2018 16:42:57.611     [Error  ] - Cabinet File Name cannot be empty.
 <-1> 13/11/2018 16:42:58.379     [Error  ] - Cabinet File Name cannot be empty.
 <-1> 13/11/2018 16:42:59.873     [Error  ] - Cabinet File Name cannot be empty.
 <-1> 13/11/2018 16:42:59.923     [Error  ] - Cabinet File Name cannot be empty.
 <-1> 13/11/2018 16:42:59.978     [Error  ] - Cabinet File Name cannot be empty.
 <-1> 13/11/2018 16:43:05.243     [Error  ] - Cabinet File Name cannot be empty.
 <-1> 13/11/2018 16:43:05.300     [Error  ] - Cabinet File Name cannot be empty.
 <-1> 13/11/2018 16:43:05.361     [Error  ] - Cabinet File Name cannot be empty.
 <-1> 13/11/2018 16:43:05.423     [Error  ] - Cabinet File Name cannot be empty.
 <-1> 13/11/2018 16:43:05.485     [Error  ] - Cabinet File Name cannot be empty.
 <-1> 13/11/2018 16:43:05.547     [Error  ] - Cabinet File Name cannot be empty.
 <-1> 14/11/2018 08:07:29.117     [Error  ] - Cabinet File Name cannot be empty.
 <-1> 14/11/2018 08:07:29.169     [Error  ] - Cabinet File Name cannot be empty.
 <-1> 14/11/2018 08:07:29.935     [Error  ] - Cabinet File Name cannot be empty.
 <-1> 14/11/2018 08:07:31.530     [Error  ] - Cabinet File Name cannot be empty.
 <-1> 14/11/2018 08:07:31.588     [Error  ] - Cabinet File Name cannot be empty.
 <-1> 14/11/2018 08:07:31.650     [Error  ] - Cabinet File Name cannot be empty.
 <-1> 14/11/2018 08:07:37.606     [Error  ] - Cabinet File Name cannot be empty.
 <-1> 14/11/2018 08:07:37.661     [Error  ] - Cabinet File Name cannot be empty.
 <-1> 14/11/2018 08:07:37.722     [Error  ] - Cabinet File Name cannot be empty.
 <-1> 14/11/2018 08:07:37.784     [Error  ] - Cabinet File Name cannot be empty.
 <-1> 14/11/2018 08:07:37.846     [Error  ] - Cabinet File Name cannot be empty.
 <-1> 14/11/2018 08:07:37.908     [Error  ] - Cabinet File Name cannot be empty.
 <-1> 22/11/2018 11:14:40.793     [Error  ] - Cabinet File Name cannot be empty.
 <-1> 22/11/2018 11:14:40.852     [Error  ] - Cabinet File Name cannot be empty.
 <-1> 22/11/2018 11:14:41.572     [Error  ] - Cabinet File Name cannot be empty.
 <-1> 22/11/2018 11:14:43.014     [Error  ] - Cabinet File Name cannot be empty.
 <-1> 22/11/2018 11:14:43.065     [Error  ] - Cabinet File Name cannot be empty.
 <-1> 22/11/2018 11:14:43.117     [Error  ] - Cabinet File Name cannot be empty.
 <-1> 22/11/2018 11:14:48.265     [Error  ] - Cabinet File Name cannot be empty.
 <-1> 22/11/2018 11:14:48.317     [Error  ] - Cabinet File Name cannot be empty.
 <-1> 22/11/2018 11:14:48.368     [Error  ] - Cabinet File Name cannot be empty.
 <-1> 22/11/2018 11:14:48.419     [Error  ] - Cabinet File Name cannot be empty.
 <-1> 22/11/2018 11:14:48.470     [Error  ] - Cabinet File Name cannot be empty.
 <-1> 22/11/2018 11:14:48.521     [Error  ] - Cabinet File Name cannot be empty.
 <-1> 22/11/2018 16:46:59.396     [Error  ] - Cabinet File Name cannot be empty.
 <-1> 22/11/2018 16:46:59.448     [Error  ] - Cabinet File Name cannot be empty.
 <-1> 22/11/2018 16:47:00.188     [Error  ] - Cabinet File Name cannot be empty.
 <-1> 22/11/2018 16:47:01.708     [Error  ] - Cabinet File Name cannot be empty.
 <-1> 22/11/2018 16:47:01.760     [Error  ] - Cabinet File Name cannot be empty.
 <-1> 22/11/2018 16:47:01.810     [Error  ] - Cabinet File Name cannot be empty.
 <-1> 22/11/2018 16:47:06.958     [Error  ] - Cabinet File Name cannot be empty.
 <-1> 22/11/2018 16:47:07.010     [Error  ] - Cabinet File Name cannot be empty.
 <-1> 22/11/2018 16:47:07.061     [Error  ] - Cabinet File Name cannot be empty.
 <-1> 22/11/2018 16:47:07.112     [Error  ] - Cabinet File Name cannot be empty.
 <-1> 22/11/2018 16:47:07.163     [Error  ] - Cabinet File Name cannot be empty.
 <-1> 22/11/2018 16:47:07.214     [Error  ] - Cabinet File Name cannot be empty.
 <-1> 05/12/2018 17:15:20.183     [Error  ] - Cabinet File Name cannot be empty.
 <-1> 05/12/2018 17:15:20.247     [Error  ] - Cabinet File Name cannot be empty.
 <-1> 05/12/2018 17:15:21.297     [Error  ] - Cabinet File Name cannot be empty.
 <-1> 05/12/2018 17:15:23.069     [Error  ] - Cabinet File Name cannot be empty.
 <-1> 05/12/2018 17:15:23.120     [Error  ] - Cabinet File Name cannot be empty.
 <-1> 05/12/2018 17:15:23.171     [Error  ] - Cabinet File Name cannot be empty.
 <-1> 05/12/2018 17:15:30.034     [Error  ] - Cabinet File Name cannot be empty.
 <-1> 05/12/2018 17:15:30.085     [Error  ] - Cabinet File Name cannot be empty.
 <-1> 05/12/2018 17:15:30.136     [Error  ] - Cabinet File Name cannot be empty.
 <-1> 05/12/2018 17:15:30.187     [Error  ] - Cabinet File Name cannot be empty.
 <-1> 05/12/2018 17:15:30.237     [Error  ] - Cabinet File Name cannot be empty.
 <-1> 05/12/2018 17:15:30.288     [Error  ] - Cabinet File Name cannot be empty.
 <-1> 11/12/2018 17:48:22.735     [Error  ] - Cabinet File Name cannot be empty.
 <-1> 11/12/2018 17:48:22.791     [Error  ] - Cabinet File Name cannot be empty.
 <-1> 11/12/2018 17:48:24.008     [Error  ] - Cabinet File Name cannot be empty.
 <-1> 11/12/2018 17:48:26.187     [Error  ] - Cabinet File Name cannot be empty.
 <-1> 11/12/2018 17:48:26.239     [Error  ] - Cabinet File Name cannot be empty.
 <-1> 11/12/2018 17:48:26.290     [Error  ] - Cabinet File Name cannot be empty.
 <-1> 11/12/2018 17:48:34.084     [Error  ] - Cabinet File Name cannot be empty.
 <-1> 11/12/2018 17:48:34.136     [Error  ] - Cabinet File Name cannot be empty.
 <-1> 11/12/2018 17:48:34.187     [Error  ] - Cabinet File Name cannot be empty.
 <-1> 11/12/2018 17:48:34.238     [Error  ] - Cabinet File Name cannot be empty.
 <-1> 11/12/2018 17:48:34.289     [Error  ] - Cabinet File Name cannot be empty.
 <-1> 11/12/2018 17:48:34.340     [Error  ] - Cabinet File Name cannot be empty.
 <-1> 10/01/2019 15:52:38.988     [Error  ] - Cabinet File Name cannot be empty.
 <-1> 10/01/2019 15:52:39.043     [Error  ] - Cabinet File Name cannot be empty.
 <-1> 10/01/2019 15:52:40.014     [Error  ] - Cabinet File Name cannot be empty.
 <-1> 10/01/2019 15:52:41.690     [Error  ] - Cabinet File Name cannot be empty.
 <-1> 10/01/2019 15:52:41.742     [Error  ] - Cabinet File Name cannot be empty.
 <-1> 10/01/2019 15:52:41.793     [Error  ] - Cabinet File Name cannot be empty.
 <-1> 10/01/2019 15:52:48.340     [Error  ] - Cabinet File Name cannot be empty.
 <-1> 10/01/2019 15:52:48.392     [Error  ] - Cabinet File Name cannot be empty.
 <-1> 10/01/2019 15:52:48.443     [Error  ] - Cabinet File Name cannot be empty.
 <-1> 10/01/2019 15:52:48.494     [Error  ] - Cabinet File Name cannot be empty.
 <-1> 10/01/2019 15:52:48.545     [Error  ] - Cabinet File Name cannot be empty.
 <-1> 10/01/2019 15:52:48.596     [Error  ] - Cabinet File Name cannot be empty.
 <-1> 25/04/2019 13:35:27.138     [Error  ] - Cabinet File Name cannot be empty.
 <-1> 25/04/2019 13:35:27.205     [Error  ] - Cabinet File Name cannot be empty.
 <-1> 25/04/2019 13:35:27.965     [Error  ] - Cabinet File Name cannot be empty.
 <-1> 25/04/2019 13:35:29.421     [Error  ] - Cabinet File Name cannot be empty.
 <-1> 25/04/2019 13:35:29.478     [Error  ] - Cabinet File Name cannot be empty.
 <-1> 25/04/2019 13:35:29.535     [Error  ] - Cabinet File Name cannot be empty.
 <-1> 25/04/2019 13:35:36.645     [Error  ] - Cabinet File Name cannot be empty.
 <-1> 25/04/2019 13:35:36.702     [Error  ] - Cabinet File Name cannot be empty.
 <-1> 25/04/2019 13:35:36.758     [Error  ] - Cabinet File Name cannot be empty.
 <-1> 25/04/2019 13:35:36.824     [Error  ] - Cabinet File Name cannot be empty.
 <-1> 25/04/2019 13:35:36.883     [Error  ] - Cabinet File Name cannot be empty.
 <-1> 25/04/2019 13:35:36.939     [Error  ] - Cabinet File Name cannot be empty.
 <-1> 26/04/2019 14:49:54.770     [Error  ] - Cabinet File Name cannot be empty.
 <-1> 26/04/2019 14:49:54.848     [Error  ] - Cabinet File Name cannot be empty.
 <-1> 26/04/2019 14:49:55.548     [Error  ] - Cabinet File Name cannot be empty.
 <-1> 26/04/2019 14:49:56.970     [Error  ] - Cabinet File Name cannot be empty.
 <-1> 26/04/2019 14:49:57.059     [Error  ] - Cabinet File Name cannot be empty.
 <-1> 26/04/2019 14:49:57.116     [Error  ] - Cabinet File Name cannot be empty.
 <-1> 26/04/2019 14:50:03.910     [Error  ] - Cabinet File Name cannot be empty.
 <-1> 26/04/2019 14:50:03.979     [Error  ] - Cabinet File Name cannot be empty.
 <-1> 26/04/2019 14:50:04.039     [Error  ] - Cabinet File Name cannot be empty.
 <-1> 26/04/2019 14:50:04.126     [Error  ] - Cabinet File Name cannot be empty.
 <-1> 26/04/2019 14:50:04.183     [Error  ] - Cabinet File Name cannot be empty.
 <-1> 26/04/2019 14:50:04.259     [Error  ] - Cabinet File Name cannot be empty.
 <-1> 06/05/2019 08:55:21.090     [Error  ] - Cabinet File Name cannot be empty.
 <-1> 06/05/2019 08:55:21.162     [Error  ] - Cabinet File Name cannot be empty.
 <-1> 06/05/2019 08:55:22.322     [Error  ] - Cabinet File Name cannot be empty.
 <-1> 06/05/2019 08:55:24.102     [Error  ] - Cabinet File Name cannot be empty.
 <-1> 06/05/2019 08:55:24.175     [Error  ] - Cabinet File Name cannot be empty.
 <-1> 06/05/2019 08:55:24.237     [Error  ] - Cabinet File Name cannot be empty.
 <-1> 06/05/2019 08:55:32.923     [Error  ] - Cabinet File Name cannot be empty.
 <-1> 06/05/2019 08:55:32.982     [Error  ] - Cabinet File Name cannot be empty.
 <-1> 06/05/2019 08:55:33.044     [Error  ] - Cabinet File Name cannot be empty.
 <-1> 06/05/2019 08:55:33.106     [Error  ] - Cabinet File Name cannot be empty.
 <-1> 06/05/2019 08:55:33.168     [Error  ] - Cabinet File Name cannot be empty.
 <-1> 06/05/2019 08:55:33.230     [Error  ] - Cabinet File Name cannot be empty.
 <-1> 28/05/2019 14:36:49.952     [Error  ] - Cabinet File Name cannot be empty.
 <-1> 28/05/2019 14:36:50.018     [Error  ] - Cabinet File Name cannot be empty.
 <-1> 28/05/2019 14:36:50.986     [Error  ] - Cabinet File Name cannot be empty.
 <-1> 28/05/2019 14:36:52.627     [Error  ] - Cabinet File Name cannot be empty.
 <-1> 28/05/2019 14:36:52.684     [Error  ] - Cabinet File Name cannot be empty.
 <-1> 28/05/2019 14:36:52.741     [Error  ] - Cabinet File Name cannot be empty.
 <-1> 28/05/2019 14:37:00.002     [Error  ] - Cabinet File Name cannot be empty.
 <-1> 28/05/2019 14:37:00.064     [Error  ] - Cabinet File Name cannot be empty.
 <-1> 28/05/2019 14:37:00.121     [Error  ] - Cabinet File Name cannot be empty.
 <-1> 28/05/2019 14:37:00.179     [Error  ] - Cabinet File Name cannot be empty.
 <-1> 28/05/2019 14:37:00.236     [Error  ] - Cabinet File Name cannot be empty.
 <-1> 28/05/2019 14:37:00.295     [Error  ] - Cabinet File Name cannot be empty.
 <-1> 31/07/2019 11:10:58.208     [Error  ] - Cabinet File Name cannot be empty.
 <-1> 31/07/2019 11:10:58.274     [Error  ] - Cabinet File Name cannot be empty.
 <-1> 31/07/2019 11:10:59.251     [Error  ] - Cabinet File Name cannot be empty.
 <-1> 31/07/2019 11:11:00.944     [Error  ] - Cabinet File Name cannot be empty.
 <-1> 31/07/2019 11:11:01.005     [Error  ] - Cabinet File Name cannot be empty.
 <-1> 31/07/2019 11:11:01.064     [Error  ] - Cabinet File Name cannot be empty.
 <-1> 31/07/2019 11:11:08.437     [Error  ] - Cabinet File Name cannot be empty.
 <-1> 31/07/2019 11:11:08.495     [Error  ] - Cabinet File Name cannot be empty.
 <-1> 31/07/2019 11:11:08.553     [Error  ] - Cabinet File Name cannot be empty.
 <-1> 31/07/2019 11:11:08.611     [Error  ] - Cabinet File Name cannot be empty.
 <-1> 31/07/2019 11:11:08.669     [Error  ] - Cabinet File Name cannot be empty.
 <-1> 31/07/2019 11:11:08.727     [Error  ] - Cabinet File Name cannot be empty.
 <-1> 02/08/2019 10:31:22.703     [Error  ] - Cabinet File Name cannot be empty.
 <-1> 02/08/2019 10:31:22.770     [Error  ] - Cabinet File Name cannot be empty.
 <-1> 02/08/2019 10:31:23.807     [Error  ] - Cabinet File Name cannot be empty.
 <-1> 02/08/2019 10:31:25.560     [Error  ] - Cabinet File Name cannot be empty.
 <-1> 02/08/2019 10:31:25.618     [Error  ] - Cabinet File Name cannot be empty.
 <-1> 02/08/2019 10:31:25.677     [Error  ] - Cabinet File Name cannot be empty.
 <-1> 02/08/2019 10:31:33.269     [Error  ] - Cabinet File Name cannot be empty.
 <-1> 02/08/2019 10:31:33.328     [Error  ] - Cabinet File Name cannot be empty.
 <-1> 02/08/2019 10:31:33.386     [Error  ] - Cabinet File Name cannot be empty.
 <-1> 02/08/2019 10:31:33.443     [Error  ] - Cabinet File Name cannot be empty.
 <-1> 02/08/2019 10:31:33.501     [Error  ] - Cabinet File Name cannot be empty.
 <-1> 02/08/2019 10:31:33.558     [Error  ] - Cabinet File Name cannot be empty.
 <-1> 14/08/2019 13:23:47.087     [Error  ] - Cabinet File Name cannot be empty.
 <-1> 14/08/2019 13:23:47.158     [Error  ] - Cabinet File Name cannot be empty.
 <-1> 14/08/2019 13:23:48.104     [Error  ] - Cabinet File Name cannot be empty.
 <-1> 14/08/2019 13:23:49.739     [Error  ] - Cabinet File Name cannot be empty.
 <-1> 14/08/2019 13:23:49.798     [Error  ] - Cabinet File Name cannot be empty.
 <-1> 14/08/2019 13:23:49.870     [Error  ] - Cabinet File Name cannot be empty.
 <-1> 14/08/2019 13:23:57.250     [Error  ] - Cabinet File Name cannot be empty.
 <-1> 14/08/2019 13:23:57.309     [Error  ] - Cabinet File Name cannot be empty.
 <-1> 14/08/2019 13:23:57.367     [Error  ] - Cabinet File Name cannot be empty.
 <-1> 14/08/2019 13:23:57.425     [Error  ] - Cabinet File Name cannot be empty.
 <-1> 14/08/2019 13:23:57.483     [Error  ] - Cabinet File Name cannot be empty.
 <-1> 14/08/2019 13:23:57.541     [Error  ] - Cabinet File Name cannot be empty.
 <-1> 27/01/2020 09:35:31.964     [Error  ] - Cabinet File Name cannot be empty.
 <-1> 27/01/2020 09:35:32.033     [Error  ] - Cabinet File Name cannot be empty.
 <-1> 27/01/2020 09:35:33.023     [Error  ] - Cabinet File Name cannot be empty.
 <-1> 27/01/2020 09:35:34.719     [Error  ] - Cabinet File Name cannot be empty.
 <-1> 27/01/2020 09:35:34.778     [Error  ] - Cabinet File Name cannot be empty.
 <-1> 27/01/2020 09:35:34.837     [Error  ] - Cabinet File Name cannot be empty.
 <-1> 27/01/2020 09:35:42.305     [Error  ] - Cabinet File Name cannot be empty.
 <-1> 27/01/2020 09:35:42.364     [Error  ] - Cabinet File Name cannot be empty.
 <-1> 27/01/2020 09:35:42.423     [Error  ] - Cabinet File Name cannot be empty.
 <-1> 27/01/2020 09:35:42.482     [Error  ] - Cabinet File Name cannot be empty.
 <-1> 27/01/2020 09:35:42.541     [Error  ] - Cabinet File Name cannot be empty.
 <-1> 27/01/2020 09:35:42.600     [Error  ] - Cabinet File Name cannot be empty.
 <-1> 27/03/2020 11:23:10.766     [Error  ] - Cabinet File Name cannot be empty.
 <-1> 27/03/2020 11:23:10.842     [Error  ] - Cabinet File Name cannot be empty.
 <-1> 27/03/2020 11:23:11.843     [Error  ] - Cabinet File Name cannot be empty.
 <-1> 27/03/2020 11:23:13.545     [Error  ] - Cabinet File Name cannot be empty.
 <-1> 27/03/2020 11:23:13.605     [Error  ] - Cabinet File Name cannot be empty.
 <-1> 27/03/2020 11:23:13.663     [Error  ] - Cabinet File Name cannot be empty.
 <-1> 27/03/2020 11:23:21.214     [Error  ] - Cabinet File Name cannot be empty.
 <-1> 27/03/2020 11:23:21.273     [Error  ] - Cabinet File Name cannot be empty.
 <-1> 27/03/2020 11:23:21.332     [Error  ] - Cabinet File Name cannot be empty.
 <-1> 27/03/2020 11:23:21.394     [Error  ] - Cabinet File Name cannot be empty.
 <-1> 27/03/2020 11:23:21.452     [Error  ] - Cabinet File Name cannot be empty.
 <-1> 27/03/2020 11:23:21.510     [Error  ] - Cabinet File Name cannot be empty.
 <-1> 27/03/2020 15:41:42.776     [Error  ] - Cabinet File Name cannot be empty.
 <-1> 27/03/2020 15:41:42.843     [Error  ] - Cabinet File Name cannot be empty.
 <-1> 27/03/2020 15:41:43.843     [Error  ] - Cabinet File Name cannot be empty.
 <-1> 27/03/2020 15:41:45.600     [Error  ] - Cabinet File Name cannot be empty.
 <-1> 27/03/2020 15:41:45.658     [Error  ] - Cabinet File Name cannot be empty.
 <-1> 27/03/2020 15:41:45.716     [Error  ] - Cabinet File Name cannot be empty.
 <-1> 27/03/2020 15:41:53.362     [Error  ] - Cabinet File Name cannot be empty.
 <-1> 27/03/2020 15:41:53.422     [Error  ] - Cabinet File Name cannot be empty.
 <-1> 27/03/2020 15:41:53.480     [Error  ] - Cabinet File Name cannot be empty.
 <-1> 27/03/2020 15:41:53.539     [Error  ] - Cabinet File Name cannot be empty.
 <-1> 27/03/2020 15:41:53.597     [Error  ] - Cabinet File Name cannot be empty.
 <-1> 27/03/2020 15:41:53.656     [Error  ] - Cabinet File Name cannot be empty.
 <-1> 05/11/2020 13:33:53.237     [Error  ] - Cabinet File Name cannot be empty.
 <-1> 05/11/2020 13:33:53.307     [Error  ] - Cabinet File Name cannot be empty.
 <-1> 05/11/2020 13:33:54.253     [Error  ] - Cabinet File Name cannot be empty.
 <-1> 05/11/2020 13:33:55.668     [Error  ] - Cabinet File Name cannot be empty.
 <-1> 05/11/2020 13:33:55.728     [Error  ] - Cabinet File Name cannot be empty.
 <-1> 05/11/2020 13:33:55.789     [Error  ] - Cabinet File Name cannot be empty.
 <-1> 05/11/2020 13:34:04.337     [Error  ] - Cabinet File Name cannot be empty.
 <-1> 05/11/2020 13:34:04.396     [Error  ] - Cabinet File Name cannot be empty.
 <-1> 05/11/2020 13:34:04.459     [Error  ] - Cabinet File Name cannot be empty.
 <-1> 05/11/2020 13:34:04.521     [Error  ] - Cabinet File Name cannot be empty.
 <-1> 05/11/2020 13:34:04.581     [Error  ] - Cabinet File Name cannot be empty.
 <-1> 05/11/2020 13:34:04.644     [Error  ] - Cabinet File Name cannot be empty.
 <-1> 05/11/2020 13:34:51.513     [Error  ] - Error - run-time engine was not found. Please restart the studio in order to run the application
 <-1> 19/07/2022 11:31:53.609     [Error  ] - Cabinet File Name cannot be empty.
 <-1> 19/07/2022 11:31:53.699     [Error  ] - Cabinet File Name cannot be empty.
 <-1> 19/07/2022 11:31:55.253     [Error  ] - Cabinet File Name cannot be empty.
 <-1> 19/07/2022 11:31:57.363     [Error  ] - Cabinet File Name cannot be empty.
 <-1> 19/07/2022 11:31:57.438     [Error  ] - Cabinet File Name cannot be empty.
 <-1> 19/07/2022 11:31:57.499     [Error  ] - Cabinet File Name cannot be empty.
 <-1> 19/07/2022 11:32:14.222     [Error  ] - Cabinet File Name cannot be empty.
 <-1> 19/07/2022 11:32:14.291     [Error  ] - Cabinet File Name cannot be empty.
 <-1> 19/07/2022 11:32:14.353     [Error  ] - Cabinet File Name cannot be empty.
 <-1> 19/07/2022 11:32:14.417     [Error  ] - Cabinet File Name cannot be empty.
 <-1> 19/07/2022 11:32:14.480     [Error  ] - Cabinet File Name cannot be empty.
 <-1> 19/07/2022 11:32:14.558     [Error  ] - Cabinet File Name cannot be empty.
 <-1> 13/04/2023 10:52:08.164     [Error  ] - Cabinet File Name cannot be empty.
 <-1> 13/04/2023 10:52:08.234     [Error  ] - Cabinet File Name cannot be empty.
 <-1> 13/04/2023 10:52:09.136     [Error  ] - Cabinet File Name cannot be empty.
 <-1> 13/04/2023 10:52:10.335     [Error  ] - Cabinet File Name cannot be empty.
 <-1> 13/04/2023 10:52:10.391     [Error  ] - Cabinet File Name cannot be empty.
 <-1> 13/04/2023 10:52:10.453     [Error  ] - Cabinet File Name cannot be empty.
 <-1> 13/04/2023 10:52:19.017     [Error  ] - Cabinet File Name cannot be empty.
 <-1> 13/04/2023 10:52:19.074     [Error  ] - Cabinet File Name cannot be empty.
 <-1> 13/04/2023 10:52:19.136     [Error  ] - Cabinet File Name cannot be empty.
 <-1> 13/04/2023 10:52:19.197     [Error  ] - Cabinet File Name cannot be empty.
 <-1> 13/04/2023 10:52:19.258     [Error  ] - Cabinet File Name cannot be empty.
 <-1> 13/04/2023 10:52:19.320     [Error  ] - Cabinet File Name cannot be empty.
 <-1> 08/11/2023 14:15:17.905     [Error  ] - Cabinet File Name cannot be empty.
 <-1> 08/11/2023 14:15:17.969     [Error  ] - Cabinet File Name cannot be empty.
 <-1> 08/11/2023 14:15:19.049     [Error  ] - Cabinet File Name cannot be empty.
 <-1> 08/11/2023 14:15:20.443     [Error  ] - Cabinet File Name cannot be empty.
 <-1> 08/11/2023 14:15:20.508     [Error  ] - Cabinet File Name cannot be empty.
 <-1> 08/11/2023 14:15:20.571     [Error  ] - Cabinet File Name cannot be empty.
 <-1> 08/11/2023 14:15:29.980     [Error  ] - Cabinet File Name cannot be empty.
 <-1> 08/11/2023 14:15:30.043     [Error  ] - Cabinet File Name cannot be empty.
 <-1> 08/11/2023 14:15:30.107     [Error  ] - Cabinet File Name cannot be empty.
 <-1> 08/11/2023 14:15:30.170     [Error  ] - Cabinet File Name cannot be empty.
 <-1> 08/11/2023 14:15:30.232     [Error  ] - Cabinet File Name cannot be empty.
 <-1> 08/11/2023 14:15:30.295     [Error  ] - Cabinet File Name cannot be empty.
 <-1> 17/04/2024 09:17:20.143     [Error  ] - Cabinet File Name cannot be empty.
 <-1> 17/04/2024 09:17:20.208     [Error  ] - Cabinet File Name cannot be empty.
 <-1> 17/04/2024 09:17:21.038     [Error  ] - Cabinet File Name cannot be empty.
 <-1> 17/04/2024 09:17:22.217     [Error  ] - Cabinet File Name cannot be empty.
 <-1> 17/04/2024 09:17:22.270     [Error  ] - Cabinet File Name cannot be empty.
 <-1> 17/04/2024 09:17:22.332     [Error  ] - Cabinet File Name cannot be empty.
 <-1> 17/04/2024 09:17:31.340     [Error  ] - Cabinet File Name cannot be empty.
 <-1> 17/04/2024 09:17:31.396     [Error  ] - Cabinet File Name cannot be empty.
 <-1> 17/04/2024 09:17:31.459     [Error  ] - Cabinet File Name cannot be empty.
 <-1> 17/04/2024 09:17:31.522     [Error  ] - Cabinet File Name cannot be empty.
 <-1> 17/04/2024 09:17:31.584     [Error  ] - Cabinet File Name cannot be empty.
 <-1> 17/04/2024 09:17:31.645     [Error  ] - Cabinet File Name cannot be empty.
