Import warnings from file: C:\CIGAM\Temp\Programs_4233.xml (05/08/19 15:33:29)
==============================================================================

In Program/Task 2 - Expression parse error (4652)
In Program/Task 2 - Expression parse error (4647)
In Program/Task 2 - Expression parse error (4652)
In Program/Task 2 - Expression parse error (4652)
In Program/Task 2 - Expression parse error (4652)
In Program/Task 2 - Expression parse error (4652)

Import warnings from file: C:\CIGAM\Temp\Programs_1.xml (05/08/19 16:09:37)
===========================================================================


Import warnings from file: C:\CIGAM\Temp\Programs_4233.xml (05/08/19 16:27:18)
==============================================================================


Converting project  (05/11/20 12:39:42)
======================================================================
Program/Task  1 - Main program form - Info - 6 - MDI form was created. - Program = 1; Task = 1; Form = 1;  
General - General (21) - Info - 1 - User State Persistency changed from Name to Yes/No.
General - General (12) - Info - 2 - Style and Border of the controls were changed.
General - Components (4) - Info - 63 - The end user functionality component was added to the project.
General - Syntax checker (4) - Info - 74 - New transaction message was added.
General - color 340 instead of 10000- Info - 54 - New color was assigned to the control.
