Converting project  (27/03/20 08:43:00)
======================================================================
Program/Task  1 - Main program form - Info - 6 - MDI form was created. - Program = 1; Task = 1; Form = 1;  
General - General (98) - Info - 1 - User State Persistency changed from Name to Yes/No.
General - General (183) - Info - 2 - Style and Border of the controls were changed.
General - Components (10) - Info - 63 - The end user functionality component was added to the project.
General - Syntax checker (10) - Info - 74 - New transaction message was added.
General - color 341 instead of 2- Info - 54 - New color was assigned to the control.
General - color 342 instead of 2- Info - 54 - New color was assigned to the control.
General - color 340 instead of 10000- Info - 54 - New color was assigned to the control.
General - font 252 instead of 108- Info - 56 - New font was assigned to the control.
Converting project  (05/11/20 13:33:30)
======================================================================
Program/Task  1 - Main program form - Info - 6 - MDI form was created. - Program = 1; Task = 1; Form = 1;  
General - General (129) - Info - 1 - User State Persistency changed from Name to Yes/No.
General - General (198) - Info - 2 - Style and Border of the controls were changed.
General - Components (23) - Info - 63 - The end user functionality component was added to the project.
General - Syntax checker (23) - Info - 74 - New transaction message was added.
General - color 341 instead of 2- Info - 54 - New color was assigned to the control.
General - color 342 instead of 2- Info - 54 - New color was assigned to the control.
General - color 340 instead of 10000- Info - 54 - New color was assigned to the control.
