
Errors and Warnings while Loading Component : C:\Program Files (x86)\MSE\Magic xpa 3.3\Add_On\UserFunctionality\UserFunctionality.eci (01/06/20 17:10:14)
=========================================================================================================================================================
-----------------------------------

Errors and Warnings while Loading Component : C:\CIGAM\CIGAMe11\CDK\ECIs\Geral\CGData.eci (01/06/20 17:11:07)
=============================================================================================================
-----------------------------------

Errors and Warnings while Loading Component : C:\CIGAM\CIGAMe11\CDK\ECIs\Geral\CGFunctions.eci (01/06/20 17:11:11)
==================================================================================================================
-----------------------------------

Errors and Warnings while Loading Component : C:\CIGAM\CIGAMe11\CDK\ECIs\Geral\CGKernel.eci (01/06/20 17:11:19)
===============================================================================================================
-----------------------------------

Errors and Warnings while Loading Component : C:\CIGAM\CIGAMe11\CDK\ECIs\Geral\CIGAMK.eci (01/06/20 17:11:22)
=============================================================================================================
-----------------------------------

Errors and Warnings while Loading Component : C:\CIGAM\CIGAMe11\CDK\ECIs\Geral\CGData.eci (03/06/20 16:29:18)
=============================================================================================================
-----------------------------------

Errors and Warnings while Loading Component : C:\CIGAM\CIGAMe11\CDK\ECIs\Geral\CGFunctions.eci (03/06/20 16:29:30)
==================================================================================================================
-----------------------------------

Errors and Warnings while Loading Component : C:\CIGAM\CIGAMe11\CDK\ECIs\Geral\CGKernel.eci (03/06/20 16:29:35)
===============================================================================================================
-----------------------------------

Errors and Warnings while Loading Component : C:\CIGAM\CIGAMe11\CDK\ECIs\Geral\CIGAMK.eci (03/06/20 16:29:57)
=============================================================================================================
-----------------------------------

Errors and Warnings while Loading Component : C:\CIGAM\CIGAMe11\CDK\ECIs\Geral\CGData.eci (10/08/20 15:18:56)
=============================================================================================================
-----------------------------------

Errors and Warnings while Loading Component : C:\CIGAM\CIGAMe11\CDK\ECIs\Geral\CGFunctions.eci (10/08/20 15:19:05)
==================================================================================================================
-----------------------------------

Errors and Warnings while Loading Component : C:\CIGAM\CIGAMe11\CDK\ECIs\Geral\CGKernel.eci (10/08/20 15:19:11)
===============================================================================================================
-----------------------------------

Errors and Warnings while Loading Component : C:\CIGAM\CIGAMe11\CDK\ECIs\Geral\CGData.eci (26/08/20 11:17:16)
=============================================================================================================
-----------------------------------

Errors and Warnings while Loading Component : C:\CIGAM\CIGAMe11\CDK\ECIs\Geral\CGFunctions.eci (27/08/20 16:46:36)
==================================================================================================================
-----------------------------------

Errors and Warnings while Loading Component : C:\CIGAM\CIGAMe11\CDK\ECIs\Geral\CGKernel.eci (27/08/20 16:46:41)
===============================================================================================================
-----------------------------------

Errors and Warnings while Loading Component : C:\CIGAM\CIGAMe11\CDK\ECIs\Geral\CIGAMK.eci (17/09/20 08:41:00)
=============================================================================================================
-----------------------------------

Errors and Warnings while Loading Component : C:\CIGAM\CIGAMe11\CDK\ECIs\Fiscal\CGFANFe.eci (17/11/20 17:25:17)
===============================================================================================================
-----------------------------------

Errors and Warnings while Loading Component : C:\CIGAM\CIGAMe11\CDK\ECIs\Financeiro\CGGFCore.eci (20/11/20 09:24:35)
====================================================================================================================
-----------------------------------

Errors and Warnings while Loading Component : W:\CIGAMe11\CDK\ECIs\Fiscal\CGNFe.eci (11/02/21 13:48:18)
=======================================================================================================
Environment entry already exists in Magic.ini section : MAGIC_SERVERS Name : Default Broker .
Environment entry already exists in Magic.ini section : MAGIC_SERVERS Name : DEFAULT .
-----------------------------------

Errors and Warnings while Loading Component : W:\CIGAMe11\CDK\ECIs\Fiscal\NFe.eci (03/05/21 13:25:23)
=====================================================================================================
-----------------------------------

Errors and Warnings while Loading Component : W:\CIGAMe11\CDK\ECIs\Geral\CGFunctions.eci (12/08/21 16:08:45)
============================================================================================================
-----------------------------------
