Import warnings from file: C:\Users\jhon_\Google Drive\Temp\Programs_4 (08/07/21 14:50:48)
==========================================================================================


Converting project  (08/07/21 14:51:39)
======================================================================
Program/Task  2.2 - Control ctr_DadoNumeroInicial - Info - 72 - The X value of the control was changed and the control has an X expression. - Program = 43; Task = 3; Form = 1; Control = 5; PropertyIdExp = 21;  
Program/Task  2.2 - Control ctr_DadoDataInicial - Info - 72 - The X value of the control was changed and the control has an X expression. - Program = 43; Task = 3; Form = 1; Control = 6; PropertyIdExp = 21;  
Program/Task  2.2 - Control ctr_DadoAlphaInicial - Info - 55 - The color of the control was changed. Manual change might be required for the color expression. - Program = 43; Task = 3; Form = 1; Control = 4; PropertyIdExp = 51;  
Program/Task  2.2 - Control ctr_DadoNumeroInicial - Info - 55 - The color of the control was changed. Manual change might be required for the color expression. - Program = 43; Task = 3; Form = 1; Control = 5; PropertyIdExp = 51;  
Program/Task  2.2 - Control ctr_DadoDataInicial - Info - 55 - The color of the control was changed. Manual change might be required for the color expression. - Program = 43; Task = 3; Form = 1; Control = 6; PropertyIdExp = 51;  
Program/Task  2.2 - Control ctr_DadoAlphaFinal - Info - 55 - The color of the control was changed. Manual change might be required for the color expression. - Program = 43; Task = 3; Form = 1; Control = 8; PropertyIdExp = 51;  
Program/Task  2.2 - Control ctr_DadoNumeroFinal - Info - 55 - The color of the control was changed. Manual change might be required for the color expression. - Program = 43; Task = 3; Form = 1; Control = 9; PropertyIdExp = 51;  
Program/Task  2.2 - Control ctr_DadoDataFinal - Info - 55 - The color of the control was changed. Manual change might be required for the color expression. - Program = 43; Task = 3; Form = 1; Control = 10; PropertyIdExp = 51;  
Program/Task  2.2 - Control ctr_DadoNumeroInicial - Info - 72 - The X value of the control was changed and the control has an X expression. - Program = 43; Task = 3; Form = 1; Control = 5; PropertyIdExp = 21;  
Program/Task  2.2 - Control ctr_DadoDataInicial - Info - 72 - The X value of the control was changed and the control has an X expression. - Program = 43; Task = 3; Form = 1; Control = 6; PropertyIdExp = 21;  
General - General (9) - Info - 1 - User State Persistency changed from Name to Yes/No.
General - General (6) - Info - 2 - Style and Border of the controls were changed.
General - Syntax checker - Info - 74 - New transaction message was added.
General - color 341 instead of 1- Info - 54 - New color was assigned to the control.
General - color 342 instead of 37 (2) - Info - 54 - New color was assigned to the control.
General - color 343 instead of 122 (2) - Info - 54 - New color was assigned to the control.
General - color 344 instead of 255 (2) - Info - 54 - New color was assigned to the control.
General - color 340 instead of 10000 (3) - Info - 54 - New color was assigned to the control.
Import warnings from file: C:\Users\jhon_\Google Drive\Temp\Programs_5 (08/07/21 17:03:38)
==========================================================================================


Converting project  (08/07/21 17:04:20)
======================================================================
General - General (16) - Info - 1 - User State Persistency changed from Name to Yes/No.
General - General (6) - Info - 2 - Style and Border of the controls were changed.
General - Syntax checker (2) - Info - 74 - New transaction message was added.
General - color 341 instead of 1- Info - 54 - New color was assigned to the control.
General - color 342 instead of 37- Info - 54 - New color was assigned to the control.
General - color 343 instead of 122- Info - 54 - New color was assigned to the control.
General - color 344 instead of 255- Info - 54 - New color was assigned to the control.
General - color 340 instead of 10000- Info - 54 - New color was assigned to the control.
Import warnings from file: C:\Users\jhon_\Meu Drive\Temp\Programs_16 (15/02/22 14:12:54)
========================================================================================


Import warnings from file: W:\CIGAMe11\xpa\Projects\Separacao_Material\Exports\Programs_3 (30/05/22 09:20:04)
=============================================================================================================


Import warnings from file: C:\Program Files (x86)\MSE\Magic xpa 3.3\SampleProjects\Rich Internet Samples\Exports\Programs_375 (17/10/23 17:37:47)
=================================================================================================================================================


Import warnings from file: C:\Users\jhon_\Meu Drive\Temp\Programs_2.xml (19/12/23 20:25:04)
===========================================================================================

In Program/Task 18.3 - Expression parse error (4793)
In Program/Task 18 - Expression parse error (4793)
In Program/Task 18 - Expression parse error (4793)
In Program/Task 18 - Expression parse error (4793)

