 <348254041016187456> 03/04/2023 15:33:15.101     [Error  ] - "D:\ARQUIVOS\Relatoriotemp\3.pdfD08D08D08D08D08D08D08D08D08D08D08D08D08D08D08D08D08D08D08D08D08D08D08D08D08D08D08D08D08D08D08D08D08D08D08D08D08D08D08D08D08D08D08D08D08D08D08D08D08D08D08D08D08D08D08D08D08D08D08D08D08D08D08D08D08D08D08D08D08D08D08D08D08D08D08D08D" not found., Program: "Main Program".
 <348254041016187456> 03/04/2023 15:33:17.293     [Error  ] - "D:\ARQUIVOS\Relatoriotemp\3.pdfD08D08D08D08D08D08D08D08D08D08D08D08D08D08D08D08D08D08D08D08D08D08D08D08D08D08D08D08D08D08D08D08D08D08D08D08D08D08D08D08D08D08D08D08D08D08D08D08D08D08D08D08D08D08D08D08D08D08D08D08D08D08D08D08D08D08D08D08D08D08D08D08D08D08D08D08D" not found., Program: "Main Program".
 <348254041016187456> 03/04/2023 15:33:28.502     [Error  ] - Aborting context 348254041016187456, Program: "Main Program".
 <44821117577451928> 03/04/2023 15:35:48.876     [Error  ] - "D:\ARQUIVOS\Relatoriotemp\3.pdf" not found., Program: "Main Program".
 <44821117577451928> 03/04/2023 15:35:50.379     [Error  ] - "D:\ARQUIVOS\Relatoriotemp\3.pdf" not found., Program: "Main Program".
 <31525099640282816> 03/04/2023 15:39:04.315     [Error  ] - Aborting context 31525099640282816, Program: "Main Program".
 <555805018462831360> 03/04/2023 15:49:40.492     [Error  ] - "X:\RELATORIOTEMP\3D08.PDF" not found., Program: "Main Program".
 <555805018462831360> 03/04/2023 15:49:46.276     [Error  ] - "X:\RELATORIOTEMP\3D08.PDF" not found., Program: "Main Program".
 <555805018462831360> 03/04/2023 15:49:55.851     [Error  ] - Aborting context 555805018462831360, Program: "Main Program".
 <128903428876908656> 03/04/2023 16:00:59.851     [Error  ] - Aborting context 128903428876908656, Program: "Main Program".
 <313492467016588800> 03/04/2023 16:21:58.745     [Error  ] - Aborting context 313492467016588800, Program: "Main Program".
 <112970186512946128> 03/04/2023 16:24:33.007     [Error  ] - Aborting context 112970186512946128, Program: "Main Program".
 <27976548663915844> 03/04/2023 16:25:44.575     [Error  ] - "X:\RELATORIOTEMP\3D08.PDF" not found., Program: "Main Program".
 <27976548663915844> 03/04/2023 16:25:56.555     [Error  ] - Aborting context 27976548663915844, Program: "Main Program".
 <169046163447082304> 14/06/2023 16:35:15.948     [Error  ] - Aborting context 169046163447082304, Program: "Main Program".
 <100078283906961280> 14/06/2023 16:59:31.074     [Error  ] - Aborting context 100078283906961280, Program: "Main Program".
 <154912402009396288> 14/06/2023 17:09:44.455     [Error  ] - Aborting context 154912402009396288, Program: "Main Program".
 <143384219899068464> 14/06/2023 17:18:44.383     [Error  ] - Aborting context 143384219899068464, Program: "Main Program".
 <127023914466395648> 04/07/2023 08:56:52.440     [Error  ] - Aborting context 127023914466395648, Program: "Main Program".
 <280249359194725024> 04/07/2023 09:00:10.052     [Error  ] - Aborting context 280249359194725024, Program: "Main Program".
 <228640890029230368> 05/07/2023 15:26:14.001     [Error  ] - Rich Client task/program can only call a Rich Client or batch task/program  >> Application: "C:\CIGAM\CIGAMe11\Cab\Geral\", Program: "Shell.Main.Consulta Estoque.Valida Leitura.Busca Estoque.TratamentoErroCigamSql.MensagemCigam".
 <390564074673784256> 05/07/2023 16:23:36.419     [Error  ] - Aborting context 390564074673784256, Program: "Main Program".
 <80795782075089328> 05/07/2023 16:24:40.537     [Error  ] - Aborting context 80795782075089328, Program: "Main Program".
 <163038198966167680> 05/07/2023 16:27:14.489     [Error  ] - Aborting context 163038198966167680, Program: "Main Program".
 <551547342005921984> 05/07/2023 16:28:26.568     [Error  ] - Aborting context 551547342005921984, Program: "Main Program".
 <197305602593326976> 05/07/2023 16:33:33.217     [Error  ] - Rich Client task/program can only call a Rich Client or batch task/program  >> Application: "C:\CIGAM\CIGAMe11\Cab\Geral\", Program: "Shell.Main.Consulta Estoque.Valida Leitura.Busca Estoque.TratamentoErroCigamSql.MensagemCigam".
 <362301320102569536> 05/07/2023 16:36:23.896     [Error  ] - Aborting context 362301320102569536, Program: "Main Program".
 <396672389798108096> 05/07/2023 16:41:02.637     [Error  ] - Aborting context 396672389798108096, Program: "Main Program".
 <155502392118430912> 05/07/2023 16:55:14.449     [Error  ] - Aborting context 155502392118430912, Program: "Main Program".
 <730859899483724> 05/07/2023 17:01:06.402     [Error  ] - Aborting context 730859899483724, Program: "Main Program".
 <461514940001542912> 05/07/2023 17:07:40.991     [Error  ] - Aborting context 461514940001542912, Program: "Main Program".
 <500376955404589440> 05/07/2023 17:11:07.233     [Error  ] - Aborting context 500376955404589440, Program: "Main Program".
 <508573669716092224> 05/07/2023 17:19:35.494     [Error  ] - Aborting context 508573669716092224, Program: "Main Program".
 <-1> 04/09/2023 08:01:25.984     [Error  ] - Failed to Load Assembly : "C:\Users\jhon_\Meu Drive\Projetos\Desenvolvimento\Calbos\XPA\Mobile\Microsoft.Net\assembly\GAC_MSIL\System.Windows.Forms\v4.0_4.0.0.0__b77a5c561934e089\System.Windows.Forms.dll"
"Não foi possível carregar arquivo ou assembly 'System.Windows.Forms.dll' ou uma de suas dependências. O sistema não pode encontrar o caminho especificado."
 <-1> 04/09/2023 11:23:39.432     [Error  ] - Component Files not found : CabFiscalNFe.ecf
 <-1> 04/09/2023 11:23:39.435     [Error  ] - Component Files not found : CabFiscalNFe.ecf
 <-1> 19/09/2023 08:27:25.976     [Error  ] - Component Files not found : CabGeralCGFunctions.ecf
 <-1> 19/09/2023 08:27:25.980     [Error  ] - Component Files not found : CabGeralCGKernel.ecf
 <-1> 19/09/2023 08:27:25.981     [Error  ] - Component Files not found : CabGeralCGGateway.ecf
 <466083390895503744> 19/09/2023 09:37:35.068     [Error  ] - Handshake failed: "<Richclient><Requires EncryptionKey="false"/><ClientOS="Android"/><DeviceConfiguration="normal_long_"/><RIAProtocolVersion="15000"/></Richclient>".
 <432634333754390208> 19/09/2023 09:37:38.536     [Error  ] - Handshake failed: "<Richclient><Requires EncryptionKey="false"/><ClientOS="Android"/><DeviceConfiguration="normal_long_"/><RIAProtocolVersion="15000"/></Richclient>".
 <245246802806128448> 19/09/2023 09:37:42.023     [Error  ] - Handshake failed: "<Richclient><Requires EncryptionKey="false"/><ClientOS="Android"/><DeviceConfiguration="normal_long_"/><RIAProtocolVersion="15000"/></Richclient>".
 <-1> 22/09/2023 17:46:14.752     [Error  ] - Component Files not found : CabFiscalNFe.ecf
 <412033247366828160> 25/09/2023 13:10:13.033     [Error  ] - Handshake failed: "<Richclient><Requires EncryptionKey="false"/><ClientOS="Android"/><DeviceConfiguration="normal_long_"/><RIAProtocolVersion="15000"/></Richclient>".
 <399019364583748608> 25/09/2023 13:10:15.879     [Error  ] - Handshake failed: "<Richclient><Requires EncryptionKey="false"/><ClientOS="Android"/><DeviceConfiguration="normal_long_"/><RIAProtocolVersion="15000"/></Richclient>".
 <239235873091104032> 25/09/2023 13:10:27.846     [Error  ] - Handshake failed: "<Richclient><Requires EncryptionKey="false"/><ClientOS="Android"/><DeviceConfiguration="normal_long_"/><RIAProtocolVersion="15000"/></Richclient>".
 <233076283593026144> 25/09/2023 13:11:56.242     [Error  ] - Handshake failed: "<Richclient><Requires EncryptionKey="false"/><ClientOS="Android"/><DeviceConfiguration="normal_long_"/><RIAProtocolVersion="15000"/></Richclient>".
 <-1> 26/09/2023 08:27:26.784     [Error  ] - Component Files not found : CabFiscalNFe.ecf
 <17700171504736540> 27/09/2023 15:09:30.231     [Error  ] - "C:\Program Files (x86)\MSE\Magic xpa 3.3\Scripts\MGBCL033_00ENG.xml" not found., Program: "Main Program".
 <211708792815121472> 27/09/2023 15:14:22.000     [Error  ] - "C:\Program Files (x86)\MSE\Magic xpa 3.3\Scripts\MGBCL033_00ENG.xml" not found., Program: "Main Program".
 <211708792815121472> 27/09/2023 15:14:39.474     [Error  ] - File not found:: Mobile.apk, Program: "Shell.Main.Config".
 <355416777582788416> 27/09/2023 15:25:17.785     [Error  ] - "C:\Program Files (x86)\MSE\Magic xpa 3.3\Scripts\MGBCL033_00ENG.xml" not found., Program: "Main Program".
 <355416777582788416> 27/09/2023 15:25:35.244     [Error  ] - "C:\Program Files (x86)\MSE\Magic xpa 3.3\PublishedApplications\Mobile\Android\Mobile.apk" not found., Program: "Main Program".
 <230366191769864736> 27/09/2023 15:34:57.845     [Error  ] - "C:\Program Files (x86)\MSE\Magic xpa 3.3\Scripts\MGBCL033_00ENG.xml" not found., Program: "Main Program".
 <230366191769864736> 27/09/2023 15:35:07.770     [Error  ] - File not found:: http/http://acesso.calbos.com.br:/MagicRIAApplications/Mobile/Android/Mobile.apk, Program: "Shell.Main.Config".
 <230366191769864736> 27/09/2023 15:35:18.950     [Error  ] - File not found:: http/http://acesso.calbos.com.br:/MagicRIAApplications/Mobile/Android/Mobile.apk, Program: "Shell.Main.Config".
 <230366191769864736> 27/09/2023 15:35:28.009     [Error  ] - File not found:: http/http://acesso.calbos.com.br:/MagicRIAApplications/Mobile/Android/Mobile.apk, Program: "Shell.Main.Config".
 <230366191769864736> 27/09/2023 15:35:38.009     [Error  ] - Aborting context 230366191769864736, Program: "Main Program".
 <366561928505525376> 27/09/2023 15:37:02.584     [Error  ] - "C:\Program Files (x86)\MSE\Magic xpa 3.3\Scripts\MGBCL033_00ENG.xml" not found., Program: "Main Program".
 <420281808213742208> 27/09/2023 15:43:01.282     [Error  ] - "C:\Program Files (x86)\MSE\Magic xpa 3.3\Scripts\MGBCL033_00ENG.xml" not found., Program: "Main Program".
 <390937102483785152> 28/09/2023 15:49:10.797     [Error  ] - "C:\Program Files (x86)\MSE\Magic xpa 3.3\Scripts\MGBCL033_00ENG.xml" not found., Program: "Main Program".
 <513420886991803904> 28/09/2023 15:57:53.109     [Error  ] - "C:\Program Files (x86)\MSE\Magic xpa 3.3\Scripts\MGBCL033_00ENG.xml" not found., Program: "Main Program".
 <147370255748143712> 28/09/2023 17:14:12.495     [Error  ] - "C:\Program Files (x86)\MSE\Magic xpa 3.3\Scripts\MGBCL033_00ENG.xml" not found., Program: "Main Program".
 <423149548179577216> 17/10/2023 13:51:19.317     [Error  ] - "C:\Program Files (x86)\MSE\Magic xpa 3.3\Scripts\MGBCL033_00ENG.xml" not found., Program: "Main Program".
 <38125579424300840> 17/10/2023 14:02:20.253     [Error  ] - "C:\Program Files (x86)\MSE\Magic xpa 3.3\Scripts\MGBCL033_00ENG.xml" not found., Program: "Main Program".
 <33177012720907616> 17/10/2023 14:03:54.874     [Error  ] - "C:\Program Files (x86)\MSE\Magic xpa 3.3\Scripts\MGBCL033_00ENG.xml" not found., Program: "Main Program".
 <33177012720907616> 17/10/2023 14:04:06.693     [Error  ] - "/storage/emulated/0/Android/data/com.laboratorioscalbosltda.mobileteste/cache/Mobile/gallery.jpg" not found., Program: "Main Program".
 <33177012720907616> 17/10/2023 14:04:06.693     [Error  ] - "C:\Program Files (x86)\MSE\Magic xpa 3.3\/storage/emulated/0/Android/data/com.laboratorioscalbosltda.mobileteste/cache/Mobile/gallery.jpg" not found., Program: "Main Program".
 <33177012720907616> 17/10/2023 14:04:19.586     [Error  ] - "/storage/emulated/0/Android/data/com.laboratorioscalbosltda.mobileteste/cache/Mobile/gallery.jpg" not found., Program: "Main Program".
 <33177012720907616> 17/10/2023 14:04:19.587     [Error  ] - "C:\Program Files (x86)\MSE\Magic xpa 3.3\/storage/emulated/0/Android/data/com.laboratorioscalbosltda.mobileteste/cache/Mobile/gallery.jpg" not found., Program: "Main Program".
 <302313631920898560> 17/10/2023 14:09:47.314     [Error  ] - "C:\Program Files (x86)\MSE\Magic xpa 3.3\Scripts\MGBCL033_00ENG.xml" not found., Program: "Main Program".
 <225979830121557568> 17/10/2023 14:12:51.159     [Error  ] - "C:\Program Files (x86)\MSE\Magic xpa 3.3\Scripts\MGBCL033_00ENG.xml" not found., Program: "Main Program".
 <225979830121557568> 17/10/2023 14:13:27.261     [Error  ] - "/storage/emulated/0/Android/data/com.laboratorioscalbosltda.mobileteste/cache/Mobile/gallery.jpg" not found., Program: "Main Program".
 <225979830121557568> 17/10/2023 14:13:27.261     [Error  ] - "C:\Program Files (x86)\MSE\Magic xpa 3.3\/storage/emulated/0/Android/data/com.laboratorioscalbosltda.mobileteste/cache/Mobile/gallery.jpg" not found., Program: "Main Program".
 <225979830121557568> 17/10/2023 14:13:35.113     [Error  ] - "/storage/emulated/0/Android/data/com.laboratorioscalbosltda.mobileteste/cache/Mobile/gallery.jpg" not found., Program: "Main Program".
 <225979830121557568> 17/10/2023 14:13:35.113     [Error  ] - "C:\Program Files (x86)\MSE\Magic xpa 3.3\/storage/emulated/0/Android/data/com.laboratorioscalbosltda.mobileteste/cache/Mobile/gallery.jpg" not found., Program: "Main Program".
 <225979830121557568> 17/10/2023 14:13:45.914     [Error  ] - Aborting context 225979830121557568, Program: "Main Program".
 <27686439710794476> 17/10/2023 14:15:18.385     [Error  ] - "C:\Program Files (x86)\MSE\Magic xpa 3.3\Scripts\MGBCL033_00ENG.xml" not found., Program: "Main Program".
 <119882975675909280> 17/10/2023 14:34:16.140     [Error  ] - "C:\Program Files (x86)\MSE\Magic xpa 3.3\Scripts\MGBCL033_00ENG.xml" not found., Program: "Main Program".
 <119882975675909280> 17/10/2023 14:34:27.765     [Error  ] - "/storage/emulated/0/Android/data/com.laboratorioscalbosltda.mobileteste/cache/Mobile/gallery.jpg" not found., Program: "Main Program".
 <119882975675909280> 17/10/2023 14:34:27.765     [Error  ] - "C:\Program Files (x86)\MSE\Magic xpa 3.3\/storage/emulated/0/Android/data/com.laboratorioscalbosltda.mobileteste/cache/Mobile/gallery.jpg" not found., Program: "Main Program".
 <129109857339363616> 17/10/2023 14:36:02.023     [Error  ] - "C:\Program Files (x86)\MSE\Magic xpa 3.3\Scripts\MGBCL033_00ENG.xml" not found., Program: "Main Program".
 <279523140469234432> 17/10/2023 15:33:30.368     [Error  ] - "C:\Program Files (x86)\MSE\Magic xpa 3.3\Scripts\MGBCL033_00ENG.xml" not found., Program: "Main Program".
 <87793790998963040> 17/10/2023 16:58:28.679     [Error  ] - "C:\Program Files (x86)\MSE\Magic xpa 3.3\Scripts\MGBCL033_00ENG.xml" not found., Program: "Main Program".
 <478608730701320704> 17/10/2023 17:01:13.207     [Error  ] - "C:\Program Files (x86)\MSE\Magic xpa 3.3\Scripts\MGBCL033_00ENG.xml" not found., Program: "Main Program".
 <192108346857242752> 17/10/2023 17:18:41.427     [Error  ] - "C:\Program Files (x86)\MSE\Magic xpa 3.3\Scripts\MGBCL033_00ENG.xml" not found., Program: "Main Program".
 <119063586520876832> 17/10/2023 17:24:41.322     [Error  ] - "C:\Program Files (x86)\MSE\Magic xpa 3.3\Scripts\MGBCL033_00ENG.xml" not found., Program: "Main Program".
 <310017120963759104> 17/10/2023 17:28:34.966     [Error  ] - "C:\Program Files (x86)\MSE\Magic xpa 3.3\Scripts\MGBCL033_00ENG.xml" not found., Program: "Main Program".
 <310017120963759104> 17/10/2023 17:29:51.327     [Error  ] - Aborting context 310017120963759104, Program: "Main Program".
 <11340619894796228> 17/10/2023 17:38:49.138     [Error  ] - "C:\Program Files (x86)\MSE\Magic xpa 3.3\Scripts\MGBCL033_00ENG.xml" not found., Program: "Main Program".
 <185785315405687680> 17/10/2023 17:43:30.122     [Error  ] - "C:\Program Files (x86)\MSE\Magic xpa 3.3\Scripts\MGBCL033_00ENG.xml" not found., Program: "Main Program".
 <360470034584415616> 17/10/2023 17:46:29.790     [Error  ] - "C:\Program Files (x86)\MSE\Magic xpa 3.3\Scripts\MGBCL033_00ENG.xml" not found., Program: "Main Program".
 <222177778545512160> 17/10/2023 17:48:13.159     [Error  ] - "C:\Program Files (x86)\MSE\Magic xpa 3.3\Scripts\MGBCL033_00ENG.xml" not found., Program: "Main Program".
 <480569045475999936> 17/10/2023 17:49:50.034     [Error  ] - "C:\Program Files (x86)\MSE\Magic xpa 3.3\Scripts\MGBCL033_00ENG.xml" not found., Program: "Main Program".
 <452813868548964544> 18/10/2023 08:47:44.905     [Error  ] - Online task cannot be executed using a background runtime engine. You should set the Deployment Mode to Online  >> Application: "C:\Users\jhon_\Meu Drive\Projetos\Desenvolvimento\Calbos\XPA\Mobile\", Program: "Browse - LC_NF_FOTOS".
 <553540111447232704> 18/10/2023 09:29:42.558     [Error  ] - "C:\Program Files (x86)\MSE\Magic xpa 3.3\Scripts\MGBCL033_00ENG.xml" not found., Program: "Main Program".
 <285759836566436256> 18/10/2023 09:51:33.032     [Error  ] - "C:\Program Files (x86)\MSE\Magic xpa 3.3\Scripts\MGBCL033_00ENG.xml" not found., Program: "Main Program".
 <517330548430472960> 18/10/2023 09:58:24.994     [Error  ] - Create error: GECPTE_XPI  >> Application: "C:\CIGAM\CIGAMe11\Cab\Geral\", Program: "VerificaTabelaComponentes".
 <517330548430472960> 18/10/2023 09:58:51.810     [Error  ] - "C:\Program Files (x86)\MSE\Magic xpa 3.3\Scripts\MGBCL033_00ENG.xml" not found., Program: "Main Program".
 <517330548430472960> 18/10/2023 09:59:06.178     [Error  ] - "/storage/emulated/0/Android/data/com.laboratorioscalbosltda.mobileteste/cache/Mobile/camera.jpg" not found., Program: "Main Program".
 <517330548430472960> 18/10/2023 09:59:06.178     [Error  ] - "C:\Program Files (x86)\MSE\Magic xpa 3.3\/storage/emulated/0/Android/data/com.laboratorioscalbosltda.mobileteste/cache/Mobile/camera.jpg" not found., Program: "Main Program".
 <558704477106940096> 18/10/2023 10:03:45.241     [Error  ] - "C:\Program Files (x86)\MSE\Magic xpa 3.3\Scripts\MGBCL033_00ENG.xml" not found., Program: "Main Program".
 <558704477106940096> 18/10/2023 10:04:04.160     [Error  ] - "/storage/emulated/0/Android/data/com.laboratorioscalbosltda.mobileteste/cache/Mobile/camera.jpg" not found., Program: "Main Program".
 <558704477106940096> 18/10/2023 10:04:04.161     [Error  ] - "C:\Program Files (x86)\MSE\Magic xpa 3.3\/storage/emulated/0/Android/data/com.laboratorioscalbosltda.mobileteste/cache/Mobile/camera.jpg" not found., Program: "Main Program".
 <558704477106940096> 18/10/2023 10:04:49.590     [Error  ] - Aborting context 558704477106940096, Program: "Main Program".
 <273684641567298592> 18/10/2023 10:06:12.407     [Error  ] - "C:\Program Files (x86)\MSE\Magic xpa 3.3\Scripts\MGBCL033_00ENG.xml" not found., Program: "Main Program".
 <273684641567298592> 18/10/2023 10:06:37.551     [Error  ] - "/storage/emulated/0/Android/data/com.laboratorioscalbosltda.mobileteste/cache/Mobile/camera.jpg" not found., Program: "Main Program".
 <273684641567298592> 18/10/2023 10:06:37.551     [Error  ] - "C:\Program Files (x86)\MSE\Magic xpa 3.3\/storage/emulated/0/Android/data/com.laboratorioscalbosltda.mobileteste/cache/Mobile/camera.jpg" not found., Program: "Main Program".
 <273684641567298592> 18/10/2023 10:07:00.486     [Error  ] - Aborting context 273684641567298592, Program: "Main Program".
 <555732061796487552> 18/10/2023 10:19:10.623     [Error  ] - "C:\Program Files (x86)\MSE\Magic xpa 3.3\Scripts\MGBCL033_00ENG.xml" not found., Program: "Main Program".
 <555732061796487552> 18/10/2023 10:21:32.038     [Error  ] - Aborting context 555732061796487552, Program: "Main Program".
 <135468667317635104> 18/10/2023 10:24:22.834     [Error  ] - "C:\Program Files (x86)\MSE\Magic xpa 3.3\Scripts\MGBCL033_00ENG.xml" not found., Program: "Main Program".
 <185151353349579168> 18/10/2023 10:24:46.274     [Error  ] - "C:\Program Files (x86)\MSE\Magic xpa 3.3\Scripts\MGBCL033_00ENG.xml" not found., Program: "Main Program".
 <135468667317635104> 18/10/2023 10:27:18.174     [Error  ] - Aborting context 135468667317635104, Program: "Main Program".
 <185151353349579168> 18/10/2023 10:27:18.786     [Error  ] - Aborting context 185151353349579168, Program: "Main Program".
 <463995547814561920> 18/10/2023 10:52:25.556     [Error  ] - "C:\Program Files (x86)\MSE\Magic xpa 3.3\Scripts\MGBCL033_00ENG.xml" not found., Program: "Main Program".
 <463995547814561920> 18/10/2023 10:52:56.762     [Error  ] - "C:\Users\jhon_\AppData\Local\Temp\D08/storage/emulated/0/Android/data/com.laboratorioscalbosltda.mobileteste/cache/Mobile/camera.jpg" not found., Program: "Main Program".
 <463995547814561920> 18/10/2023 10:53:20.583     [Error  ] - Aborting context 463995547814561920, Program: "Main Program".
 <344082296247620864> 18/10/2023 10:54:32.083     [Error  ] - "C:\Program Files (x86)\MSE\Magic xpa 3.3\Scripts\MGBCL033_00ENG.xml" not found., Program: "Main Program".
 <344082296247620864> 18/10/2023 10:54:44.998     [Error  ] - "c:\temp\D08/storage/emulated/0/Android/data/com.laboratorioscalbosltda.mobileteste/cache/Mobile/camera.jpg" not found., Program: "Main Program".
 <344082296247620864> 18/10/2023 10:55:47.671     [Error  ] - Aborting context 344082296247620864, Program: "Main Program".
 <145945169096038176> 18/10/2023 10:56:59.040     [Error  ] - "C:\Program Files (x86)\MSE\Magic xpa 3.3\Scripts\MGBCL033_00ENG.xml" not found., Program: "Main Program".
 <145945169096038176> 18/10/2023 10:57:08.963     [Error  ] - "c:\temp\D08/storage/emulated/0/Android/data/com.laboratorioscalbosltda.mobileteste/cache/Mobile/gallery.jpg" not found., Program: "Main Program".
 <145945169096038176> 18/10/2023 10:57:36.494     [Error  ] - Aborting context 145945169096038176, Program: "Main Program".
 <457989496465188672> 18/10/2023 10:58:52.909     [Error  ] - "C:\Program Files (x86)\MSE\Magic xpa 3.3\Scripts\MGBCL033_00ENG.xml" not found., Program: "Main Program".
 <457989496465188672> 18/10/2023 10:59:12.158     [Error  ] - "c:\temp\D08.jpg" not found., Program: "Main Program".
 <457989496465188672> 18/10/2023 11:01:30.332     [Error  ] - Aborting context 457989496465188672, Program: "Main Program".
 <206268649891638432> 18/10/2023 11:03:27.559     [Error  ] - "C:\Program Files (x86)\MSE\Magic xpa 3.3\Scripts\MGBCL033_00ENG.xml" not found., Program: "Main Program".
 <206268649891638432> 18/10/2023 12:45:00.834     [Error  ] - Aborting context 206268649891638432, Program: "Main Program".
 <103781029825448128> 18/10/2023 13:17:35.590     [Error  ] - "C:\Program Files (x86)\MSE\Magic xpa 3.3\Scripts\MGBCL033_00ENG.xml" not found., Program: "Main Program".
 <414870870123216768> 18/10/2023 13:28:15.690     [Error  ] - "C:\Program Files (x86)\MSE\Magic xpa 3.3\Scripts\MGBCL033_00ENG.xml" not found., Program: "Main Program".
 <414870870123216768> 18/10/2023 13:31:47.649     [Error  ] - Aborting context 414870870123216768, Program: "Main Program".
 <454971089028105856> 18/10/2023 13:41:29.133     [Error  ] - "C:\Program Files (x86)\MSE\Magic xpa 3.3\Scripts\MGBCL033_00ENG.xml" not found., Program: "Main Program".
 <454971089028105856> 18/10/2023 13:41:36.381     [Error  ] - "c:\temp\.jpg" not found., Program: "Main Program".
 <454971089028105856> 18/10/2023 13:42:50.983     [Error  ] - Aborting context 454971089028105856, Program: "Main Program".
 <225828635353625984> 18/10/2023 13:53:34.167     [Error  ] - "C:\Program Files (x86)\MSE\Magic xpa 3.3\Scripts\MGBCL033_00ENG.xml" not found., Program: "Main Program".
 <225828635353625984> 18/10/2023 13:53:40.502     [Error  ] - "c:\temp\.jpg" not found., Program: "Main Program".
 <225828635353625984> 18/10/2023 13:53:40.634     [Error  ] - "c:\temp\D08.jpg" not found., Program: "Main Program".
 <225828635353625984> 18/10/2023 13:54:08.290     [Error  ] - "c:\temp\.jpg" not found., Program: "Main Program".
 <225828635353625984> 18/10/2023 13:54:22.684     [Error  ] - "c:\temp\.jpg" not found., Program: "Main Program".
 <225828635353625984> 18/10/2023 13:54:51.147     [Error  ] - Aborting context 225828635353625984, Program: "Main Program".
 <137152406268305808> 18/10/2023 13:57:11.956     [Error  ] - "C:\Program Files (x86)\MSE\Magic xpa 3.3\Scripts\MGBCL033_00ENG.xml" not found., Program: "Main Program".
 <137152406268305808> 18/10/2023 13:57:28.108     [Error  ] - "c:\temp\.jpg" not found., Program: "Main Program".
 <137152406268305808> 18/10/2023 13:57:28.323     [Error  ] - "c:\temp\D08.jpg" not found., Program: "Main Program".
 <137152406268305808> 18/10/2023 13:57:39.359     [Error  ] - "c:\temp\D08.jpg" not found., Program: "Main Program".
 <137152406268305808> 18/10/2023 13:57:47.073     [Error  ] - "c:\temp\D08.jpg" not found., Program: "Main Program".
 <137152406268305808> 18/10/2023 13:58:06.067     [Error  ] - "c:\temp\D08.jpg" not found., Program: "Main Program".
 <307574491571856704> 18/10/2023 14:01:11.407     [Error  ] - "C:\Program Files (x86)\MSE\Magic xpa 3.3\Scripts\MGBCL033_00ENG.xml" not found., Program: "Main Program".
 <489702506104624512> 18/10/2023 14:02:13.445     [Error  ] - "C:\Program Files (x86)\MSE\Magic xpa 3.3\Scripts\MGBCL033_00ENG.xml" not found., Program: "Main Program".
 <489702506104624512> 18/10/2023 14:02:57.271     [Error  ] - "c:\temp\.jpg" not found., Program: "Main Program".
 <489702506104624512> 18/10/2023 14:02:57.449     [Error  ] - "c:\temp\D08.jpg" not found., Program: "Main Program".
 <489702506104624512> 18/10/2023 14:05:47.276     [Error  ] - "c:\temp\.jpg" not found., Program: "Main Program".
 <489702506104624512> 18/10/2023 14:07:16.549     [Error  ] - "c:\temp\.jpg" not found., Program: "Main Program".
 <307574491571856704> 18/10/2023 14:07:42.353     [Error  ] - Aborting context 307574491571856704, Program: "Main Program".
 <489702506104624512> 18/10/2023 14:07:42.956     [Error  ] - Aborting context 489702506104624512, Program: "Main Program".
 <236253267302819840> 18/10/2023 14:09:01.020     [Error  ] - "C:\Program Files (x86)\MSE\Magic xpa 3.3\Scripts\MGBCL033_00ENG.xml" not found., Program: "Main Program".
 <236253267302819840> 18/10/2023 14:09:10.900     [Error  ] - "c:\temp\.jpg" not found., Program: "Main Program".
 <236253267302819840> 18/10/2023 14:09:11.036     [Error  ] - "c:\temp\D08.jpg" not found., Program: "Main Program".
 <236253267302819840> 18/10/2023 14:09:44.973     [Error  ] - "c:\temp\.jpg" not found., Program: "Main Program".
 <236253267302819840> 18/10/2023 14:09:50.833     [Error  ] - "c:\temp\.jpg" not found., Program: "Main Program".
 <236253267302819840> 18/10/2023 14:09:59.975     [Error  ] - Aborting context 236253267302819840, Program: "Main Program".
 <60864418788938288> 18/10/2023 14:11:26.654     [Error  ] - "C:\Program Files (x86)\MSE\Magic xpa 3.3\Scripts\MGBCL033_00ENG.xml" not found., Program: "Main Program".
 <60864418788938288> 18/10/2023 14:11:32.400     [Error  ] - "c:\temp\.jpg" not found., Program: "Main Program".
 <60864418788938288> 18/10/2023 14:11:46.003     [Error  ] - "c:\temp\.jpg" not found., Program: "Main Program".
 <60864418788938288> 18/10/2023 14:12:14.177     [Error  ] - Aborting context 60864418788938288, Program: "Main Program".
 <131883456839899776> 18/10/2023 14:18:45.707     [Error  ] - "C:\Program Files (x86)\MSE\Magic xpa 3.3\Scripts\MGBCL033_00ENG.xml" not found., Program: "Main Program".
 <131883456839899776> 18/10/2023 14:19:01.559     [Error  ] - "c:\temp\.jpg" not found., Program: "Main Program".
 <131883456839899776> 18/10/2023 14:19:01.743     [Error  ] - "c:\temp\D08.jpg" not found., Program: "Main Program".
 <131883456839899776> 18/10/2023 14:19:42.915     [Error  ] - "c:\temp\.jpg" not found., Program: "Main Program".
 <131883456839899776> 18/10/2023 14:19:43.750     [Error  ] - "c:\temp\D08.jpg" not found., Program: "Main Program".
 <131883456839899776> 18/10/2023 14:20:12.335     [Error  ] - Aborting context 131883456839899776, Program: "Main Program".
 <231031538666878592> 18/10/2023 14:21:48.927     [Error  ] - "C:\Program Files (x86)\MSE\Magic xpa 3.3\Scripts\MGBCL033_00ENG.xml" not found., Program: "Main Program".
 <231031538666878592> 18/10/2023 14:21:56.101     [Error  ] - "c:\temp\.jpg" not found., Program: "Main Program".
 <231031538666878592> 18/10/2023 14:23:57.197     [Error  ] - "c:\temp\.jpg" not found., Program: "Main Program".
 <231031538666878592> 18/10/2023 14:30:59.493     [Error  ] - "c:\temp\.jpg" not found., Program: "Main Program".
 <231031538666878592> 18/10/2023 14:31:56.585     [Error  ] - Aborting context 231031538666878592, Program: "Main Program".
 <441873380243832960> 18/10/2023 14:35:19.392     [Error  ] - "C:\Program Files (x86)\MSE\Magic xpa 3.3\Scripts\MGBCL033_00ENG.xml" not found., Program: "Main Program".
 <441873380243832960> 18/10/2023 14:36:43.019     [Error  ] - Aborting context 441873380243832960, Program: "Main Program".
 <447298987815673920> 18/10/2023 16:05:12.693     [Error  ] - "C:\Program Files (x86)\MSE\Magic xpa 3.3\Scripts\MGBCL033_00ENG.xml" not found., Program: "Main Program".
 <447298987815673920> 19/10/2023 08:44:37.696     [Error  ] - Aborting context 447298987815673920, Program: "Main Program".
 <455595437313662912> 30/11/2023 16:32:55.095     [Error  ] - Aborting context 455595437313662912, Program: "Main Program".
 <98920485381162624> 01/12/2023 15:06:24.772     [Error  ] - Aborting context 98920485381162624, Program: "Main Program".
 <366086367155847424> 01/12/2023 16:21:06.522     [Error  ] - Aborting context 366086367155847424, Program: "Main Program".
 <497285119274740352> 01/12/2023 17:32:58.367     [Error  ] - Aborting context 497285119274740352, Program: "Main Program".
 <402693767960316992> 21/12/2023 13:42:51.263     [Error  ] - File not found:: C:\Program Files (x86)\MSE\Magic xpa 3.3\MgxpaRuntime.exe -ver /LogoFile=none.jpg /ini=, Program: "VerificaLicenca_2212..InicializaCIGAM_2215.VerificaFlags_AmbienteMagic..BuscaVersaoMagic".
 <-1> 21/12/2023 13:45:03.905     [Error  ] - Error - run-time engine was not found. Please restart the studio in order to run the application
 <317133424409884480> 21/12/2023 15:14:03.033     [Error  ] - Aborting context 317133424409884480, Program: "Main Program".
 <334301301731528768> 21/12/2023 15:15:49.009     [Error  ] - Aborting context 334301301731528768, Program: "Main Program".
 <329073581438352960> 21/12/2023 15:18:06.946     [Error  ] - Aborting context 329073581438352960, Program: "Main Program".
 <175686384131967296> 21/12/2023 15:20:53.067     [Error  ] - Aborting context 175686384131967296, Program: "Main Program".
 <567998871557376896> 21/12/2023 15:30:11.563     [Error  ] - Aborting context 567998871557376896, Program: "Main Program".
 <488823665391297088> 30/01/2024 14:08:07.988     [Error  ] - Aborting context 488823665391297088, Program: "Main Program".
 <385095658736075136> 30/01/2024 14:22:52.581     [Error  ] - Aborting context 385095658736075136, Program: "Main Program".
 <96317696301842864> 30/01/2024 14:37:36.721     [Error  ] - Aborting context 96317696301842864, Program: "Main Program".
 <217387458472713056> 30/01/2024 14:57:25.421     [Error  ] - "D:\CIGAM\CIGAME11\TEMP\33114704.PDF" not found., Program: "Main Program".
 <217387458472713056> 30/01/2024 14:57:32.015     [Error  ] - Aborting context 217387458472713056, Program: "Main Program".
 <79620408524164000> 30/01/2024 15:01:38.013     [Error  ] - Aborting context 79620408524164000, Program: "Main Program".
 <477372804528260224> 30/01/2024 15:08:02.192     [Error  ] - "D:\CIGAM\CIGAME11\TEMP\33114704.PDF" not found., Program: "Main Program".
 <477372804528260224> 30/01/2024 15:08:25.034     [Error  ] - Aborting context 477372804528260224, Program: "Main Program".
 <242663775586590400> 30/01/2024 15:21:32.608     [Error  ] - "D:\CIGAM\CIGAME11\TEMP\33115172.PDF" not found., Program: "Main Program".
 <242663775586590400> 30/01/2024 15:22:07.732     [Error  ] - Aborting context 242663775586590400, Program: "Main Program".
 <142931081371472928> 30/01/2024 15:23:51.633     [Error  ] - "D:\CIGAM\CIGAME11\TEMP\33114704.PDF" not found., Program: "Main Program".
 <142931081371472928> 30/01/2024 15:23:56.104     [Error  ] - "D:\CIGAM\CIGAME11\TEMP\33114704.PDF" not found., Program: "Main Program".
 <142931081371472928> 30/01/2024 15:24:05.560     [Error  ] - Aborting context 142931081371472928, Program: "Main Program".
 <307293658966260864> 30/01/2024 15:33:45.284     [Error  ] - "D:\CIGAM\CIGAME11\TEMP\33114938.PDF" not found., Program: "Main Program".
 <307293658966260864> 30/01/2024 15:33:46.187     [Error  ] - "D:\CIGAM\CIGAME11\TEMP\33114938.PDF" not found., Program: "Main Program".
 <307293658966260864> 30/01/2024 15:33:54.124     [Error  ] - Aborting context 307293658966260864, Program: "Main Program".
 <482266627109994432> 30/01/2024 15:38:41.009     [Error  ] - "D:\CIGAM\CIGAME11\TEMP\33114704.PDF" not found., Program: "Main Program".
 <482266627109994432> 30/01/2024 15:39:08.026     [Error  ] - "D:\CIGAM\CIGAME11\TEMP\3D08.PDF" not found., Program: "Main Program".
 <482266627109994432> 30/01/2024 15:39:34.590     [Error  ] - Aborting context 482266627109994432, Program: "Main Program".
 <554415194208848576> 30/01/2024 16:44:32.237     [Error  ] - Aborting context 554415194208848576, Program: "Main Program".
 <79500643584056432> 31/01/2024 13:43:24.528     [Error  ] - Aborting context 79500643584056432, Program: "Main Program".
 <394844202658884480> 31/01/2024 13:45:05.648     [Error  ] - Aborting context 394844202658884480, Program: "Main Program".
 <91376586769768624> 31/01/2024 16:00:30.552     [Error  ] - "D:\CIGAM\CIGAME11\TEMP\33114704.PDF" not found., Program: "Main Program".
 <91376586769768624> 31/01/2024 16:00:43.227     [Error  ] - Aborting context 91376586769768624, Program: "Main Program".
 <459871777279029504> 31/01/2024 16:05:09.430     [Error  ] - "D:\CIGAM\CIGAME11\TEMP\33D08.PDF" not found., Program: "Main Program".
 <459871777279029504> 31/01/2024 16:06:53.133     [Error  ] - "D:\CIGAM\CIGAME11\TEMP\33114494.PDF" not found., Program: "Main Program".
 <459871777279029504> 31/01/2024 16:06:57.079     [Error  ] - Aborting context 459871777279029504, Program: "Main Program".
 <175095275426062656> 31/01/2024 16:10:05.911     [Error  ] - "D:\CIGAM\CIGAME11\TEMP\33114494.PDF" not found., Program: "Main Program".
 <175095275426062656> 31/01/2024 16:10:30.802     [Error  ] - "D:\CIGAM\CIGAME11\TEMP\33114938.PDF" not found., Program: "Main Program".
 <488834601022515712> 31/01/2024 17:34:48.154     [Error  ] - "D:\CIGAM\CIGAME11\TEMP\33114938.PDF" not found., Program: "Main Program".
 <488834601022515712> 31/01/2024 17:34:53.694     [Error  ] - Aborting context 488834601022515712, Program: "Main Program".
 <409157209399307072> 31/01/2024 17:43:18.429     [Error  ] - "D:\CIGAM\CIGAME11\TEMP\33114978.PDF" not found., Program: "Main Program".
 <409157209399307072> 31/01/2024 17:43:22.931     [Error  ] - Aborting context 409157209399307072, Program: "Main Program".
 <506276157108447680> 15/05/2024 15:02:19.997     [Error  ] - Failed to open, data source: MODULOS CIGAM, Program: "VerificaLicenca_2212.ModulosLiberados".
 <506276157108447680> 15/05/2024 15:06:38.008     [Error  ] - File not found:: C:\MSE\Magic xpa 3.3\MgxpaRuntime.exe -ver /LogoFile=none.jpg /LicenseFile=744@nb-jhon /ini=, Program: "VerificaLicenca_2212..InicializaCIGAM_2215..BuscaVersaoMagic".
 <506276157108447680> 15/05/2024 15:06:38.061     [Error  ] - [MgGui.dll] Method: "ToString" Exception: "System.Reflection.TargetException: Método não-estático requer um destino.
   em com.magicsoftware.unipaas.util.ReflectionServices.InvokeMethod(MethodBase methodInfo, Object obj, Object[] parameters, Boolean alwaysGuiThread)
   em com.magicsoftware.unipaas.management.exp.GuiExpressionEvaluator.eval_op_dn_method(ExpVal resVal, ExpVal[] expParams)", Program: "VerificaLicenca_2212..InicializaCIGAM_2215.VerificaFlags_AmbienteMagic..VerificaTLS1.2".
 <506276157108447680> 15/05/2024 15:06:38.071     [Error  ] - [MgGui.dll] 
   em System.Environment.GetStackTrace(Exception e, Boolean needFileInfo)
   em System.Environment.get_StackTrace()
   em com.magicsoftware.rte.CoreExecutor.WriteExceptionToLog(Int64 contextID, String msg)
   em com.magicsoftware.rte.GuiEventsProcessor.WriteExceptionToLog(String message)
   em com.magicsoftware.unipaas.Events.WriteExceptionToLog(String msg)
   em com.magicsoftware.unipaas.management.exp.GuiExpressionEvaluator.WriteDotnetExceptionToLog(Exception exception, Object obj, String opcode, String memberName)
   em com.magicsoftware.unipaas.management.exp.GuiExpressionEvaluator.eval_op_dn_method(ExpVal resVal, ExpVal[] expParams)
   em com.magicsoftware.rte.exp.RteExpressionEvaluator.EvaluateDotNetOperation(Int32 opcode, ManagedExpVal[] managedExpVals, ManagedExpVal& resManagedVal)
   em com.magicsoftware.rte.exp.RteExpressionEvaluator.EvaluateOpcode(TaskBase currTask, Int32 opcode, ManagedExpVal[] managedExpVals, ManagedExpVal& resultVal)
   em com.magicsoftware.rte.RteExecutor.EvaluateOpcode(Int32 taskID, Int32 opCode, IntPtr expVals, Int32 size, IntPtr& resVal)
   em RteExecutorEndpoint.InvokeEvaluateOpcode(Int32 taskID, Int32 opCode, IntPtr expVals, Int32 size, IntPtr& resVal)
   em RteExecutorBridge.EvaluateOpcode(RteExecutorBridge* , Int32 taskID, Int32 opCode, UnmanagedExpVal* expVals, Int32 size, UnmanagedExpVal* resVal)
   em CoreExecutorEndpoint.EventsLoop()
   em CoreExecutorGateway.EventsLoop()
   em com.magicsoftware.rte.RTEmanager.ExecuteWorkThread()
   em System.Threading.ThreadHelper.ThreadStart_Context(Object state)
   em System.Threading.ExecutionContext.RunInternal(ExecutionContext executionContext, ContextCallback callback, Object state, Boolean preserveSyncCtx)
   em System.Threading.ExecutionContext.Run(ExecutionContext executionContext, ContextCallback callback, Object state, Boolean preserveSyncCtx)
   em System.Threading.ExecutionContext.Run(ExecutionContext executionContext, ContextCallback callback, Object state)
   em System.Threading.ThreadHelper.ThreadStart(), Program: "VerificaLicenca_2212..InicializaCIGAM_2215.VerificaFlags_AmbienteMagic..VerificaTLS1.2".
 <506276157108447680> 15/05/2024 15:06:38.081     [Error  ] - [MgGui.dll] Method: "ToString" Exception: "System.Reflection.TargetException: Método não-estático requer um destino.
   em com.magicsoftware.unipaas.util.ReflectionServices.InvokeMethod(MethodBase methodInfo, Object obj, Object[] parameters, Boolean alwaysGuiThread)
   em com.magicsoftware.unipaas.management.exp.GuiExpressionEvaluator.eval_op_dn_method(ExpVal resVal, ExpVal[] expParams)", Program: "VerificaLicenca_2212..InicializaCIGAM_2215.VerificaFlags_AmbienteMagic..VerificaTLS1.2".
 <506276157108447680> 15/05/2024 15:06:38.082     [Error  ] - [MgGui.dll] 
   em System.Environment.GetStackTrace(Exception e, Boolean needFileInfo)
   em System.Environment.get_StackTrace()
   em com.magicsoftware.rte.CoreExecutor.WriteExceptionToLog(Int64 contextID, String msg)
   em com.magicsoftware.rte.GuiEventsProcessor.WriteExceptionToLog(String message)
   em com.magicsoftware.unipaas.Events.WriteExceptionToLog(String msg)
   em com.magicsoftware.unipaas.management.exp.GuiExpressionEvaluator.WriteDotnetExceptionToLog(Exception exception, Object obj, String opcode, String memberName)
   em com.magicsoftware.unipaas.management.exp.GuiExpressionEvaluator.eval_op_dn_method(ExpVal resVal, ExpVal[] expParams)
   em com.magicsoftware.rte.exp.RteExpressionEvaluator.EvaluateDotNetOperation(Int32 opcode, ManagedExpVal[] managedExpVals, ManagedExpVal& resManagedVal)
   em com.magicsoftware.rte.exp.RteExpressionEvaluator.EvaluateOpcode(TaskBase currTask, Int32 opcode, ManagedExpVal[] managedExpVals, ManagedExpVal& resultVal)
   em com.magicsoftware.rte.RteExecutor.EvaluateOpcode(Int32 taskID, Int32 opCode, IntPtr expVals, Int32 size, IntPtr& resVal)
   em RteExecutorEndpoint.InvokeEvaluateOpcode(Int32 taskID, Int32 opCode, IntPtr expVals, Int32 size, IntPtr& resVal)
   em RteExecutorBridge.EvaluateOpcode(RteExecutorBridge* , Int32 taskID, Int32 opCode, UnmanagedExpVal* expVals, Int32 size, UnmanagedExpVal* resVal)
   em CoreExecutorEndpoint.EventsLoop()
   em CoreExecutorGateway.EventsLoop()
   em com.magicsoftware.rte.RTEmanager.ExecuteWorkThread()
   em System.Threading.ThreadHelper.ThreadStart_Context(Object state)
   em System.Threading.ExecutionContext.RunInternal(ExecutionContext executionContext, ContextCallback callback, Object state, Boolean preserveSyncCtx)
   em System.Threading.ExecutionContext.Run(ExecutionContext executionContext, ContextCallback callback, Object state, Boolean preserveSyncCtx)
   em System.Threading.ExecutionContext.Run(ExecutionContext executionContext, ContextCallback callback, Object state)
   em System.Threading.ThreadHelper.ThreadStart(), Program: "VerificaLicenca_2212..InicializaCIGAM_2215.VerificaFlags_AmbienteMagic..VerificaTLS1.2".
 <506276157108447680> 15/05/2024 15:06:38.090     [Error  ] - [MgGui.dll] Method: "ToString" Exception: "System.Reflection.TargetException: Método não-estático requer um destino.
   em com.magicsoftware.unipaas.util.ReflectionServices.InvokeMethod(MethodBase methodInfo, Object obj, Object[] parameters, Boolean alwaysGuiThread)
   em com.magicsoftware.unipaas.management.exp.GuiExpressionEvaluator.eval_op_dn_method(ExpVal resVal, ExpVal[] expParams)", Program: "VerificaLicenca_2212..InicializaCIGAM_2215.VerificaFlags_AmbienteMagic..VerificaTLS1.2".
 <506276157108447680> 15/05/2024 15:06:38.090     [Error  ] - [MgGui.dll] 
   em System.Environment.GetStackTrace(Exception e, Boolean needFileInfo)
   em System.Environment.get_StackTrace()
   em com.magicsoftware.rte.CoreExecutor.WriteExceptionToLog(Int64 contextID, String msg)
   em com.magicsoftware.rte.GuiEventsProcessor.WriteExceptionToLog(String message)
   em com.magicsoftware.unipaas.Events.WriteExceptionToLog(String msg)
   em com.magicsoftware.unipaas.management.exp.GuiExpressionEvaluator.WriteDotnetExceptionToLog(Exception exception, Object obj, String opcode, String memberName)
   em com.magicsoftware.unipaas.management.exp.GuiExpressionEvaluator.eval_op_dn_method(ExpVal resVal, ExpVal[] expParams)
   em com.magicsoftware.rte.exp.RteExpressionEvaluator.EvaluateDotNetOperation(Int32 opcode, ManagedExpVal[] managedExpVals, ManagedExpVal& resManagedVal)
   em com.magicsoftware.rte.exp.RteExpressionEvaluator.EvaluateOpcode(TaskBase currTask, Int32 opcode, ManagedExpVal[] managedExpVals, ManagedExpVal& resultVal)
   em com.magicsoftware.rte.RteExecutor.EvaluateOpcode(Int32 taskID, Int32 opCode, IntPtr expVals, Int32 size, IntPtr& resVal)
   em RteExecutorEndpoint.InvokeEvaluateOpcode(Int32 taskID, Int32 opCode, IntPtr expVals, Int32 size, IntPtr& resVal)
   em RteExecutorBridge.EvaluateOpcode(RteExecutorBridge* , Int32 taskID, Int32 opCode, UnmanagedExpVal* expVals, Int32 size, UnmanagedExpVal* resVal)
   em CoreExecutorEndpoint.EventsLoop()
   em CoreExecutorGateway.EventsLoop()
   em com.magicsoftware.rte.RTEmanager.ExecuteWorkThread()
   em System.Threading.ThreadHelper.ThreadStart_Context(Object state)
   em System.Threading.ExecutionContext.RunInternal(ExecutionContext executionContext, ContextCallback callback, Object state, Boolean preserveSyncCtx)
   em System.Threading.ExecutionContext.Run(ExecutionContext executionContext, ContextCallback callback, Object state, Boolean preserveSyncCtx)
   em System.Threading.ExecutionContext.Run(ExecutionContext executionContext, ContextCallback callback, Object state)
   em System.Threading.ThreadHelper.ThreadStart(), Program: "VerificaLicenca_2212..InicializaCIGAM_2215.VerificaFlags_AmbienteMagic..VerificaTLS1.2".
 <-1> 15/05/2024 15:32:57.764     [Error  ] - Error - run-time engine was not found. Please restart the studio in order to run the application
 <60625882997842760> 15/05/2024 15:37:09.446     [Error  ] - Failed to open, data source: MODULOS CIGAM, Program: "VerificaLicenca_2212.ModulosLiberados".
 <60625882997842760> 15/05/2024 15:37:26.695     [Error  ] - File not found:: C:\MSE\Magic xpa 3.3\MgxpaRuntime.exe -ver /LogoFile=none.jpg /LicenseFile=744@nb-jhon /ini=, Program: "VerificaLicenca_2212..InicializaCIGAM_2215..BuscaVersaoMagic".
 <60625882997842760> 15/05/2024 15:37:26.714     [Error  ] - [MgGui.dll] Method: "ToString" Exception: "System.Reflection.TargetException: Método não-estático requer um destino.
   em com.magicsoftware.unipaas.util.ReflectionServices.InvokeMethod(MethodBase methodInfo, Object obj, Object[] parameters, Boolean alwaysGuiThread)
   em com.magicsoftware.unipaas.management.exp.GuiExpressionEvaluator.eval_op_dn_method(ExpVal resVal, ExpVal[] expParams)", Program: "VerificaLicenca_2212..InicializaCIGAM_2215.VerificaFlags_AmbienteMagic..VerificaTLS1.2".
 <60625882997842760> 15/05/2024 15:37:26.720     [Error  ] - [MgGui.dll] 
   em System.Environment.GetStackTrace(Exception e, Boolean needFileInfo)
   em System.Environment.get_StackTrace()
   em com.magicsoftware.rte.CoreExecutor.WriteExceptionToLog(Int64 contextID, String msg)
   em com.magicsoftware.rte.GuiEventsProcessor.WriteExceptionToLog(String message)
   em com.magicsoftware.unipaas.Events.WriteExceptionToLog(String msg)
   em com.magicsoftware.unipaas.management.exp.GuiExpressionEvaluator.WriteDotnetExceptionToLog(Exception exception, Object obj, String opcode, String memberName)
   em com.magicsoftware.unipaas.management.exp.GuiExpressionEvaluator.eval_op_dn_method(ExpVal resVal, ExpVal[] expParams)
   em com.magicsoftware.rte.exp.RteExpressionEvaluator.EvaluateDotNetOperation(Int32 opcode, ManagedExpVal[] managedExpVals, ManagedExpVal& resManagedVal)
   em com.magicsoftware.rte.exp.RteExpressionEvaluator.EvaluateOpcode(TaskBase currTask, Int32 opcode, ManagedExpVal[] managedExpVals, ManagedExpVal& resultVal)
   em com.magicsoftware.rte.RteExecutor.EvaluateOpcode(Int32 taskID, Int32 opCode, IntPtr expVals, Int32 size, IntPtr& resVal)
   em RteExecutorEndpoint.InvokeEvaluateOpcode(Int32 taskID, Int32 opCode, IntPtr expVals, Int32 size, IntPtr& resVal)
   em RteExecutorBridge.EvaluateOpcode(RteExecutorBridge* , Int32 taskID, Int32 opCode, UnmanagedExpVal* expVals, Int32 size, UnmanagedExpVal* resVal)
   em CoreExecutorEndpoint.EventsLoop()
   em CoreExecutorGateway.EventsLoop()
   em com.magicsoftware.rte.RTEmanager.ExecuteWorkThread()
   em System.Threading.ThreadHelper.ThreadStart_Context(Object state)
   em System.Threading.ExecutionContext.RunInternal(ExecutionContext executionContext, ContextCallback callback, Object state, Boolean preserveSyncCtx)
   em System.Threading.ExecutionContext.Run(ExecutionContext executionContext, ContextCallback callback, Object state, Boolean preserveSyncCtx)
   em System.Threading.ExecutionContext.Run(ExecutionContext executionContext, ContextCallback callback, Object state)
   em System.Threading.ThreadHelper.ThreadStart(), Program: "VerificaLicenca_2212..InicializaCIGAM_2215.VerificaFlags_AmbienteMagic..VerificaTLS1.2".
 <60625882997842760> 15/05/2024 15:37:26.723     [Error  ] - [MgGui.dll] Method: "ToString" Exception: "System.Reflection.TargetException: Método não-estático requer um destino.
   em com.magicsoftware.unipaas.util.ReflectionServices.InvokeMethod(MethodBase methodInfo, Object obj, Object[] parameters, Boolean alwaysGuiThread)
   em com.magicsoftware.unipaas.management.exp.GuiExpressionEvaluator.eval_op_dn_method(ExpVal resVal, ExpVal[] expParams)", Program: "VerificaLicenca_2212..InicializaCIGAM_2215.VerificaFlags_AmbienteMagic..VerificaTLS1.2".
 <60625882997842760> 15/05/2024 15:37:26.723     [Error  ] - [MgGui.dll] 
   em System.Environment.GetStackTrace(Exception e, Boolean needFileInfo)
   em System.Environment.get_StackTrace()
   em com.magicsoftware.rte.CoreExecutor.WriteExceptionToLog(Int64 contextID, String msg)
   em com.magicsoftware.rte.GuiEventsProcessor.WriteExceptionToLog(String message)
   em com.magicsoftware.unipaas.Events.WriteExceptionToLog(String msg)
   em com.magicsoftware.unipaas.management.exp.GuiExpressionEvaluator.WriteDotnetExceptionToLog(Exception exception, Object obj, String opcode, String memberName)
   em com.magicsoftware.unipaas.management.exp.GuiExpressionEvaluator.eval_op_dn_method(ExpVal resVal, ExpVal[] expParams)
   em com.magicsoftware.rte.exp.RteExpressionEvaluator.EvaluateDotNetOperation(Int32 opcode, ManagedExpVal[] managedExpVals, ManagedExpVal& resManagedVal)
   em com.magicsoftware.rte.exp.RteExpressionEvaluator.EvaluateOpcode(TaskBase currTask, Int32 opcode, ManagedExpVal[] managedExpVals, ManagedExpVal& resultVal)
   em com.magicsoftware.rte.RteExecutor.EvaluateOpcode(Int32 taskID, Int32 opCode, IntPtr expVals, Int32 size, IntPtr& resVal)
   em RteExecutorEndpoint.InvokeEvaluateOpcode(Int32 taskID, Int32 opCode, IntPtr expVals, Int32 size, IntPtr& resVal)
   em RteExecutorBridge.EvaluateOpcode(RteExecutorBridge* , Int32 taskID, Int32 opCode, UnmanagedExpVal* expVals, Int32 size, UnmanagedExpVal* resVal)
   em CoreExecutorEndpoint.EventsLoop()
   em CoreExecutorGateway.EventsLoop()
   em com.magicsoftware.rte.RTEmanager.ExecuteWorkThread()
   em System.Threading.ThreadHelper.ThreadStart_Context(Object state)
   em System.Threading.ExecutionContext.RunInternal(ExecutionContext executionContext, ContextCallback callback, Object state, Boolean preserveSyncCtx)
   em System.Threading.ExecutionContext.Run(ExecutionContext executionContext, ContextCallback callback, Object state, Boolean preserveSyncCtx)
   em System.Threading.ExecutionContext.Run(ExecutionContext executionContext, ContextCallback callback, Object state)
   em System.Threading.ThreadHelper.ThreadStart(), Program: "VerificaLicenca_2212..InicializaCIGAM_2215.VerificaFlags_AmbienteMagic..VerificaTLS1.2".
 <60625882997842760> 15/05/2024 15:37:26.724     [Error  ] - [MgGui.dll] Method: "ToString" Exception: "System.Reflection.TargetException: Método não-estático requer um destino.
   em com.magicsoftware.unipaas.util.ReflectionServices.InvokeMethod(MethodBase methodInfo, Object obj, Object[] parameters, Boolean alwaysGuiThread)
   em com.magicsoftware.unipaas.management.exp.GuiExpressionEvaluator.eval_op_dn_method(ExpVal resVal, ExpVal[] expParams)", Program: "VerificaLicenca_2212..InicializaCIGAM_2215.VerificaFlags_AmbienteMagic..VerificaTLS1.2".
 <60625882997842760> 15/05/2024 15:37:26.724     [Error  ] - [MgGui.dll] 
   em System.Environment.GetStackTrace(Exception e, Boolean needFileInfo)
   em System.Environment.get_StackTrace()
   em com.magicsoftware.rte.CoreExecutor.WriteExceptionToLog(Int64 contextID, String msg)
   em com.magicsoftware.rte.GuiEventsProcessor.WriteExceptionToLog(String message)
   em com.magicsoftware.unipaas.Events.WriteExceptionToLog(String msg)
   em com.magicsoftware.unipaas.management.exp.GuiExpressionEvaluator.WriteDotnetExceptionToLog(Exception exception, Object obj, String opcode, String memberName)
   em com.magicsoftware.unipaas.management.exp.GuiExpressionEvaluator.eval_op_dn_method(ExpVal resVal, ExpVal[] expParams)
   em com.magicsoftware.rte.exp.RteExpressionEvaluator.EvaluateDotNetOperation(Int32 opcode, ManagedExpVal[] managedExpVals, ManagedExpVal& resManagedVal)
   em com.magicsoftware.rte.exp.RteExpressionEvaluator.EvaluateOpcode(TaskBase currTask, Int32 opcode, ManagedExpVal[] managedExpVals, ManagedExpVal& resultVal)
   em com.magicsoftware.rte.RteExecutor.EvaluateOpcode(Int32 taskID, Int32 opCode, IntPtr expVals, Int32 size, IntPtr& resVal)
   em RteExecutorEndpoint.InvokeEvaluateOpcode(Int32 taskID, Int32 opCode, IntPtr expVals, Int32 size, IntPtr& resVal)
   em RteExecutorBridge.EvaluateOpcode(RteExecutorBridge* , Int32 taskID, Int32 opCode, UnmanagedExpVal* expVals, Int32 size, UnmanagedExpVal* resVal)
   em CoreExecutorEndpoint.EventsLoop()
   em CoreExecutorGateway.EventsLoop()
   em com.magicsoftware.rte.RTEmanager.ExecuteWorkThread()
   em System.Threading.ThreadHelper.ThreadStart_Context(Object state)
   em System.Threading.ExecutionContext.RunInternal(ExecutionContext executionContext, ContextCallback callback, Object state, Boolean preserveSyncCtx)
   em System.Threading.ExecutionContext.Run(ExecutionContext executionContext, ContextCallback callback, Object state, Boolean preserveSyncCtx)
   em System.Threading.ExecutionContext.Run(ExecutionContext executionContext, ContextCallback callback, Object state)
   em System.Threading.ThreadHelper.ThreadStart(), Program: "VerificaLicenca_2212..InicializaCIGAM_2215.VerificaFlags_AmbienteMagic..VerificaTLS1.2".
 <60625882997842760> 15/05/2024 15:37:34.248     [Error  ] - Only statements that retrieve data are allowed in a DSQL deferred transaction task, Program: "Teste".
