
Errors and Warnings while Loading Component : C:\CIGAM\CIGAMe10\CDK\ECIs\Geral\CGData.eci (10/12/19 09:23:39)
=============================================================================================================
-----------------------------------

Errors and Warnings while Loading Component : C:\CIGAM\CIGAMe10\CDK\ECIs\Geral\CGKernel.eci (10/12/19 09:23:57)
===============================================================================================================
-----------------------------------


Errors and Warnings while Loading Component : C:\CIGAM\CIGAMe10\CDK\ECIs\Geral\CIGAMK.eci (10/12/19 09:29:55)
=============================================================================================================
-----------------------------------

Errors and Warnings while Loading Component : C:\CIGAM\CIGAMe10\CDK\ECIs\Financeiro\CGGFCore.eci (10/12/19 09:37:50)
====================================================================================================================
-----------------------------------

-----------------------------------

Errors and Warnings while Loading Component : C:\CIGAM\CIGAMe10\CDK\ECIs\Geral\CIGAMK.eci (10/12/19 14:05:27)
=============================================================================================================
-----------------------------------

Errors and Warnings while Loading Component : C:\CIGAM\CIGAMe10\CDK\ECIs\Geral\CGKernel.eci (10/12/19 14:06:54)
===============================================================================================================
-----------------------------------

Errors and Warnings while Loading Component : C:\CIGAM\CIGAMe10\CDK\ECIs\Financeiro\CGGFCore.eci (10/12/19 14:21:45)
====================================================================================================================
-----------------------------------

Errors and Warnings while Loading Component : C:\CIGAM\CIGAMe10\CDK\ECIs\Geral\CIGAMK.eci (10/12/19 14:22:57)
=============================================================================================================
-----------------------------------
