
Errors and Warnings while Loading Component : W:\CIGAMe10\CDK\ECIs\Geral\CigamK.eci (18/05/21 14:05:52)
=======================================================================================================
Component Files not found : CabGeralCGGeral.ecf
-----------------------------------

Errors and Warnings while Loading Component : W:\CIGAMe10\CDK\ECIs\Geral\CigamK.eci (18/05/21 14:43:12)
=======================================================================================================
Error while opening ctl. 
-----------------------------------

Errors and Warnings while Loading Component : W:\CIGAMe10\CDK\ECIs\Geral\CigamK.eci (18/05/21 14:44:00)
=======================================================================================================
Error while opening ctl. 
-----------------------------------

Errors and Warnings while Loading Component : W:\CIGAMe10\CDK\ECIs\Fiscal\CGCalculoImposto.eci (18/05/21 14:59:36)
==================================================================================================================
-----------------------------------

Errors and Warnings while Loading Component : W:\CIGAMe10\CDK\ECIs\Geral\CGData.eci (18/05/21 15:06:09)
=======================================================================================================
-----------------------------------

Errors and Warnings while Loading Component : C:\Program Files (x86)\MSE\Magic xpa 3.3\Add_On\UserFunctionality\UserFunctionality.eci (08/09/21 09:06:14)
=========================================================================================================================================================
-----------------------------------
