
Errors and Warnings while Loading Component : C:\CIGAM\CIGAMe10\CDK\ECIs\Geral\CGData.eci (03/10/19 11:05:58)
=============================================================================================================
-----------------------------------

Errors and Warnings while Loading Component : C:\CIGAM\CIGAMe10\CDK\ECIs\Geral\CGFunctions.eci (03/10/19 11:06:01)
==================================================================================================================
-----------------------------------

Errors and Warnings while Loading Component : C:\CIGAM\CIGAMe10\CDK\ECIs\Geral\CIGAMK.eci (03/10/19 11:06:04)
=============================================================================================================
-----------------------------------

Errors and Warnings while Loading Component : C:\CIGAM\CIGAMe10\CDK\ECIs\Geral\CGKernel.eci (03/10/19 11:06:26)
===============================================================================================================
-----------------------------------

Errors and Warnings while Loading Component : C:\Program Files (x86)\MSE\Magic xpa 3.3\Add_On\UserFunctionality\UserFunctionality.eci (05/11/20 12:44:53)
=========================================================================================================================================================
-----------------------------------

-----------------------------------

Errors and Warnings while Loading Component : W:\CIGAMe11\Systempar\Eci\CriaMovimento.eci (08/07/22 15:04:34)
=============================================================================================================
-----------------------------------

Errors and Warnings while Loading Component : W:\CIGAMe11\Systempar\Eci\CriaMovimento.eci (08/07/22 17:07:11)
=============================================================================================================
-----------------------------------

Errors and Warnings while Loading Component : W:\CIGAMe11\Systempar\Eci\CriaMovimento.eci (19/07/22 14:04:44)
=============================================================================================================
-----------------------------------
