Converting project  (26/03/20 17:34:00)
======================================================================
Program/Task  1 - Main program form - Info - 6 - MDI form was created. - Program = 1; Task = 1; Form = 1;  
General - General (11) - Info - 1 - User State Persistency changed from Name to Yes/No.
General - General (16) - Info - 2 - Style and Border of the controls were changed.
General - Components - Info - 63 - The end user functionality component was added to the project.
General - Syntax checker - Info - 74 - New transaction message was added.
General - color 341 instead of 2 (3) - Info - 54 - New color was assigned to the control.
General - color 340 instead of 10000 (2) - Info - 54 - New color was assigned to the control.
Converting project  (05/11/20 12:44:53)
======================================================================
Program/Task  1 - Main program form - Info - 6 - MDI form was created. - Program = 1; Task = 1; Form = 1;  
General - General (41) - Info - 1 - User State Persistency changed from Name to Yes/No.
General - General (51) - Info - 2 - Style and Border of the controls were changed.
General - Components (9) - Info - 63 - The end user functionality component was added to the project.
General - Syntax checker (9) - Info - 74 - New transaction message was added.
General - color 341 instead of 2 (3) - Info - 54 - New color was assigned to the control.
General - color 340 instead of 10000 (2) - Info - 54 - New color was assigned to the control.
Import warnings from file: W:\CIGAMe11\xpa\Projects\Separacao_Material\Exports\Programs_3 (19/07/22 13:57:05)
=============================================================================================================


