Converting project  (27/03/20 08:39:15)
======================================================================
Program/Task  1 - Main program form - Info - 6 - MDI form was created. - Program = 1; Task = 1; Form = 1;  
General - General (79) - Info - 1 - User State Persistency changed from Name to Yes/No.
General - General (158) - Info - 2 - Style and Border of the controls were changed.
General - Components (7) - Info - 63 - The end user functionality component was added to the project.
General - Syntax checker (7) - Info - 74 - New transaction message was added.
General - color 341 instead of 2- Info - 54 - New color was assigned to the control.
General - color 342 instead of 2- Info - 54 - New color was assigned to the control.
General - color 340 instead of 10000 (2) - Info - 54 - New color was assigned to the control.
General - font 252 instead of 108- Info - 56 - New font was assigned to the control.
Converting project  (05/11/20 12:52:30)
======================================================================
Program/Task  1 - Main program form - Info - 6 - MDI form was created. - Program = 1; Task = 1; Form = 1;  
General - General (117) - Info - 1 - User State Persistency changed from Name to Yes/No.
General - General (184) - Info - 2 - Style and Border of the controls were changed.
General - Components (19) - Info - 63 - The end user functionality component was added to the project.
General - Syntax checker (19) - Info - 74 - New transaction message was added.
General - color 341 instead of 2- Info - 54 - New color was assigned to the control.
General - color 342 instead of 2- Info - 54 - New color was assigned to the control.
General - color 340 instead of 10000 (2) - Info - 54 - New color was assigned to the control.
