 <-1> 18/01/2019 13:37:27.772     [Error  ] - Cabinet File Name cannot be empty.
 <-1> 18/01/2019 13:37:27.825     [Error  ] - Cabinet File Name cannot be empty.
 <-1> 18/01/2019 13:37:28.814     [Error  ] - Cabinet File Name cannot be empty.
 <-1> 18/01/2019 13:37:30.514     [Error  ] - Cabinet File Name cannot be empty.
 <-1> 18/01/2019 13:37:30.565     [Error  ] - Cabinet File Name cannot be empty.
 <-1> 18/01/2019 13:37:30.617     [Error  ] - Cabinet File Name cannot be empty.
 <-1> 18/01/2019 13:45:44.425     [Error  ] - Cabinet File Name cannot be empty.
 <-1> 18/01/2019 13:45:44.477     [Error  ] - Cabinet File Name cannot be empty.
 <-1> 18/01/2019 13:45:45.465     [Error  ] - Cabinet File Name cannot be empty.
 <-1> 18/01/2019 13:45:47.247     [Error  ] - Cabinet File Name cannot be empty.
 <-1> 18/01/2019 13:45:47.299     [Error  ] - Cabinet File Name cannot be empty.
 <-1> 18/01/2019 13:45:47.350     [Error  ] - Cabinet File Name cannot be empty.
 <-1> 18/01/2019 13:45:53.990     [Error  ] - Cabinet File Name cannot be empty.
 <-1> 18/01/2019 13:45:54.041     [Error  ] - Cabinet File Name cannot be empty.
 <-1> 18/01/2019 13:45:54.092     [Error  ] - Cabinet File Name cannot be empty.
 <-1> 18/01/2019 13:45:54.143     [Error  ] - Cabinet File Name cannot be empty.
 <-1> 18/01/2019 13:45:54.193     [Error  ] - Cabinet File Name cannot be empty.
 <-1> 18/01/2019 13:45:54.244     [Error  ] - Cabinet File Name cannot be empty.
 <-1> 18/01/2019 13:48:53.033     [Error  ] - Cabinet File Name cannot be empty.
 <-1> 18/01/2019 13:48:53.086     [Error  ] - Cabinet File Name cannot be empty.
 <-1> 18/01/2019 13:48:54.044     [Error  ] - Cabinet File Name cannot be empty.
 <-1> 18/01/2019 13:48:55.736     [Error  ] - Cabinet File Name cannot be empty.
 <-1> 18/01/2019 13:48:55.786     [Error  ] - Cabinet File Name cannot be empty.
 <-1> 18/01/2019 13:48:55.838     [Error  ] - Cabinet File Name cannot be empty.
 <-1> 18/01/2019 13:49:02.482     [Error  ] - Cabinet File Name cannot be empty.
 <-1> 18/01/2019 13:49:02.534     [Error  ] - Cabinet File Name cannot be empty.
 <-1> 18/01/2019 13:49:02.585     [Error  ] - Cabinet File Name cannot be empty.
 <-1> 18/01/2019 13:49:02.635     [Error  ] - Cabinet File Name cannot be empty.
 <-1> 18/01/2019 13:49:02.686     [Error  ] - Cabinet File Name cannot be empty.
 <-1> 18/01/2019 13:49:02.737     [Error  ] - Cabinet File Name cannot be empty.
 <-1> 30/01/2019 09:28:51.604     [Error  ] - Cabinet File Name cannot be empty.
 <-1> 30/01/2019 09:28:51.658     [Error  ] - Cabinet File Name cannot be empty.
 <-1> 30/01/2019 09:28:52.602     [Error  ] - Cabinet File Name cannot be empty.
 <-1> 30/01/2019 09:28:54.246     [Error  ] - Cabinet File Name cannot be empty.
 <-1> 30/01/2019 09:28:54.297     [Error  ] - Cabinet File Name cannot be empty.
 <-1> 30/01/2019 09:28:54.349     [Error  ] - Cabinet File Name cannot be empty.
 <-1> 30/01/2019 09:29:00.904     [Error  ] - Cabinet File Name cannot be empty.
 <-1> 30/01/2019 09:29:00.955     [Error  ] - Cabinet File Name cannot be empty.
 <-1> 30/01/2019 09:29:01.007     [Error  ] - Cabinet File Name cannot be empty.
 <-1> 30/01/2019 09:29:01.057     [Error  ] - Cabinet File Name cannot be empty.
 <-1> 30/01/2019 09:29:01.108     [Error  ] - Cabinet File Name cannot be empty.
 <-1> 30/01/2019 09:29:01.160     [Error  ] - Cabinet File Name cannot be empty.
 <-1> 09/07/2019 14:07:40.737     [Error  ] - Cabinet File Name cannot be empty.
 <-1> 09/07/2019 14:07:40.799     [Error  ] - Cabinet File Name cannot be empty.
 <-1> 09/07/2019 14:07:41.864     [Error  ] - Cabinet File Name cannot be empty.
 <-1> 09/07/2019 14:07:43.537     [Error  ] - Cabinet File Name cannot be empty.
 <-1> 09/07/2019 14:07:43.594     [Error  ] - Cabinet File Name cannot be empty.
 <-1> 09/07/2019 14:07:43.664     [Error  ] - Cabinet File Name cannot be empty.
 <-1> 09/07/2019 14:07:51.315     [Error  ] - Cabinet File Name cannot be empty.
 <-1> 09/07/2019 14:07:51.372     [Error  ] - Cabinet File Name cannot be empty.
 <-1> 09/07/2019 14:07:51.438     [Error  ] - Cabinet File Name cannot be empty.
 <-1> 09/07/2019 14:07:51.505     [Error  ] - Cabinet File Name cannot be empty.
 <-1> 09/07/2019 14:07:51.564     [Error  ] - Cabinet File Name cannot be empty.
 <-1> 09/07/2019 14:07:51.620     [Error  ] - Cabinet File Name cannot be empty.
 <-1> 05/11/2020 12:41:07.288     [Error  ] - Cabinet File Name cannot be empty.
 <-1> 05/11/2020 12:41:07.348     [Error  ] - Cabinet File Name cannot be empty.
 <-1> 05/11/2020 12:41:08.277     [Error  ] - Cabinet File Name cannot be empty.
 <-1> 05/11/2020 12:41:09.648     [Error  ] - Cabinet File Name cannot be empty.
 <-1> 05/11/2020 12:41:09.707     [Error  ] - Cabinet File Name cannot be empty.
 <-1> 05/11/2020 12:41:09.769     [Error  ] - Cabinet File Name cannot be empty.
 <-1> 05/11/2020 12:41:18.021     [Error  ] - Cabinet File Name cannot be empty.
 <-1> 05/11/2020 12:41:18.077     [Error  ] - Cabinet File Name cannot be empty.
 <-1> 05/11/2020 12:41:18.139     [Error  ] - Cabinet File Name cannot be empty.
 <-1> 05/11/2020 12:41:18.202     [Error  ] - Cabinet File Name cannot be empty.
 <-1> 05/11/2020 12:41:18.264     [Error  ] - Cabinet File Name cannot be empty.
 <-1> 05/11/2020 12:41:18.326     [Error  ] - Cabinet File Name cannot be empty.
 <-1> 13/04/2023 11:32:34.643     [Error  ] - Cabinet File Name cannot be empty.
 <-1> 13/04/2023 11:32:34.709     [Error  ] - Cabinet File Name cannot be empty.
 <-1> 13/04/2023 11:32:35.698     [Error  ] - Cabinet File Name cannot be empty.
 <-1> 13/04/2023 11:32:36.907     [Error  ] - Cabinet File Name cannot be empty.
 <-1> 13/04/2023 11:32:36.967     [Error  ] - Cabinet File Name cannot be empty.
 <-1> 13/04/2023 11:32:37.029     [Error  ] - Cabinet File Name cannot be empty.
 <-1> 13/04/2023 11:32:45.862     [Error  ] - Cabinet File Name cannot be empty.
 <-1> 13/04/2023 11:32:45.920     [Error  ] - Cabinet File Name cannot be empty.
 <-1> 13/04/2023 11:32:45.982     [Error  ] - Cabinet File Name cannot be empty.
 <-1> 13/04/2023 11:32:46.044     [Error  ] - Cabinet File Name cannot be empty.
 <-1> 13/04/2023 11:32:46.106     [Error  ] - Cabinet File Name cannot be empty.
 <-1> 13/04/2023 11:32:46.169     [Error  ] - Cabinet File Name cannot be empty.
 <-1> 08/11/2023 15:10:16.155     [Error  ] - Cabinet File Name cannot be empty.
 <-1> 08/11/2023 15:10:16.213     [Error  ] - Cabinet File Name cannot be empty.
 <-1> 08/11/2023 15:10:17.048     [Error  ] - Cabinet File Name cannot be empty.
 <-1> 08/11/2023 15:10:18.155     [Error  ] - Cabinet File Name cannot be empty.
 <-1> 08/11/2023 15:10:18.209     [Error  ] - Cabinet File Name cannot be empty.
 <-1> 08/11/2023 15:10:18.271     [Error  ] - Cabinet File Name cannot be empty.
 <-1> 08/11/2023 15:10:27.211     [Error  ] - Cabinet File Name cannot be empty.
 <-1> 08/11/2023 15:10:27.265     [Error  ] - Cabinet File Name cannot be empty.
 <-1> 08/11/2023 15:10:27.327     [Error  ] - Cabinet File Name cannot be empty.
 <-1> 08/11/2023 15:10:27.389     [Error  ] - Cabinet File Name cannot be empty.
 <-1> 08/11/2023 15:10:27.451     [Error  ] - Cabinet File Name cannot be empty.
 <-1> 08/11/2023 15:10:27.513     [Error  ] - Cabinet File Name cannot be empty.
 <-1> 17/04/2024 09:45:20.991     [Error  ] - Cabinet File Name cannot be empty.
 <-1> 17/04/2024 09:45:21.059     [Error  ] - Cabinet File Name cannot be empty.
 <-1> 17/04/2024 09:45:21.902     [Error  ] - Cabinet File Name cannot be empty.
 <-1> 17/04/2024 09:45:23.050     [Error  ] - Cabinet File Name cannot be empty.
 <-1> 17/04/2024 09:45:23.107     [Error  ] - Cabinet File Name cannot be empty.
 <-1> 17/04/2024 09:45:23.170     [Error  ] - Cabinet File Name cannot be empty.
 <-1> 17/04/2024 09:45:32.095     [Error  ] - Cabinet File Name cannot be empty.
 <-1> 17/04/2024 09:45:32.158     [Error  ] - Cabinet File Name cannot be empty.
 <-1> 17/04/2024 09:45:32.220     [Error  ] - Cabinet File Name cannot be empty.
 <-1> 17/04/2024 09:45:32.281     [Error  ] - Cabinet File Name cannot be empty.
 <-1> 17/04/2024 09:45:32.345     [Error  ] - Cabinet File Name cannot be empty.
 <-1> 17/04/2024 09:45:32.406     [Error  ] - Cabinet File Name cannot be empty.
 <-1> 03/05/2024 10:51:36.483     [Error  ] - Cabinet File Name cannot be empty.
 <-1> 03/05/2024 10:51:36.568     [Error  ] - Cabinet File Name cannot be empty.
 <-1> 03/05/2024 10:51:38.193     [Error  ] - Cabinet File Name cannot be empty.
 <-1> 03/05/2024 10:51:39.088     [Error  ] - Cabinet File Name cannot be empty.
 <-1> 03/05/2024 10:51:39.151     [Error  ] - Cabinet File Name cannot be empty.
 <-1> 03/05/2024 10:51:39.214     [Error  ] - Cabinet File Name cannot be empty.
 <-1> 03/05/2024 10:51:53.842     [Error  ] - Cabinet File Name cannot be empty.
 <-1> 03/05/2024 10:51:53.895     [Error  ] - Cabinet File Name cannot be empty.
 <-1> 03/05/2024 10:51:53.957     [Error  ] - Cabinet File Name cannot be empty.
 <-1> 03/05/2024 10:51:54.021     [Error  ] - Cabinet File Name cannot be empty.
 <-1> 03/05/2024 10:51:54.085     [Error  ] - Cabinet File Name cannot be empty.
 <-1> 03/05/2024 10:51:54.149     [Error  ] - Cabinet File Name cannot be empty.
 <-1> 03/05/2024 11:13:05.043     [Error  ] - Cabinet File Name cannot be empty.
 <-1> 03/05/2024 11:13:05.113     [Error  ] - Cabinet File Name cannot be empty.
 <-1> 03/05/2024 11:13:06.725     [Error  ] - Cabinet File Name cannot be empty.
 <-1> 03/05/2024 11:13:07.621     [Error  ] - Cabinet File Name cannot be empty.
 <-1> 03/05/2024 11:13:07.679     [Error  ] - Cabinet File Name cannot be empty.
 <-1> 03/05/2024 11:13:07.742     [Error  ] - Cabinet File Name cannot be empty.
 <-1> 03/05/2024 11:13:22.466     [Error  ] - Cabinet File Name cannot be empty.
 <-1> 03/05/2024 11:13:22.531     [Error  ] - Cabinet File Name cannot be empty.
 <-1> 03/05/2024 11:13:22.594     [Error  ] - Cabinet File Name cannot be empty.
 <-1> 03/05/2024 11:13:22.658     [Error  ] - Cabinet File Name cannot be empty.
 <-1> 03/05/2024 11:13:22.722     [Error  ] - Cabinet File Name cannot be empty.
 <-1> 03/05/2024 11:13:22.785     [Error  ] - Cabinet File Name cannot be empty.

==============================================
PID 9140	03/05/2024 11:13:23
==============================================


 <-1> 03/05/2024 15:29:08.716     [Error  ] - Cabinet File Name cannot be empty.
 <-1> 03/05/2024 15:29:08.781     [Error  ] - Cabinet File Name cannot be empty.
 <-1> 03/05/2024 15:29:10.336     [Error  ] - Cabinet File Name cannot be empty.
 <-1> 03/05/2024 15:29:11.227     [Error  ] - Cabinet File Name cannot be empty.
 <-1> 03/05/2024 15:29:11.288     [Error  ] - Cabinet File Name cannot be empty.
 <-1> 03/05/2024 15:29:11.351     [Error  ] - Cabinet File Name cannot be empty.
 <-1> 03/05/2024 15:29:25.984     [Error  ] - Cabinet File Name cannot be empty.
 <-1> 03/05/2024 15:29:26.043     [Error  ] - Cabinet File Name cannot be empty.
 <-1> 03/05/2024 15:29:26.106     [Error  ] - Cabinet File Name cannot be empty.
 <-1> 03/05/2024 15:29:26.170     [Error  ] - Cabinet File Name cannot be empty.
 <-1> 03/05/2024 15:29:26.232     [Error  ] - Cabinet File Name cannot be empty.
 <-1> 03/05/2024 15:29:26.296     [Error  ] - Cabinet File Name cannot be empty.
 <-1> 03/05/2024 15:30:17.993     [Error  ] - Cabinet File Name cannot be empty.
 <-1> 03/05/2024 15:30:18.052     [Error  ] - Cabinet File Name cannot be empty.
 <-1> 03/05/2024 15:30:19.631     [Error  ] - Cabinet File Name cannot be empty.
 <-1> 03/05/2024 15:30:20.536     [Error  ] - Cabinet File Name cannot be empty.
 <-1> 03/05/2024 15:30:20.588     [Error  ] - Cabinet File Name cannot be empty.
 <-1> 03/05/2024 15:30:20.651     [Error  ] - Cabinet File Name cannot be empty.
 <-1> 03/05/2024 15:30:35.344     [Error  ] - Cabinet File Name cannot be empty.
 <-1> 03/05/2024 15:30:35.394     [Error  ] - Cabinet File Name cannot be empty.
 <-1> 03/05/2024 15:30:35.458     [Error  ] - Cabinet File Name cannot be empty.
 <-1> 03/05/2024 15:30:35.521     [Error  ] - Cabinet File Name cannot be empty.
 <-1> 03/05/2024 15:30:35.584     [Error  ] - Cabinet File Name cannot be empty.
 <-1> 03/05/2024 15:30:35.648     [Error  ] - Cabinet File Name cannot be empty.
 <-1> 03/05/2024 15:37:45.473     [Error  ] - Cabinet File Name cannot be empty.
 <-1> 03/05/2024 15:37:45.554     [Error  ] - Cabinet File Name cannot be empty.
 <-1> 03/05/2024 15:37:47.187     [Error  ] - Cabinet File Name cannot be empty.
 <-1> 03/05/2024 15:37:48.069     [Error  ] - Cabinet File Name cannot be empty.
 <-1> 03/05/2024 15:37:48.122     [Error  ] - Cabinet File Name cannot be empty.
 <-1> 03/05/2024 15:37:48.185     [Error  ] - Cabinet File Name cannot be empty.
 <-1> 03/05/2024 15:38:02.889     [Error  ] - Cabinet File Name cannot be empty.
 <-1> 03/05/2024 15:38:02.951     [Error  ] - Cabinet File Name cannot be empty.
 <-1> 03/05/2024 15:38:03.014     [Error  ] - Cabinet File Name cannot be empty.
 <-1> 03/05/2024 15:38:03.078     [Error  ] - Cabinet File Name cannot be empty.
 <-1> 03/05/2024 15:38:03.141     [Error  ] - Cabinet File Name cannot be empty.
 <-1> 03/05/2024 15:38:03.204     [Error  ] - Cabinet File Name cannot be empty.
 <-1> 03/05/2024 15:43:03.070     [Error  ] - Cabinet File Name cannot be empty.
 <-1> 03/05/2024 15:43:03.144     [Error  ] - Cabinet File Name cannot be empty.
 <-1> 03/05/2024 15:43:04.703     [Error  ] - Cabinet File Name cannot be empty.
 <-1> 03/05/2024 15:43:05.604     [Error  ] - Cabinet File Name cannot be empty.
 <-1> 03/05/2024 15:43:05.664     [Error  ] - Cabinet File Name cannot be empty.
 <-1> 03/05/2024 15:43:05.727     [Error  ] - Cabinet File Name cannot be empty.
 <-1> 03/05/2024 15:43:20.234     [Error  ] - Cabinet File Name cannot be empty.
 <-1> 03/05/2024 15:43:20.297     [Error  ] - Cabinet File Name cannot be empty.
 <-1> 03/05/2024 15:43:20.360     [Error  ] - Cabinet File Name cannot be empty.
 <-1> 03/05/2024 15:43:20.424     [Error  ] - Cabinet File Name cannot be empty.
 <-1> 03/05/2024 15:43:20.487     [Error  ] - Cabinet File Name cannot be empty.
 <-1> 03/05/2024 15:43:20.551     [Error  ] - Cabinet File Name cannot be empty.
 <-1> 03/05/2024 16:08:05.792     [Error  ] - Cabinet File Name cannot be empty.
 <-1> 03/05/2024 16:08:05.852     [Error  ] - Cabinet File Name cannot be empty.
 <-1> 03/05/2024 16:08:07.377     [Error  ] - Cabinet File Name cannot be empty.
 <-1> 03/05/2024 16:08:08.263     [Error  ] - Cabinet File Name cannot be empty.
 <-1> 03/05/2024 16:08:08.328     [Error  ] - Cabinet File Name cannot be empty.
 <-1> 03/05/2024 16:08:08.391     [Error  ] - Cabinet File Name cannot be empty.
 <-1> 03/05/2024 16:08:22.923     [Error  ] - Cabinet File Name cannot be empty.
 <-1> 03/05/2024 16:08:22.974     [Error  ] - Cabinet File Name cannot be empty.
 <-1> 03/05/2024 16:08:23.038     [Error  ] - Cabinet File Name cannot be empty.
 <-1> 03/05/2024 16:08:23.102     [Error  ] - Cabinet File Name cannot be empty.
 <-1> 03/05/2024 16:08:23.164     [Error  ] - Cabinet File Name cannot be empty.
 <-1> 03/05/2024 16:08:23.229     [Error  ] - Cabinet File Name cannot be empty.
 <426738815311041728> 03/05/2024 16:16:54.001     [Error  ] - File not found:: W:\CIGAMe11\Temp\0.pdf, Program: "B_Imprimir.Imprimir Solicitacao".
 <137923075160192176> 03/05/2024 16:18:03.869     [Error  ] - File not found:: W:\CIGAMe11\Temp\0.pdf, Program: "B_Imprimir.Imprimir Solicitacao".
 <-1> 03/05/2024 16:40:14.654     [Error  ] - Error - run-time engine was not found. Please restart the studio in order to run the application
 <-1> 03/05/2024 16:40:27.219     [Error  ] - Error - run-time engine was not found. Please restart the studio in order to run the application
 <-1> 03/05/2024 16:44:52.133     [Error  ] - Cabinet File Name cannot be empty.
 <-1> 03/05/2024 16:44:52.207     [Error  ] - Cabinet File Name cannot be empty.
 <-1> 03/05/2024 16:44:53.803     [Error  ] - Cabinet File Name cannot be empty.
 <-1> 03/05/2024 16:44:54.695     [Error  ] - Cabinet File Name cannot be empty.
 <-1> 03/05/2024 16:44:54.760     [Error  ] - Cabinet File Name cannot be empty.
 <-1> 03/05/2024 16:44:54.823     [Error  ] - Cabinet File Name cannot be empty.
 <-1> 03/05/2024 16:45:09.403     [Error  ] - Cabinet File Name cannot be empty.
 <-1> 03/05/2024 16:45:09.455     [Error  ] - Cabinet File Name cannot be empty.
 <-1> 03/05/2024 16:45:09.518     [Error  ] - Cabinet File Name cannot be empty.
 <-1> 03/05/2024 16:45:09.582     [Error  ] - Cabinet File Name cannot be empty.
 <-1> 03/05/2024 16:45:09.645     [Error  ] - Cabinet File Name cannot be empty.
 <-1> 03/05/2024 16:45:09.708     [Error  ] - Cabinet File Name cannot be empty.
 <-1> 06/05/2024 08:32:36.340     [Error  ] - Cabinet File Name cannot be empty.
 <-1> 06/05/2024 08:32:36.414     [Error  ] - Cabinet File Name cannot be empty.
 <-1> 06/05/2024 08:32:38.125     [Error  ] - Cabinet File Name cannot be empty.
 <-1> 06/05/2024 08:32:39.021     [Error  ] - Cabinet File Name cannot be empty.
 <-1> 06/05/2024 08:32:39.076     [Error  ] - Cabinet File Name cannot be empty.
 <-1> 06/05/2024 08:32:39.139     [Error  ] - Cabinet File Name cannot be empty.
 <-1> 06/05/2024 08:32:54.151     [Error  ] - Cabinet File Name cannot be empty.
 <-1> 06/05/2024 08:32:54.204     [Error  ] - Cabinet File Name cannot be empty.
 <-1> 06/05/2024 08:32:54.265     [Error  ] - Cabinet File Name cannot be empty.
 <-1> 06/05/2024 08:32:54.328     [Error  ] - Cabinet File Name cannot be empty.
 <-1> 06/05/2024 08:32:54.392     [Error  ] - Cabinet File Name cannot be empty.
 <-1> 06/05/2024 08:32:54.455     [Error  ] - Cabinet File Name cannot be empty.
 <-1> 06/05/2024 10:39:55.029     [Error  ] - Error - run-time engine was not found. Please restart the studio in order to run the application
 <-1> 06/05/2024 10:40:09.772     [Error  ] - Error - run-time engine was not found. Please restart the studio in order to run the application
 <-1> 06/05/2024 12:55:45.825     [Error  ] - Error - run-time engine was not found. Please restart the studio in order to run the application
 <-1> 06/05/2024 12:56:08.357     [Error  ] - Error - run-time engine was not found. Please restart the studio in order to run the application
 <-1> 07/05/2024 10:33:20.070     [Error  ] - Cabinet File Name cannot be empty.
 <-1> 07/05/2024 10:33:20.149     [Error  ] - Cabinet File Name cannot be empty.
 <-1> 07/05/2024 10:33:21.885     [Error  ] - Cabinet File Name cannot be empty.
 <-1> 07/05/2024 10:33:22.793     [Error  ] - Cabinet File Name cannot be empty.
 <-1> 07/05/2024 10:33:22.859     [Error  ] - Cabinet File Name cannot be empty.
 <-1> 07/05/2024 10:33:22.922     [Error  ] - Cabinet File Name cannot be empty.
 <-1> 07/05/2024 10:33:37.790     [Error  ] - Cabinet File Name cannot be empty.
 <-1> 07/05/2024 10:33:37.852     [Error  ] - Cabinet File Name cannot be empty.
 <-1> 07/05/2024 10:33:37.915     [Error  ] - Cabinet File Name cannot be empty.
 <-1> 07/05/2024 10:33:37.979     [Error  ] - Cabinet File Name cannot be empty.
 <-1> 07/05/2024 10:33:38.043     [Error  ] - Cabinet File Name cannot be empty.
 <-1> 07/05/2024 10:33:38.107     [Error  ] - Cabinet File Name cannot be empty.

==============================================
PID 11792	07/05/2024 17:31:52
==============================================


 <-1> 08/05/2024 09:55:07.108     [Error  ] - Cabinet File Name cannot be empty.
 <-1> 08/05/2024 09:55:07.183     [Error  ] - Cabinet File Name cannot be empty.
 <-1> 08/05/2024 09:55:08.914     [Error  ] - Cabinet File Name cannot be empty.
 <-1> 08/05/2024 09:55:09.811     [Error  ] - Cabinet File Name cannot be empty.
 <-1> 08/05/2024 09:55:09.877     [Error  ] - Cabinet File Name cannot be empty.
 <-1> 08/05/2024 09:55:09.940     [Error  ] - Cabinet File Name cannot be empty.
 <-1> 08/05/2024 09:55:24.693     [Error  ] - Cabinet File Name cannot be empty.
 <-1> 08/05/2024 09:55:24.746     [Error  ] - Cabinet File Name cannot be empty.
 <-1> 08/05/2024 09:55:24.809     [Error  ] - Cabinet File Name cannot be empty.
 <-1> 08/05/2024 09:55:24.873     [Error  ] - Cabinet File Name cannot be empty.
 <-1> 08/05/2024 09:55:24.936     [Error  ] - Cabinet File Name cannot be empty.
 <-1> 08/05/2024 09:55:24.999     [Error  ] - Cabinet File Name cannot be empty.

==============================================
PID 6384	08/05/2024 13:45:59
==============================================


 <-1> 08/05/2024 14:15:30.593     [Error  ] - Cabinet File Name cannot be empty.
 <-1> 08/05/2024 14:15:30.679     [Error  ] - Cabinet File Name cannot be empty.
 <-1> 08/05/2024 14:15:32.379     [Error  ] - Cabinet File Name cannot be empty.
 <-1> 08/05/2024 14:15:33.258     [Error  ] - Cabinet File Name cannot be empty.
 <-1> 08/05/2024 14:15:33.309     [Error  ] - Cabinet File Name cannot be empty.
 <-1> 08/05/2024 14:15:33.372     [Error  ] - Cabinet File Name cannot be empty.
 <-1> 08/05/2024 14:15:47.951     [Error  ] - Cabinet File Name cannot be empty.
 <-1> 08/05/2024 14:15:48.006     [Error  ] - Cabinet File Name cannot be empty.
 <-1> 08/05/2024 14:15:48.069     [Error  ] - Cabinet File Name cannot be empty.
 <-1> 08/05/2024 14:15:48.133     [Error  ] - Cabinet File Name cannot be empty.
 <-1> 08/05/2024 14:15:48.197     [Error  ] - Cabinet File Name cannot be empty.
 <-1> 08/05/2024 14:15:48.261     [Error  ] - Cabinet File Name cannot be empty.

==============================================
PID 13984	08/05/2024 15:22:51
==============================================


