Converting project  (27/03/20 08:44:54)
======================================================================
Program/Task  1 - Main program form - Info - 6 - MDI form was created. - Program = 1; Task = 1; Form = 1;  
General - General (140) - Info - 1 - User State Persistency changed from Name to Yes/No.
General - General (239) - Info - 2 - Style and Border of the controls were changed.
General - Components (12) - Info - 63 - The end user functionality component was added to the project.
General - Syntax checker (12) - Info - 74 - New transaction message was added.
General - color 341 instead of 2 (3) - Info - 54 - New color was assigned to the control.
General - color 342 instead of 2- Info - 54 - New color was assigned to the control.
General - color 340 instead of 10000 (9) - Info - 54 - New color was assigned to the control.
General - font 252 instead of 108- Info - 56 - New font was assigned to the control.
Converting project  (05/11/20 13:36:03)
======================================================================
Program/Task  1 - Main program form - Info - 6 - MDI form was created. - Program = 1; Task = 1; Form = 1;  
General - General (174) - Info - 1 - User State Persistency changed from Name to Yes/No.
General - General (264) - Info - 2 - Style and Border of the controls were changed.
General - Components (26) - Info - 63 - The end user functionality component was added to the project.
General - Syntax checker (26) - Info - 74 - New transaction message was added.
General - color 341 instead of 2 (3) - Info - 54 - New color was assigned to the control.
General - color 342 instead of 2- Info - 54 - New color was assigned to the control.
General - color 340 instead of 10000 (11) - Info - 54 - New color was assigned to the control.
