 <53537308583367248> 20/03/2019 14:32:18.534     [Error  ] - Invalid number, program: Cria remessa
 <53537308583367248> 20/03/2019 14:32:19.888     [Error  ] - Invalid number, program: Cria remessa
 <236734712859442912> 20/03/2019 14:49:12.361     [Error  ] - Invalid number, program: Cria remessa
 <173313991936241408> 20/03/2019 14:51:29.274     [Error  ] - Invalid number, program: Cria remessa
 <436804849075021568> 20/03/2019 14:59:12.514     [Error  ] - Record has been lost, program: Cria remessa.Limpa Temp LC_REMESSA_PEDIDO
 <436804849075021568> 20/03/2019 14:59:12.515     [Error  ] - Record has been lost, program: Cria remessa.Limpa Temp LC_REMESSA_PEDIDO
 <509777018048249024> 20/03/2019 14:59:27.110     [Error  ] - Record has been lost, program: Cria remessa.Limpa Temp LC_REMESSA_PEDIDO
 <509777018048249024> 20/03/2019 14:59:27.111     [Error  ] - Record has been lost, program: Cria remessa.Limpa Temp LC_REMESSA_PEDIDO
 <450391973715200768> 20/03/2019 17:22:49.098     [Error  ] - Invalid number, program: Cria remessa
 <83182217825518720> 20/03/2019 17:40:38.663     [Error  ] - Invalid number, program: Cria remessa
 <509626823902492160> 20/03/2019 17:48:40.546     [Error  ] - Invalid number, program: Cria remessa
 <316475958173185984> 21/03/2019 08:13:27.038     [Error  ] - Record has been lost, program: Cria remessa.Limpa Temp LC_REMESSA_PEDIDO
 <316475958173185984> 21/03/2019 08:13:27.042     [Error  ] - Record has been lost, program: Cria remessa.Limpa Temp LC_REMESSA_PEDIDO
 <465979290750444672> 21/03/2019 08:14:22.018     [Error  ] - Record has been lost, program: Cria remessa.Limpa Temp LC_REMESSA_PEDIDO
 <465979290750444672> 21/03/2019 08:14:22.019     [Error  ] - Record has been lost, program: Cria remessa.Limpa Temp LC_REMESSA_PEDIDO
 <344569608272374528> 21/03/2019 08:17:06.581     [Error  ] - Record has been lost, program: Cria remessa.Limpa Temp LC_REMESSA_PEDIDO
 <344569608272374528> 21/03/2019 08:17:06.582     [Error  ] - Record has been lost, program: Cria remessa.Limpa Temp LC_REMESSA_PEDIDO
 <344569608272374528> 21/03/2019 08:17:13.728     [Error  ] - Record has been lost, program: Cria remessa.Limpa Temp LC_REMESSA_PEDIDO
 <344569608272374528> 21/03/2019 08:17:13.729     [Error  ] - Record has been lost, program: Cria remessa.Limpa Temp LC_REMESSA_PEDIDO
 <243451629065000480> 21/03/2019 08:39:59.895     [Error  ] - Record has been lost, program: Cria remessa.Limpa Temp LC_REMESSA_PEDIDO
 <243451629065000480> 21/03/2019 08:39:59.896     [Error  ] - Record has been lost, program: Cria remessa.Limpa Temp LC_REMESSA_PEDIDO
 <42895584682998648> 21/03/2019 08:45:27.653     [Error  ] - Record has been lost, program: Cria remessa.Limpa Temp LC_REMESSA_PEDIDO
 <42895584682998648> 21/03/2019 08:45:27.654     [Error  ] - Record has been lost, program: Cria remessa.Limpa Temp LC_REMESSA_PEDIDO
 <116639823627822480> 21/03/2019 08:46:39.894     [Error  ] - Record has been lost, program: 7.Limpa Temp LC_REMESSA_PEDIDO
 <116639823627822480> 21/03/2019 08:46:39.895     [Error  ] - Record has been lost, program: 7.Limpa Temp LC_REMESSA_PEDIDO
 <473051919825416576> 21/03/2019 08:48:23.459     [Error  ] - Record has been lost, program: Cria Pedido Remessa.Limpa Temp LC_REMESSA_PEDIDO
 <473051919825416576> 21/03/2019 08:48:23.460     [Error  ] - Record has been lost, program: Cria Pedido Remessa.Limpa Temp LC_REMESSA_PEDIDO
 <461320625249454848> 21/03/2019 08:50:05.783     [Error  ] - Record has been lost, program: Cria Pedido Remessa.Limpa Temp LC_REMESSA_PEDIDO
 <461320625249454848> 21/03/2019 08:50:05.784     [Error  ] - Record has been lost, program: Cria Pedido Remessa.Limpa Temp LC_REMESSA_PEDIDO
 <544002061550844864> 21/03/2019 08:51:08.247     [Error  ] - Record has been lost, program: Cria Pedido Remessa.Limpa Temp LC_REMESSA_PEDIDO
 <544002061550844864> 21/03/2019 08:51:08.248     [Error  ] - Record has been lost, program: Cria Pedido Remessa.Limpa Temp LC_REMESSA_PEDIDO
 <190917721314893216> 21/03/2019 08:55:02.322     [Error  ] - Record has been lost, program: Cria Pedido Remessa.Limpa Temp LC_REMESSA_PEDIDO
 <190917721314893216> 21/03/2019 08:55:02.324     [Error  ] - Record has been lost, program: Cria Pedido Remessa.Limpa Temp LC_REMESSA_PEDIDO
 <380930472189877248> 21/03/2019 08:57:55.034     [Error  ] - Record has been lost, program: Cria Pedido Remessa.Limpa Temp LC_REMESSA_PEDIDO
 <380930472189877248> 21/03/2019 08:57:55.035     [Error  ] - Record has been lost, program: Cria Pedido Remessa.Limpa Temp LC_REMESSA_PEDIDO
 <300800389794488896> 21/03/2019 09:02:08.756     [Error  ] - Record has been lost, program: Cria Pedido Remessa.Limpa Temp LC_REMESSA_PEDIDO
 <300800389794488896> 21/03/2019 09:02:08.759     [Error  ] - Record has been lost, program: Cria Pedido Remessa.Limpa Temp LC_REMESSA_PEDIDO
 <480813214268899456> 21/03/2019 09:03:22.616     [Error  ] - Record has been lost, program: Cria Pedido Remessa.Limpa Temp LC_REMESSA_PEDIDO
 <480813214268899456> 21/03/2019 09:03:22.617     [Error  ] - Record has been lost, program: Cria Pedido Remessa.Limpa Temp LC_REMESSA_PEDIDO
 <544391904889940480> 21/03/2019 09:04:13.867     [Error  ] - Record has been lost, program: Cria Pedido Remessa.Limpa Temp LC_REMESSA_PEDIDO
 <544391904889940480> 21/03/2019 09:04:13.867     [Error  ] - Record has been lost, program: Cria Pedido Remessa.Limpa Temp LC_REMESSA_PEDIDO
 <557373031392541440> 21/03/2019 09:11:51.633     [Error  ] - Duplicate index, data source: LC_REMESSA_ITEM, program: Cria Pedido Remessa.Cria Temp Pedido.Cria Temp Item.Cria_temp_item
 <557180210720896256> 21/03/2019 09:12:05.073     [Error  ] - Duplicate index, data source: LC_REMESSA_ITEM, program: Cria Pedido Remessa.Cria Temp Pedido.Cria Temp Item.Cria_temp_item
 <187495605222125856> 21/03/2019 15:11:28.467     [Error  ] - Índice Duplicado, fonte de dados: LC_REMESSA_ITEM, program: Cria Pedido Remessa.Seleciona OP.Processa Pedido.Processa Item
 <233982041505214016> 21/03/2019 15:11:48.873     [Error  ] - Índice Duplicado, fonte de dados: LC_REMESSA_ITEM, program: Cria Pedido Remessa.Seleciona OP.Processa Pedido.Processa Item
 <233982041505214016> 21/03/2019 15:11:56.568     [Error  ] - Índice Duplicado, fonte de dados: LC_REMESSA_ITEM, program: Cria Pedido Remessa.Seleciona OP.Processa Pedido.Processa Item
 <452046129928796032> 21/03/2019 15:13:45.257     [Error  ] - Índice Duplicado, fonte de dados: LC_REMESSA_ITEM, program: Cria Pedido Remessa.Seleciona OP.Processa Pedido.Processa Item
 <115898182007608064> 21/03/2019 15:17:49.200     [Error  ] - Índice Duplicado, fonte de dados: LC_REMESSA_ITEM, program: Cria Pedido Remessa.Seleciona OP.Processa Pedido.Processa Item
 <96781692426152016> 21/03/2019 15:19:22.934     [Error  ] - Duplicate index, data source: LC_REMESSA_ITEM, program: Cria Pedido Remessa.Seleciona OP.Processa Pedido.Processa Item
 <96781692426152016> 21/03/2019 15:19:28.179     [Error  ] - Duplicate index, data source: LC_REMESSA_ITEM, program: Cria Pedido Remessa.Seleciona OP.Processa Pedido.Processa Item
 <201614869260853088> 05/09/2019 08:36:50.063     [Error  ] - Duplicate index, data source: LC_REMESSA_ITEM, program: Cria Pedido Remessa.Cria Temp Pedido.Cria Temp Item.Cria_temp_item
 <124660594748726288> 05/09/2019 08:41:24.660     [Error  ] - Duplicate index, data source: LC_REMESSA_ITEM, program: Cria Pedido Remessa.Cria Temp Pedido.Cria Temp Item.Cria_temp_item
 <197269126539116544> 05/09/2019 10:00:19.263     [Error  ] - Duplicate index, data source: LC_REMESSA_ITEM, program: Cria Pedido Transferencia.Cria Temp Pedido.Cria Temp Item.Cria_temp_item
 <164333733806235072> 05/09/2019 10:24:54.890     [Error  ] - Duplicate index, data source: LC_REMESSA_ITEM, program: Cria Pedido Transferencia.Cria Temp Pedido.Cria Temp Item.Cria_temp_item
 <342050626926811456> 05/09/2019 10:30:34.974     [Error  ] - Duplicate index, data source: LC_REMESSA_ITEM, program: Cria Pedido Transferencia.Cria Temp Pedido.Cria Temp Item.Cria_temp_item
 <230110625633082176> 05/09/2019 11:00:31.337     [Error  ] - Bad date, program: Cria Pedido Transferencia
 <230110625633082176> 05/09/2019 11:00:41.549     [Error  ] - Duplicate index, data source: LC_REMESSA_ITEM, program: Cria Pedido Transferencia.Cria Temp Pedido.Cria Temp Item.Cria_temp_item
 <187390014074062912> 05/09/2019 11:47:11.742     [Error  ] - Duplicate index, data source: LC_REMESSA_ITEM, program: Cria Pedido Transferencia.Cria Temp Pedido.Cria Temp Item.Cria_temp_item
 <539488379487765184> 05/09/2019 11:48:47.002     [Error  ] - Duplicate index, data source: LC_REMESSA_ITEM, program: Cria Pedido Transferencia.Cria Temp Pedido.Cria Temp Item.Cria_temp_item
 <101795685637654480> 05/09/2019 14:43:26.550     [Error  ] - Duplicate index, data source: LC_REMESSA_ITEM, program: Cria Pedido Transferencia.Cria Temp Pedido.Cria Temp Item.Cria_temp_item
 <425002226231780160> 05/09/2019 14:44:09.160     [Error  ] - Duplicate index, data source: LC_REMESSA_PEDIDO, program: Cria Pedido Transferencia.Cria Temp Pedido.Cria_temp_pedido
 <336833078420330880> 05/09/2019 14:46:38.226     [Error  ] - Duplicate index, data source: LC_REMESSA_ITEM, program: Cria Pedido Transferencia.Cria Temp Pedido.Cria Temp Item.Cria_temp_item
 <387612838912231232> 05/09/2019 14:47:03.177     [Error  ] - Duplicate index, data source: LC_REMESSA_ITEM, program: Cria Pedido Transferencia.Cria Temp Pedido.Cria Temp Item.Cria_temp_item
 <275032960962851456> 05/09/2019 14:48:03.344     [Error  ] - Invalid program/task selected in call command, program: Cria Pedido Transferencia.Cria Temp Pedido
 <275032960962851456> 05/09/2019 14:48:03.382     [Error  ] - Invalid program/task selected in call command, program: Cria Pedido Transferencia.Cria Temp Pedido
 <275032960962851456> 05/09/2019 14:48:03.394     [Error  ] - Invalid program/task selected in call command, program: Cria Pedido Transferencia.Cria Temp Pedido
 <275032960962851456> 05/09/2019 14:48:03.406     [Error  ] - Invalid program/task selected in call command, program: Cria Pedido Transferencia.Cria Temp Pedido
 <275032960962851456> 05/09/2019 14:48:03.419     [Error  ] - Invalid program/task selected in call command, program: Cria Pedido Transferencia.Cria Temp Pedido
 <275032960962851456> 05/09/2019 14:48:03.431     [Error  ] - Invalid program/task selected in call command, program: Cria Pedido Transferencia.Cria Temp Pedido
 <275032960962851456> 05/09/2019 14:48:03.464     [Error  ] - Duplicate index, data source: LC_REMESSA_ITEM, program: Cria Pedido Transferencia.Cria Temp Pedido.Cria Temp Item.Cria_temp_item
 <131570749491857760> 05/09/2019 14:48:16.888     [Error  ] - Invalid program/task selected in call command, program: Cria Pedido Transferencia.Cria Temp Pedido
 <131570749491857760> 05/09/2019 14:48:16.937     [Error  ] - Duplicate index, data source: LC_REMESSA_ITEM, program: Cria Pedido Transferencia.Cria Temp Pedido.Cria Temp Item.Cria_temp_item
 <532081228956770112> 09/09/2019 09:33:23.428     [Error  ] - Duplicate index, data source: LC_REMESSA_ITEM, program: Cria Pedido Transferencia.Cria Temp Pedido.Cria Temp Item.Cria_temp_item
 <270730717670562656> 09/09/2019 09:33:40.086     [Error  ] - Duplicate index, data source: LC_REMESSA_ITEM, program: Cria Pedido Transferencia.Cria Temp Pedido.Cria Temp Item.Cria_temp_item
 <541766077210063424> 09/09/2019 09:41:20.782     [Error  ] - Duplicate index, data source: LC_REMESSA_ITEM, program: Cria Pedido Transferencia.Cria Temp Pedido.Cria Temp Item.Cria_temp_item
 <351266683225866176> 10/09/2019 08:56:26.094     [Error  ] - Duplicate index, data source: LC_REMESSA_ITEM, program: Cria Pedido Transferencia.Cria Temp Pedido.Cria Temp Item.Cria_temp_item
 <474962084060801728> 10/09/2019 08:59:51.902     [Error  ] - Duplicate index, data source: LC_REMESSA_ITEM, program: Cria Pedido Transferencia.Cria Temp Pedido.Cria Temp Item.Cria_temp_item
 <174041471020458144> 10/09/2019 09:04:32.825     [Error  ] - Duplicate index, data source: LC_REMESSA_ITEM, program: Cria Pedido Transferencia.Cria Temp Pedido.Cria Temp Item.Cria_temp_item
 <196140774381280416> 10/09/2019 09:04:50.255     [Error  ] - Duplicate index, data source: LC_REMESSA_ITEM, program: Cria Pedido Transferencia.Cria Temp Pedido.Cria Temp Item.Cria_temp_item
 <424192392945479424> 10/09/2019 09:05:25.363     [Error  ] - Duplicate index, data source: LC_REMESSA_ITEM, program: Cria Pedido Transferencia.Cria Temp Pedido.Cria Temp Item.Cria_temp_item
 <199581349420324736> 10/09/2019 09:34:27.962     [Error  ] - Duplicate index, data source: LC_REMESSA_ITEM, program: Cria Pedido Transferencia.Cria Temp Pedido Loop.Cria Temp Pedido.Cria Temp Item.Cria_temp_item
 <25819323011523200> 10/09/2019 09:34:50.109     [Error  ] - Duplicate index, data source: LC_REMESSA_ITEM, program: Cria Pedido Transferencia.Cria Temp Pedido Loop.Cria Temp Pedido.Cria Temp Item.Cria_temp_item
 <567451648004314944> 10/09/2019 09:36:54.277     [Error  ] - Duplicate index, data source: LC_REMESSA_ITEM, program: Cria Pedido Transferencia.Cria Temp Pedido Loop.Cria Temp Pedido.Cria Temp Item.Cria_temp_item
 <48226983982718752> 10/09/2019 09:37:13.213     [Error  ] - Duplicate index, data source: LC_REMESSA_ITEM, program: Cria Pedido Transferencia.Cria Temp Pedido Loop.Cria Temp Pedido.Cria Temp Item.Cria_temp_item
 <311208484648145792> 10/09/2019 09:37:55.149     [Error  ] - Duplicate index, data source: LC_REMESSA_ITEM, program: Cria Pedido Transferencia.Cria Temp Pedido Loop.Cria Temp Pedido.Cria Temp Item.Cria_temp_item
 <425425303654007104> 10/09/2019 09:38:30.867     [Error  ] - Duplicate index, data source: LC_REMESSA_ITEM, program: Cria Pedido Transferencia.Cria Temp Pedido Loop.Cria Temp Pedido.Cria Temp Item.Cria_temp_item
 <562880485826858752> 10/09/2019 10:28:51.791     [Error  ] - Duplicate index, data source: LC_REMESSA_ITEM, program: Cria Pedido Transferencia.Cria Temp Pedido Loop.Cria Temp Pedido.Cria Temp Item.Cria_temp_item
 <314170666467105152> 10/09/2019 10:36:31.271     [Error  ] - Duplicate index, data source: LC_REMESSA_ITEM, program: Cria Pedido Transferencia.Cria Temp Pedido Loop.Cria Temp Pedido.Cria Temp Item.Cria_temp_item
 <568229322000588096> 10/09/2019 11:00:12.900     [Error  ] - Duplicate index, data source: LC_REMESSA_ITEM, program: Cria Pedido Transferencia.Cria Temp Pedido Loop.Cria Temp Pedido.Cria Temp Item.Cria_temp_item
 <61099711486942624> 10/09/2019 11:00:54.684     [Error  ] - Duplicate index, data source: LC_REMESSA_ITEM, program: Cria Pedido Transferencia.Cria Temp Pedido Loop.Cria Temp Pedido.Cria Temp Item.Cria_temp_item
 <323609671811269696> 10/09/2019 11:02:11.152     [Error  ] - Duplicate index, data source: LC_REMESSA_ITEM, program: Cria Pedido Transferencia.Cria Temp Pedido Loop.Cria Temp Pedido.Cria Temp Item.Cria_temp_item
 <146178240267790368> 10/09/2019 11:02:40.948     [Error  ] - Duplicate index, data source: LC_REMESSA_ITEM, program: Cria Pedido Transferencia.Cria Temp Pedido Loop.Cria Temp Pedido.Cria Temp Item.Cria_temp_item
 <388253199649833920> 10/09/2019 11:03:02.701     [Error  ] - Duplicate index, data source: LC_REMESSA_ITEM, program: Cria Pedido Transferencia.Cria Temp Pedido Loop.Cria Temp Pedido.Cria Temp Item.Cria_temp_item
 <21914287353017900> 13/09/2019 08:19:51.597     [Error  ] - Duplicate index, data source: LC_REMESSA_ITEM, program: Cria Pedido Transferencia.Cria Temp Pedido Loop.Cria Temp Pedido.Cria Temp Item.Cria_temp_item
 <523105080172259584> 13/09/2019 08:21:54.151     [Error  ] - Duplicate index, data source: LC_REMESSA_ITEM, program: Cria Pedido Transferencia.Cria Temp Pedido Loop.Cria Temp Pedido.Cria Temp Item.Cria_temp_item
 <249238285161850048> 25/09/2020 11:09:46.409     [Error  ] - Duplicate index, data source: LC_REMESSA_ITEM, program: Cria Pedido Remessa.Seleciona OP.Processa Pedido.Processa Item
 <414324910367367360> 25/09/2020 11:13:26.098     [Error  ] - Duplicate index, data source: LC_REMESSA_ITEM, program: Cria Pedido Remessa.Seleciona OP.Processa Pedido.Processa Item
 <272028163501883680> 25/09/2020 13:01:37.048     [Error  ] - Duplicate index, data source: LC_REMESSA_ITEM, program: Cria Pedido Remessa.Cria Temp Pedido.Cria Temp Item.Cria_temp_item
 <-1> 06/05/2021 14:06:47.028     [Error  ] - Component Files not found : CGESCore
 <-1> 06/05/2021 14:06:47.130     [Error  ] - Component Files not found : CGPCCore
 <-1> 06/05/2021 14:06:47.220     [Error  ] - Component Files not found : CGCOCore
 <-1> 06/05/2021 14:44:48.776     [Error  ] - Component Files not found : CGESCore
 <-1> 06/05/2021 14:44:48.873     [Error  ] - Component Files not found : CGPCCore
 <-1> 06/05/2021 14:44:48.953     [Error  ] - Component Files not found : CGCOCore
 <-1> 07/05/2021 08:33:02.966     [Error  ] - Component Files not found : CGESCore
 <-1> 07/05/2021 08:33:03.039     [Error  ] - Component Files not found : CGPCCore
 <-1> 07/05/2021 08:33:03.115     [Error  ] - Component Files not found : CGCOCore
 <-1> 17/05/2021 16:07:02.509     [Error  ] - Component Files not found : CGESCore
 <-1> 17/05/2021 16:07:02.605     [Error  ] - Component Files not found : CGPCCore
 <-1> 17/05/2021 16:07:02.683     [Error  ] - Component Files not found : CGCOCore
 <-1> 24/05/2021 16:54:56.002     [Error  ] - Component Files not found : CGESCore
 <-1> 24/05/2021 16:54:56.090     [Error  ] - Component Files not found : CGPCCore
 <-1> 24/05/2021 16:54:56.169     [Error  ] - Component Files not found : CGCOCore
 <259643742840942880> 24/05/2021 17:04:26.825     [Error  ] - Component Files not found : CGESCore, Program: "Remessa OP.Seleciona OP.Itens.VerificaLicenca_2212".
 <259643742840942880> 24/05/2021 17:04:26.855     [Error  ] - Component Files not found : CGESCore, Program: "".
 <259643742840942880> 24/05/2021 17:04:26.871     [Error  ] - Component Files not found : CGESCore, Program: "".
 <259643742840942880> 24/05/2021 17:04:26.886     [Error  ] - Component Files not found : CGESCore, Program: "Remessa OP.Seleciona OP.Itens.VerificaLicenca_2212".
 <259643742840942880> 24/05/2021 17:04:26.899     [Error  ] - Component used by the task does not exist or could not be opened - Component CGESCore - Project CGGeral, Program: "".
 <259643742840942880> 24/05/2021 17:04:26.912     [Error  ] - Component used by the task does not exist or could not be opened - Component CGESCore - Project CGGeral, Program: "".
 <-1> 01/06/2021 15:31:28.115     [Error  ] - Component Files not found : CGESCore
 <-1> 01/06/2021 15:31:28.211     [Error  ] - Component Files not found : CGPCCore
 <-1> 01/06/2021 15:31:28.291     [Error  ] - Component Files not found : CGCOCore
 <-1> 04/08/2021 16:55:44.908     [Error  ] - Component Files not found : CGESCore
 <-1> 04/08/2021 16:55:45.003     [Error  ] - Component Files not found : CGPCCore
 <-1> 04/08/2021 16:55:45.067     [Error  ] - Component Files not found : CGCOCore
