
Errors and Warnings while Loading Component : W:\CIGAMe10\Systempar\Eci\Frete_SMO.eci (01/04/20 13:06:05)
=========================================================================================================
Component Files not found : Integracao_SMO.ecf
-----------------------------------

-----------------------------------

Errors and Warnings while Loading Component : W:\CIGAMe10\Systempar\Eci\Frete_SMO.eci (01/04/20 13:07:47)
=========================================================================================================
Component Files not found : Integracao_SMO.ecf
-----------------------------------

Errors and Warnings while Loading Component : W:\CIGAMe10\Systempar\Eci\Frete_SMO.eci (01/04/20 15:59:31)
=========================================================================================================
Component Files not found : Integracao_SMO.ecf
-----------------------------------

Errors and Warnings while Loading Component : C:\Program Files (x86)\MSE\Magic xpa 3.3\Add_On\UserFunctionality\UserFunctionality.eci (06/04/21 11:37:25)
=========================================================================================================================================================
-----------------------------------

Errors and Warnings while Loading Component : W:\CIGAMe11\Systempar\Eci\Frete_SMO.eci (28/06/21 11:19:16)
=========================================================================================================
-----------------------------------

Errors and Warnings while Loading Component : W:\CIGAMe11\Systempar\Eci\Frete_SMO.eci (28/06/21 13:26:35)
=========================================================================================================
-----------------------------------

Errors and Warnings while Loading Component : W:\CIGAMe11\CDK\ECIs\Geral\CGKernel.eci (19/07/21 18:00:41)
=========================================================================================================
-----------------------------------
