 <187820136427228704> 16/01/2023 09:32:26.740     [Error  ] - File not found:: C:\Program Files (x86)\MSE\Magic xpa 3.3\MgxpaRuntime.exe -ver /LogoFile=none.jpg /ini=, Program: "VerificaLicenca_2212..InicializaCIGAM_2215.VerificaFlags_AmbienteMagic..BuscaVersaoMagic".
 <70572304963098160> 16/01/2023 09:32:27.708     [Error  ] - [MgGui.dll] System.NullReferenceException : 
   em com.magicsoftware.unipaas.gui.low.ControlsMap.setMapData(Object obj, Int32 idx, Object widget)
   em com.magicsoftware.unipaas.gui.low.ControlsMap.add(Object obj, Int32 idx, Object widget)
   em com.magicsoftware.unipaas.gui.low.GuiCommandQueueBase.Run()
Referência de objeto não definida para uma instância de um objeto., Program: "Main Program".
 <70572304963098160> 16/01/2023 09:32:27.720     [Error  ] - [MgGui.dll] 
   em System.Environment.GetStackTrace(Exception e, Boolean needFileInfo)
   em System.Environment.get_StackTrace()
   em com.magicsoftware.rte.CoreExecutor.WriteExceptionToLog(Int64 contextID, String msg)
   em com.magicsoftware.rte.GuiEventsProcessor.WriteExceptionToLog(String message)
   em com.magicsoftware.unipaas.Events.WriteExceptionToLog(String msg)
   em com.magicsoftware.unipaas.Events.WriteExceptionToLog(Exception ex)
   em com.magicsoftware.unipaas.gui.low.GuiCommandQueueBase.Run()
   em System.RuntimeMethodHandle.InvokeMethod(Object target, Object[] arguments, Signature sig, Boolean constructor)
   em System.Reflection.RuntimeMethodInfo.UnsafeInvokeInternal(Object obj, Object[] parameters, Object[] arguments)
   em System.Delegate.DynamicInvokeImpl(Object[] args)
   em System.Windows.Forms.Control.InvokeMarshaledCallbackDo(ThreadMethodEntry tme)
   em System.Windows.Forms.Control.InvokeMarshaledCallbackHelper(Object obj)
   em System.Threading.ExecutionContext.RunInternal(ExecutionContext executionContext, ContextCallback callback, Object state, Boolean preserveSyncCtx)
   em System.Threading.ExecutionContext.Run(ExecutionContext executionContext, ContextCallback callback, Object state, Boolean preserveSyncCtx)
   em System.Threading.ExecutionContext.Run(ExecutionContext executionContext, ContextCallback callback, Object state)
   em System.Windows.Forms.Control.InvokeMarshaledCallback(ThreadMethodEntry tme)
   em System.Windows.Forms.Control.InvokeMarshaledCallbacks()
   em System.Windows.Forms.Control.WndProc(Message& m)
   em System.Windows.Forms.ScrollableControl.WndProc(Message& m)
   em System.Windows.Forms.Form.WndProc(Message& m)
   em System.Windows.Forms.Control.ControlNativeWindow.OnMessage(Message& m)
   em System.Windows.Forms.Control.ControlNativeWindow.WndProc(Message& m)
   em System.Windows.Forms.NativeWindow.Callback(IntPtr hWnd, Int32 msg, IntPtr wparam, IntPtr lparam)
   em System.Windows.Forms.UnsafeNativeMethods.DispatchMessageW(MSG& msg)
   em System.Windows.Forms.Application.ComponentManager.System.Windows.Forms.UnsafeNativeMethods.IMsoComponentManager.FPushMessageLoop(IntPtr dwComponentID, Int32 reason, Int32 pvLoopData)
   em System.Windows.Forms.Application.ThreadContext.RunMessageLoopInner(Int32 reason, ApplicationContext context)
   em System.Windows.Forms.Application.ThreadContext.RunMessageLoop(Int32 reason, ApplicationContext context)
   em com.magicsoftware.unipaas.gui.low.GUIMain.messageLoop()
   em com.magicsoftware.unipaas.Manager.MessageLoop()
   em com.magicsoftware.rte.RTEmanager.ExecuteMainThread(String args)
   em com.magicsoftware.rte.RTEmanager.Main(), Program: "Main Program".
 <70572304963098160> 16/01/2023 09:32:27.723     [Error  ] - [MgGui.dll] System.ArgumentNullException : 
   em System.Collections.Hashtable.get_Item(Object key)
   em com.magicsoftware.unipaas.gui.low.GuiCommandQueueBase.Run()
Chave não pode ser nula.
Nome do parâmetro: key, Program: "Main Program".
 <70572304963098160> 16/01/2023 09:32:27.725     [Error  ] - [MgGui.dll] 
   em System.Environment.GetStackTrace(Exception e, Boolean needFileInfo)
   em System.Environment.get_StackTrace()
   em com.magicsoftware.rte.CoreExecutor.WriteExceptionToLog(Int64 contextID, String msg)
   em com.magicsoftware.rte.GuiEventsProcessor.WriteExceptionToLog(String message)
   em com.magicsoftware.unipaas.Events.WriteExceptionToLog(String msg)
   em com.magicsoftware.unipaas.Events.WriteExceptionToLog(Exception ex)
   em com.magicsoftware.unipaas.gui.low.GuiCommandQueueBase.Run()
   em System.RuntimeMethodHandle.InvokeMethod(Object target, Object[] arguments, Signature sig, Boolean constructor)
   em System.Reflection.RuntimeMethodInfo.UnsafeInvokeInternal(Object obj, Object[] parameters, Object[] arguments)
   em System.Delegate.DynamicInvokeImpl(Object[] args)
   em System.Windows.Forms.Control.InvokeMarshaledCallbackDo(ThreadMethodEntry tme)
   em System.Windows.Forms.Control.InvokeMarshaledCallbackHelper(Object obj)
   em System.Threading.ExecutionContext.RunInternal(ExecutionContext executionContext, ContextCallback callback, Object state, Boolean preserveSyncCtx)
   em System.Threading.ExecutionContext.Run(ExecutionContext executionContext, ContextCallback callback, Object state, Boolean preserveSyncCtx)
   em System.Threading.ExecutionContext.Run(ExecutionContext executionContext, ContextCallback callback, Object state)
   em System.Windows.Forms.Control.InvokeMarshaledCallback(ThreadMethodEntry tme)
   em System.Windows.Forms.Control.InvokeMarshaledCallbacks()
   em System.Windows.Forms.Control.WndProc(Message& m)
   em System.Windows.Forms.ScrollableControl.WndProc(Message& m)
   em System.Windows.Forms.Form.WndProc(Message& m)
   em System.Windows.Forms.Control.ControlNativeWindow.OnMessage(Message& m)
   em System.Windows.Forms.Control.ControlNativeWindow.WndProc(Message& m)
   em System.Windows.Forms.NativeWindow.Callback(IntPtr hWnd, Int32 msg, IntPtr wparam, IntPtr lparam)
   em System.Windows.Forms.UnsafeNativeMethods.DispatchMessageW(MSG& msg)
   em System.Windows.Forms.Application.ComponentManager.System.Windows.Forms.UnsafeNativeMethods.IMsoComponentManager.FPushMessageLoop(IntPtr dwComponentID, Int32 reason, Int32 pvLoopData)
   em System.Windows.Forms.Application.ThreadContext.RunMessageLoopInner(Int32 reason, ApplicationContext context)
   em System.Windows.Forms.Application.ThreadContext.RunMessageLoop(Int32 reason, ApplicationContext context)
   em com.magicsoftware.unipaas.gui.low.GUIMain.messageLoop()
   em com.magicsoftware.unipaas.Manager.MessageLoop()
   em com.magicsoftware.rte.RTEmanager.ExecuteMainThread(String args)
   em com.magicsoftware.rte.RTEmanager.Main(), Program: "Main Program".
 <-1> 16/01/2023 09:33:06.394     [Error  ] - Error - run-time engine was not found. Please restart the studio in order to run the application
 <-1> 16/01/2023 09:33:20.427     [Error  ] - Error - run-time engine was not found. Please restart the studio in order to run the application
 <226518273785794464> 16/01/2023 09:34:22.443     [Error  ] - File not found:: C:\Program Files (x86)\MSE\Magic xpa 3.3\MgxpaRuntime.exe -ver /LogoFile=none.jpg /ini=, Program: "VerificaLicenca_2212..InicializaCIGAM_2215.VerificaFlags_AmbienteMagic..BuscaVersaoMagic".
 <398161558337484416> 16/01/2023 16:04:21.152     [Error  ] - File not found:: C:\Program Files (x86)\MSE\Magic xpa 3.3\MgxpaRuntime.exe -ver /LogoFile=none.jpg /ini=, Program: "VerificaLicenca_2212..InicializaCIGAM_2215.VerificaFlags_AmbienteMagic..BuscaVersaoMagic".
 <378482500541063232> 17/01/2023 10:50:36.558     [Error  ] - File not found:: C:\Program Files (x86)\MSE\Magic xpa 3.3\MgxpaRuntime.exe -ver /LogoFile=none.jpg /ini=, Program: "VerificaLicenca_2212..InicializaCIGAM_2215.VerificaFlags_AmbienteMagic..BuscaVersaoMagic".
 <378606486803636608> 17/01/2023 10:50:37.434     [Error  ] - [MgGui.dll] System.NullReferenceException : 
   em com.magicsoftware.unipaas.gui.low.ControlsMap.setMapData(Object obj, Int32 idx, Object widget)
   em com.magicsoftware.unipaas.gui.low.ControlsMap.add(Object obj, Int32 idx, Object widget)
   em com.magicsoftware.unipaas.gui.low.GuiCommandQueueBase.Run()
Referência de objeto não definida para uma instância de um objeto., Program: "Main Program".
 <378606486803636608> 17/01/2023 10:50:37.442     [Error  ] - [MgGui.dll] 
   em System.Environment.GetStackTrace(Exception e, Boolean needFileInfo)
   em System.Environment.get_StackTrace()
   em com.magicsoftware.rte.CoreExecutor.WriteExceptionToLog(Int64 contextID, String msg)
   em com.magicsoftware.rte.GuiEventsProcessor.WriteExceptionToLog(String message)
   em com.magicsoftware.unipaas.Events.WriteExceptionToLog(String msg)
   em com.magicsoftware.unipaas.Events.WriteExceptionToLog(Exception ex)
   em com.magicsoftware.unipaas.gui.low.GuiCommandQueueBase.Run()
   em System.RuntimeMethodHandle.InvokeMethod(Object target, Object[] arguments, Signature sig, Boolean constructor)
   em System.Reflection.RuntimeMethodInfo.UnsafeInvokeInternal(Object obj, Object[] parameters, Object[] arguments)
   em System.Delegate.DynamicInvokeImpl(Object[] args)
   em System.Windows.Forms.Control.InvokeMarshaledCallbackDo(ThreadMethodEntry tme)
   em System.Windows.Forms.Control.InvokeMarshaledCallbackHelper(Object obj)
   em System.Threading.ExecutionContext.RunInternal(ExecutionContext executionContext, ContextCallback callback, Object state, Boolean preserveSyncCtx)
   em System.Threading.ExecutionContext.Run(ExecutionContext executionContext, ContextCallback callback, Object state, Boolean preserveSyncCtx)
   em System.Threading.ExecutionContext.Run(ExecutionContext executionContext, ContextCallback callback, Object state)
   em System.Windows.Forms.Control.InvokeMarshaledCallback(ThreadMethodEntry tme)
   em System.Windows.Forms.Control.InvokeMarshaledCallbacks()
   em System.Windows.Forms.Control.WndProc(Message& m)
   em System.Windows.Forms.ScrollableControl.WndProc(Message& m)
   em System.Windows.Forms.Form.WndProc(Message& m)
   em System.Windows.Forms.Control.ControlNativeWindow.OnMessage(Message& m)
   em System.Windows.Forms.Control.ControlNativeWindow.WndProc(Message& m)
   em System.Windows.Forms.NativeWindow.Callback(IntPtr hWnd, Int32 msg, IntPtr wparam, IntPtr lparam)
   em System.Windows.Forms.UnsafeNativeMethods.DispatchMessageW(MSG& msg)
   em System.Windows.Forms.Application.ComponentManager.System.Windows.Forms.UnsafeNativeMethods.IMsoComponentManager.FPushMessageLoop(IntPtr dwComponentID, Int32 reason, Int32 pvLoopData)
   em System.Windows.Forms.Application.ThreadContext.RunMessageLoopInner(Int32 reason, ApplicationContext context)
   em System.Windows.Forms.Application.ThreadContext.RunMessageLoop(Int32 reason, ApplicationContext context)
   em com.magicsoftware.unipaas.gui.low.GUIMain.messageLoop()
   em com.magicsoftware.unipaas.Manager.MessageLoop()
   em com.magicsoftware.rte.RTEmanager.ExecuteMainThread(String args)
   em com.magicsoftware.rte.RTEmanager.Main(), Program: "Main Program".
 <378606486803636608> 17/01/2023 10:50:37.444     [Error  ] - [MgGui.dll] System.ArgumentNullException : 
   em System.Collections.Hashtable.get_Item(Object key)
   em com.magicsoftware.unipaas.gui.low.GuiCommandQueueBase.Run()
Chave não pode ser nula.
Nome do parâmetro: key, Program: "Main Program".
 <378606486803636608> 17/01/2023 10:50:37.446     [Error  ] - [MgGui.dll] 
   em System.Environment.GetStackTrace(Exception e, Boolean needFileInfo)
   em System.Environment.get_StackTrace()
   em com.magicsoftware.rte.CoreExecutor.WriteExceptionToLog(Int64 contextID, String msg)
   em com.magicsoftware.rte.GuiEventsProcessor.WriteExceptionToLog(String message)
   em com.magicsoftware.unipaas.Events.WriteExceptionToLog(String msg)
   em com.magicsoftware.unipaas.Events.WriteExceptionToLog(Exception ex)
   em com.magicsoftware.unipaas.gui.low.GuiCommandQueueBase.Run()
   em System.RuntimeMethodHandle.InvokeMethod(Object target, Object[] arguments, Signature sig, Boolean constructor)
   em System.Reflection.RuntimeMethodInfo.UnsafeInvokeInternal(Object obj, Object[] parameters, Object[] arguments)
   em System.Delegate.DynamicInvokeImpl(Object[] args)
   em System.Windows.Forms.Control.InvokeMarshaledCallbackDo(ThreadMethodEntry tme)
   em System.Windows.Forms.Control.InvokeMarshaledCallbackHelper(Object obj)
   em System.Threading.ExecutionContext.RunInternal(ExecutionContext executionContext, ContextCallback callback, Object state, Boolean preserveSyncCtx)
   em System.Threading.ExecutionContext.Run(ExecutionContext executionContext, ContextCallback callback, Object state, Boolean preserveSyncCtx)
   em System.Threading.ExecutionContext.Run(ExecutionContext executionContext, ContextCallback callback, Object state)
   em System.Windows.Forms.Control.InvokeMarshaledCallback(ThreadMethodEntry tme)
   em System.Windows.Forms.Control.InvokeMarshaledCallbacks()
   em System.Windows.Forms.Control.WndProc(Message& m)
   em System.Windows.Forms.ScrollableControl.WndProc(Message& m)
   em System.Windows.Forms.Form.WndProc(Message& m)
   em System.Windows.Forms.Control.ControlNativeWindow.OnMessage(Message& m)
   em System.Windows.Forms.Control.ControlNativeWindow.WndProc(Message& m)
   em System.Windows.Forms.NativeWindow.Callback(IntPtr hWnd, Int32 msg, IntPtr wparam, IntPtr lparam)
   em System.Windows.Forms.UnsafeNativeMethods.DispatchMessageW(MSG& msg)
   em System.Windows.Forms.Application.ComponentManager.System.Windows.Forms.UnsafeNativeMethods.IMsoComponentManager.FPushMessageLoop(IntPtr dwComponentID, Int32 reason, Int32 pvLoopData)
   em System.Windows.Forms.Application.ThreadContext.RunMessageLoopInner(Int32 reason, ApplicationContext context)
   em System.Windows.Forms.Application.ThreadContext.RunMessageLoop(Int32 reason, ApplicationContext context)
   em com.magicsoftware.unipaas.gui.low.GUIMain.messageLoop()
   em com.magicsoftware.unipaas.Manager.MessageLoop()
   em com.magicsoftware.rte.RTEmanager.ExecuteMainThread(String args)
   em com.magicsoftware.rte.RTEmanager.Main(), Program: "Main Program".
 <-1> 17/01/2023 10:51:15.603     [Error  ] - Error - run-time engine was not found. Please restart the studio in order to run the application
 <-1> 17/01/2023 10:51:34.200     [Error  ] - Error - run-time engine was not found. Please restart the studio in order to run the application
 <122163180463784448> 17/01/2023 10:52:01.488     [Error  ] - File not found:: C:\Program Files (x86)\MSE\Magic xpa 3.3\MgxpaRuntime.exe -ver /LogoFile=none.jpg /ini=, Program: "VerificaLicenca_2212..InicializaCIGAM_2215.VerificaFlags_AmbienteMagic..BuscaVersaoMagic".
 <561240300899645120> 27/01/2023 09:27:04.445     [Error  ] - File not found:: C:\Program Files (x86)\MSE\Magic xpa 3.3\MgxpaRuntime.exe -ver /LogoFile=none.jpg /ini=, Program: "VerificaLicenca_2212..InicializaCIGAM_2215.VerificaFlags_AmbienteMagic..BuscaVersaoMagic".
 <131686972132911312> 27/01/2023 09:27:05.339     [Error  ] - [MgGui.dll] System.NullReferenceException : 
   em com.magicsoftware.unipaas.gui.low.ControlsMap.setMapData(Object obj, Int32 idx, Object widget)
   em com.magicsoftware.unipaas.gui.low.ControlsMap.add(Object obj, Int32 idx, Object widget)
   em com.magicsoftware.unipaas.gui.low.GuiCommandQueueBase.Run()
Referência de objeto não definida para uma instância de um objeto., Program: "Main Program".
 <131686972132911312> 27/01/2023 09:27:05.347     [Error  ] - [MgGui.dll] 
   em System.Environment.GetStackTrace(Exception e, Boolean needFileInfo)
   em System.Environment.get_StackTrace()
   em com.magicsoftware.rte.CoreExecutor.WriteExceptionToLog(Int64 contextID, String msg)
   em com.magicsoftware.rte.GuiEventsProcessor.WriteExceptionToLog(String message)
   em com.magicsoftware.unipaas.Events.WriteExceptionToLog(String msg)
   em com.magicsoftware.unipaas.Events.WriteExceptionToLog(Exception ex)
   em com.magicsoftware.unipaas.gui.low.GuiCommandQueueBase.Run()
   em System.RuntimeMethodHandle.InvokeMethod(Object target, Object[] arguments, Signature sig, Boolean constructor)
   em System.Reflection.RuntimeMethodInfo.UnsafeInvokeInternal(Object obj, Object[] parameters, Object[] arguments)
   em System.Delegate.DynamicInvokeImpl(Object[] args)
   em System.Windows.Forms.Control.InvokeMarshaledCallbackDo(ThreadMethodEntry tme)
   em System.Windows.Forms.Control.InvokeMarshaledCallbackHelper(Object obj)
   em System.Threading.ExecutionContext.RunInternal(ExecutionContext executionContext, ContextCallback callback, Object state, Boolean preserveSyncCtx)
   em System.Threading.ExecutionContext.Run(ExecutionContext executionContext, ContextCallback callback, Object state, Boolean preserveSyncCtx)
   em System.Threading.ExecutionContext.Run(ExecutionContext executionContext, ContextCallback callback, Object state)
   em System.Windows.Forms.Control.InvokeMarshaledCallback(ThreadMethodEntry tme)
   em System.Windows.Forms.Control.InvokeMarshaledCallbacks()
   em System.Windows.Forms.Control.WndProc(Message& m)
   em System.Windows.Forms.ScrollableControl.WndProc(Message& m)
   em System.Windows.Forms.Form.WndProc(Message& m)
   em System.Windows.Forms.Control.ControlNativeWindow.OnMessage(Message& m)
   em System.Windows.Forms.Control.ControlNativeWindow.WndProc(Message& m)
   em System.Windows.Forms.NativeWindow.Callback(IntPtr hWnd, Int32 msg, IntPtr wparam, IntPtr lparam)
   em System.Windows.Forms.UnsafeNativeMethods.DispatchMessageW(MSG& msg)
   em System.Windows.Forms.Application.ComponentManager.System.Windows.Forms.UnsafeNativeMethods.IMsoComponentManager.FPushMessageLoop(IntPtr dwComponentID, Int32 reason, Int32 pvLoopData)
   em System.Windows.Forms.Application.ThreadContext.RunMessageLoopInner(Int32 reason, ApplicationContext context)
   em System.Windows.Forms.Application.ThreadContext.RunMessageLoop(Int32 reason, ApplicationContext context)
   em com.magicsoftware.unipaas.gui.low.GUIMain.messageLoop()
   em com.magicsoftware.unipaas.Manager.MessageLoop()
   em com.magicsoftware.rte.RTEmanager.ExecuteMainThread(String args)
   em com.magicsoftware.rte.RTEmanager.Main(), Program: "Main Program".
 <131686972132911312> 27/01/2023 09:27:05.353     [Error  ] - [MgGui.dll] System.ArgumentNullException : 
   em System.Collections.Hashtable.get_Item(Object key)
   em com.magicsoftware.unipaas.gui.low.GuiCommandQueueBase.Run()
Chave não pode ser nula.
Nome do parâmetro: key, Program: "Main Program".
 <131686972132911312> 27/01/2023 09:27:05.355     [Error  ] - [MgGui.dll] 
   em System.Environment.GetStackTrace(Exception e, Boolean needFileInfo)
   em System.Environment.get_StackTrace()
   em com.magicsoftware.rte.CoreExecutor.WriteExceptionToLog(Int64 contextID, String msg)
   em com.magicsoftware.rte.GuiEventsProcessor.WriteExceptionToLog(String message)
   em com.magicsoftware.unipaas.Events.WriteExceptionToLog(String msg)
   em com.magicsoftware.unipaas.Events.WriteExceptionToLog(Exception ex)
   em com.magicsoftware.unipaas.gui.low.GuiCommandQueueBase.Run()
   em System.RuntimeMethodHandle.InvokeMethod(Object target, Object[] arguments, Signature sig, Boolean constructor)
   em System.Reflection.RuntimeMethodInfo.UnsafeInvokeInternal(Object obj, Object[] parameters, Object[] arguments)
   em System.Delegate.DynamicInvokeImpl(Object[] args)
   em System.Windows.Forms.Control.InvokeMarshaledCallbackDo(ThreadMethodEntry tme)
   em System.Windows.Forms.Control.InvokeMarshaledCallbackHelper(Object obj)
   em System.Threading.ExecutionContext.RunInternal(ExecutionContext executionContext, ContextCallback callback, Object state, Boolean preserveSyncCtx)
   em System.Threading.ExecutionContext.Run(ExecutionContext executionContext, ContextCallback callback, Object state, Boolean preserveSyncCtx)
   em System.Threading.ExecutionContext.Run(ExecutionContext executionContext, ContextCallback callback, Object state)
   em System.Windows.Forms.Control.InvokeMarshaledCallback(ThreadMethodEntry tme)
   em System.Windows.Forms.Control.InvokeMarshaledCallbacks()
   em System.Windows.Forms.Control.WndProc(Message& m)
   em System.Windows.Forms.ScrollableControl.WndProc(Message& m)
   em System.Windows.Forms.Form.WndProc(Message& m)
   em System.Windows.Forms.Control.ControlNativeWindow.OnMessage(Message& m)
   em System.Windows.Forms.Control.ControlNativeWindow.WndProc(Message& m)
   em System.Windows.Forms.NativeWindow.Callback(IntPtr hWnd, Int32 msg, IntPtr wparam, IntPtr lparam)
   em System.Windows.Forms.UnsafeNativeMethods.DispatchMessageW(MSG& msg)
   em System.Windows.Forms.Application.ComponentManager.System.Windows.Forms.UnsafeNativeMethods.IMsoComponentManager.FPushMessageLoop(IntPtr dwComponentID, Int32 reason, Int32 pvLoopData)
   em System.Windows.Forms.Application.ThreadContext.RunMessageLoopInner(Int32 reason, ApplicationContext context)
   em System.Windows.Forms.Application.ThreadContext.RunMessageLoop(Int32 reason, ApplicationContext context)
   em com.magicsoftware.unipaas.gui.low.GUIMain.messageLoop()
   em com.magicsoftware.unipaas.Manager.MessageLoop()
   em com.magicsoftware.rte.RTEmanager.ExecuteMainThread(String args)
   em com.magicsoftware.rte.RTEmanager.Main(), Program: "Main Program".
 <-1> 27/01/2023 09:27:50.179     [Error  ] - Error - run-time engine was not found. Please restart the studio in order to run the application
 <109007316739674400> 27/01/2023 09:30:27.322     [Error  ] - File not found:: C:\Program Files (x86)\MSE\Magic xpa 3.3\MgxpaRuntime.exe -ver /LogoFile=none.jpg /ini=, Program: "VerificaLicenca_2212..InicializaCIGAM_2215.VerificaFlags_AmbienteMagic..BuscaVersaoMagic".
 <237023290561262848> 27/01/2023 09:39:39.088     [Error  ] - File not found:: C:\Program Files (x86)\MSE\Magic xpa 3.3\MgxpaRuntime.exe -ver /LogoFile=none.jpg /ini=, Program: "VerificaLicenca_2212..InicializaCIGAM_2215.VerificaFlags_AmbienteMagic..BuscaVersaoMagic".
 <544350259693817408> 27/01/2023 13:44:04.370     [Error  ] - File not found:: C:\Program Files (x86)\MSE\Magic xpa 3.3\MgxpaRuntime.exe -ver /LogoFile=none.jpg /ini=, Program: "VerificaLicenca_2212..InicializaCIGAM_2215.VerificaFlags_AmbienteMagic..BuscaVersaoMagic".
 <373756901985967040> 02/03/2023 14:49:11.906     [Error  ] - File not found:: C:\Program Files (x86)\MSE\Magic xpa 3.3\MgxpaRuntime.exe -ver /LogoFile=none.jpg /ini=, Program: "VerificaLicenca_2212..InicializaCIGAM_2215.VerificaFlags_AmbienteMagic..BuscaVersaoMagic".
 <461146717631985664> 02/03/2023 14:49:12.824     [Error  ] - [MgGui.dll] System.NullReferenceException : 
   em com.magicsoftware.unipaas.gui.low.ControlsMap.setMapData(Object obj, Int32 idx, Object widget)
   em com.magicsoftware.unipaas.gui.low.ControlsMap.add(Object obj, Int32 idx, Object widget)
   em com.magicsoftware.unipaas.gui.low.GuiCommandQueueBase.Run()
Referência de objeto não definida para uma instância de um objeto., Program: "Main Program".
 <461146717631985664> 02/03/2023 14:49:12.833     [Error  ] - [MgGui.dll] 
   em System.Environment.GetStackTrace(Exception e, Boolean needFileInfo)
   em System.Environment.get_StackTrace()
   em com.magicsoftware.rte.CoreExecutor.WriteExceptionToLog(Int64 contextID, String msg)
   em com.magicsoftware.rte.GuiEventsProcessor.WriteExceptionToLog(String message)
   em com.magicsoftware.unipaas.Events.WriteExceptionToLog(String msg)
   em com.magicsoftware.unipaas.Events.WriteExceptionToLog(Exception ex)
   em com.magicsoftware.unipaas.gui.low.GuiCommandQueueBase.Run()
   em System.RuntimeMethodHandle.InvokeMethod(Object target, Object[] arguments, Signature sig, Boolean constructor)
   em System.Reflection.RuntimeMethodInfo.UnsafeInvokeInternal(Object obj, Object[] parameters, Object[] arguments)
   em System.Delegate.DynamicInvokeImpl(Object[] args)
   em System.Windows.Forms.Control.InvokeMarshaledCallbackDo(ThreadMethodEntry tme)
   em System.Windows.Forms.Control.InvokeMarshaledCallbackHelper(Object obj)
   em System.Threading.ExecutionContext.RunInternal(ExecutionContext executionContext, ContextCallback callback, Object state, Boolean preserveSyncCtx)
   em System.Threading.ExecutionContext.Run(ExecutionContext executionContext, ContextCallback callback, Object state, Boolean preserveSyncCtx)
   em System.Threading.ExecutionContext.Run(ExecutionContext executionContext, ContextCallback callback, Object state)
   em System.Windows.Forms.Control.InvokeMarshaledCallback(ThreadMethodEntry tme)
   em System.Windows.Forms.Control.InvokeMarshaledCallbacks()
   em System.Windows.Forms.Control.WndProc(Message& m)
   em System.Windows.Forms.ScrollableControl.WndProc(Message& m)
   em System.Windows.Forms.Form.WndProc(Message& m)
   em System.Windows.Forms.Control.ControlNativeWindow.OnMessage(Message& m)
   em System.Windows.Forms.Control.ControlNativeWindow.WndProc(Message& m)
   em System.Windows.Forms.NativeWindow.Callback(IntPtr hWnd, Int32 msg, IntPtr wparam, IntPtr lparam)
   em System.Windows.Forms.UnsafeNativeMethods.DispatchMessageW(MSG& msg)
   em System.Windows.Forms.Application.ComponentManager.System.Windows.Forms.UnsafeNativeMethods.IMsoComponentManager.FPushMessageLoop(IntPtr dwComponentID, Int32 reason, Int32 pvLoopData)
   em System.Windows.Forms.Application.ThreadContext.RunMessageLoopInner(Int32 reason, ApplicationContext context)
   em System.Windows.Forms.Application.ThreadContext.RunMessageLoop(Int32 reason, ApplicationContext context)
   em com.magicsoftware.unipaas.gui.low.GUIMain.messageLoop()
   em com.magicsoftware.unipaas.Manager.MessageLoop()
   em com.magicsoftware.rte.RTEmanager.ExecuteMainThread(String args)
   em com.magicsoftware.rte.RTEmanager.Main(), Program: "Main Program".
 <461146717631985664> 02/03/2023 14:49:12.835     [Error  ] - [MgGui.dll] System.ArgumentNullException : 
   em System.Collections.Hashtable.get_Item(Object key)
   em com.magicsoftware.unipaas.gui.low.GuiCommandQueueBase.Run()
Chave não pode ser nula.
Nome do parâmetro: key, Program: "Main Program".
 <461146717631985664> 02/03/2023 14:49:12.838     [Error  ] - [MgGui.dll] 
   em System.Environment.GetStackTrace(Exception e, Boolean needFileInfo)
   em System.Environment.get_StackTrace()
   em com.magicsoftware.rte.CoreExecutor.WriteExceptionToLog(Int64 contextID, String msg)
   em com.magicsoftware.rte.GuiEventsProcessor.WriteExceptionToLog(String message)
   em com.magicsoftware.unipaas.Events.WriteExceptionToLog(String msg)
   em com.magicsoftware.unipaas.Events.WriteExceptionToLog(Exception ex)
   em com.magicsoftware.unipaas.gui.low.GuiCommandQueueBase.Run()
   em System.RuntimeMethodHandle.InvokeMethod(Object target, Object[] arguments, Signature sig, Boolean constructor)
   em System.Reflection.RuntimeMethodInfo.UnsafeInvokeInternal(Object obj, Object[] parameters, Object[] arguments)
   em System.Delegate.DynamicInvokeImpl(Object[] args)
   em System.Windows.Forms.Control.InvokeMarshaledCallbackDo(ThreadMethodEntry tme)
   em System.Windows.Forms.Control.InvokeMarshaledCallbackHelper(Object obj)
   em System.Threading.ExecutionContext.RunInternal(ExecutionContext executionContext, ContextCallback callback, Object state, Boolean preserveSyncCtx)
   em System.Threading.ExecutionContext.Run(ExecutionContext executionContext, ContextCallback callback, Object state, Boolean preserveSyncCtx)
   em System.Threading.ExecutionContext.Run(ExecutionContext executionContext, ContextCallback callback, Object state)
   em System.Windows.Forms.Control.InvokeMarshaledCallback(ThreadMethodEntry tme)
   em System.Windows.Forms.Control.InvokeMarshaledCallbacks()
   em System.Windows.Forms.Control.WndProc(Message& m)
   em System.Windows.Forms.ScrollableControl.WndProc(Message& m)
   em System.Windows.Forms.Form.WndProc(Message& m)
   em System.Windows.Forms.Control.ControlNativeWindow.OnMessage(Message& m)
   em System.Windows.Forms.Control.ControlNativeWindow.WndProc(Message& m)
   em System.Windows.Forms.NativeWindow.Callback(IntPtr hWnd, Int32 msg, IntPtr wparam, IntPtr lparam)
   em System.Windows.Forms.UnsafeNativeMethods.DispatchMessageW(MSG& msg)
   em System.Windows.Forms.Application.ComponentManager.System.Windows.Forms.UnsafeNativeMethods.IMsoComponentManager.FPushMessageLoop(IntPtr dwComponentID, Int32 reason, Int32 pvLoopData)
   em System.Windows.Forms.Application.ThreadContext.RunMessageLoopInner(Int32 reason, ApplicationContext context)
   em System.Windows.Forms.Application.ThreadContext.RunMessageLoop(Int32 reason, ApplicationContext context)
   em com.magicsoftware.unipaas.gui.low.GUIMain.messageLoop()
   em com.magicsoftware.unipaas.Manager.MessageLoop()
   em com.magicsoftware.rte.RTEmanager.ExecuteMainThread(String args)
   em com.magicsoftware.rte.RTEmanager.Main(), Program: "Main Program".
 <-1> 02/03/2023 14:50:12.913     [Error  ] - Error - run-time engine was not found. Please restart the studio in order to run the application
 <-1> 02/03/2023 14:50:28.894     [Error  ] - Error - run-time engine was not found. Please restart the studio in order to run the application
 <315022648423357696> 02/03/2023 14:51:30.418     [Error  ] - File not found:: C:\Program Files (x86)\MSE\Magic xpa 3.3\MgxpaRuntime.exe -ver /LogoFile=none.jpg /ini=, Program: "VerificaLicenca_2212..InicializaCIGAM_2215.VerificaFlags_AmbienteMagic..BuscaVersaoMagic".
