
Errors and Warnings while Loading Component : C:\Program Files (x86)\MSE\Magic xpa 3.3\Add_On\UserFunctionality\UserFunctionality.eci (29/09/22 09:14:45)
=========================================================================================================================================================
-----------------------------------

Errors and Warnings while Loading Component : C:\CIGAM\CIGAMe11\CDK\ECIs\Geral\CGData.eci (29/09/22 09:24:35)
=============================================================================================================
-----------------------------------

Errors and Warnings while Loading Component : C:\CIGAM\CIGAMe11\CDK\ECIs\Geral\CGKernel.eci (29/09/22 09:24:42)
===============================================================================================================
-----------------------------------

Errors and Warnings while Loading Component : C:\CIGAM\CIGAMe11\CDK\ECIs\Geral\CIGAMK.eci (29/09/22 09:24:49)
=============================================================================================================
-----------------------------------

Errors and Warnings while Loading Component : C:\CIGAM\CIGAMe11\CDK\ECIs\Geral\CGFunctions.eci (29/09/22 09:25:18)
==================================================================================================================
-----------------------------------

Errors and Warnings while Loading Component : C:\CIGAM\CIGAMe11\CDK\ECIs\Contabil\CCCore.eci (29/09/22 09:36:27)
================================================================================================================
-----------------------------------

Errors and Warnings while Loading Component : C:\CIGAM\CIGAMe11\CDK\ECIs\Contabil\PyDados.eci (29/09/22 09:36:43)
=================================================================================================================
-----------------------------------

Errors and Warnings while Loading Component : C:\CIGAM\CIGAMe11\CDK\ECIs\Contabil\CCCore.eci (14/03/23 08:28:57)
================================================================================================================
-----------------------------------

Errors and Warnings while Loading Component : C:\CIGAM\CIGAMe11\CDK\ECIs\Contabil\CCIntegracao.eci (14/03/23 08:31:00)
======================================================================================================================
-----------------------------------
