Converting project  (27/03/20 08:38:10)
======================================================================
Program/Task  1 - Main program form - Info - 6 - MDI form was created. - Program = 1; Task = 1; Form = 1;  
General - General (76) - Info - 1 - User State Persistency changed from Name to Yes/No.
General - General (155) - Info - 2 - Style and Border of the controls were changed.
General - Components (6) - Info - 63 - The end user functionality component was added to the project.
General - Syntax checker (6) - Info - 74 - New transaction message was added.
General - color 341 instead of 2- Info - 54 - New color was assigned to the control.
General - color 342 instead of 2- Info - 54 - New color was assigned to the control.
General - color 340 instead of 10000 (2) - Info - 54 - New color was assigned to the control.
General - font 252 instead of 108- Info - 56 - New font was assigned to the control.
Converting project  (05/11/20 12:51:49)
======================================================================
Program/Task  1 - Main program form - Info - 6 - MDI form was created. - Program = 1; Task = 1; Form = 1;  
General - General (114) - Info - 1 - User State Persistency changed from Name to Yes/No.
General - General (181) - Info - 2 - Style and Border of the controls were changed.
General - Components (18) - Info - 63 - The end user functionality component was added to the project.
General - Syntax checker (18) - Info - 74 - New transaction message was added.
General - color 341 instead of 2- Info - 54 - New color was assigned to the control.
General - color 342 instead of 2- Info - 54 - New color was assigned to the control.
General - color 340 instead of 10000 (2) - Info - 54 - New color was assigned to the control.
