
Errors and Warnings while Loading Component : C:\CIGAM\CIGAMe10\CDK\ECIs\Geral\CGData.eci (29/10/19 09:22:00)
=============================================================================================================
-----------------------------------

Errors and Warnings while Loading Component : C:\CIGAM\CIGAMe10\CDK\ECIs\Geral\CGFunctions.eci (29/10/19 09:22:04)
==================================================================================================================
-----------------------------------

Errors and Warnings while Loading Component : C:\CIGAM\CIGAMe10\CDK\ECIs\Geral\CIGAMK.eci (29/10/19 09:22:16)
=============================================================================================================
-----------------------------------

Errors and Warnings while Loading Component : C:\CIGAM\CIGAMe10\CDK\ECIs\Geral\CGKernel.eci (29/10/19 09:22:42)
===============================================================================================================
-----------------------------------

Errors and Warnings while Loading Component : C:\CIGAM\CIGAMe10\CDK\ECIs\Financeiro\CGGFCore.eci (29/10/19 11:50:31)
====================================================================================================================
-----------------------------------

Errors and Warnings while Loading Component : C:\CIGAM\CIGAMe10\CDK\ECIs\Financeiro\CGGFCore.eci (29/10/19 11:50:57)
====================================================================================================================
-----------------------------------

Errors and Warnings while Loading Component : C:\Program Files (x86)\MSE\Magic xpa 3.3\Add_On\UserFunctionality\UserFunctionality.eci (05/11/20 12:47:08)
=========================================================================================================================================================
-----------------------------------
