
Errors and Warnings while Loading Component : C:\CIGAM\CIGAMe10\CDK\ECIs\Geral\CGData.eci (18/01/19 16:41:07)
=============================================================================================================
-----------------------------------

Errors and Warnings while Loading Component : C:\CIGAM\CIGAMe10\CDK\ECIs\Geral\CGFunctions.eci (18/01/19 16:41:12)
==================================================================================================================
-----------------------------------

Errors and Warnings while Loading Component : C:\CIGAM\CIGAMe10\CDK\ECIs\Geral\CGFunctions.eci (18/01/19 16:41:19)
==================================================================================================================
-----------------------------------

Errors and Warnings while Loading Component : C:\CIGAM\CIGAMe10\CDK\ECIs\Geral\CIGAMK.eci (18/01/19 16:41:26)
=============================================================================================================
-----------------------------------

Errors and Warnings while Loading Component : C:\CIGAM\CIGAMe10\CDK\ECIs\Geral\CGKernel.eci (18/01/19 16:41:35)
===============================================================================================================
-----------------------------------

Errors and Warnings while Loading Component : C:\Program Files (x86)\MSE\Magic xpa 3.3\Add_On\UserFunctionality\UserFunctionality.eci (31/03/21 10:53:07)
=========================================================================================================================================================
-----------------------------------

Errors and Warnings while Loading Component : W:\CIGAMe11\CDK\ECIs\Financeiro\CGCCCore.eci (31/08/21 10:35:03)
==============================================================================================================
-----------------------------------

Errors and Warnings while Loading Component : W:\CIGAMe11\CDK\ECIs\Financeiro\CGGFIntegracoes.eci (31/08/21 11:23:39)
=====================================================================================================================
-----------------------------------

Errors and Warnings while Loading Component : W:\CIGAMe11\Systempar\Eci\Qualificacao_fornecedor.eci (05/02/24 15:52:02)
=======================================================================================================================
Component Files not found : QualificacaoFornecedor.ecf
-----------------------------------

Errors and Warnings while Loading Component : W:\CIGAMe11\Systempar\Eci\Qualificacao_fornecedor.eci (05/02/24 15:52:28)
=======================================================================================================================
Component Files not found : QualificacaoFornecedor.ecf
-----------------------------------
