 <525152069111596864> 09/01/2019 08:56:14.519     [Error  ] - Update operation failed, data source: LC_LIVRO, program: Livro de entrada digital
 <234598117120583744> 09/01/2019 09:00:45.946     [Error  ] - Program not found, program: Livro de entrada digital
 <575398260204978816> 09/01/2019 09:22:47.532     [Error  ] - Subform control refers to a program/task that is not online., program: Livro de entrada digital
 <474030199719047168> 09/01/2019 09:29:52.802     [Error  ] - Subform control refers to a program/task that is not online., program: Livro de entrada digital
 <474030199719047168> 09/01/2019 09:30:00.842     [Error  ] - Program not found, program: Livro de entrada digital
 <25087407016089984> 09/01/2019 09:30:28.855     [Error  ] - Subform control refers to a program/task that is not online., program: Livro de entrada digital
 <25087407016089984> 09/01/2019 09:30:31.498     [Error  ] - Program not found, program: Livro de entrada digital
 <25087407016089984> 09/01/2019 09:30:37.571     [Error  ] - Program not found, program: Livro de entrada digital
 <25087407016089984> 09/01/2019 09:30:40.274     [Error  ] - Program not found, program: Livro de entrada digital
 <430191287426370432> 09/01/2019 09:32:59.885     [Error  ] - Subform control refers to a program/task that is not online., program: Livro de entrada digital
 <430191287426370432> 09/01/2019 09:33:01.234     [Error  ] - Subform control refers to a program/task that is not online., program: Livro de entrada digital
 <430191287426370432> 09/01/2019 09:33:01.956     [Error  ] - Subform control refers to a program/task that is not online., program: Livro de entrada digital
 <430191287426370432> 09/01/2019 09:33:02.395     [Error  ] - Program not found, program: Livro de entrada digital
 <430191287426370432> 09/01/2019 09:33:03.595     [Error  ] - Subform control refers to a program/task that is not online., program: Livro de entrada digital
 <430191287426370432> 09/01/2019 09:33:03.597     [Error  ] - Subform control refers to a program/task that is not online., program: Livro de entrada digital
 <430191287426370432> 09/01/2019 09:33:03.599     [Error  ] - Subform control refers to a program/task that is not online., program: Livro de entrada digital
 <430191287426370432> 09/01/2019 09:33:03.606     [Error  ] - Subform control refers to a program/task that is not online., program: Livro de entrada digital
 <430191287426370432> 09/01/2019 09:33:07.757     [Error  ] - Program not found, program: Livro de entrada digital
 <430191287426370432> 09/01/2019 09:33:08.770     [Error  ] - Subform control refers to a program/task that is not online., program: Livro de entrada digital
 <430191287426370432> 09/01/2019 09:33:08.772     [Error  ] - Subform control refers to a program/task that is not online., program: Livro de entrada digital
 <430191287426370432> 09/01/2019 09:33:08.774     [Error  ] - Subform control refers to a program/task that is not online., program: Livro de entrada digital
 <430191287426370432> 09/01/2019 09:33:08.781     [Error  ] - Subform control refers to a program/task that is not online., program: Livro de entrada digital
 <98751350333574576> 09/01/2019 09:35:28.734     [Error  ] - Subform control refers to a program/task that is not online., program: Livro de entrada digital
 <98751350333574576> 09/01/2019 09:35:31.846     [Error  ] - Subform control refers to a program/task that is not online., program: Livro de entrada digital
 <98751350333574576> 09/01/2019 09:35:33.474     [Error  ] - Subform control refers to a program/task that is not online., program: Livro de entrada digital
 <98751350333574576> 09/01/2019 09:35:34.091     [Error  ] - Program not found, program: Livro de entrada digital
 <360406630862896064> 09/01/2019 09:36:42.529     [Error  ] - Program not found, program: Livro de entrada digital
 <536201902213951808> 09/01/2019 09:39:57.327     [Error  ] - Program not found, program: Livro de entrada digital
 <229316055585562400> 09/01/2019 09:40:28.744     [Error  ] - Subform control refers to a program/task that is not online., program: Livro de entrada digital
 <229316055585562400> 09/01/2019 09:40:30.254     [Error  ] - Subform control refers to a program/task that is not online., program: Livro de entrada digital
 <451214991610314496> 09/01/2019 09:55:37.269     [Error  ] - Program not found, program: Livro de entrada digital
 <63473799804327880> 09/01/2019 14:10:05.497     [Error  ] - Bad date, program: Pesquisa Livro de entrada.Livro de entrada
 <255476422486258304> 09/01/2019 14:37:36.341     [Error  ] - Control must be updated, program: Pesquisa Livro de entrada.Livro de entrada
 <255476422486258304> 09/01/2019 14:37:36.731     [Error  ] - Control must be updated, program: Pesquisa Livro de entrada.Livro de entrada
 <255476422486258304> 09/01/2019 14:37:36.937     [Error  ] - Control must be updated, program: Pesquisa Livro de entrada.Livro de entrada
 <255476422486258304> 09/01/2019 14:37:37.122     [Error  ] - Control must be updated, program: Pesquisa Livro de entrada.Livro de entrada
 <255476422486258304> 09/01/2019 14:37:37.297     [Error  ] - Control must be updated, program: Pesquisa Livro de entrada.Livro de entrada
 <255476422486258304> 09/01/2019 14:37:40.000     [Error  ] - Control must be updated, program: Pesquisa Livro de entrada.Livro de entrada
 <255476422486258304> 09/01/2019 14:37:40.325     [Error  ] - Control must be updated, program: Pesquisa Livro de entrada.Livro de entrada
 <255476422486258304> 09/01/2019 14:37:40.540     [Error  ] - Control must be updated, program: Pesquisa Livro de entrada.Livro de entrada
 <319366142068553600> 09/05/2019 10:45:28.488     [Error  ] - Cannot modify Read Only, data source: LC_LIVRO_SEQUENCIA, program: Livro de entrada.Busca_sequencia
 <330276788625143616> 09/05/2019 10:45:40.413     [Error  ] - Cannot modify Read Only, data source: LC_LIVRO_SEQUENCIA, program: Livro de entrada.Busca_sequencia
 <463344033205621824> 09/05/2019 16:21:21.711     [Error  ] - No records within defined range, program: Browse - LC_LIVRO
 <528771899093594368> 20/05/2019 09:15:38.841     [Error  ] - Initial Task mode not allowed, program: Pesquisa Livro de entrada.Livro de entrada
 <108490836747534448> 20/05/2019 09:23:14.485     [Error  ] - Initial Task mode not allowed, program: Livro de entrada
 <44854618088731096> 20/05/2019 09:23:44.615     [Error  ] - Initial Task mode not allowed, program: Livro de entrada
 <361035780205129024> 20/05/2019 10:11:09.399     [Error  ] - Initial Task mode not allowed, program: Livro de entrada
 <32638406283238136> 20/05/2019 10:29:03.018     [Error  ] - Initial Task mode not allowed, program: Pesquisa Livro de entrada.Livro de entrada
 <455630734209425408> 20/05/2019 11:34:31.103     [Error  ] - Operation failed. Record has been changed by another user or process, data source: LC_LIVRO_SEQUENCIA, program: Browse - LC_LIVRO_SEQUENCIA
 <89699690181353728> 21/05/2019 09:19:27.407     [Error  ] - No records within defined range, program: Browse - LC_LIVRO
 <89699690181353728> 21/05/2019 09:19:34.294     [Error  ] - No records within defined range, program: Browse - LC_LIVRO
 <89699690181353728> 21/05/2019 09:19:43.295     [Error  ] - No records within defined range, program: Browse - LC_LIVRO
 <20156490233037220> 21/05/2019 09:50:49.238     [Error  ] - No records within defined range, program: Browse - LC_LIVRO
 <219627019514159648> 21/05/2019 09:51:54.768     [Error  ] - No records within defined range, program: Browse - LC_LIVRO
 <383035657919624384> 28/05/2019 09:30:44.858     [Error  ] - Initial Task mode not allowed, program: Livro de entrada
 <448613723871333632> 28/05/2019 13:28:08.189     [Error  ] - Bad date, program: Pesquisa Livro de entrada.Livro de entrada
 <170747929190520544> 28/05/2019 13:48:05.441     [Error  ] - Duplicate index, data source: LC_LIVRO, program: Browse - LC_LIVRO
 <280641136519611872> 28/05/2019 13:48:44.730     [Error  ] - No records within defined range, program: Pesquisa Livro de entrada
 <401507238828347392> 28/05/2019 17:49:56.382     [Error  ] - No records within defined range, program: Pesquisa Livro de entrada
 <494297731047014208> 31/05/2019 13:37:59.102     [Error  ] - No records within defined range, program: Pesquisa Livro de entrada
 <515147984676315200> 31/05/2019 13:42:24.286     [Error  ] - Duplicate index, data source: LC_LIVRO, program: Browse - LC_LIVRO
 <515147984676315200> 31/05/2019 13:42:25.194     [Error  ] - Duplicate index, data source: LC_LIVRO, program: Browse - LC_LIVRO
 <73739367072592944> 01/07/2019 16:51:24.260     [Error  ] - Failed to open, data source: GECPTE, program: VerificaTabelaComponentes
 <73739367072592944> 01/07/2019 16:51:27.573     [Error  ] - Failed to open, data source: GECPTE, program: VerificaTabelaComponentes
 <6033965820227923> 20/08/2019 15:38:44.366     [Error  ] - Bad date, program: Analize controle
 <430174929334460992> 01/10/2020 09:39:24.812     [Error  ] - Registro encontra-se alocado: LC_LIVRO, program: Pesquisa Livro de entrada.Livro de entrada
 <430174929334460992> 01/10/2020 09:39:25.581     [Error  ] - Registro encontra-se alocado: LC_LIVRO, program: Pesquisa Livro de entrada.Livro de entrada
 <430174929334460992> 01/10/2020 09:39:26.349     [Error  ] - Registro encontra-se alocado: LC_LIVRO, program: Pesquisa Livro de entrada.Livro de entrada
 <430174929334460992> 01/10/2020 09:39:27.084     [Error  ] - Registro encontra-se alocado: LC_LIVRO, program: Pesquisa Livro de entrada.Livro de entrada
 <430174929334460992> 01/10/2020 09:39:27.851     [Error  ] - Registro encontra-se alocado: LC_LIVRO, program: Pesquisa Livro de entrada.Livro de entrada
 <430174929334460992> 01/10/2020 09:39:28.609     [Error  ] - Registro encontra-se alocado: LC_LIVRO, program: Pesquisa Livro de entrada.Livro de entrada
 <430174929334460992> 01/10/2020 09:39:29.950     [Error  ] - Registro encontra-se alocado: LC_LIVRO, program: Pesquisa Livro de entrada.Livro de entrada
 <430174929334460992> 01/10/2020 09:39:31.266     [Error  ] - Registro encontra-se alocado: LC_LIVRO, program: Pesquisa Livro de entrada.Livro de entrada
 <156148870593258816> 01/10/2020 09:50:11.332     [Error  ] - No records within defined range, program: Pesquisa Livro de entrada
 <433756833445231872> 01/10/2020 13:09:59.733     [Error  ] - Invalid number, program: Pesquisa Livro de entrada
 <-1> 05/11/2020 12:51:21.727     [Error  ] - Failed to Load Assembly : "W:\CIGAMe10\uniPaaS\Projects\XPA\LivroDigital\assembly\GAC_MSIL\System.Windows.Forms\2.0.0.0__b77a5c561934e089\System.Windows.Forms.dll"
"Não foi possível carregar arquivo ou assembly 'System.Windows.Forms.dll' ou uma de suas dependências. O sistema não pode encontrar o caminho especificado."
 <369641361794211712> 24/11/2020 14:48:56.013     [Error  ] - 
--------------------------------------------------------------------------------
CIGAM
--------------------------------------------------------------------------------
Cannot insert duplicate key row in object 'dbo.LC_LIVRO' with unique index 'INDICE_LC_LIVRO'. The duplicate key value is (   ,               , <NULL>,                     , 0,       ).
--------------------------------------------------------------------------------
[OK] [SERVER : Cannot insert duplicate key row in object 'dbo.LC_LIVRO' with unique index 'INDICE_LC_LIVRO'. The duplicate key value is (   ,               , <NULL>,                     , 0,       ).

[Duplicate index]]

Pressionado:                     
--------------------------------------------------------------------------------, Program: "Livro de entrada.TratamentoErroCigamSql.MensagemCigam".
 <369641361794211712> 24/11/2020 14:49:02.158     [Error  ] - 
--------------------------------------------------------------------------------
CIGAM
--------------------------------------------------------------------------------
Cannot insert duplicate key row in object 'dbo.LC_LIVRO' with unique index 'INDICE_LC_LIVRO'. The duplicate key value is (   ,               , <NULL>,                     , 0,       ).
--------------------------------------------------------------------------------
[OK] [SERVER : Cannot insert duplicate key row in object 'dbo.LC_LIVRO' with unique index 'INDICE_LC_LIVRO'. The duplicate key value is (   ,               , <NULL>,                     , 0,       ).

[Duplicate index]]

Pressionado:                     
--------------------------------------------------------------------------------, Program: "Livro de entrada.TratamentoErroCigamSql.MensagemCigam".
 <170929666871460224> 03/05/2021 09:32:28.002     [Error  ] - Online task cannot be executed using a background runtime engine. You should set the Deployment Mode to Online  >> Application: "W:\CIGAMe11\xpa\Projects\LivroDigital\", Program: "Livro de entrada".
 <-1> 03/05/2021 09:35:28.603     [Error  ] - Error - run-time engine was not found. Please restart the studio in order to run the application
 <-1> 06/05/2021 08:46:05.731     [Error  ] - Component Files not found : CGESCore
 <-1> 06/05/2021 08:46:05.826     [Error  ] - Component Files not found : CGPCCore
 <-1> 06/05/2021 08:46:05.905     [Error  ] - Component Files not found : CGCOCore
 <-1> 10/05/2021 15:42:20.587     [Error  ] - Component Files not found : CGESCore
 <-1> 10/05/2021 15:42:20.701     [Error  ] - Component Files not found : CGPCCore
 <-1> 10/05/2021 15:42:20.778     [Error  ] - Component Files not found : CGCOCore
 <-1> 02/06/2021 14:01:24.785     [Error  ] - Component Files not found : CGESCore
 <-1> 02/06/2021 14:01:24.874     [Error  ] - Component Files not found : CGPCCore
 <-1> 02/06/2021 14:01:24.951     [Error  ] - Component Files not found : CGCOCore
 <-1> 02/06/2021 14:19:27.326     [Error  ] - Component Files not found : CGESCore
 <-1> 02/06/2021 14:19:27.417     [Error  ] - Component Files not found : CGPCCore
 <-1> 02/06/2021 14:19:27.494     [Error  ] - Component Files not found : CGCOCore
 <443409636086362688> 02/06/2021 14:20:32.135     [Error  ] - Component Files not found : CGESCore, Program: "Pesquisa Livro de entrada.VerificaLicenca_2212".
 <443409636086362688> 02/06/2021 14:20:32.151     [Error  ] - Component Files not found : CGESCore, Program: "".
 <443409636086362688> 02/06/2021 14:20:32.168     [Error  ] - Component Files not found : CGESCore, Program: "".
 <443409636086362688> 02/06/2021 14:20:32.184     [Error  ] - Component Files not found : CGESCore, Program: "Pesquisa Livro de entrada.VerificaLicenca_2212".
 <443409636086362688> 02/06/2021 14:20:32.196     [Error  ] - Component used by the task does not exist or could not be opened - Component CGESCore - Project CGGeral, Program: "".
 <443409636086362688> 02/06/2021 14:20:32.208     [Error  ] - Component used by the task does not exist or could not be opened - Component CGESCore - Project CGGeral, Program: "".
 <34643767893477084> 02/06/2021 14:22:26.634     [Error  ] - Component Files not found : CGESCore, Program: "Pesquisa Livro de entrada.VerificaLicenca_2212".
 <34643767893477084> 02/06/2021 14:22:26.652     [Error  ] - Component Files not found : CGESCore, Program: "".
 <34643767893477084> 02/06/2021 14:22:26.667     [Error  ] - Component Files not found : CGESCore, Program: "".
 <34643767893477084> 02/06/2021 14:22:26.684     [Error  ] - Component Files not found : CGESCore, Program: "Pesquisa Livro de entrada.VerificaLicenca_2212".
 <34643767893477084> 02/06/2021 14:22:26.697     [Error  ] - Component used by the task does not exist or could not be opened - Component CGESCore - Project CGGeral, Program: "".
 <34643767893477084> 02/06/2021 14:22:26.707     [Error  ] - Component used by the task does not exist or could not be opened - Component CGESCore - Project CGGeral, Program: "".
 <40397047463208496> 02/06/2021 14:24:06.276     [Error  ] - Component Files not found : CGESCore, Program: "Pesquisa Livro de entrada.VerificaLicenca_2212".
 <40397047463208496> 02/06/2021 14:24:06.292     [Error  ] - Component Files not found : CGESCore, Program: "".
 <40397047463208496> 02/06/2021 14:24:06.311     [Error  ] - Component Files not found : CGESCore, Program: "".
 <40397047463208496> 02/06/2021 14:24:06.327     [Error  ] - Component Files not found : CGESCore, Program: "Pesquisa Livro de entrada.VerificaLicenca_2212".
 <40397047463208496> 02/06/2021 14:24:06.347     [Error  ] - Component used by the task does not exist or could not be opened - Component CGESCore - Project CGGeral, Program: "".
 <40397047463208496> 02/06/2021 14:24:06.358     [Error  ] - Component used by the task does not exist or could not be opened - Component CGESCore - Project CGGeral, Program: "".
 <-1> 11/06/2021 13:27:05.854     [Error  ] - Component Files not found : CGESCore
 <-1> 11/06/2021 13:27:05.947     [Error  ] - Component Files not found : CGPCCore
 <-1> 11/06/2021 13:27:06.026     [Error  ] - Component Files not found : CGCOCore
 <-1> 14/06/2021 11:09:38.782     [Error  ] - Component Files not found : CGESCore
 <-1> 14/06/2021 11:09:38.891     [Error  ] - Component Files not found : CGPCCore
 <-1> 14/06/2021 11:09:38.971     [Error  ] - Component Files not found : CGCOCore
 <-1> 18/06/2021 13:21:07.874     [Error  ] - Component Files not found : CGESCore
 <-1> 18/06/2021 13:21:07.967     [Error  ] - Component Files not found : CGPCCore
 <-1> 18/06/2021 13:21:08.045     [Error  ] - Component Files not found : CGCOCore
 <-1> 03/04/2023 09:27:16.704     [Error  ] - Component Files not found : CabGeralCGData.ecf
 <-1> 03/04/2023 09:27:16.770     [Error  ] - Component Files not found : CabGeralCGFunctions.ecf
 <-1> 03/04/2023 09:27:16.833     [Error  ] - Component Files not found : CabGeralCIGAMK.ecf
 <-1> 03/04/2023 09:27:16.895     [Error  ] - Component Files not found : CabGeralCGKernel.ecf
 <-1> 03/04/2023 09:27:17.055     [Error  ] - Component Files not found : CabGeralCGData.ecf
 <-1> 03/04/2023 09:27:17.114     [Error  ] - Component Files not found : CabGeralCGFunctions.ecf
 <-1> 03/04/2023 09:27:17.178     [Error  ] - Component Files not found : CabGeralCIGAMK.ecf
 <-1> 03/04/2023 09:27:17.241     [Error  ] - Component Files not found : CabGeralCGKernel.ecf
 <-1> 03/04/2023 09:27:17.834     [Error  ] - Component Files not found : CabGeralCGData.ecf
 <-1> 03/04/2023 09:27:17.835     [Error  ] - Component Files not found : CabGeralCGFunctions.ecf
 <-1> 03/04/2023 09:27:17.842     [Error  ] - Component Files not found : CabGeralCGKernel.ecf
 <-1> 03/04/2023 09:27:18.038     [Error  ] - Component Files not found : CabGeralCGData.ecf
 <-1> 03/04/2023 09:27:18.038     [Error  ] - Component Files not found : CabGeralCGFunctions.ecf
 <-1> 03/04/2023 09:27:18.050     [Error  ] - Component Files not found : CabGeralCGKernel.ecf
 <196188043570691200> 05/04/2023 14:02:31.417     [Error  ] - File not found:: C:\Program Files (x86)\MSE\Magic xpa 3.3\MgxpaRuntime.exe -ver /LogoFile=none.jpg /ini=, Program: "VerificaLicenca_2212..InicializaCIGAM_2215.VerificaFlags_AmbienteMagic..BuscaVersaoMagic".
 <462063873656882304> 21/12/2023 17:14:50.272     [Error  ] - File not found:: C:\Program Files (x86)\MSE\Magic xpa 3.3\MgxpaRuntime.exe -ver /LogoFile=none.jpg /ini=, Program: "VerificaLicenca_2212..InicializaCIGAM_2215.VerificaFlags_AmbienteMagic..BuscaVersaoMagic".
 <-1> 23/02/2024 15:10:55.055     [Error  ] - SERVER : Error converting data type varchar to float.
 <82825873378888640> 26/02/2024 11:00:54.096     [Error  ] - File not found:: C:\Program Files (x86)\MSE\Magic xpa 3.3\MgxpaRuntime.exe -ver /LogoFile=none.jpg /ini=, Program: "Pesquisa Livro de entrada.VerificaLicenca_2212..InicializaCIGAM_2215.VerificaFlags_AmbienteMagic..BuscaVersaoMagic".
 <200473595737283584> 27/02/2024 16:10:23.168     [Error  ] - File not found:: C:\Program Files (x86)\MSE\Magic xpa 3.3\MgxpaRuntime.exe -ver /LogoFile=none.jpg /ini=, Program: "Pesquisa Livro de entrada.VerificaLicenca_2212..InicializaCIGAM_2215.VerificaFlags_AmbienteMagic..BuscaVersaoMagic".
 <-1> 17/04/2024 08:52:20.679     [Error  ] - Sax parser fatal error :unable to open primary document entity 'g:/.shortcut-targets-by-id/1usxgqbgr2b72drgycp5sy7bkdiniwxqq/calbos/xpa/livrodigital/source/datasources.xml' at line number : 0 column number : 0 . 

==============================================
PID 6860	17/04/2024 09:27:34
==============================================


