 <354701313483562560> 27/03/2020 15:09:07.201     [Error  ] - Component used by the task does not exist or could not be opened, program: Filtro.Tela de Gestao de pedido.Pedido 449.Pedido
 <449599931382118208> 27/03/2020 15:16:22.429     [Error  ] - Component used by the task does not exist or could not be opened, program: Filtro.Tela de Gestao de pedido.Pedido 449.Pedido
 <245279074807749984> 27/03/2020 15:40:03.935     [Error  ] - Component used by the task does not exist or could not be opened, program: Filtro.Tela de Gestao de pedido..AlteraSituacaoPedido_521.Seleciona Controle.Tela de Gestao de pedido..AlteraSituacaoPedido_521.Seleciona Controle.Tela de Gestao de pedido.Pedido 449.Pedido
 <245279074807749984> 27/03/2020 15:40:59.651     [Error  ] - Component used by the task does not exist or could not be opened, program: Filtro.Tela de Gestao de pedido..AlteraSituacaoPedido_521.Seleciona Controle.Tela de Gestao de pedido..AlteraSituacaoPedido_521.Seleciona Controle.Tela de Gestao de pedido..AlteraSituacaoPedido_521.Seleciona Controle.Tela de Gestao de pedido.Pedido 449.Pedido
 <158513783492382752> 27/03/2020 15:56:08.847     [Error  ] - Component used by the task does not exist or could not be opened, program: Filtro.Tela de Gestao de pedido.Pedido 449.Pedido
 <158513783492382752> 27/03/2020 16:01:41.987     [Error  ] - Component used by the task does not exist or could not be opened, program: Filtro.Tela de Gestao de pedido.Pedido 449.Pedido.M=Imprimir..ImprimePedido MERGE_566
 <158513783492382752> 27/03/2020 16:01:47.570     [Error  ] - Component used by the task does not exist or could not be opened, program: Filtro.Tela de Gestao de pedido.Pedido 449.Pedido
 <158513783492382752> 27/03/2020 16:07:35.059     [Error  ] - Component used by the task does not exist or could not be opened, program: Filtro.Tela de Gestao de pedido.Pedido 449.Pedido.M=Imprimir..ImprimePedido MERGE_566
 <158513783492382752> 27/03/2020 16:07:39.165     [Error  ] - Component used by the task does not exist or could not be opened, program: Filtro.Tela de Gestao de pedido.Pedido 449.Pedido
 <158513783492382752> 27/03/2020 16:07:50.436     [Error  ] - Component used by the task does not exist or could not be opened, program: Filtro.Tela de Gestao de pedido.Pedido 449.Pedido.M=Imprimir..ImprimePedido MERGE_566
 <158513783492382752> 27/03/2020 16:07:53.502     [Error  ] - Component used by the task does not exist or could not be opened, program: Filtro.Tela de Gestao de pedido.Pedido 449.Pedido
 <511417475627314560> 27/03/2020 16:46:46.939     [Error  ] - Component used by the task does not exist or could not be opened, program: Filtro.Tela de Gestao de pedido..AlteraSituacaoPedido_521.Seleciona Controle.Tela de Gestao de pedido.Pedido 449.Pedido..AlteraSituacaoPedido_521.Seleciona Controle.Tela de Gestao de pedido.Pedido 449.Pedido
 <511417475627314560> 27/03/2020 16:46:49.752     [Error  ] - Component used by the task does not exist or could not be opened, program: Filtro.Tela de Gestao de pedido..AlteraSituacaoPedido_521.Seleciona Controle.Tela de Gestao de pedido.Pedido 449.Pedido
 <96019065837920576> 27/03/2020 16:47:46.941     [Error  ] - Component used by the task does not exist or could not be opened, program: Filtro.Tela de Gestao de pedido.Pedido 449.Pedido
 <96019065837920576> 27/03/2020 16:47:51.281     [Error  ] - Component used by the task does not exist or could not be opened, program: Filtro.Tela de Gestao de pedido.Pedido 449.Pedido
 <96019065837920576> 27/03/2020 16:48:26.895     [Error  ] - Component used by the task does not exist or could not be opened, program: Filtro.Tela de Gestao de pedido.Pedido 449.Pedido
 <96019065837920576> 27/03/2020 16:48:30.679     [Error  ] - Component used by the task does not exist or could not be opened, program: Filtro.Tela de Gestao de pedido.Pedido 449.Pedido
 <526790866745859712> 27/03/2020 16:54:43.449     [Error  ] - Component used by the task does not exist or could not be opened, program: Filtro.Tela de Gestao de pedido.Pedido 449.Pedido
 <166310911911999168> 27/03/2020 16:56:07.245     [Error  ] - Component used by the task does not exist or could not be opened, program: Filtro.Tela de Gestao de pedido.Pedido 449.Pedido
 <407236438641353216> 27/03/2020 17:08:25.262     [Error  ] - Component used by the task does not exist or could not be opened, program: Filtro.Tela de Gestao de pedido.Pedido 449.Pedido
 <407236438641353216> 27/03/2020 17:08:36.750     [Error  ] - Component used by the task does not exist or could not be opened, program: Filtro.Tela de Gestao de pedido.Pedido 449.Pedido
 <407236438641353216> 27/03/2020 17:08:42.977     [Error  ] - Component used by the task does not exist or could not be opened, program: Filtro.Tela de Gestao de pedido.Pedido 449.Pedido
 <409497188321761600> 27/03/2020 17:12:19.019     [Error  ] - Component used by the task does not exist or could not be opened, program: Filtro.Tela de Gestao de pedido.Pedido 449.Pedido
 <409497188321761600> 27/03/2020 17:12:34.500     [Error  ] - Component used by the task does not exist or could not be opened, program: Filtro.Tela de Gestao de pedido.Pedido 449.Pedido
 <409497188321761600> 27/03/2020 17:12:49.980     [Error  ] - Component used by the task does not exist or could not be opened, program: Filtro.Tela de Gestao de pedido.Pedido 449.Pedido
 <409497188321761600> 27/03/2020 17:13:01.234     [Error  ] - Component used by the task does not exist or could not be opened, program: Filtro.Tela de Gestao de pedido.Pedido 449.Pedido
 <409497188321761600> 27/03/2020 17:13:16.194     [Error  ] - Component used by the task does not exist or could not be opened, program: Filtro.Tela de Gestao de pedido.Pedido 449.Pedido
 <505912621291270272> 27/03/2020 17:34:45.184     [Error  ] - Component used by the task does not exist or could not be opened, program: Filtro.Tela de Gestao de pedido.Pedido 449.Pedido
 <505912621291270272> 27/03/2020 17:35:24.185     [Error  ] - Component used by the task does not exist or could not be opened, program: Filtro.Tela de Gestao de pedido.Pedido 449.Pedido
 <505912621291270272> 27/03/2020 17:35:30.717     [Error  ] - Component used by the task does not exist or could not be opened, program: Filtro.Tela de Gestao de pedido.Pedido 449.Pedido
 <505912621291270272> 27/03/2020 17:35:36.855     [Error  ] - Component used by the task does not exist or could not be opened, program: Filtro.Tela de Gestao de pedido.Pedido 449.Pedido.M=Imprimir..ImprimePedido MERGE_566
 <505912621291270272> 27/03/2020 17:35:44.874     [Error  ] - Component used by the task does not exist or could not be opened, program: Filtro.Tela de Gestao de pedido.Pedido 449.Pedido
 <419597056068325120> 22/05/2020 10:31:09.698     [Error  ] - Warning - Modify operation canceled due to task Query mode, program: Filtro.Tela de Gestao de pedido.B_alterar_situacao
 <419597056068325120> 22/05/2020 10:32:58.881     [Error  ] - Warning - Modify operation canceled due to task Query mode, program: Filtro.Tela de Gestao de pedido.B_alterar_situacao
 <419597056068325120> 22/05/2020 10:33:28.782     [Error  ] - Warning - Modify operation canceled due to task Query mode, program: Filtro.Tela de Gestao de pedido.B_alterar_situacao
 <523334754183735744> 22/05/2020 10:34:41.183     [Error  ] - Warning - Modify operation canceled due to task Query mode, program: Filtro.Tela de Gestao de pedido.B_alterar_situacao
 <335232872531485184> 22/05/2020 11:11:15.040     [Error  ] - Warning - Modify operation canceled due to task Query mode, program: Filtro.Tela de Gestao de pedido.B_alterar_situacao
 <457147574587780992> 22/05/2020 11:16:35.241     [Error  ] - Warning - Modify operation canceled due to task Query mode, program: Filtro.Tela de Gestao de pedido.B_alterar_situacao
 <457147574587780992> 22/05/2020 11:16:39.098     [Error  ] - Warning - Modify operation canceled due to task Query mode, program: Filtro.Tela de Gestao de pedido.B_alterar_situacao
 <382035717255084736> 22/05/2020 11:17:59.609     [Error  ] - Warning - Modify operation canceled due to task Query mode, program: Filtro.Tela de Gestao de pedido.B_alterar_situacao
 <60031178486739032> 22/05/2020 11:18:57.984     [Error  ] - Warning - Modify operation canceled due to task Query mode, program: Filtro.Tela de Gestao de pedido.B_alterar_situacao
 <60031178486739032> 22/05/2020 11:19:04.437     [Error  ] - Warning - Modify operation canceled due to task Query mode, program: Filtro.Tela de Gestao de pedido.B_alterar_situacao
 <71825466138139864> 22/05/2020 11:20:37.697     [Error  ] - Initial Task mode not allowed, program: Filtro.Tela de Gestao de pedido.B_alterar_situacao
 <71825466138139864> 22/05/2020 11:22:56.887     [Error  ] - Initial Task mode not allowed, program: Filtro.Tela de Gestao de pedido.B_alterar_situacao
 <-1> 21/05/2021 10:45:52.409     [Error  ] - Component Files not found : CGESCore
 <-1> 21/05/2021 10:45:52.521     [Error  ] - Component Files not found : CGPCCore
 <-1> 21/05/2021 10:45:52.600     [Error  ] - Component Files not found : CGCOCore
 <-1> 31/05/2021 09:19:22.951     [Error  ] - Component Files not found : CGESCore
 <-1> 31/05/2021 09:19:23.034     [Error  ] - Component Files not found : CGPCCore
 <-1> 31/05/2021 09:19:23.115     [Error  ] - Component Files not found : CGCOCore
 <-1> 18/06/2021 13:36:12.719     [Error  ] - Component Files not found : CGESCore
 <-1> 18/06/2021 13:36:12.809     [Error  ] - Component Files not found : CGPCCore
 <-1> 18/06/2021 13:36:12.885     [Error  ] - Component Files not found : CGCOCore
 <460584188953919744> 18/06/2021 14:04:44.164     [Error  ] - Component Files not found : CGESCore, Program: "Filtro.VerificaLicenca_2212".
 <460584188953919744> 18/06/2021 14:04:44.185     [Error  ] - Component Files not found : CGESCore, Program: "".
 <460584188953919744> 18/06/2021 14:04:44.203     [Error  ] - Component Files not found : CGESCore, Program: "".
 <460584188953919744> 18/06/2021 14:04:44.235     [Error  ] - Component Files not found : CGESCore, Program: "Filtro.VerificaLicenca_2212".
 <460584188953919744> 18/06/2021 14:04:44.252     [Error  ] - Component used by the task does not exist or could not be opened - Component CGESCore - Project CGGeral, Program: "".
 <460584188953919744> 18/06/2021 14:04:44.264     [Error  ] - Component used by the task does not exist or could not be opened - Component CGESCore - Project CGGeral, Program: "".
 <-1> 21/06/2021 15:11:09.026     [Error  ] - Component Files not found : CGESCore
 <-1> 21/06/2021 15:11:09.119     [Error  ] - Component Files not found : CGPCCore
 <-1> 21/06/2021 15:11:09.197     [Error  ] - Component Files not found : CGCOCore
 <-1> 22/06/2021 12:54:07.632     [Error  ] - Component Files not found : CGESCore
 <-1> 22/06/2021 12:54:07.725     [Error  ] - Component Files not found : CGPCCore
 <-1> 22/06/2021 12:54:07.803     [Error  ] - Component Files not found : CGCOCore
 <444205545180349568> 22/06/2021 13:18:26.432     [Error  ] - Component Files not found : CGESCore, Program: "Filtro.VerificaLicenca_2212".
 <444205545180349568> 22/06/2021 13:18:26.452     [Error  ] - Component Files not found : CGESCore, Program: "".
 <444205545180349568> 22/06/2021 13:18:26.478     [Error  ] - Component Files not found : CGESCore, Program: "".
 <444205545180349568> 22/06/2021 13:18:26.497     [Error  ] - Component Files not found : CGESCore, Program: "Filtro.VerificaLicenca_2212".
 <444205545180349568> 22/06/2021 13:18:26.515     [Error  ] - Component used by the task does not exist or could not be opened - Component CGESCore - Project CGGeral, Program: "".
 <444205545180349568> 22/06/2021 13:18:26.529     [Error  ] - Component used by the task does not exist or could not be opened - Component CGESCore - Project CGGeral, Program: "".
 <281978545973948256> 22/06/2021 13:20:25.491     [Error  ] - Component Files not found : CGESCore, Program: "Filtro.VerificaLicenca_2212".
 <281978545973948256> 22/06/2021 13:20:25.511     [Error  ] - Component Files not found : CGESCore, Program: "".
 <281978545973948256> 22/06/2021 13:20:25.528     [Error  ] - Component Files not found : CGESCore, Program: "".
 <281978545973948256> 22/06/2021 13:20:25.559     [Error  ] - Component Files not found : CGESCore, Program: "Filtro.VerificaLicenca_2212".
 <281978545973948256> 22/06/2021 13:20:25.586     [Error  ] - Component used by the task does not exist or could not be opened - Component CGESCore - Project CGGeral, Program: "".
 <281978545973948256> 22/06/2021 13:20:25.599     [Error  ] - Component used by the task does not exist or could not be opened - Component CGESCore - Project CGGeral, Program: "".
 <-1> 23/06/2021 08:15:07.188     [Error  ] - Component Files not found : CGESCore
 <-1> 23/06/2021 08:15:07.279     [Error  ] - Component Files not found : CGPCCore
 <-1> 23/06/2021 08:15:07.356     [Error  ] - Component Files not found : CGCOCore
 <377001921684076224> 23/06/2021 08:17:03.734     [Error  ] - Component Files not found : CGESCore, Program: "Filtro.VerificaLicenca_2212".
 <377001921684076224> 23/06/2021 08:17:03.752     [Error  ] - Component Files not found : CGESCore, Program: "".
 <377001921684076224> 23/06/2021 08:17:03.767     [Error  ] - Component Files not found : CGESCore, Program: "".
 <377001921684076224> 23/06/2021 08:17:03.783     [Error  ] - Component Files not found : CGESCore, Program: "Filtro.VerificaLicenca_2212".
 <377001921684076224> 23/06/2021 08:17:03.801     [Error  ] - Component used by the task does not exist or could not be opened - Component CGESCore - Project CGGeral, Program: "".
 <377001921684076224> 23/06/2021 08:17:03.813     [Error  ] - Component used by the task does not exist or could not be opened - Component CGESCore - Project CGGeral, Program: "".
 <467647182216512064> 23/06/2021 08:18:23.917     [Error  ] - Component Files not found : CGESCore, Program: "Filtro.VerificaLicenca_2212".
 <467647182216512064> 23/06/2021 08:18:23.937     [Error  ] - Component Files not found : CGESCore, Program: "".
 <467647182216512064> 23/06/2021 08:18:23.953     [Error  ] - Component Files not found : CGESCore, Program: "".
 <467647182216512064> 23/06/2021 08:18:23.969     [Error  ] - Component Files not found : CGESCore, Program: "Filtro.VerificaLicenca_2212".
 <467647182216512064> 23/06/2021 08:18:23.982     [Error  ] - Component used by the task does not exist or could not be opened - Component CGESCore - Project CGGeral, Program: "".
 <467647182216512064> 23/06/2021 08:18:23.995     [Error  ] - Component used by the task does not exist or could not be opened - Component CGESCore - Project CGGeral, Program: "".
 <562730269576826496> 23/06/2021 08:19:41.685     [Error  ] - Component Files not found : CGESCore, Program: "Filtro.VerificaLicenca_2212".
 <562730269576826496> 23/06/2021 08:19:41.704     [Error  ] - Component Files not found : CGESCore, Program: "".
 <562730269576826496> 23/06/2021 08:19:41.721     [Error  ] - Component Files not found : CGESCore, Program: "".
 <562730269576826496> 23/06/2021 08:19:41.737     [Error  ] - Component Files not found : CGESCore, Program: "Filtro.VerificaLicenca_2212".
 <562730269576826496> 23/06/2021 08:19:41.750     [Error  ] - Component used by the task does not exist or could not be opened - Component CGESCore - Project CGGeral, Program: "".
 <562730269576826496> 23/06/2021 08:19:41.762     [Error  ] - Component used by the task does not exist or could not be opened - Component CGESCore - Project CGGeral, Program: "".
 <546533042514878144> 23/06/2021 08:20:47.207     [Error  ] - Component Files not found : CGESCore, Program: "Filtro.VerificaLicenca_2212".
 <546533042514878144> 23/06/2021 08:20:47.241     [Error  ] - Component Files not found : CGESCore, Program: "".
 <546533042514878144> 23/06/2021 08:20:47.257     [Error  ] - Component Files not found : CGESCore, Program: "".
 <546533042514878144> 23/06/2021 08:20:47.274     [Error  ] - Component Files not found : CGESCore, Program: "Filtro.VerificaLicenca_2212".
 <546533042514878144> 23/06/2021 08:20:47.288     [Error  ] - Component used by the task does not exist or could not be opened - Component CGESCore - Project CGGeral, Program: "".
 <546533042514878144> 23/06/2021 08:20:47.303     [Error  ] - Component used by the task does not exist or could not be opened - Component CGESCore - Project CGGeral, Program: "".
 <249720160786194112> 23/06/2021 08:27:22.578     [Error  ] - Component Files not found : CGESCore, Program: "Filtro.VerificaLicenca_2212".
 <249720160786194112> 23/06/2021 08:27:22.621     [Error  ] - Component Files not found : CGESCore, Program: "".
 <249720160786194112> 23/06/2021 08:27:22.635     [Error  ] - Component Files not found : CGESCore, Program: "".
 <249720160786194112> 23/06/2021 08:27:22.650     [Error  ] - Component Files not found : CGESCore, Program: "Filtro.VerificaLicenca_2212".
 <249720160786194112> 23/06/2021 08:27:22.663     [Error  ] - Component used by the task does not exist or could not be opened - Component CGESCore - Project CGGeral, Program: "".
 <249720160786194112> 23/06/2021 08:27:22.675     [Error  ] - Component used by the task does not exist or could not be opened - Component CGESCore - Project CGGeral, Program: "".
 <509310228065461824> 23/06/2021 08:28:32.048     [Error  ] - Component Files not found : CGESCore, Program: "Filtro.VerificaLicenca_2212".
 <509310228065461824> 23/06/2021 08:28:32.064     [Error  ] - Component Files not found : CGESCore, Program: "".
 <509310228065461824> 23/06/2021 08:28:32.082     [Error  ] - Component Files not found : CGESCore, Program: "".
 <509310228065461824> 23/06/2021 08:28:32.099     [Error  ] - Component Files not found : CGESCore, Program: "Filtro.VerificaLicenca_2212".
 <509310228065461824> 23/06/2021 08:28:32.112     [Error  ] - Component used by the task does not exist or could not be opened - Component CGESCore - Project CGGeral, Program: "".
 <509310228065461824> 23/06/2021 08:28:32.124     [Error  ] - Component used by the task does not exist or could not be opened - Component CGESCore - Project CGGeral, Program: "".
 <394290082854966528> 23/06/2021 08:31:14.840     [Error  ] - Component Files not found : CGESCore, Program: "Filtro.VerificaLicenca_2212".
 <394290082854966528> 23/06/2021 08:31:14.856     [Error  ] - Component Files not found : CGESCore, Program: "".
 <394290082854966528> 23/06/2021 08:31:14.874     [Error  ] - Component Files not found : CGESCore, Program: "".
 <394290082854966528> 23/06/2021 08:31:14.890     [Error  ] - Component Files not found : CGESCore, Program: "Filtro.VerificaLicenca_2212".
 <394290082854966528> 23/06/2021 08:31:14.903     [Error  ] - Component used by the task does not exist or could not be opened - Component CGESCore - Project CGGeral, Program: "".
 <394290082854966528> 23/06/2021 08:31:14.916     [Error  ] - Component used by the task does not exist or could not be opened - Component CGESCore - Project CGGeral, Program: "".
 <-1> 23/06/2021 16:46:50.551     [Error  ] - Component Files not found : CGESCore
 <-1> 23/06/2021 16:46:50.635     [Error  ] - Component Files not found : CGPCCore
 <-1> 23/06/2021 16:46:50.712     [Error  ] - Component Files not found : CGCOCore
 <390586789377006144> 24/06/2021 09:13:43.004     [Error  ] - Component Files not found : CGESCore, Program: "Filtro.VerificaLicenca_2212".
 <390586789377006144> 24/06/2021 09:13:43.022     [Error  ] - Component Files not found : CGESCore, Program: "".
 <390586789377006144> 24/06/2021 09:13:43.044     [Error  ] - Component Files not found : CGESCore, Program: "".
 <390586789377006144> 24/06/2021 09:13:43.060     [Error  ] - Component Files not found : CGESCore, Program: "Filtro.VerificaLicenca_2212".
 <390586789377006144> 24/06/2021 09:13:43.074     [Error  ] - Component used by the task does not exist or could not be opened - Component CGESCore - Project CGGeral, Program: "".
 <390586789377006144> 24/06/2021 09:13:43.095     [Error  ] - Component used by the task does not exist or could not be opened - Component CGESCore - Project CGGeral, Program: "".
 <-1> 24/06/2021 16:18:19.231     [Error  ] - Component Files not found : CGESCore
 <-1> 24/06/2021 16:18:19.341     [Error  ] - Component Files not found : CGPCCore
 <-1> 24/06/2021 16:18:19.423     [Error  ] - Component Files not found : CGCOCore
 <-1> 25/06/2021 09:33:38.194     [Error  ] - Component Files not found : CGESCore
 <-1> 25/06/2021 09:33:38.309     [Error  ] - Component Files not found : CGPCCore
 <-1> 25/06/2021 09:33:38.390     [Error  ] - Component Files not found : CGCOCore
 <-1> 25/06/2021 17:31:00.555     [Error  ] - Component Files not found : CGESCore
 <-1> 25/06/2021 17:31:00.662     [Error  ] - Component Files not found : CGPCCore
 <-1> 25/06/2021 17:31:00.740     [Error  ] - Component Files not found : CGCOCore
 <-1> 28/06/2021 08:45:23.913     [Error  ] - Component Files not found : CGESCore
 <-1> 28/06/2021 08:45:24.024     [Error  ] - Component Files not found : CGPCCore
 <-1> 28/06/2021 08:45:24.103     [Error  ] - Component Files not found : CGCOCore
 <-1> 28/06/2021 11:23:43.414     [Error  ] - Component Files not found : CGESCore
 <-1> 28/06/2021 11:23:43.512     [Error  ] - Component Files not found : CGPCCore
 <-1> 28/06/2021 11:23:43.590     [Error  ] - Component Files not found : CGCOCore
 <-1> 29/06/2021 15:18:22.503     [Error  ] - Component Files not found : CGESCore
 <-1> 29/06/2021 15:18:22.589     [Error  ] - Component Files not found : CGPCCore
 <-1> 29/06/2021 15:18:22.666     [Error  ] - Component Files not found : CGCOCore
 <551877336713301952> 22/07/2021 09:38:30.138     [Error  ] - Invalid SQL command, database: CIGAM_SQL, Program: "Filtro.Tela de Gestao de pedido".
 <551877336713301952> 22/07/2021 09:38:30.156     [Error  ] - SERVER : Invalid column name 'Cd_material'., Program: "Filtro.Tela de Gestao de pedido".
 <361081508144560000> 12/07/2022 16:25:15.512     [Error  ] - 
--------------------------------------------------------------------------------
CIGAM
--------------------------------------------------------------------------------
A licença foi atualizada automaticamente.

O sistema será reiniciado para carregar as novas informações.
--------------------------------------------------------------------------------
[OK] [Programa atual em execução: Filtro;VerificaLicenca_2212;VerificaLicenca;LicencaInvalida]

Pressionado:                     
--------------------------------------------------------------------------------, Program: "Filtro.VerificaLicenca_2212.VerificaLicenca.LicencaInvalida.MensagemCigam".
 <439745408786975232> 12/07/2022 16:31:39.568     [Error  ] - 
--------------------------------------------------------------------------------
CIGAM
--------------------------------------------------------------------------------
A licença foi atualizada automaticamente.

O sistema será reiniciado para carregar as novas informações.
--------------------------------------------------------------------------------
[OK] [Programa atual em execução: Filtro;VerificaLicenca_2212;VerificaLicenca;LicencaInvalida]

Pressionado:                     
--------------------------------------------------------------------------------, Program: "Filtro.VerificaLicenca_2212.VerificaLicenca.LicencaInvalida.MensagemCigam".
 <260517277814413536> 12/07/2022 16:34:51.158     [Warning] - W:\\CIGAMe10\\CGReport.exe -G: -M:"W:\\CIGAMe10\\Systempar\\ANDRE\\pedido_lote_cliente.frx" -A:"X:\\Relatoriotemp\\155A00.frx" -P:@pedido='276897','276898','276926',
 <400642915685611264> 12/07/2022 16:39:17.538     [Warning] - W:\\CIGAMe10\\CGReport.exe -G: -M:"W:\\CIGAMe10\\Systempar\\ANDRE\\pedido_padrao_teste.frx" -A:"X:\\Relatoriotemp\\246A00.frx" -P:@pedido='276897','276898','276926'
 <80220785243891232> 13/07/2022 14:34:59.184     [Error  ] - 
--------------------------------------------------------------------------------
CIGAM
--------------------------------------------------------------------------------
A licença foi atualizada automaticamente.

O sistema será reiniciado para carregar as novas informações.
--------------------------------------------------------------------------------
[OK] [Programa atual em execução: Filtro;VerificaLicenca_2212;VerificaLicenca;LicencaInvalida]

Pressionado:                     
--------------------------------------------------------------------------------, Program: "Filtro.VerificaLicenca_2212.VerificaLicenca.LicencaInvalida.MensagemCigam".
 <566994729219106880> 13/07/2022 15:17:27.184     [Error  ] - 
--------------------------------------------------------------------------------
CIGAM
--------------------------------------------------------------------------------
A licença foi atualizada automaticamente.

O sistema será reiniciado para carregar as novas informações.
--------------------------------------------------------------------------------
[OK] [Programa atual em execução: Filtro;VerificaLicenca_2212;VerificaLicenca;LicencaInvalida]

Pressionado:                     
--------------------------------------------------------------------------------, Program: "Filtro.VerificaLicenca_2212.VerificaLicenca.LicencaInvalida.MensagemCigam".
 <159785421979019808> 03/08/2022 15:15:54.742     [Error  ] - 
--------------------------------------------------------------------------------
CIGAM
--------------------------------------------------------------------------------
A licença foi atualizada automaticamente.

O sistema será reiniciado para carregar as novas informações.
--------------------------------------------------------------------------------
[OK] [Programa atual em execução: Filtro;VerificaLicenca_2212;VerificaLicenca;LicencaInvalida]

Pressionado:                     
--------------------------------------------------------------------------------, Program: "Filtro.VerificaLicenca_2212.VerificaLicenca.LicencaInvalida.MensagemCigam".
 <184240976976022368> 03/08/2022 15:28:40.673     [Error  ] - MSG2, Program: "Filtro.Tela de Gestao de pedido.Pedido 449.2149.MensagemOk".
 <205305596055997632> 03/08/2022 15:29:58.056     [Error  ] - 
--------------------------------------------------------------------------------
CIGAM
--------------------------------------------------------------------------------
A licença foi atualizada automaticamente.

O sistema será reiniciado para carregar as novas informações.
--------------------------------------------------------------------------------
[OK] [Programa atual em execução: Filtro;VerificaLicenca_2212;VerificaLicenca;LicencaInvalida]

Pressionado:                     
--------------------------------------------------------------------------------, Program: "Filtro.VerificaLicenca_2212.VerificaLicenca.LicencaInvalida.MensagemCigam".
 <524295384219699072> 03/08/2022 15:30:35.717     [Error  ] - MSG2, Program: "Filtro.Tela de Gestao de pedido.Pedido 449.2149.MensagemOk".
 <557473865097242816> 03/08/2022 15:54:16.416     [Error  ] - Initial Task mode not allowed, Program: "Filtro.Tela de Gestao de pedido.Seleciona Controle".
 <405817365419835200> 03/08/2022 16:02:17.186     [Error  ] - MSG2, Program: "Filtro.Tela de Gestao de pedido.Pedido 449.2149.MensagemOk".
 <405817365419835200> 03/08/2022 16:03:11.396     [Error  ] - MSG2, Program: "Filtro.Tela de Gestao de pedido.Pedido 449.2149.MensagemOk".
 <543493362906586048> 03/08/2022 17:24:56.949     [Error  ] - MSG2, Program: "Filtro.Tela de Gestao de pedido.Pedido 449.2149.MensagemOk".
 <362668883215669312> 03/08/2022 17:26:06.458     [Error  ] - Task without screen, Program: "Filtro.Tela de Gestao de pedido.Seleciona Controle".
 <362668883215669312> 03/08/2022 17:26:10.771     [Error  ] - Task without screen, Program: "Filtro.Tela de Gestao de pedido.Seleciona Controle".
 <309188752821835072> 03/08/2022 17:26:56.624     [Error  ] - Task without screen, Program: "Filtro.Tela de Gestao de pedido.Seleciona Controle".
 <309188752821835072> 03/08/2022 17:27:24.743     [Error  ] - Task without screen, Program: "Filtro.Tela de Gestao de pedido.Seleciona Controle".
 <409070185961048512> 03/08/2022 17:40:45.449     [Error  ] - Task without screen, Program: "Filtro.Tela de Gestao de pedido.Seleciona Controle".
 <409070185961048512> 03/08/2022 17:41:31.297     [Error  ] - Task without screen, Program: "Filtro.Tela de Gestao de pedido.Seleciona Controle".
 <359398721824154176> 03/08/2022 17:46:32.686     [Error  ] - 
--------------------------------------------------------------------------------
CIGAM
--------------------------------------------------------------------------------
A licença foi atualizada automaticamente.

O sistema será reiniciado para carregar as novas informações.
--------------------------------------------------------------------------------
[OK] [Programa atual em execução: Filtro;VerificaLicenca_2212;VerificaLicenca;LicencaInvalida]

Pressionado:                     
--------------------------------------------------------------------------------, Program: "Filtro.VerificaLicenca_2212.VerificaLicenca.LicencaInvalida.MensagemCigam".
 <130540468888196224> 03/08/2022 17:49:53.400     [Error  ] - MSG2, Program: "Filtro.Tela de Gestao de pedido.Pedido 449.2149.MensagemOk".
 <69935512095813592> 04/08/2022 09:27:29.477     [Error  ] - 
--------------------------------------------------------------------------------
CIGAM
--------------------------------------------------------------------------------
TCP Provider: Foi forçado o cancelamento de uma conexão existente pelo host remoto.
--------------------------------------------------------------------------------
[OK] [: TCP Provider: Foi forçado o cancelamento de uma conexão existente pelo host remoto.

[Table Create err]

Programa atual em execução: Filtro;2231.BuscaDadosConfig;BuscaConfig;TratamentoErroCigamSql]

Pressionado:                     
--------------------------------------------------------------------------------, Program: "Filtro.2231.BuscaDadosConfig.BuscaConfig.TratamentoErroCigamSql.MensagemCigam".
 <-1> 16/09/2022 17:56:47.457     [Error  ] - Error - run-time engine was not found. Please restart the studio in order to run the application
 <-1> 16/09/2022 17:57:03.185     [Error  ] - Error - run-time engine was not found. Please restart the studio in order to run the application
 <107730449510278608> 21/09/2022 10:06:13.454     [Error  ] - Não há registro na faixa definida, Program: "Filtro.Tela de Gestao de pedido".
 <107730449510278608> 21/09/2022 10:06:33.019     [Error  ] - Não há registro na faixa definida, Program: "Filtro.Tela de Gestao de pedido".
 <268873858546071360> 23/09/2022 17:51:14.739     [Error  ] - Não há registro na faixa definida, Program: "Filtro.Tela de Gestao de pedido".
 <429011368876163200> 11/07/2023 10:41:00.225     [Error  ] - Online task cannot be executed using a background runtime engine. You should set the Deployment Mode to Online  >> Application: "C:\Users\jhon_\Meu Drive\Projetos\Desenvolvimento\Calbos\XPA\gestaopedidos\", Program: "Filtro".
 <175224415614177344> 11/07/2023 11:06:52.734     [Error  ] - Registro não está mais no dataview, Program: "Filtro.Tela de Gestao de pedido".
 <193527552508416672> 11/07/2023 14:08:58.156     [Error  ] - Registro não está mais no dataview, Program: "Filtro.Tela de Gestao de pedido".
 <556997862349160896> 12/07/2023 15:43:59.193     [Error  ] - [MgGui.dll] Control 'Browse': O índice estava fora do intervalo. Ele deve ser não-negativo e menor que o tamanho da coleção.
Nome do parâmetro: index, Program: "Filtro.Tela de Gestao de pedido".
 <556997862349160896> 12/07/2023 15:43:59.318     [Error  ] - [MgGui.dll] 
   em System.Environment.GetStackTrace(Exception e, Boolean needFileInfo)
   em System.Environment.get_StackTrace()
   em com.magicsoftware.rte.CoreExecutor.WriteExceptionToLog(Int64 contextID, String msg)
   em com.magicsoftware.rte.GuiEventsProcessor.WriteExceptionToLog(String message)
   em com.magicsoftware.unipaas.Events.WriteExceptionToLog(String msg)
   em com.magicsoftware.unipaas.management.gui.MgControlBase.refreshProperties(Boolean onlyRepeatableProps)
   em com.magicsoftware.unipaas.management.gui.MgControlBase.RefreshDisplay(Boolean onlyRepeatableProps)
   em com.magicsoftware.unipaas.management.gui.MgFormBase.refreshControls(Boolean repeatableOnly)
   em com.magicsoftware.unipaas.management.gui.MgFormBase.refreshRow(Int32 rowIdx, Boolean repeatableOnly)
   em com.magicsoftware.rte.gui.MgForm.DisplayRow(Int32 rowIdx, Boolean repeatableOnly, String dataCtrlPairs)
   em com.magicsoftware.rte.RteExecutor.DisplayRow(Int32 taskID, Int32 rowIdx, Boolean repeatableOnly, String dataCtrlPairs)
   em RteExecutorEndpoint.InvokeDisplayRow(Int32 taskID, Int32 rowIdx, Boolean repeatableOnly, String dataCtrlPairs)
   em RteExecutorBridge.DisplayRow(RteExecutorBridge* , Int32 taskID, Int32 rowIdx, Boolean repeatableOnly, UInt16* dataCtrlPairs)
   em CoreExecutorEndpoint.EventsLoop()
   em CoreExecutorGateway.EventsLoop()
   em com.magicsoftware.rte.RTEmanager.ExecuteWorkThread()
   em System.Threading.ThreadHelper.ThreadStart_Context(Object state)
   em System.Threading.ExecutionContext.RunInternal(ExecutionContext executionContext, ContextCallback callback, Object state, Boolean preserveSyncCtx)
   em System.Threading.ExecutionContext.Run(ExecutionContext executionContext, ContextCallback callback, Object state, Boolean preserveSyncCtx)
   em System.Threading.ExecutionContext.Run(ExecutionContext executionContext, ContextCallback callback, Object state)
   em System.Threading.ThreadHelper.ThreadStart(), Program: "Filtro.Tela de Gestao de pedido".
 <556997862349160896> 12/07/2023 15:43:59.319     [Error  ] - [MgGui.dll] Control 'Cd_unid_de_neg_29': O índice estava fora do intervalo. Ele deve ser não-negativo e menor que o tamanho da coleção.
Nome do parâmetro: index, Program: "Filtro.Tela de Gestao de pedido".
 <556997862349160896> 12/07/2023 15:43:59.319     [Error  ] - [MgGui.dll] 
   em System.Environment.GetStackTrace(Exception e, Boolean needFileInfo)
   em System.Environment.get_StackTrace()
   em com.magicsoftware.rte.CoreExecutor.WriteExceptionToLog(Int64 contextID, String msg)
   em com.magicsoftware.rte.GuiEventsProcessor.WriteExceptionToLog(String message)
   em com.magicsoftware.unipaas.Events.WriteExceptionToLog(String msg)
   em com.magicsoftware.unipaas.management.gui.MgControlBase.refreshProperties(Boolean onlyRepeatableProps)
   em com.magicsoftware.unipaas.management.gui.MgControlBase.RefreshDisplay(Boolean onlyRepeatableProps)
   em com.magicsoftware.unipaas.management.gui.MgFormBase.refreshControls(Boolean repeatableOnly)
   em com.magicsoftware.unipaas.management.gui.MgFormBase.refreshRow(Int32 rowIdx, Boolean repeatableOnly)
   em com.magicsoftware.rte.gui.MgForm.DisplayRow(Int32 rowIdx, Boolean repeatableOnly, String dataCtrlPairs)
   em com.magicsoftware.rte.RteExecutor.DisplayRow(Int32 taskID, Int32 rowIdx, Boolean repeatableOnly, String dataCtrlPairs)
   em RteExecutorEndpoint.InvokeDisplayRow(Int32 taskID, Int32 rowIdx, Boolean repeatableOnly, String dataCtrlPairs)
   em RteExecutorBridge.DisplayRow(RteExecutorBridge* , Int32 taskID, Int32 rowIdx, Boolean repeatableOnly, UInt16* dataCtrlPairs)
   em CoreExecutorEndpoint.EventsLoop()
   em CoreExecutorGateway.EventsLoop()
   em com.magicsoftware.rte.RTEmanager.ExecuteWorkThread()
   em System.Threading.ThreadHelper.ThreadStart_Context(Object state)
   em System.Threading.ExecutionContext.RunInternal(ExecutionContext executionContext, ContextCallback callback, Object state, Boolean preserveSyncCtx)
   em System.Threading.ExecutionContext.Run(ExecutionContext executionContext, ContextCallback callback, Object state, Boolean preserveSyncCtx)
   em System.Threading.ExecutionContext.Run(ExecutionContext executionContext, ContextCallback callback, Object state)
   em System.Threading.ThreadHelper.ThreadStart(), Program: "Filtro.Tela de Gestao de pedido".
 <-1> 12/07/2023 15:44:37.636     [Error  ] - Error - run-time engine was not found. Please restart the studio in order to run the application
 <152719000420111296> 08/04/2024 16:46:16.731     [Error  ] - Failed to open, data source: MODULOS CIGAM, Program: "Filtro.VerificaLicenca_2212.ModulosLiberados".
 <470064578741034240> 09/04/2024 14:05:11.328     [Error  ] - Failed to open, data source: MODULOS CIGAM, Program: "Filtro.VerificaLicenca_2212.ModulosLiberados".

==============================================
PID 10084	10/05/2024 09:55:38
==============================================


