Import warnings from file: C:\CIGAM\Temp\Programs_4234.xml (06/12/18 08:17:10)
==============================================================================

Reference to non existing Component 1 in line 0 (export file), The reference is zeroed
Reference to non existing Component 1 in line 0 (export file), The reference is zeroed
Reference to non existing Component 1 in line 0 (export file), The reference is zeroed
Reference to non existing Component 1 in line 0 (export file), The reference is zeroed
Reference to non existing Component 1 in line 0 (export file), The reference is zeroed
Reference to non existing Component 1 in line 0 (export file), The reference is zeroed
Reference to non existing Component 1 in line 0 (export file), The reference is zeroed
Reference to non existing Component 1 in line 0 (export file), The reference is zeroed
Reference to non existing Component 1 in line 0 (export file), The reference is zeroed
Reference to non existing Component 1 in line 0 (export file), The reference is zeroed
Reference to non existing Component 1 in line 0 (export file), The reference is zeroed
Reference to non existing Component 1 in line 0 (export file), The reference is zeroed
Reference to non existing Component 1 in line 0 (export file), The reference is zeroed
Reference to non existing Component 1 in line 0 (export file), The reference is zeroed
Reference to non existing Component 1 in line 0 (export file), The reference is zeroed
Reference to non existing Component 1 in line 0 (export file), The reference is zeroed
Reference to non existing Component 1 in line 0 (export file), The reference is zeroed
Reference to non existing Component 1 in line 0 (export file), The reference is zeroed
Reference to non existing Component 1 in line 0 (export file), The reference is zeroed
Reference to non existing Component 1 in line 0 (export file), The reference is zeroed
Reference to non existing Component 1 in line 0 (export file), The reference is zeroed
Reference to non existing Component 1 in line 0 (export file), The reference is zeroed
Reference to non existing Component 1 in line 0 (export file), The reference is zeroed
Reference to non existing Component 1 in line 0 (export file), The reference is zeroed
Reference to non existing Component 1 in line 0 (export file), The reference is zeroed
Reference to non existing Component 1 in line 0 (export file), The reference is zeroed
Reference to non existing Component 1 in line 0 (export file), The reference is zeroed
Reference to non existing Component 1 in line 0 (export file), The reference is zeroed
Reference to non existing Component 1 in line 0 (export file), The reference is zeroed
Reference to non existing Component 1 in line 0 (export file), The reference is zeroed
Reference to non existing Component 1 in line 0 (export file), The reference is zeroed
Reference to non existing Component 1 in line 0 (export file), The reference is zeroed
Reference to non existing Component 1 in line 0 (export file), The reference is zeroed
Reference to non existing Component 1 in line 0 (export file), The reference is zeroed
Reference to non existing Component 1 in line 0 (export file), The reference is zeroed
Reference to non existing Component 1 in line 0 (export file), The reference is zeroed
Reference to non existing Component 1 in line 0 (export file), The reference is zeroed
Reference to non existing Component 1 in line 0 (export file), The reference is zeroed
Reference to non existing Component 1 in line 0 (export file), The reference is zeroed
Reference to non existing Component 1 in line 0 (export file), The reference is zeroed
Reference to non existing Component 1 in line 0 (export file), The reference is zeroed
Reference to non existing Component 1 in line 0 (export file), The reference is zeroed
Reference to non existing Component 1 in line 0 (export file), The reference is zeroed
Reference to non existing Component 1 in line 0 (export file), The reference is zeroed
Reference to non existing Component 1 in line 0 (export file), The reference is zeroed
Reference to non existing Component 1 in line 0 (export file), The reference is zeroed
Reference to non existing Component 3 in line 0 (export file), The reference is zeroed
Reference to non existing Component 1 in line 0 (export file), The reference is zeroed
Reference to non existing Component 1 in line 0 (export file), The reference is zeroed
Reference to non existing Component 1 in line 0 (export file), The reference is zeroed
Reference to non existing Component 1 in line 0 (export file), The reference is zeroed
Reference to non existing Component 1 in line 0 (export file), The reference is zeroed
Reference to non existing Component 1 in line 0 (export file), The reference is zeroed
Reference to non existing Component 1 in line 0 (export file), The reference is zeroed
Reference to non existing Component 1 in line 0 (export file), The reference is zeroed
Reference to non existing Component 1 in line 0 (export file), The reference is zeroed
Reference to non existing Component 1 in line 0 (export file), The reference is zeroed
Reference to non existing Component 1 in line 0 (export file), The reference is zeroed
Reference to non existing Component 1 in line 0 (export file), The reference is zeroed
Reference to non existing Component 1 in line 0 (export file), The reference is zeroed
Reference to non existing Component 1 in line 0 (export file), The reference is zeroed
Reference to non existing Component 1 in line 0 (export file), The reference is zeroed
Reference to non existing Component 1 in line 0 (export file), The reference is zeroed
Reference to non existing Component 1 in line 0 (export file), The reference is zeroed
Reference to non existing Component 1 in line 0 (export file), The reference is zeroed
Reference to non existing Component 1 in line 0 (export file), The reference is zeroed
Reference to non existing Component 1 in line 0 (export file), The reference is zeroed
Reference to non existing Component 1 in line 0 (export file), The reference is zeroed
Reference to non existing Component 1 in line 0 (export file), The reference is zeroed
Reference to non existing Component 1 in line 0 (export file), The reference is zeroed
Reference to non existing Component 1 in line 0 (export file), The reference is zeroed
Reference to non existing Component 1 in line 0 (export file), The reference is zeroed
Reference to non existing Component 1 in line 0 (export file), The reference is zeroed
Reference to non existing Component 1 in line 0 (export file), The reference is zeroed
Reference to non existing Component 1 in line 0 (export file), The reference is zeroed
Reference to non existing Component 1 in line 0 (export file), The reference is zeroed
Reference to non existing Component 1 in line 0 (export file), The reference is zeroed
Reference to non existing Component 1 in line 0 (export file), The reference is zeroed
Reference to non existing Component 1 in line 0 (export file), The reference is zeroed
Reference to non existing Component 1 in line 0 (export file), The reference is zeroed
Reference to non existing Component 1 in line 0 (export file), The reference is zeroed
Reference to non existing Component 1 in line 0 (export file), The reference is zeroed
Reference to non existing Component 1 in line 0 (export file), The reference is zeroed
Reference to non existing Component 1 in line 0 (export file), The reference is zeroed
Reference to non existing Component 1 in line 0 (export file), The reference is zeroed
Reference to non existing Component 1 in line 0 (export file), The reference is zeroed
Reference to non existing Component 1 in line 0 (export file), The reference is zeroed
Reference to non existing Component 1 in line 0 (export file), The reference is zeroed
Reference to non existing Component 1 in line 0 (export file), The reference is zeroed
Reference to non existing Component 1 in line 0 (export file), The reference is zeroed
Reference to non existing Component 1 in line 0 (export file), The reference is zeroed
Reference to non existing Component 1 in line 0 (export file), The reference is zeroed
Reference to non existing Component 1 in line 0 (export file), The reference is zeroed
Reference to non existing Component 1 in line 0 (export file), The reference is zeroed
Reference to non existing Component 1 in line 0 (export file), The reference is zeroed
Reference to non existing Component 1 in line 0 (export file), The reference is zeroed
Reference to non existing Component 1 in line 0 (export file), The reference is zeroed
Reference to non existing Component 1 in line 0 (export file), The reference is zeroed
Reference to non existing Component 1 in line 0 (export file), The reference is zeroed
Reference to non existing Component 1 in line 0 (export file), The reference is zeroed
Reference to non existing Component 1 in line 0 (export file), The reference is zeroed
Reference to non existing Component 1 in line 0 (export file), The reference is zeroed
Reference to non existing Component 1 in line 0 (export file), The reference is zeroed
Reference to non existing Component 1 in line 0 (export file), The reference is zeroed
Reference to non existing Component 1 in line 0 (export file), The reference is zeroed
Reference to non existing Component 1 in line 0 (export file), The reference is zeroed
Reference to non existing Component 1 in line 0 (export file), The reference is zeroed
Reference to non existing Component 1 in line 0 (export file), The reference is zeroed
Reference to non existing Component 1 in line 0 (export file), The reference is zeroed
Reference to non existing Component 1 in line 0 (export file), The reference is zeroed
Reference to non existing Component 1 in line 0 (export file), The reference is zeroed

Import warnings from file: C:\CIGAM\Temp\Programs_4234.xml (06/12/18 10:57:14)
==============================================================================


Converting project  (05/11/20 13:41:22)
======================================================================
Program/Task  1 - Main program form - Info - 6 - MDI form was created. - Program = 1; Task = 1; Form = 1;  
General - General (269) - Info - 1 - User State Persistency changed from Name to Yes/No.
General - General (498) - Info - 2 - Style and Border of the controls were changed.
General - General (2) - Info - 5 - Text on Image button style was changed to Image Button.
General - Components (32) - Info - 63 - The end user functionality component was added to the project.
General - Syntax checker (32) - Info - 74 - New transaction message was added.
General - color 341 instead of 2- Info - 54 - New color was assigned to the control.
General - color 342 instead of 2- Info - 54 - New color was assigned to the control.
General - color 343 instead of 101 (16) - Info - 54 - New color was assigned to the control.
General - color 344 instead of 101 (10) - Info - 54 - New color was assigned to the control.
General - color 340 instead of 10000 (5) - Info - 54 - New color was assigned to the control.
