
Errors and Warnings while Loading Component : C:\CIGAM\CIGAMe10\CDK\ECIs\Geral\CGData.eci (10/01/19 13:51:39)
=============================================================================================================
-----------------------------------

Errors and Warnings while Loading Component : C:\CIGAM\CIGAMe10\CDK\ECIs\Geral\CGFunctions.eci (10/01/19 13:51:42)
==================================================================================================================
-----------------------------------

Errors and Warnings while Loading Component : C:\CIGAM\CIGAMe10\CDK\ECIs\Geral\CIGAMK.eci (10/01/19 13:51:54)
=============================================================================================================
-----------------------------------

Errors and Warnings while Loading Component : C:\CIGAM\CIGAMe10\CDK\ECIs\Geral\CIGAMK.eci (10/01/19 13:52:06)
=============================================================================================================
-----------------------------------

Errors and Warnings while Loading Component : C:\CIGAM\CIGAMe10\CDK\ECIs\Geral\CGKernel.eci (10/01/19 13:52:12)
===============================================================================================================
-----------------------------------

Errors and Warnings while Loading Component : C:\CIGAM\CIGAMe10\CDK\ECIs\Lojas\DskData.eci (10/01/19 14:03:23)
==============================================================================================================
-----------------------------------

Errors and Warnings while Loading Component : C:\Program Files (x86)\MSE\Magic xpa 3.3\Add_On\UserFunctionality\UserFunctionality.eci (12/04/23 10:54:28)
=========================================================================================================================================================
-----------------------------------
