Import warnings from file: C:\Users\jhon_\Google Drive\Temp\Programs_3788 (19/11/21 17:05:27)
=============================================================================================


Converting project  (19/11/21 17:06:09)
======================================================================
Program/Task  3.6.2 - Table Control - Info - 62 - Label controls were removed and their text was set to the columns title. - Program = 9; Task = 9; Form = 1; Control = 1;  
Program/Task  3.6.2 - Table Control - Info - 18 - Last Divider property for Table control is not supported and was removed. - Program = 9; Task = 9; Form = 1; Control = 1;  
Program/Task  3.7 - Control  - Info - 7 - Controls was attached to its container control. - Program = 9; Task = 17; Form = 1; Control = 2;  
Program/Task  3.7 - Control  - Info - 7 - Controls was attached to its container control. - Program = 9; Task = 17; Form = 1; Control = 3;  
Program/Task  3.7 - Control  - Info - 7 - Controls was attached to its container control. - Program = 9; Task = 17; Form = 1; Control = 5;  
Program/Task  3.7 - Control  - Info - 7 - Controls was attached to its container control. - Program = 9; Task = 17; Form = 1; Control = 6;  
Program/Task  3.8.1 - Table Control - Info - 62 - Label controls were removed and their text was set to the columns title. - Program = 9; Task = 19; Form = 1; Control = 1;  
Program/Task  3.8.1 - Table Control - Info - 18 - Last Divider property for Table control is not supported and was removed. - Program = 9; Task = 19; Form = 1; Control = 1;  
Program/Task  3.8.2 - Table Control - Info - 62 - Label controls were removed and their text was set to the columns title. - Program = 9; Task = 20; Form = 1; Control = 1;  
Program/Task  3.8.2 - Table Control - Info - 18 - Last Divider property for Table control is not supported and was removed. - Program = 9; Task = 20; Form = 1; Control = 1;  
Program/Task  3.8.3.1 - Table Control - Info - 62 - Label controls were removed and their text was set to the columns title. - Program = 9; Task = 22; Form = 1; Control = 1;  
Program/Task  3.8.3.1 - Table Control - Info - 18 - Last Divider property for Table control is not supported and was removed. - Program = 9; Task = 22; Form = 1; Control = 1;  
Program/Task  3.8.3.1.1 - Table Control - Info - 62 - Label controls were removed and their text was set to the columns title. - Program = 9; Task = 23; Form = 1; Control = 1;  
Program/Task  3.8.3.1.1 - Table Control - Info - 18 - Last Divider property for Table control is not supported and was removed. - Program = 9; Task = 23; Form = 1; Control = 1;  
Program/Task  3.8.3.2 - Table Control - Info - 62 - Label controls were removed and their text was set to the columns title. - Program = 9; Task = 24; Form = 1; Control = 1;  
Program/Task  3.8.3.2 - Table Control - Info - 18 - Last Divider property for Table control is not supported and was removed. - Program = 9; Task = 24; Form = 1; Control = 1;  
Program/Task  3.8.4 - Table Control - Info - 62 - Label controls were removed and their text was set to the columns title. - Program = 9; Task = 27; Form = 1; Control = 1;  
Program/Task  3.8.4 - Table Control - Info - 18 - Last Divider property for Table control is not supported and was removed. - Program = 9; Task = 27; Form = 1; Control = 1;  
Program/Task  3.8.7 - Table Control - Info - 62 - Label controls were removed and their text was set to the columns title. - Program = 9; Task = 30; Form = 1; Control = 1;  
Program/Task  3.8.7 - Table Control - Info - 18 - Last Divider property for Table control is not supported and was removed. - Program = 9; Task = 30; Form = 1; Control = 1;  
General - General (36) - Info - 1 - User State Persistency changed from Name to Yes/No.
General - General (151) - Info - 2 - Style and Border of the controls were changed.
General - Syntax checker - Info - 74 - New transaction message was added.
General - color 353 instead of 0- Info - 54 - New color was assigned to the control.
General - color 354 instead of 2 (19) - Info - 54 - New color was assigned to the control.
General - color 345 instead of 5 (2) - Info - 54 - New color was assigned to the control.
General - color 341 instead of 101 (57) - Info - 54 - New color was assigned to the control.
General - color 342 instead of 101 (2) - Info - 54 - New color was assigned to the control.
General - color 352 instead of 101 (64) - Info - 54 - New color was assigned to the control.
General - color 351 instead of 102 (4) - Info - 54 - New color was assigned to the control.
General - color 343 instead of 105- Info - 54 - New color was assigned to the control.
General - color 344 instead of 105- Info - 54 - New color was assigned to the control.
General - color 355 instead of 273- Info - 54 - New color was assigned to the control.
General - color 340 instead of 10000 (10) - Info - 54 - New color was assigned to the control.
General - font 290 instead of 108- Info - 56 - New font was assigned to the control.
Import warnings from file: W:\CIGAMe11\xpa\Projects\Etiqueta_NFe\Exports\Programs_2 (13/12/21 16:32:09)
=======================================================================================================


