
Errors and Warnings while Loading Component : W:\CIGAMe10\CDK\ECIs\Geral\CGData.eci (30/04/20 11:05:16)
=======================================================================================================
-----------------------------------

Errors and Warnings while Loading Component : W:\CIGAMe10\CDK\ECIs\Geral\CGFunctions.eci (30/04/20 11:05:19)
============================================================================================================
-----------------------------------

Errors and Warnings while Loading Component : W:\CIGAMe10\CDK\ECIs\Geral\CigamK.eci (30/04/20 11:05:24)
=======================================================================================================
-----------------------------------

-----------------------------------

Errors and Warnings while Loading Component : W:\CIGAMe10\CDK\ECIs\Geral\CGKernel.eci (30/04/20 11:05:42)
=========================================================================================================
-----------------------------------

Errors and Warnings while Loading Component : C:\Program Files (x86)\MSE\Magic xpa 3.3\Add_On\UserFunctionality\UserFunctionality.eci (05/11/20 13:39:24)
=========================================================================================================================================================
-----------------------------------

-----------------------------------

-----------------------------------

-----------------------------------

-----------------------------------

-----------------------------------

-----------------------------------

-----------------------------------

-----------------------------------

-----------------------------------
